#
# There is insufficient memory for the Java Runtime Environment to continue.
# Native memory allocation (mmap) failed to map 95420416 bytes for G1 virtual space
# Possible reasons:
#   The system is out of physical RAM or swap space
#   The process is running with CompressedOops enabled, and the Java Heap may be blocking the growth of the native heap
# Possible solutions:
#   Reduce memory load on the system
#   Increase physical memory or swap space
#   Check if swap backing store is full
#   Decrease Java heap size (-Xmx/-Xms)
#   Decrease number of Java threads
#   Decrease Java thread stack sizes (-Xss)
#   Set larger code cache with -XX:ReservedCodeCacheSize=
#   JVM is running with Unscaled Compressed Oops mode in which the Java heap is
#     placed in the first 4GB address space. The Java Heap base address is the
#     maximum limit for the native heap growth. Please use -XX:HeapBaseMinAddress
#     to set the Java Heap base and to place the Java Heap above 4GB virtual address.
# This output file may be truncated or incomplete.
#
#  Out of Memory Error (os_windows.cpp:3527), pid=1256, tid=8012
#
# JRE version: Java(TM) SE Runtime Environment (19.0.1+10) (build 19.0.1+10-21)
# Java VM: Java HotSpot(TM) 64-Bit Server VM (19.0.1+10-21, mixed mode, sharing, tiered, compressed oops, compressed class ptrs, g1 gc, windows-amd64)
# No core dump will be written. Minidumps are not enabled by default on client versions of Windows
#

---------------  S U M M A R Y ------------

Command Line: org.languagetool.server.HTTPServer -p 8083

Host: Pentium(R) Dual-Core  CPU      E5700  @ 3.00GHz, 2 cores, 1G,  Windows 10 , 64 bit Build 19041 (10.0.19041.2546)
Time: Fri Feb 24 12:55:05 2023 Hora Padrão de Caracas elapsed time: 331.815293 seconds (0d 0h 5m 31s)

---------------  T H R E A D  ---------------

Current thread (0x00000218235f5620):  VMThread "VM Thread" [stack: 0x00000047cee00000,0x00000047cef00000] [id=8012]

Stack: [0x00000047cee00000,0x00000047cef00000]
Native frames: (J=compiled Java code, j=interpreted, Vv=VM code, C=native code)
V  [jvm.dll+0x6ee8fa]
V  [jvm.dll+0x857a1e]
V  [jvm.dll+0x85940e]
V  [jvm.dll+0x859ac3]
V  [jvm.dll+0x28291f]
V  [jvm.dll+0x6eb6e9]
V  [jvm.dll+0x6e028a]
V  [jvm.dll+0x357136]
V  [jvm.dll+0x35eb96]
V  [jvm.dll+0x3b555e]
V  [jvm.dll+0x3b578f]
V  [jvm.dll+0x32c6ea]
V  [jvm.dll+0x32f276]
V  [jvm.dll+0x339df5]
V  [jvm.dll+0x372a40]
V  [jvm.dll+0x85ef83]
V  [jvm.dll+0x85fd49]
V  [jvm.dll+0x86027d]
V  [jvm.dll+0x86070b]
V  [jvm.dll+0x8607c7]
V  [jvm.dll+0x8015fa]
V  [jvm.dll+0x6ed5eb]
C  [ucrtbase.dll+0x21bb2]
C  [KERNEL32.DLL+0x17614]
C  [ntdll.dll+0x526a1]

VM_Operation (0x00000047ceaff830): G1PauseRemark, mode: safepoint, requested by thread 0x000002182355e420


---------------  P R O C E S S  ---------------

Threads class SMR info:
_java_thread_list=0x00000218427f1f40, length=19, elements={
0x000002183d59a200, 0x000002183d59b930, 0x000002183d59f900, 0x000002183d5a20c0,
0x000002183d5a3b40, 0x000002183d5a6880, 0x000002183d5a74e0, 0x000002183d60c6d0,
0x000002183d614440, 0x0000021841828fe0, 0x0000021841836530, 0x00000218425c7900,
0x00000218423ddac0, 0x0000021842a630e0, 0x00000218420c8040, 0x0000021841e4c5a0,
0x00000218235292f0, 0x000002184183c500, 0x0000021842805210
}

Java Threads: ( => current thread )
  0x000002183d59a200 JavaThread "Reference Handler" daemon [_thread_blocked, id=4332, stack(0x00000047cef00000,0x00000047cf000000)]
  0x000002183d59b930 JavaThread "Finalizer" daemon [_thread_blocked, id=488, stack(0x00000047cf000000,0x00000047cf100000)]
  0x000002183d59f900 JavaThread "Signal Dispatcher" daemon [_thread_blocked, id=7820, stack(0x00000047cf100000,0x00000047cf200000)]
  0x000002183d5a20c0 JavaThread "Attach Listener" daemon [_thread_blocked, id=9640, stack(0x00000047cf200000,0x00000047cf300000)]
  0x000002183d5a3b40 JavaThread "Service Thread" daemon [_thread_blocked, id=4200, stack(0x00000047cf300000,0x00000047cf400000)]
  0x000002183d5a6880 JavaThread "Monitor Deflation Thread" daemon [_thread_blocked, id=8604, stack(0x00000047cf400000,0x00000047cf500000)]
  0x000002183d5a74e0 JavaThread "C2 CompilerThread0" daemon [_thread_blocked, id=8548, stack(0x00000047cf500000,0x00000047cf600000)]
  0x000002183d60c6d0 JavaThread "C1 CompilerThread0" daemon [_thread_blocked, id=8740, stack(0x00000047cf600000,0x00000047cf700000)]
  0x000002183d614440 JavaThread "Sweeper thread" daemon [_thread_blocked, id=9676, stack(0x00000047cf700000,0x00000047cf800000)]
  0x0000021841828fe0 JavaThread "Notification Thread" daemon [_thread_blocked, id=1644, stack(0x00000047cf800000,0x00000047cf900000)]
  0x0000021841836530 JavaThread "Common-Cleaner" daemon [_thread_blocked, id=5852, stack(0x00000047cfa00000,0x00000047cfb00000)]
  0x00000218425c7900 JavaThread "LtThreadPoolMonitor" daemon [_thread_blocked, id=9084, stack(0x00000047cfc00000,0x00000047cfd00000)]
  0x00000218423ddac0 JavaThread "LtThreadPoolExecutorMonitor" daemon [_thread_blocked, id=8588, stack(0x00000047cfd00000,0x00000047cfe00000)]
  0x0000021842a630e0 JavaThread "LtThreadPoolExecutorMonitor" daemon [_thread_blocked, id=5276, stack(0x00000047cfe00000,0x00000047cff00000)]
  0x00000218420c8040 JavaThread "idle-timeout-task" daemon [_thread_blocked, id=1232, stack(0x00000047cff00000,0x00000047d0000000)]
  0x0000021841e4c5a0 JavaThread "HTTP-Dispatcher" [_thread_blocked, id=4708, stack(0x00000047d0000000,0x00000047d0100000)]
  0x00000218235292f0 JavaThread "DestroyJavaVM" [_thread_blocked, id=7860, stack(0x00000047ce800000,0x00000047ce900000)]
  0x000002184183c500 JavaThread "lt-server-thread-0" [_thread_blocked, id=3224, stack(0x00000047d0100000,0x00000047d0200000)]
  0x0000021842805210 JavaThread "lt-text-checker-thread-0" [_thread_blocked, id=3188, stack(0x00000047d0200000,0x00000047d0300000)]

Other Threads:
=>0x00000218235f5620 VMThread "VM Thread" [stack: 0x00000047cee00000,0x00000047cef00000] [id=8012]
  0x000002184182e960 WatcherThread "VM Periodic Task Thread" [stack: 0x00000047cf900000,0x00000047cfa00000] [id=7328]
  0x00000218235598c0 WorkerThread "GC Thread#0" [stack: 0x00000047ce900000,0x00000047cea00000] [id=8008]
  0x0000021841c614a0 WorkerThread "GC Thread#1" [stack: 0x00000047cfb00000,0x00000047cfc00000] [id=7088]
  0x000002182355e420 ConcurrentGCThread "G1 Main Marker" [stack: 0x00000047cea00000,0x00000047ceb00000] [id=4288]
  0x000002182355ee50 WorkerThread "G1 Conc#0" [stack: 0x00000047ceb00000,0x00000047cec00000] [id=10016]
  0x0000021823592900 ConcurrentGCThread "G1 Refine#0" [stack: 0x00000047cec00000,0x00000047ced00000] [id=8840]
  0x00000218235945f0 ConcurrentGCThread "G1 Service" [stack: 0x00000047ced00000,0x00000047cee00000] [id=9584]

Threads with active compile tasks:
C2 CompilerThread0   331996 6597   !   4       jdk.internal.loader.BuiltinClassLoader::loadClassOrNull (143 bytes)

VM state: at safepoint (normal execution)

VM Mutex/Monitor currently owned by a thread:  ([mutex/lock_event])
[0x0000021823512bb0] Threads_lock - owner thread: 0x00000218235f5620
[0x0000021823513300] Heap_lock - owner thread: 0x000002182355e420

Heap address: 0x00000000e2000000, size: 480 MB, Compressed Oops mode: 32-bit

CDS archive(s) mapped at: [0x0000000800000000-0x0000000800c40000-0x0000000800c40000), size 12845056, SharedBaseAddress: 0x0000000800000000, ArchiveRelocationMode: 0.
Compressed class space mapped at: 0x0000000801000000-0x0000000841000000, reserved size: 1073741824
Narrow klass base: 0x0000000800000000, Narrow klass shift: 0, Narrow klass range: 0x100000000

GC Precious Log:
 CardTable entry size: 512
 Card Set container configuration: InlinePtr #cards 5 size 8 Array Of Cards #cards 12 size 40 Howl #buckets 4 coarsen threshold 1843 Howl Bitmap #cards 512 size 80 coarsen threshold 460 Card regions per heap region 1 cards per card region 2048
 CPUs: 2 total, 2 available
 Memory: 1917M
 Large Page Support: Disabled
 NUMA Support: Disabled
 Compressed Oops: Enabled (32-bit)
 Heap Region Size: 1M
 Heap Min Capacity: 8M
 Heap Initial Capacity: 30M
 Heap Max Capacity: 480M
 Pre-touch: Disabled
 Parallel Workers: 2
 Concurrent Workers: 1
 Concurrent Refinement Workers: 2
 Periodic GC: Disabled

Heap:
 garbage-first heap   total 275456K, used 218942K [0x00000000e2000000, 0x0000000100000000)
  region size 1024K, 74 young (75776K), 5 survivors (5120K)
 Metaspace       used 19418K, committed 19584K, reserved 1114112K
  class space    used 1907K, committed 1984K, reserved 1048576K

Heap Regions: E=young(eden), S=young(survivor), O=old, HS=humongous(starts), HC=humongous(continues), CS=collection set, F=free, OA=open archive, CA=closed archive, TAMS=top-at-mark-start (previous, next)
|   0|0x00000000e2000000, 0x00000000e2100000, 0x00000000e2100000|100%| O|  |TAMS 0x00000000e2100000, 0x00000000e2000000| Untracked 
|   1|0x00000000e2100000, 0x00000000e2200000, 0x00000000e2200000|100%| O|  |TAMS 0x00000000e2200000, 0x00000000e2100000| Untracked 
|   2|0x00000000e2200000, 0x00000000e2300000, 0x00000000e2300000|100%| O|  |TAMS 0x00000000e2300000, 0x00000000e2200000| Untracked 
|   3|0x00000000e2300000, 0x00000000e2400000, 0x00000000e2400000|100%| O|  |TAMS 0x00000000e2400000, 0x00000000e2300000| Untracked 
|   4|0x00000000e2400000, 0x00000000e2500000, 0x00000000e2500000|100%| O|  |TAMS 0x00000000e2500000, 0x00000000e2400000| Untracked 
|   5|0x00000000e2500000, 0x00000000e2600000, 0x00000000e2600000|100%| O|  |TAMS 0x00000000e2600000, 0x00000000e2500000| Untracked 
|   6|0x00000000e2600000, 0x00000000e2700000, 0x00000000e2700000|100%| O|  |TAMS 0x00000000e2700000, 0x00000000e2600000| Untracked 
|   7|0x00000000e2700000, 0x00000000e2800000, 0x00000000e2800000|100%| O|  |TAMS 0x00000000e2800000, 0x00000000e2700000| Updating 
|   8|0x00000000e2800000, 0x00000000e2900000, 0x00000000e2900000|100%| O|  |TAMS 0x00000000e2900000, 0x00000000e2800000| Untracked 
|   9|0x00000000e2900000, 0x00000000e2a00000, 0x00000000e2a00000|100%|HS|  |TAMS 0x00000000e2a00000, 0x00000000e2900000| Complete 
|  10|0x00000000e2a00000, 0x00000000e2b00000, 0x00000000e2b00000|100%| O|  |TAMS 0x00000000e2b00000, 0x00000000e2a00000| Updating 
|  11|0x00000000e2b00000, 0x00000000e2c00000, 0x00000000e2c00000|100%| O|  |TAMS 0x00000000e2c00000, 0x00000000e2b00000| Untracked 
|  12|0x00000000e2c00000, 0x00000000e2d00000, 0x00000000e2d00000|100%| O|  |TAMS 0x00000000e2d00000, 0x00000000e2c00000| Updating 
|  13|0x00000000e2d00000, 0x00000000e2df6e00, 0x00000000e2e00000| 96%| O|  |TAMS 0x00000000e2df6e00, 0x00000000e2d00000| Untracked 
|  14|0x00000000e2e00000, 0x00000000e2f00000, 0x00000000e2f00000|100%| O|  |TAMS 0x00000000e2f00000, 0x00000000e2e00000| Untracked 
|  15|0x00000000e2f00000, 0x00000000e3000000, 0x00000000e3000000|100%| O|  |TAMS 0x00000000e3000000, 0x00000000e2f00000| Untracked 
|  16|0x00000000e3000000, 0x00000000e3100000, 0x00000000e3100000|100%| O|  |TAMS 0x00000000e3100000, 0x00000000e3000000| Untracked 
|  17|0x00000000e3100000, 0x00000000e3200000, 0x00000000e3200000|100%| O|  |TAMS 0x00000000e3200000, 0x00000000e3100000| Untracked 
|  18|0x00000000e3200000, 0x00000000e3300000, 0x00000000e3300000|100%| O|  |TAMS 0x00000000e3300000, 0x00000000e3200000| Untracked 
|  19|0x00000000e3300000, 0x00000000e3400000, 0x00000000e3400000|100%| O|  |TAMS 0x00000000e3400000, 0x00000000e3300000| Untracked 
|  20|0x00000000e3400000, 0x00000000e3500000, 0x00000000e3500000|100%| O|  |TAMS 0x00000000e3500000, 0x00000000e3400000| Untracked 
|  21|0x00000000e3500000, 0x00000000e3600000, 0x00000000e3600000|100%| O|  |TAMS 0x00000000e3600000, 0x00000000e3500000| Updating 
|  22|0x00000000e3600000, 0x00000000e3700000, 0x00000000e3700000|100%| O|  |TAMS 0x00000000e3700000, 0x00000000e3600000| Updating 
|  23|0x00000000e3700000, 0x00000000e3800000, 0x00000000e3800000|100%| O|  |TAMS 0x00000000e3800000, 0x00000000e3700000| Untracked 
|  24|0x00000000e3800000, 0x00000000e3900000, 0x00000000e3900000|100%| O|  |TAMS 0x00000000e3900000, 0x00000000e3800000| Untracked 
|  25|0x00000000e3900000, 0x00000000e3a00000, 0x00000000e3a00000|100%| O|  |TAMS 0x00000000e3a00000, 0x00000000e3900000| Untracked 
|  26|0x00000000e3a00000, 0x00000000e3b00000, 0x00000000e3b00000|100%| O|  |TAMS 0x00000000e3b00000, 0x00000000e3a00000| Untracked 
|  27|0x00000000e3b00000, 0x00000000e3c00000, 0x00000000e3c00000|100%|HS|  |TAMS 0x00000000e3b00000, 0x00000000e3b00000| Complete 
|  28|0x00000000e3c00000, 0x00000000e3d00000, 0x00000000e3d00000|100%| O|  |TAMS 0x00000000e3d00000, 0x00000000e3c00000| Untracked 
|  29|0x00000000e3d00000, 0x00000000e3e00000, 0x00000000e3e00000|100%| O|  |TAMS 0x00000000e3e00000, 0x00000000e3d00000| Untracked 
|  30|0x00000000e3e00000, 0x00000000e3f00000, 0x00000000e3f00000|100%| O|  |TAMS 0x00000000e3f00000, 0x00000000e3e00000| Untracked 
|  31|0x00000000e3f00000, 0x00000000e4000000, 0x00000000e4000000|100%| O|  |TAMS 0x00000000e4000000, 0x00000000e3f00000| Untracked 
|  32|0x00000000e4000000, 0x00000000e4100000, 0x00000000e4100000|100%| O|  |TAMS 0x00000000e4100000, 0x00000000e4000000| Untracked 
|  33|0x00000000e4100000, 0x00000000e4200000, 0x00000000e4200000|100%| O|  |TAMS 0x00000000e4200000, 0x00000000e4100000| Untracked 
|  34|0x00000000e4200000, 0x00000000e4300000, 0x00000000e4300000|100%| O|  |TAMS 0x00000000e4300000, 0x00000000e4200000| Untracked 
|  35|0x00000000e4300000, 0x00000000e4400000, 0x00000000e4400000|100%| O|  |TAMS 0x00000000e4400000, 0x00000000e4300000| Untracked 
|  36|0x00000000e4400000, 0x00000000e4500000, 0x00000000e4500000|100%| O|  |TAMS 0x00000000e4500000, 0x00000000e4400000| Untracked 
|  37|0x00000000e4500000, 0x00000000e4600000, 0x00000000e4600000|100%| O|  |TAMS 0x00000000e4600000, 0x00000000e4500000| Untracked 
|  38|0x00000000e4600000, 0x00000000e4700000, 0x00000000e4700000|100%| O|  |TAMS 0x00000000e4700000, 0x00000000e4600000| Untracked 
|  39|0x00000000e4700000, 0x00000000e4800000, 0x00000000e4800000|100%| O|  |TAMS 0x00000000e4800000, 0x00000000e4700000| Updating 
|  40|0x00000000e4800000, 0x00000000e4900000, 0x00000000e4900000|100%|HS|  |TAMS 0x00000000e4900000, 0x00000000e4800000| Complete 
|  41|0x00000000e4900000, 0x00000000e4a00000, 0x00000000e4a00000|100%| O|  |TAMS 0x00000000e4a00000, 0x00000000e4900000| Untracked 
|  42|0x00000000e4a00000, 0x00000000e4b00000, 0x00000000e4b00000|100%| O|  |TAMS 0x00000000e4b00000, 0x00000000e4a00000| Untracked 
|  43|0x00000000e4b00000, 0x00000000e4c00000, 0x00000000e4c00000|100%| O|  |TAMS 0x00000000e4c00000, 0x00000000e4b00000| Untracked 
|  44|0x00000000e4c00000, 0x00000000e4d00000, 0x00000000e4d00000|100%| O|  |TAMS 0x00000000e4d00000, 0x00000000e4c00000| Untracked 
|  45|0x00000000e4d00000, 0x00000000e4e00000, 0x00000000e4e00000|100%| O|  |TAMS 0x00000000e4e00000, 0x00000000e4d00000| Untracked 
|  46|0x00000000e4e00000, 0x00000000e4f00000, 0x00000000e4f00000|100%| O|  |TAMS 0x00000000e4f00000, 0x00000000e4e00000| Untracked 
|  47|0x00000000e4f00000, 0x00000000e5000000, 0x00000000e5000000|100%| O|  |TAMS 0x00000000e5000000, 0x00000000e4f00000| Untracked 
|  48|0x00000000e5000000, 0x00000000e5100000, 0x00000000e5100000|100%| O|  |TAMS 0x00000000e5100000, 0x00000000e5000000| Untracked 
|  49|0x00000000e5100000, 0x00000000e5200000, 0x00000000e5200000|100%| O|  |TAMS 0x00000000e5200000, 0x00000000e5100000| Updating 
|  50|0x00000000e5200000, 0x00000000e5300000, 0x00000000e5300000|100%| O|  |TAMS 0x00000000e5300000, 0x00000000e5200000| Untracked 
|  51|0x00000000e5300000, 0x00000000e5400000, 0x00000000e5400000|100%| O|  |TAMS 0x00000000e5400000, 0x00000000e5300000| Untracked 
|  52|0x00000000e5400000, 0x00000000e5500000, 0x00000000e5500000|100%| O|  |TAMS 0x00000000e5500000, 0x00000000e5400000| Untracked 
|  53|0x00000000e5500000, 0x00000000e5600000, 0x00000000e5600000|100%| O|  |TAMS 0x00000000e5600000, 0x00000000e5500000| Untracked 
|  54|0x00000000e5600000, 0x00000000e5700000, 0x00000000e5700000|100%| O|  |TAMS 0x00000000e5700000, 0x00000000e5600000| Untracked 
|  55|0x00000000e5700000, 0x00000000e5800000, 0x00000000e5800000|100%| O|  |TAMS 0x00000000e5800000, 0x00000000e5700000| Untracked 
|  56|0x00000000e5800000, 0x00000000e5900000, 0x00000000e5900000|100%| O|  |TAMS 0x00000000e5900000, 0x00000000e5800000| Untracked 
|  57|0x00000000e5900000, 0x00000000e5a00000, 0x00000000e5a00000|100%| O|  |TAMS 0x00000000e5a00000, 0x00000000e5900000| Untracked 
|  58|0x00000000e5a00000, 0x00000000e5b00000, 0x00000000e5b00000|100%| O|  |TAMS 0x00000000e5b00000, 0x00000000e5a00000| Untracked 
|  59|0x00000000e5b00000, 0x00000000e5c00000, 0x00000000e5c00000|100%| O|  |TAMS 0x00000000e5c00000, 0x00000000e5b00000| Untracked 
|  60|0x00000000e5c00000, 0x00000000e5d00000, 0x00000000e5d00000|100%| O|  |TAMS 0x00000000e5d00000, 0x00000000e5c00000| Untracked 
|  61|0x00000000e5d00000, 0x00000000e5e00000, 0x00000000e5e00000|100%| O|  |TAMS 0x00000000e5e00000, 0x00000000e5d00000| Untracked 
|  62|0x00000000e5e00000, 0x00000000e5f00000, 0x00000000e5f00000|100%| O|  |TAMS 0x00000000e5f00000, 0x00000000e5e00000| Updating 
|  63|0x00000000e5f00000, 0x00000000e6000000, 0x00000000e6000000|100%| O|  |TAMS 0x00000000e6000000, 0x00000000e5f00000| Untracked 
|  64|0x00000000e6000000, 0x00000000e6100000, 0x00000000e6100000|100%| O|  |TAMS 0x00000000e6100000, 0x00000000e6000000| Untracked 
|  65|0x00000000e6100000, 0x00000000e6200000, 0x00000000e6200000|100%| O|  |TAMS 0x00000000e6200000, 0x00000000e6100000| Untracked 
|  66|0x00000000e6200000, 0x00000000e6300000, 0x00000000e6300000|100%| O|  |TAMS 0x00000000e6300000, 0x00000000e6200000| Untracked 
|  67|0x00000000e6300000, 0x00000000e6400000, 0x00000000e6400000|100%| O|  |TAMS 0x00000000e6400000, 0x00000000e6300000| Untracked 
|  68|0x00000000e6400000, 0x00000000e6500000, 0x00000000e6500000|100%| O|  |TAMS 0x00000000e6500000, 0x00000000e6400000| Untracked 
|  69|0x00000000e6500000, 0x00000000e6600000, 0x00000000e6600000|100%| O|  |TAMS 0x00000000e6600000, 0x00000000e6500000| Untracked 
|  70|0x00000000e6600000, 0x00000000e6700000, 0x00000000e6700000|100%| O|  |TAMS 0x00000000e6700000, 0x00000000e6600000| Untracked 
|  71|0x00000000e6700000, 0x00000000e6800000, 0x00000000e6800000|100%| O|  |TAMS 0x00000000e6800000, 0x00000000e6700000| Untracked 
|  72|0x00000000e6800000, 0x00000000e6900000, 0x00000000e6900000|100%| O|  |TAMS 0x00000000e6900000, 0x00000000e6800000| Untracked 
|  73|0x00000000e6900000, 0x00000000e6a00000, 0x00000000e6a00000|100%| O|  |TAMS 0x00000000e6a00000, 0x00000000e6900000| Untracked 
|  74|0x00000000e6a00000, 0x00000000e6b00000, 0x00000000e6b00000|100%| O|  |TAMS 0x00000000e6b00000, 0x00000000e6a00000| Untracked 
|  75|0x00000000e6b00000, 0x00000000e6c00000, 0x00000000e6c00000|100%| O|  |TAMS 0x00000000e6c00000, 0x00000000e6b00000| Updating 
|  76|0x00000000e6c00000, 0x00000000e6d00000, 0x00000000e6d00000|100%| O|  |TAMS 0x00000000e6d00000, 0x00000000e6c00000| Untracked 
|  77|0x00000000e6d00000, 0x00000000e6e00000, 0x00000000e6e00000|100%| O|  |TAMS 0x00000000e6e00000, 0x00000000e6d00000| Untracked 
|  78|0x00000000e6e00000, 0x00000000e6f00000, 0x00000000e6f00000|100%| O|  |TAMS 0x00000000e6f00000, 0x00000000e6e00000| Untracked 
|  79|0x00000000e6f00000, 0x00000000e7000000, 0x00000000e7000000|100%| O|  |TAMS 0x00000000e7000000, 0x00000000e6f00000| Untracked 
|  80|0x00000000e7000000, 0x00000000e7100000, 0x00000000e7100000|100%| O|  |TAMS 0x00000000e7100000, 0x00000000e7000000| Untracked 
|  81|0x00000000e7100000, 0x00000000e7200000, 0x00000000e7200000|100%| O|  |TAMS 0x00000000e7200000, 0x00000000e7100000| Untracked 
|  82|0x00000000e7200000, 0x00000000e7300000, 0x00000000e7300000|100%| O|  |TAMS 0x00000000e7300000, 0x00000000e7200000| Untracked 
|  83|0x00000000e7300000, 0x00000000e7400000, 0x00000000e7400000|100%| O|  |TAMS 0x00000000e7400000, 0x00000000e7300000| Untracked 
|  84|0x00000000e7400000, 0x00000000e7500000, 0x00000000e7500000|100%| O|  |TAMS 0x00000000e7500000, 0x00000000e7400000| Untracked 
|  85|0x00000000e7500000, 0x00000000e7600000, 0x00000000e7600000|100%| O|  |TAMS 0x00000000e7600000, 0x00000000e7500000| Untracked 
|  86|0x00000000e7600000, 0x00000000e7700000, 0x00000000e7700000|100%| O|  |TAMS 0x00000000e7700000, 0x00000000e7600000| Untracked 
|  87|0x00000000e7700000, 0x00000000e7800000, 0x00000000e7800000|100%| O|  |TAMS 0x00000000e7800000, 0x00000000e7700000| Untracked 
|  88|0x00000000e7800000, 0x00000000e7900000, 0x00000000e7900000|100%| O|  |TAMS 0x00000000e7900000, 0x00000000e7800000| Untracked 
|  89|0x00000000e7900000, 0x00000000e7a00000, 0x00000000e7a00000|100%| O|  |TAMS 0x00000000e7a00000, 0x00000000e7900000| Untracked 
|  90|0x00000000e7a00000, 0x00000000e7b00000, 0x00000000e7b00000|100%| O|  |TAMS 0x00000000e7b00000, 0x00000000e7a00000| Untracked 
|  91|0x00000000e7b00000, 0x00000000e7c00000, 0x00000000e7c00000|100%| O|  |TAMS 0x00000000e7c00000, 0x00000000e7b00000| Untracked 
|  92|0x00000000e7c00000, 0x00000000e7d00000, 0x00000000e7d00000|100%| O|  |TAMS 0x00000000e7d00000, 0x00000000e7c00000| Untracked 
|  93|0x00000000e7d00000, 0x00000000e7e00000, 0x00000000e7e00000|100%| O|  |TAMS 0x00000000e7e00000, 0x00000000e7d00000| Untracked 
|  94|0x00000000e7e00000, 0x00000000e7f00000, 0x00000000e7f00000|100%| O|  |TAMS 0x00000000e7f00000, 0x00000000e7e00000| Untracked 
|  95|0x00000000e7f00000, 0x00000000e8000000, 0x00000000e8000000|100%| O|  |TAMS 0x00000000e8000000, 0x00000000e7f00000| Updating 
|  96|0x00000000e8000000, 0x00000000e8100000, 0x00000000e8100000|100%| O|  |TAMS 0x00000000e8100000, 0x00000000e8000000| Untracked 
|  97|0x00000000e8100000, 0x00000000e8200000, 0x00000000e8200000|100%| O|  |TAMS 0x00000000e8200000, 0x00000000e8100000| Untracked 
|  98|0x00000000e8200000, 0x00000000e8300000, 0x00000000e8300000|100%| O|  |TAMS 0x00000000e8300000, 0x00000000e8200000| Untracked 
|  99|0x00000000e8300000, 0x00000000e8400000, 0x00000000e8400000|100%| O|  |TAMS 0x00000000e8400000, 0x00000000e8300000| Untracked 
| 100|0x00000000e8400000, 0x00000000e8500000, 0x00000000e8500000|100%| O|  |TAMS 0x00000000e8500000, 0x00000000e8400000| Untracked 
| 101|0x00000000e8500000, 0x00000000e8600000, 0x00000000e8600000|100%| O|  |TAMS 0x00000000e8600000, 0x00000000e8500000| Untracked 
| 102|0x00000000e8600000, 0x00000000e8700000, 0x00000000e8700000|100%| O|  |TAMS 0x00000000e8700000, 0x00000000e8600000| Untracked 
| 103|0x00000000e8700000, 0x00000000e8800000, 0x00000000e8800000|100%| O|  |TAMS 0x00000000e8800000, 0x00000000e8700000| Untracked 
| 104|0x00000000e8800000, 0x00000000e8900000, 0x00000000e8900000|100%| O|  |TAMS 0x00000000e8900000, 0x00000000e8800000| Untracked 
| 105|0x00000000e8900000, 0x00000000e8a00000, 0x00000000e8a00000|100%| O|  |TAMS 0x00000000e8a00000, 0x00000000e8900000| Untracked 
| 106|0x00000000e8a00000, 0x00000000e8b00000, 0x00000000e8b00000|100%| O|  |TAMS 0x00000000e8b00000, 0x00000000e8a00000| Untracked 
| 107|0x00000000e8b00000, 0x00000000e8c00000, 0x00000000e8c00000|100%| O|  |TAMS 0x00000000e8c00000, 0x00000000e8b00000| Untracked 
| 108|0x00000000e8c00000, 0x00000000e8d00000, 0x00000000e8d00000|100%| O|  |TAMS 0x00000000e8d00000, 0x00000000e8c00000| Untracked 
| 109|0x00000000e8d00000, 0x00000000e8e00000, 0x00000000e8e00000|100%| O|  |TAMS 0x00000000e8e00000, 0x00000000e8d00000| Untracked 
| 110|0x00000000e8e00000, 0x00000000e8f00000, 0x00000000e8f00000|100%| O|  |TAMS 0x00000000e8f00000, 0x00000000e8e00000| Untracked 
| 111|0x00000000e8f00000, 0x00000000e9000000, 0x00000000e9000000|100%| O|  |TAMS 0x00000000e9000000, 0x00000000e8f00000| Untracked 
| 112|0x00000000e9000000, 0x00000000e9100000, 0x00000000e9100000|100%| O|  |TAMS 0x00000000e9100000, 0x00000000e9000000| Untracked 
| 113|0x00000000e9100000, 0x00000000e9200000, 0x00000000e9200000|100%| O|  |TAMS 0x00000000e9200000, 0x00000000e9100000| Untracked 
| 114|0x00000000e9200000, 0x00000000e9300000, 0x00000000e9300000|100%| O|  |TAMS 0x00000000e9300000, 0x00000000e9200000| Untracked 
| 115|0x00000000e9300000, 0x00000000e9300000, 0x00000000e9400000|  0%| F|  |TAMS 0x00000000e9300000, 0x00000000e9300000| Untracked 
| 116|0x00000000e9400000, 0x00000000e9500000, 0x00000000e9500000|100%| O|  |TAMS 0x00000000e9500000, 0x00000000e9400000| Updating 
| 117|0x00000000e9500000, 0x00000000e9600000, 0x00000000e9600000|100%| O|  |TAMS 0x00000000e9600000, 0x00000000e9500000| Untracked 
| 118|0x00000000e9600000, 0x00000000e9700000, 0x00000000e9700000|100%| O|  |TAMS 0x00000000e9700000, 0x00000000e9600000| Untracked 
| 119|0x00000000e9700000, 0x00000000e9800000, 0x00000000e9800000|100%| O|  |TAMS 0x00000000e9800000, 0x00000000e9700000| Untracked 
| 120|0x00000000e9800000, 0x00000000e9900000, 0x00000000e9900000|100%| O|  |TAMS 0x00000000e9900000, 0x00000000e9800000| Untracked 
| 121|0x00000000e9900000, 0x00000000e9a00000, 0x00000000e9a00000|100%| O|  |TAMS 0x00000000e9a00000, 0x00000000e9900000| Untracked 
| 122|0x00000000e9a00000, 0x00000000e9b00000, 0x00000000e9b00000|100%| O|  |TAMS 0x00000000e9b00000, 0x00000000e9a00000| Untracked 
| 123|0x00000000e9b00000, 0x00000000e9c00000, 0x00000000e9c00000|100%| O|  |TAMS 0x00000000e9c00000, 0x00000000e9b00000| Untracked 
| 124|0x00000000e9c00000, 0x00000000e9d00000, 0x00000000e9d00000|100%| O|  |TAMS 0x00000000e9d00000, 0x00000000e9c00000| Untracked 
| 125|0x00000000e9d00000, 0x00000000e9e00000, 0x00000000e9e00000|100%| O|  |TAMS 0x00000000e9e00000, 0x00000000e9d00000| Untracked 
| 126|0x00000000e9e00000, 0x00000000e9f00000, 0x00000000e9f00000|100%| O|  |TAMS 0x00000000e9f00000, 0x00000000e9e00000| Untracked 
| 127|0x00000000e9f00000, 0x00000000ea000000, 0x00000000ea000000|100%| O|  |TAMS 0x00000000ea000000, 0x00000000e9f00000| Untracked 
| 128|0x00000000ea000000, 0x00000000ea100000, 0x00000000ea100000|100%| O|  |TAMS 0x00000000ea100000, 0x00000000ea000000| Untracked 
| 129|0x00000000ea100000, 0x00000000ea200000, 0x00000000ea200000|100%| O|  |TAMS 0x00000000ea200000, 0x00000000ea100000| Untracked 
| 130|0x00000000ea200000, 0x00000000ea300000, 0x00000000ea300000|100%| O|  |TAMS 0x00000000ea300000, 0x00000000ea200000| Untracked 
| 131|0x00000000ea300000, 0x00000000ea400000, 0x00000000ea400000|100%| O|  |TAMS 0x00000000ea400000, 0x00000000ea300000| Untracked 
| 132|0x00000000ea400000, 0x00000000ea500000, 0x00000000ea500000|100%| O|  |TAMS 0x00000000ea500000, 0x00000000ea400000| Untracked 
| 133|0x00000000ea500000, 0x00000000ea600000, 0x00000000ea600000|100%| O|  |TAMS 0x00000000ea600000, 0x00000000ea500000| Updating 
| 134|0x00000000ea600000, 0x00000000ea700000, 0x00000000ea700000|100%| O|  |TAMS 0x00000000ea700000, 0x00000000ea600000| Untracked 
| 135|0x00000000ea700000, 0x00000000ea800000, 0x00000000ea800000|100%| O|  |TAMS 0x00000000ea800000, 0x00000000ea700000| Untracked 
| 136|0x00000000ea800000, 0x00000000ea900000, 0x00000000ea900000|100%| O|  |TAMS 0x00000000ea900000, 0x00000000ea800000| Untracked 
| 137|0x00000000ea900000, 0x00000000eaa00000, 0x00000000eaa00000|100%| O|  |TAMS 0x00000000eaa00000, 0x00000000ea900000| Untracked 
| 138|0x00000000eaa00000, 0x00000000eab00000, 0x00000000eab00000|100%| O|  |TAMS 0x00000000eab00000, 0x00000000eaa00000| Untracked 
| 139|0x00000000eab00000, 0x00000000eac00000, 0x00000000eac00000|100%| O|  |TAMS 0x00000000eac00000, 0x00000000eab00000| Untracked 
| 140|0x00000000eac00000, 0x00000000ead00000, 0x00000000ead00000|100%| O|  |TAMS 0x00000000ead00000, 0x00000000eac00000| Untracked 
| 141|0x00000000ead00000, 0x00000000eae00000, 0x00000000eae00000|100%| O|  |TAMS 0x00000000eae00000, 0x00000000ead00000| Untracked 
| 142|0x00000000eae00000, 0x00000000eaf00000, 0x00000000eaf00000|100%| O|  |TAMS 0x00000000eaf00000, 0x00000000eae00000| Untracked 
| 143|0x00000000eaf00000, 0x00000000eaf00000, 0x00000000eb000000|  0%| F|  |TAMS 0x00000000eaf00000, 0x00000000eaf00000| Untracked 
| 144|0x00000000eb000000, 0x00000000eb000000, 0x00000000eb100000|  0%| F|  |TAMS 0x00000000eb000000, 0x00000000eb000000| Untracked 
| 145|0x00000000eb100000, 0x00000000eb100000, 0x00000000eb200000|  0%| F|  |TAMS 0x00000000eb100000, 0x00000000eb100000| Untracked 
| 146|0x00000000eb200000, 0x00000000eb200000, 0x00000000eb300000|  0%| F|  |TAMS 0x00000000eb200000, 0x00000000eb200000| Untracked 
| 147|0x00000000eb300000, 0x00000000eb300000, 0x00000000eb400000|  0%| F|  |TAMS 0x00000000eb300000, 0x00000000eb300000| Untracked 
| 148|0x00000000eb400000, 0x00000000eb400000, 0x00000000eb500000|  0%| F|  |TAMS 0x00000000eb400000, 0x00000000eb400000| Untracked 
| 149|0x00000000eb500000, 0x00000000eb500000, 0x00000000eb600000|  0%| F|  |TAMS 0x00000000eb500000, 0x00000000eb500000| Untracked 
| 150|0x00000000eb600000, 0x00000000eb600000, 0x00000000eb700000|  0%| F|  |TAMS 0x00000000eb600000, 0x00000000eb600000| Untracked 
| 151|0x00000000eb700000, 0x00000000eb700000, 0x00000000eb800000|  0%| F|  |TAMS 0x00000000eb700000, 0x00000000eb700000| Untracked 
| 152|0x00000000eb800000, 0x00000000eb800000, 0x00000000eb900000|  0%| F|  |TAMS 0x00000000eb800000, 0x00000000eb800000| Untracked 
| 153|0x00000000eb900000, 0x00000000eb900000, 0x00000000eba00000|  0%| F|  |TAMS 0x00000000eb900000, 0x00000000eb900000| Untracked 
| 154|0x00000000eba00000, 0x00000000eba00000, 0x00000000ebb00000|  0%| F|  |TAMS 0x00000000eba00000, 0x00000000eba00000| Untracked 
| 155|0x00000000ebb00000, 0x00000000ebb00000, 0x00000000ebc00000|  0%| F|  |TAMS 0x00000000ebb00000, 0x00000000ebb00000| Untracked 
| 156|0x00000000ebc00000, 0x00000000ebc00000, 0x00000000ebd00000|  0%| F|  |TAMS 0x00000000ebc00000, 0x00000000ebc00000| Untracked 
| 157|0x00000000ebd00000, 0x00000000ebd00000, 0x00000000ebe00000|  0%| F|  |TAMS 0x00000000ebd00000, 0x00000000ebd00000| Untracked 
| 158|0x00000000ebe00000, 0x00000000ebe00000, 0x00000000ebf00000|  0%| F|  |TAMS 0x00000000ebe00000, 0x00000000ebe00000| Untracked 
| 159|0x00000000ebf00000, 0x00000000ebf00000, 0x00000000ec000000|  0%| F|  |TAMS 0x00000000ebf00000, 0x00000000ebf00000| Untracked 
| 160|0x00000000ec000000, 0x00000000ec000000, 0x00000000ec100000|  0%| F|  |TAMS 0x00000000ec000000, 0x00000000ec000000| Untracked 
| 161|0x00000000ec100000, 0x00000000ec100000, 0x00000000ec200000|  0%| F|  |TAMS 0x00000000ec100000, 0x00000000ec100000| Untracked 
| 162|0x00000000ec200000, 0x00000000ec200000, 0x00000000ec300000|  0%| F|  |TAMS 0x00000000ec200000, 0x00000000ec200000| Untracked 
| 163|0x00000000ec300000, 0x00000000ec300000, 0x00000000ec400000|  0%| F|  |TAMS 0x00000000ec300000, 0x00000000ec300000| Untracked 
| 164|0x00000000ec400000, 0x00000000ec400000, 0x00000000ec500000|  0%| F|  |TAMS 0x00000000ec400000, 0x00000000ec400000| Untracked 
| 165|0x00000000ec500000, 0x00000000ec500000, 0x00000000ec600000|  0%| F|  |TAMS 0x00000000ec500000, 0x00000000ec500000| Untracked 
| 166|0x00000000ec600000, 0x00000000ec600000, 0x00000000ec700000|  0%| F|  |TAMS 0x00000000ec600000, 0x00000000ec600000| Untracked 
| 167|0x00000000ec700000, 0x00000000ec700000, 0x00000000ec800000|  0%| F|  |TAMS 0x00000000ec700000, 0x00000000ec700000| Untracked 
| 168|0x00000000ec800000, 0x00000000ec800000, 0x00000000ec900000|  0%| F|  |TAMS 0x00000000ec800000, 0x00000000ec800000| Untracked 
| 169|0x00000000ec900000, 0x00000000ec900000, 0x00000000eca00000|  0%| F|  |TAMS 0x00000000ec900000, 0x00000000ec900000| Untracked 
| 170|0x00000000eca00000, 0x00000000ecad8a18, 0x00000000ecb00000| 84%| S|CS|TAMS 0x00000000eca00000, 0x00000000eca00000| Complete 
| 171|0x00000000ecb00000, 0x00000000ecc00000, 0x00000000ecc00000|100%| S|CS|TAMS 0x00000000ecb00000, 0x00000000ecb00000| Complete 
| 172|0x00000000ecc00000, 0x00000000ecd00000, 0x00000000ecd00000|100%| S|CS|TAMS 0x00000000ecc00000, 0x00000000ecc00000| Complete 
| 173|0x00000000ecd00000, 0x00000000ece00000, 0x00000000ece00000|100%| S|CS|TAMS 0x00000000ecd00000, 0x00000000ecd00000| Complete 
| 174|0x00000000ece00000, 0x00000000ece00000, 0x00000000ecf00000|  0%| F|  |TAMS 0x00000000ece00000, 0x00000000ece00000| Untracked 
| 175|0x00000000ecf00000, 0x00000000ecf00000, 0x00000000ed000000|  0%| F|  |TAMS 0x00000000ecf00000, 0x00000000ecf00000| Untracked 
| 176|0x00000000ed000000, 0x00000000ed000000, 0x00000000ed100000|  0%| F|  |TAMS 0x00000000ed000000, 0x00000000ed000000| Untracked 
| 177|0x00000000ed100000, 0x00000000ed100000, 0x00000000ed200000|  0%| F|  |TAMS 0x00000000ed100000, 0x00000000ed100000| Untracked 
| 178|0x00000000ed200000, 0x00000000ed300000, 0x00000000ed300000|100%| S|CS|TAMS 0x00000000ed200000, 0x00000000ed200000| Complete 
| 179|0x00000000ed300000, 0x00000000ed300000, 0x00000000ed400000|  0%| F|  |TAMS 0x00000000ed300000, 0x00000000ed300000| Untracked 
| 180|0x00000000ed400000, 0x00000000ed400000, 0x00000000ed500000|  0%| F|  |TAMS 0x00000000ed400000, 0x00000000ed400000| Untracked 
| 181|0x00000000ed500000, 0x00000000ed500000, 0x00000000ed600000|  0%| F|  |TAMS 0x00000000ed500000, 0x00000000ed500000| Untracked 
| 182|0x00000000ed600000, 0x00000000ed600000, 0x00000000ed700000|  0%| F|  |TAMS 0x00000000ed600000, 0x00000000ed600000| Untracked 
| 183|0x00000000ed700000, 0x00000000ed700000, 0x00000000ed800000|  0%| F|  |TAMS 0x00000000ed700000, 0x00000000ed700000| Untracked 
| 184|0x00000000ed800000, 0x00000000ed800000, 0x00000000ed900000|  0%| F|  |TAMS 0x00000000ed800000, 0x00000000ed800000| Untracked 
| 185|0x00000000ed900000, 0x00000000ed900000, 0x00000000eda00000|  0%| F|  |TAMS 0x00000000ed900000, 0x00000000ed900000| Untracked 
| 186|0x00000000eda00000, 0x00000000eda00000, 0x00000000edb00000|  0%| F|  |TAMS 0x00000000eda00000, 0x00000000eda00000| Untracked 
| 187|0x00000000edb00000, 0x00000000edb00000, 0x00000000edc00000|  0%| F|  |TAMS 0x00000000edb00000, 0x00000000edb00000| Untracked 
| 188|0x00000000edc00000, 0x00000000edc00000, 0x00000000edd00000|  0%| F|  |TAMS 0x00000000edc00000, 0x00000000edc00000| Untracked 
| 189|0x00000000edd00000, 0x00000000edd00000, 0x00000000ede00000|  0%| F|  |TAMS 0x00000000edd00000, 0x00000000edd00000| Untracked 
| 190|0x00000000ede00000, 0x00000000ede00000, 0x00000000edf00000|  0%| F|  |TAMS 0x00000000ede00000, 0x00000000ede00000| Untracked 
| 191|0x00000000edf00000, 0x00000000edf00000, 0x00000000ee000000|  0%| F|  |TAMS 0x00000000edf00000, 0x00000000edf00000| Untracked 
| 192|0x00000000ee000000, 0x00000000ee000000, 0x00000000ee100000|  0%| F|  |TAMS 0x00000000ee000000, 0x00000000ee000000| Untracked 
| 193|0x00000000ee100000, 0x00000000ee100000, 0x00000000ee200000|  0%| F|  |TAMS 0x00000000ee100000, 0x00000000ee100000| Untracked 
| 194|0x00000000ee200000, 0x00000000ee200000, 0x00000000ee300000|  0%| F|  |TAMS 0x00000000ee200000, 0x00000000ee200000| Untracked 
| 195|0x00000000ee300000, 0x00000000ee300000, 0x00000000ee400000|  0%| F|  |TAMS 0x00000000ee300000, 0x00000000ee300000| Untracked 
| 196|0x00000000ee400000, 0x00000000ee400000, 0x00000000ee500000|  0%| F|  |TAMS 0x00000000ee400000, 0x00000000ee400000| Untracked 
| 197|0x00000000ee500000, 0x00000000ee500000, 0x00000000ee600000|  0%| F|  |TAMS 0x00000000ee500000, 0x00000000ee500000| Untracked 
| 198|0x00000000ee600000, 0x00000000ee600000, 0x00000000ee700000|  0%| F|  |TAMS 0x00000000ee600000, 0x00000000ee600000| Untracked 
| 199|0x00000000ee700000, 0x00000000ee700000, 0x00000000ee800000|  0%| F|  |TAMS 0x00000000ee700000, 0x00000000ee700000| Untracked 
| 200|0x00000000ee800000, 0x00000000ee8fa468, 0x00000000ee900000| 97%| E|  |TAMS 0x00000000ee800000, 0x00000000ee800000| Complete 
| 201|0x00000000ee900000, 0x00000000eea00000, 0x00000000eea00000|100%| E|CS|TAMS 0x00000000ee900000, 0x00000000ee900000| Complete 
| 202|0x00000000eea00000, 0x00000000eeae41c0, 0x00000000eeb00000| 89%| E|  |TAMS 0x00000000eea00000, 0x00000000eea00000| Complete 
| 203|0x00000000eeb00000, 0x00000000eec00000, 0x00000000eec00000|100%| E|CS|TAMS 0x00000000eeb00000, 0x00000000eeb00000| Complete 
| 204|0x00000000eec00000, 0x00000000eed00000, 0x00000000eed00000|100%| E|CS|TAMS 0x00000000eec00000, 0x00000000eec00000| Complete 
| 205|0x00000000eed00000, 0x00000000eee00000, 0x00000000eee00000|100%| E|CS|TAMS 0x00000000eed00000, 0x00000000eed00000| Complete 
| 206|0x00000000eee00000, 0x00000000eef00000, 0x00000000eef00000|100%| E|CS|TAMS 0x00000000eee00000, 0x00000000eee00000| Complete 
| 207|0x00000000eef00000, 0x00000000ef000000, 0x00000000ef000000|100%| E|CS|TAMS 0x00000000eef00000, 0x00000000eef00000| Complete 
| 208|0x00000000ef000000, 0x00000000ef100000, 0x00000000ef100000|100%| E|CS|TAMS 0x00000000ef000000, 0x00000000ef000000| Complete 
| 209|0x00000000ef100000, 0x00000000ef200000, 0x00000000ef200000|100%| E|CS|TAMS 0x00000000ef100000, 0x00000000ef100000| Complete 
| 210|0x00000000ef200000, 0x00000000ef300000, 0x00000000ef300000|100%| E|CS|TAMS 0x00000000ef200000, 0x00000000ef200000| Complete 
| 211|0x00000000ef300000, 0x00000000ef400000, 0x00000000ef400000|100%| E|CS|TAMS 0x00000000ef300000, 0x00000000ef300000| Complete 
| 212|0x00000000ef400000, 0x00000000ef500000, 0x00000000ef500000|100%| E|CS|TAMS 0x00000000ef400000, 0x00000000ef400000| Complete 
| 213|0x00000000ef500000, 0x00000000ef600000, 0x00000000ef600000|100%| E|CS|TAMS 0x00000000ef500000, 0x00000000ef500000| Complete 
| 214|0x00000000ef600000, 0x00000000ef700000, 0x00000000ef700000|100%| E|CS|TAMS 0x00000000ef600000, 0x00000000ef600000| Complete 
| 215|0x00000000ef700000, 0x00000000ef800000, 0x00000000ef800000|100%| E|CS|TAMS 0x00000000ef700000, 0x00000000ef700000| Complete 
| 216|0x00000000ef800000, 0x00000000ef900000, 0x00000000ef900000|100%| E|CS|TAMS 0x00000000ef800000, 0x00000000ef800000| Complete 
| 217|0x00000000ef900000, 0x00000000efa00000, 0x00000000efa00000|100%| E|CS|TAMS 0x00000000ef900000, 0x00000000ef900000| Complete 
| 218|0x00000000efa00000, 0x00000000efb00000, 0x00000000efb00000|100%| E|CS|TAMS 0x00000000efa00000, 0x00000000efa00000| Complete 
| 219|0x00000000efb00000, 0x00000000efc00000, 0x00000000efc00000|100%| E|CS|TAMS 0x00000000efb00000, 0x00000000efb00000| Complete 
| 220|0x00000000efc00000, 0x00000000efd00000, 0x00000000efd00000|100%| E|CS|TAMS 0x00000000efc00000, 0x00000000efc00000| Complete 
| 221|0x00000000efd00000, 0x00000000efe00000, 0x00000000efe00000|100%| E|CS|TAMS 0x00000000efd00000, 0x00000000efd00000| Complete 
| 222|0x00000000efe00000, 0x00000000eff00000, 0x00000000eff00000|100%| E|CS|TAMS 0x00000000efe00000, 0x00000000efe00000| Complete 
| 223|0x00000000eff00000, 0x00000000f0000000, 0x00000000f0000000|100%| E|CS|TAMS 0x00000000eff00000, 0x00000000eff00000| Complete 
| 224|0x00000000f0000000, 0x00000000f0100000, 0x00000000f0100000|100%| E|CS|TAMS 0x00000000f0000000, 0x00000000f0000000| Complete 
| 225|0x00000000f0100000, 0x00000000f0200000, 0x00000000f0200000|100%| E|CS|TAMS 0x00000000f0100000, 0x00000000f0100000| Complete 
| 226|0x00000000f0200000, 0x00000000f0300000, 0x00000000f0300000|100%| E|CS|TAMS 0x00000000f0200000, 0x00000000f0200000| Complete 
| 227|0x00000000f0300000, 0x00000000f0400000, 0x00000000f0400000|100%| E|CS|TAMS 0x00000000f0300000, 0x00000000f0300000| Complete 
| 228|0x00000000f0400000, 0x00000000f0500000, 0x00000000f0500000|100%| E|CS|TAMS 0x00000000f0400000, 0x00000000f0400000| Complete 
| 229|0x00000000f0500000, 0x00000000f0600000, 0x00000000f0600000|100%| E|CS|TAMS 0x00000000f0500000, 0x00000000f0500000| Complete 
| 230|0x00000000f0600000, 0x00000000f0700000, 0x00000000f0700000|100%| E|CS|TAMS 0x00000000f0600000, 0x00000000f0600000| Complete 
| 231|0x00000000f0700000, 0x00000000f0800000, 0x00000000f0800000|100%| E|CS|TAMS 0x00000000f0700000, 0x00000000f0700000| Complete 
| 232|0x00000000f0800000, 0x00000000f0900000, 0x00000000f0900000|100%| E|CS|TAMS 0x00000000f0800000, 0x00000000f0800000| Complete 
| 233|0x00000000f0900000, 0x00000000f0a00000, 0x00000000f0a00000|100%| E|CS|TAMS 0x00000000f0900000, 0x00000000f0900000| Complete 
| 234|0x00000000f0a00000, 0x00000000f0b00000, 0x00000000f0b00000|100%| E|CS|TAMS 0x00000000f0a00000, 0x00000000f0a00000| Complete 
| 235|0x00000000f0b00000, 0x00000000f0c00000, 0x00000000f0c00000|100%| E|CS|TAMS 0x00000000f0b00000, 0x00000000f0b00000| Complete 
| 236|0x00000000f0c00000, 0x00000000f0d00000, 0x00000000f0d00000|100%| E|CS|TAMS 0x00000000f0c00000, 0x00000000f0c00000| Complete 
| 237|0x00000000f0d00000, 0x00000000f0e00000, 0x00000000f0e00000|100%| E|CS|TAMS 0x00000000f0d00000, 0x00000000f0d00000| Complete 
| 238|0x00000000f0e00000, 0x00000000f0f00000, 0x00000000f0f00000|100%| E|CS|TAMS 0x00000000f0e00000, 0x00000000f0e00000| Complete 
| 239|0x00000000f0f00000, 0x00000000f1000000, 0x00000000f1000000|100%| E|CS|TAMS 0x00000000f0f00000, 0x00000000f0f00000| Complete 
| 240|0x00000000f1000000, 0x00000000f1100000, 0x00000000f1100000|100%| E|CS|TAMS 0x00000000f1000000, 0x00000000f1000000| Complete 
| 241|0x00000000f1100000, 0x00000000f1200000, 0x00000000f1200000|100%| E|CS|TAMS 0x00000000f1100000, 0x00000000f1100000| Complete 
| 242|0x00000000f1200000, 0x00000000f1300000, 0x00000000f1300000|100%| E|CS|TAMS 0x00000000f1200000, 0x00000000f1200000| Complete 
| 243|0x00000000f1300000, 0x00000000f1400000, 0x00000000f1400000|100%| E|CS|TAMS 0x00000000f1300000, 0x00000000f1300000| Complete 
| 244|0x00000000f1400000, 0x00000000f1500000, 0x00000000f1500000|100%| E|CS|TAMS 0x00000000f1400000, 0x00000000f1400000| Complete 
| 245|0x00000000f1500000, 0x00000000f1600000, 0x00000000f1600000|100%| E|CS|TAMS 0x00000000f1500000, 0x00000000f1500000| Complete 
| 246|0x00000000f1600000, 0x00000000f1700000, 0x00000000f1700000|100%| E|CS|TAMS 0x00000000f1600000, 0x00000000f1600000| Complete 
| 247|0x00000000f1700000, 0x00000000f1800000, 0x00000000f1800000|100%| E|CS|TAMS 0x00000000f1700000, 0x00000000f1700000| Complete 
| 248|0x00000000f1800000, 0x00000000f1900000, 0x00000000f1900000|100%| E|CS|TAMS 0x00000000f1800000, 0x00000000f1800000| Complete 
| 249|0x00000000f1900000, 0x00000000f1a00000, 0x00000000f1a00000|100%| E|CS|TAMS 0x00000000f1900000, 0x00000000f1900000| Complete 
| 250|0x00000000f1a00000, 0x00000000f1b00000, 0x00000000f1b00000|100%| E|CS|TAMS 0x00000000f1a00000, 0x00000000f1a00000| Complete 
| 251|0x00000000f1b00000, 0x00000000f1c00000, 0x00000000f1c00000|100%| E|CS|TAMS 0x00000000f1b00000, 0x00000000f1b00000| Complete 
| 252|0x00000000f1c00000, 0x00000000f1d00000, 0x00000000f1d00000|100%| E|CS|TAMS 0x00000000f1c00000, 0x00000000f1c00000| Complete 
| 253|0x00000000f1d00000, 0x00000000f1e00000, 0x00000000f1e00000|100%| E|CS|TAMS 0x00000000f1d00000, 0x00000000f1d00000| Complete 
| 254|0x00000000f1e00000, 0x00000000f1f00000, 0x00000000f1f00000|100%| E|CS|TAMS 0x00000000f1e00000, 0x00000000f1e00000| Complete 
| 255|0x00000000f1f00000, 0x00000000f2000000, 0x00000000f2000000|100%| E|CS|TAMS 0x00000000f1f00000, 0x00000000f1f00000| Complete 
| 256|0x00000000f2000000, 0x00000000f2100000, 0x00000000f2100000|100%| E|CS|TAMS 0x00000000f2000000, 0x00000000f2000000| Complete 
| 257|0x00000000f2100000, 0x00000000f2200000, 0x00000000f2200000|100%| E|CS|TAMS 0x00000000f2100000, 0x00000000f2100000| Complete 
| 258|0x00000000f2200000, 0x00000000f2300000, 0x00000000f2300000|100%| E|CS|TAMS 0x00000000f2200000, 0x00000000f2200000| Complete 
| 259|0x00000000f2300000, 0x00000000f2400000, 0x00000000f2400000|100%| E|CS|TAMS 0x00000000f2300000, 0x00000000f2300000| Complete 
| 260|0x00000000f2400000, 0x00000000f2500000, 0x00000000f2500000|100%| E|CS|TAMS 0x00000000f2400000, 0x00000000f2400000| Complete 
| 261|0x00000000f2500000, 0x00000000f2600000, 0x00000000f2600000|100%| E|CS|TAMS 0x00000000f2500000, 0x00000000f2500000| Complete 
| 262|0x00000000f2600000, 0x00000000f2700000, 0x00000000f2700000|100%| E|CS|TAMS 0x00000000f2600000, 0x00000000f2600000| Complete 
| 263|0x00000000f2700000, 0x00000000f2800000, 0x00000000f2800000|100%| E|CS|TAMS 0x00000000f2700000, 0x00000000f2700000| Complete 
| 264|0x00000000f2800000, 0x00000000f2900000, 0x00000000f2900000|100%| E|CS|TAMS 0x00000000f2800000, 0x00000000f2800000| Complete 
| 265|0x00000000f2900000, 0x00000000f2a00000, 0x00000000f2a00000|100%| E|CS|TAMS 0x00000000f2900000, 0x00000000f2900000| Complete 
| 266|0x00000000f2a00000, 0x00000000f2b00000, 0x00000000f2b00000|100%| E|CS|TAMS 0x00000000f2a00000, 0x00000000f2a00000| Complete 
| 267|0x00000000f2b00000, 0x00000000f2c00000, 0x00000000f2c00000|100%| E|CS|TAMS 0x00000000f2b00000, 0x00000000f2b00000| Complete 
| 268|0x00000000f2c00000, 0x00000000f2d00000, 0x00000000f2d00000|100%| E|CS|TAMS 0x00000000f2c00000, 0x00000000f2c00000| Complete 

Card table byte_map: [0x00000218231f0000,0x00000218232e0000] _byte_map_base: 0x0000021822ae0000

Marking Bits (Prev, Next): (CMBitMap*) 0x0000021823559f30, (CMBitMap*) 0x0000021823559ef0
 Prev Bits: [0x000002183ac20000, 0x000002183b3a0000)
 Next Bits: [0x000002183a4a0000, 0x000002183ac20000)

Polling page: 0x0000021821310000

Metaspace:

Usage:
  Non-class:     17.10 MB used.
      Class:      1.86 MB used.
       Both:     18.96 MB used.

Virtual space:
  Non-class space:       64.00 MB reserved,      17.19 MB ( 27%) committed,  1 nodes.
      Class space:        1.00 GB reserved,       1.94 MB ( <1%) committed,  1 nodes.
             Both:        1.06 GB reserved,      19.12 MB (  2%) committed. 

Chunk freelists:
   Non-Class:  2.77 MB
       Class:  1.88 MB
        Both:  4.65 MB

MaxMetaspaceSize: unlimited
CompressedClassSpaceSize: 1.00 GB
Initial GC threshold: 21.00 MB
Current GC threshold: 31.25 MB
CDS: on
MetaspaceReclaimPolicy: balanced
 - commit_granule_bytes: 65536.
 - commit_granule_words: 8192.
 - virtual_space_node_default_size: 8388608.
 - enlarge_chunks_in_place: 1.
 - new_chunks_are_fully_committed: 0.
 - uncommit_free_chunks: 1.
 - use_allocation_guard: 0.


Internal statistics:

num_allocs_failed_limit: 0.
num_arena_births: 156.
num_arena_deaths: 0.
num_vsnodes_births: 2.
num_vsnodes_deaths: 0.
num_space_committed: 306.
num_space_uncommitted: 0.
num_chunks_returned_to_freelist: 0.
num_chunks_taken_from_freelist: 596.
num_chunk_merges: 0.
num_chunk_splits: 407.
num_chunks_enlarged: 336.
num_inconsistent_stats: 0.

CodeHeap 'non-profiled nmethods': size=120064Kb used=5591Kb max_used=5591Kb free=114472Kb
 bounds [0x0000021832f60000, 0x00000218334e0000, 0x000002183a4a0000]
CodeHeap 'profiled nmethods': size=120000Kb used=9570Kb max_used=9570Kb free=110430Kb
 bounds [0x000002182b4a0000, 0x000002182be00000, 0x00000218329d0000]
CodeHeap 'non-nmethods': size=5696Kb used=1341Kb max_used=1393Kb free=4355Kb
 bounds [0x00000218329d0000, 0x0000021832c40000, 0x0000021832f60000]
 total_blobs=5285 nmethods=4709 adapters=487
 compilation: enabled
              stopped_count=0, restarted_count=0
 full_count=0

Compilation events (20 events):
Event: 330.276 Thread 0x000002183d60c6d0 6602       3       com.fasterxml.jackson.core.JsonGenerator::writeArrayFieldStart (10 bytes)
Event: 330.277 Thread 0x000002183d60c6d0 nmethod 6602 0x000002182bdf2090 code [0x000002182bdf2240, 0x000002182bdf23d8]
Event: 330.277 Thread 0x000002183d60c6d0 6603       3       com.fasterxml.jackson.core.json.JsonWriteContext::createChildArrayContext (50 bytes)
Event: 330.278 Thread 0x000002183d60c6d0 nmethod 6603 0x000002182bdf2510 code [0x000002182bdf2700, 0x000002182bdf2c18]
Event: 330.279 Thread 0x000002183d60c6d0 6604       3       com.fasterxml.jackson.core.json.WriterBasedJsonGenerator::writeEndArray (111 bytes)
Event: 330.280 Thread 0x000002183d60c6d0 nmethod 6604 0x000002182bdf2d90 code [0x000002182bdf3020, 0x000002182bdf3b98]
Event: 330.458 Thread 0x000002183d60c6d0 6607       3       com.fasterxml.jackson.core.JsonGenerator::writeBooleanField (11 bytes)
Event: 330.458 Thread 0x000002183d60c6d0 nmethod 6607 0x000002182bdf4010 code [0x000002182bdf41c0, 0x000002182bdf4358]
Event: 330.534 Thread 0x000002183d60c6d0 6608       3       org.languagetool.tools.RuleMatchesAsJsonSerializer::writeReplacements (192 bytes)
Event: 330.552 Thread 0x000002183d60c6d0 nmethod 6608 0x000002182bdf4490 code [0x000002182bdf4820, 0x000002182bdf5e78]
Event: 330.552 Thread 0x000002183d60c6d0 6610       3       org.languagetool.markup.AnnotatedText::getTextWithMarkup (64 bytes)
Event: 330.553 Thread 0x000002183d60c6d0 nmethod 6610 0x000002182bdf6610 code [0x000002182bdf6860, 0x000002182bdf70f8]
Event: 330.553 Thread 0x000002183d60c6d0 6611       2       java.util.Comparator::lambda$comparing$77a9974f$1 (23 bytes)
Event: 330.553 Thread 0x000002183d60c6d0 nmethod 6611 0x000002182bdf7410 code [0x000002182bdf75e0, 0x000002182bdf77a8]
Event: 330.553 Thread 0x000002183d60c6d0 6609       3       org.languagetool.tools.RuleMatchesAsJsonSerializer::writeContext (112 bytes)
Event: 330.559 Thread 0x000002183d60c6d0 nmethod 6609 0x000002182bdf7890 code [0x000002182bdf7c00, 0x000002182bdf9078]
Event: 330.568 Thread 0x000002183d60c6d0 6612       2       java.util.Comparator$$Lambda$136/0x0000000801169190::compare (10 bytes)
Event: 330.568 Thread 0x000002183d60c6d0 nmethod 6612 0x000002182bdf9910 code [0x000002182bdf9ae0, 0x000002182bdf9cc8]
Event: 330.580 Thread 0x000002183d60c6d0 6613       3       org.languagetool.rules.patterns.PatternRule$$Lambda$230/0x000000080121e9d0::apply (8 bytes)
Event: 330.581 Thread 0x000002183d60c6d0 nmethod 6613 0x000002182bdf9e10 code [0x000002182bdf9fc0, 0x000002182bdfa218]

GC Heap History (20 events):
Event: 113.679 GC heap before
{Heap before GC invocations=80 (full 0):
 garbage-first heap   total 265216K, used 228876K [0x00000000e2000000, 0x0000000100000000)
  region size 1024K, 83 young (84992K), 1 survivors (1024K)
 Metaspace       used 18998K, committed 19200K, reserved 1114112K
  class space    used 1881K, committed 1984K, reserved 1048576K
}
Event: 113.682 GC heap after
{Heap after GC invocations=81 (full 0):
 garbage-first heap   total 265216K, used 144404K [0x00000000e2000000, 0x0000000100000000)
  region size 1024K, 1 young (1024K), 1 survivors (1024K)
 Metaspace       used 18998K, committed 19200K, reserved 1114112K
  class space    used 1881K, committed 1984K, reserved 1048576K
}
Event: 115.327 GC heap before
{Heap before GC invocations=81 (full 0):
 garbage-first heap   total 265216K, used 229396K [0x00000000e2000000, 0x0000000100000000)
  region size 1024K, 84 young (86016K), 1 survivors (1024K)
 Metaspace       used 19038K, committed 19264K, reserved 1114112K
  class space    used 1884K, committed 1984K, reserved 1048576K
}
Event: 115.334 GC heap after
{Heap after GC invocations=82 (full 0):
 garbage-first heap   total 265216K, used 145574K [0x00000000e2000000, 0x0000000100000000)
  region size 1024K, 2 young (2048K), 2 survivors (2048K)
 Metaspace       used 19038K, committed 19264K, reserved 1114112K
  class space    used 1884K, committed 1984K, reserved 1048576K
}
Event: 116.508 GC heap before
{Heap before GC invocations=82 (full 0):
 garbage-first heap   total 265216K, used 230566K [0x00000000e2000000, 0x0000000100000000)
  region size 1024K, 85 young (87040K), 2 survivors (2048K)
 Metaspace       used 19041K, committed 19264K, reserved 1114112K
  class space    used 1884K, committed 1984K, reserved 1048576K
}
Event: 116.515 GC heap after
{Heap after GC invocations=83 (full 0):
 garbage-first heap   total 265216K, used 145712K [0x00000000e2000000, 0x0000000100000000)
  region size 1024K, 2 young (2048K), 2 survivors (2048K)
 Metaspace       used 19041K, committed 19264K, reserved 1114112K
  class space    used 1884K, committed 1984K, reserved 1048576K
}
Event: 117.878 GC heap before
{Heap before GC invocations=84 (full 0):
 garbage-first heap   total 275456K, used 229680K [0x00000000e2000000, 0x0000000100000000)
  region size 1024K, 84 young (86016K), 2 survivors (2048K)
 Metaspace       used 19046K, committed 19264K, reserved 1114112K
  class space    used 1884K, committed 1984K, reserved 1048576K
}
Event: 117.890 GC heap after
{Heap after GC invocations=85 (full 0):
 garbage-first heap   total 275456K, used 146101K [0x00000000e2000000, 0x0000000100000000)
  region size 1024K, 3 young (3072K), 3 survivors (3072K)
 Metaspace       used 19046K, committed 19264K, reserved 1114112K
  class space    used 1884K, committed 1984K, reserved 1048576K
}
Event: 118.018 GC heap before
{Heap before GC invocations=85 (full 0):
 garbage-first heap   total 275456K, used 156341K [0x00000000e2000000, 0x0000000100000000)
  region size 1024K, 13 young (13312K), 3 survivors (3072K)
 Metaspace       used 19046K, committed 19264K, reserved 1114112K
  class space    used 1884K, committed 1984K, reserved 1048576K
}
Event: 118.029 GC heap after
{Heap after GC invocations=86 (full 0):
 garbage-first heap   total 275456K, used 145275K [0x00000000e2000000, 0x0000000100000000)
  region size 1024K, 1 young (1024K), 1 survivors (1024K)
 Metaspace       used 19046K, committed 19264K, reserved 1114112K
  class space    used 1884K, committed 1984K, reserved 1048576K
}
Event: 119.175 GC heap before
{Heap before GC invocations=86 (full 0):
 garbage-first heap   total 275456K, used 241531K [0x00000000e2000000, 0x0000000100000000)
  region size 1024K, 95 young (97280K), 1 survivors (1024K)
 Metaspace       used 19048K, committed 19264K, reserved 1114112K
  class space    used 1884K, committed 1984K, reserved 1048576K
}
Event: 119.185 GC heap after
{Heap after GC invocations=87 (full 0):
 garbage-first heap   total 275456K, used 147058K [0x00000000e2000000, 0x0000000100000000)
  region size 1024K, 3 young (3072K), 3 survivors (3072K)
 Metaspace       used 19048K, committed 19264K, reserved 1114112K
  class space    used 1884K, committed 1984K, reserved 1048576K
}
Event: 120.623 GC heap before
{Heap before GC invocations=87 (full 0):
 garbage-first heap   total 275456K, used 240242K [0x00000000e2000000, 0x0000000100000000)
  region size 1024K, 94 young (96256K), 3 survivors (3072K)
 Metaspace       used 19048K, committed 19264K, reserved 1114112K
  class space    used 1884K, committed 1984K, reserved 1048576K
}
Event: 120.633 GC heap after
{Heap after GC invocations=88 (full 0):
 garbage-first heap   total 275456K, used 147643K [0x00000000e2000000, 0x0000000100000000)
  region size 1024K, 4 young (4096K), 4 survivors (4096K)
 Metaspace       used 19048K, committed 19264K, reserved 1114112K
  class space    used 1884K, committed 1984K, reserved 1048576K
}
Event: 326.974 GC heap before
{Heap before GC invocations=88 (full 0):
 garbage-first heap   total 275456K, used 238779K [0x00000000e2000000, 0x0000000100000000)
  region size 1024K, 94 young (96256K), 4 survivors (4096K)
 Metaspace       used 19390K, committed 19584K, reserved 1114112K
  class space    used 1907K, committed 1984K, reserved 1048576K
}
Event: 327.295 GC heap after
{Heap after GC invocations=89 (full 0):
 garbage-first heap   total 275456K, used 149271K [0x00000000e2000000, 0x0000000100000000)
  region size 1024K, 5 young (5120K), 5 survivors (5120K)
 Metaspace       used 19390K, committed 19584K, reserved 1114112K
  class space    used 1907K, committed 1984K, reserved 1048576K
}
Event: 329.752 GC heap before
{Heap before GC invocations=89 (full 0):
 garbage-first heap   total 275456K, used 239383K [0x00000000e2000000, 0x0000000100000000)
  region size 1024K, 94 young (96256K), 5 survivors (5120K)
 Metaspace       used 19404K, committed 19584K, reserved 1114112K
  class space    used 1907K, committed 1984K, reserved 1048576K
}
Event: 329.776 GC heap after
{Heap after GC invocations=90 (full 0):
 garbage-first heap   total 275456K, used 148811K [0x00000000e2000000, 0x0000000100000000)
  region size 1024K, 5 young (5120K), 5 survivors (5120K)
 Metaspace       used 19404K, committed 19584K, reserved 1114112K
  class space    used 1907K, committed 1984K, reserved 1048576K
}
Event: 330.257 GC heap before
{Heap before GC invocations=90 (full 0):
 garbage-first heap   total 275456K, used 238923K [0x00000000e2000000, 0x0000000100000000)
  region size 1024K, 94 young (96256K), 5 survivors (5120K)
 Metaspace       used 19405K, committed 19584K, reserved 1114112K
  class space    used 1907K, committed 1984K, reserved 1048576K
}
Event: 330.272 GC heap after
{Heap after GC invocations=91 (full 0):
 garbage-first heap   total 275456K, used 149310K [0x00000000e2000000, 0x0000000100000000)
  region size 1024K, 5 young (5120K), 5 survivors (5120K)
 Metaspace       used 19405K, committed 19584K, reserved 1114112K
  class space    used 1907K, committed 1984K, reserved 1048576K
}

Dll operation events (11 events):
Event: 0.155 Loaded shared library C:\Program Files\Java\jdk-19\bin\java.dll
Event: 0.287 Loaded shared library C:\Program Files\Java\jdk-19\bin\jsvml.dll
Event: 0.524 Loaded shared library C:\Program Files\Java\jdk-19\bin\net.dll
Event: 0.531 Loaded shared library C:\Program Files\Java\jdk-19\bin\nio.dll
Event: 0.564 Loaded shared library C:\Program Files\Java\jdk-19\bin\zip.dll
Event: 0.611 Loaded shared library C:\Program Files\Java\jdk-19\bin\jimage.dll
Event: 1.427 Loaded shared library C:\Program Files\Java\jdk-19\bin\verify.dll
Event: 7.362 Loaded shared library C:\Program Files\Java\jdk-19\bin\extnet.dll
Event: 7.571 Loaded shared library C:\Program Files\Java\jdk-19\bin\sunmscapi.dll
Event: 48.024 Loaded shared library C:\Program Files\Java\jdk-19\bin\awt.dll
Event: 81.686 Loaded shared library C:\Users\Riallen\AppData\Local\Temp\BridJExtractedLibraries12624269366856377338\bridj.dll

Deoptimization events (20 events):
Event: 326.104 Thread 0x000002184183c500 Uncommon trap: trap_request=0xffffffc6 fr.pc=0x00000218330f8df8 relative=0x00000000000018f8
Event: 326.104 Thread 0x000002184183c500 Uncommon trap: reason=bimorphic_or_optimized_type_check action=maybe_recompile pc=0x00000218330f8df8 method=java.util.Comparator.lambda$comparing$77a9974f$1(Ljava/util/function/Function;Ljava/lang/Object;Ljava/lang/Object;)I @ 2 c2
Event: 326.104 Thread 0x000002184183c500 DEOPT PACKING pc=0x00000218330f8df8 sp=0x00000047d01fe360
Event: 326.104 Thread 0x000002184183c500 DEOPT UNPACKING pc=0x0000021832a36d9d sp=0x00000047d01fe2f8 mode 2
Event: 326.104 Thread 0x000002184183c500 Uncommon trap: trap_request=0xffffffc6 fr.pc=0x00000218330f8df8 relative=0x00000000000018f8
Event: 326.104 Thread 0x000002184183c500 Uncommon trap: reason=bimorphic_or_optimized_type_check action=maybe_recompile pc=0x00000218330f8df8 method=java.util.Comparator.lambda$comparing$77a9974f$1(Ljava/util/function/Function;Ljava/lang/Object;Ljava/lang/Object;)I @ 2 c2
Event: 326.104 Thread 0x000002184183c500 DEOPT PACKING pc=0x00000218330f8df8 sp=0x00000047d01fe360
Event: 326.105 Thread 0x000002184183c500 DEOPT UNPACKING pc=0x0000021832a36d9d sp=0x00000047d01fe2f8 mode 2
Event: 326.133 Thread 0x000002184183c500 Uncommon trap: trap_request=0xffffff45 fr.pc=0x000002183306d2fc relative=0x00000000000001dc
Event: 326.133 Thread 0x000002184183c500 Uncommon trap: reason=unstable_if action=reinterpret pc=0x000002183306d2fc method=java.util.regex.Pattern.RemoveQEQuoting()V @ 41 c2
Event: 326.133 Thread 0x000002184183c500 DEOPT PACKING pc=0x000002183306d2fc sp=0x00000047d01fe600
Event: 326.133 Thread 0x000002184183c500 DEOPT UNPACKING pc=0x0000021832a36d9d sp=0x00000047d01fe560 mode 2
Event: 326.920 Thread 0x000002184183c500 Uncommon trap: trap_request=0xffffff45 fr.pc=0x00000218330a3f24 relative=0x00000000000009c4
Event: 326.920 Thread 0x000002184183c500 Uncommon trap: reason=unstable_if action=reinterpret pc=0x00000218330a3f24 method=java.util.regex.Pattern.append(II)V @ 9 c2
Event: 326.920 Thread 0x000002184183c500 DEOPT PACKING pc=0x00000218330a3f24 sp=0x00000047d01fe4c0
Event: 326.920 Thread 0x000002184183c500 DEOPT UNPACKING pc=0x0000021832a36d9d sp=0x00000047d01fe3f0 mode 2
Event: 326.924 Thread 0x000002184183c500 Uncommon trap: trap_request=0xffffff45 fr.pc=0x0000021833059630 relative=0x0000000000000090
Event: 326.924 Thread 0x000002184183c500 Uncommon trap: reason=unstable_if action=reinterpret pc=0x0000021833059630 method=java.util.regex.Pattern.append(II)V @ 9 c2
Event: 326.924 Thread 0x000002184183c500 DEOPT PACKING pc=0x0000021833059630 sp=0x00000047d01fe440
Event: 326.924 Thread 0x000002184183c500 DEOPT UNPACKING pc=0x0000021832a36d9d sp=0x00000047d01fe3e8 mode 2

Classes loaded (20 events):
Event: 93.254 Loading class jdk/internal/icu/impl/Norm2AllModes$DecomposeNormalizer2
Event: 93.254 Loading class jdk/internal/icu/impl/Norm2AllModes$DecomposeNormalizer2 done
Event: 93.254 Loading class jdk/internal/icu/impl/NormalizerImpl$UTF16Plus
Event: 93.254 Loading class jdk/internal/icu/impl/NormalizerImpl$UTF16Plus done
Event: 93.254 Loading class jdk/internal/icu/impl/NormalizerImpl$ReorderingBuffer
Event: 93.256 Loading class jdk/internal/icu/impl/NormalizerImpl$ReorderingBuffer done
Event: 93.366 Loading class java/math/MutableBigInteger
Event: 93.367 Loading class java/math/MutableBigInteger done
Event: 115.280 Loading class sun/util/calendar/JulianCalendar
Event: 115.293 Loading class sun/util/calendar/JulianCalendar done
Event: 115.294 Loading class sun/util/calendar/Era
Event: 115.296 Loading class sun/util/calendar/Era done
Event: 115.297 Loading class sun/util/calendar/ImmutableGregorianDate
Event: 115.297 Loading class sun/util/calendar/ImmutableGregorianDate done
Event: 115.298 Loading class sun/util/calendar/JulianCalendar$Date
Event: 115.299 Loading class sun/util/calendar/JulianCalendar$Date done
Event: 326.053 Loading class java/util/stream/ReduceOps$2
Event: 326.063 Loading class java/util/stream/ReduceOps$2 done
Event: 326.063 Loading class java/util/stream/ReduceOps$2ReducingSink
Event: 326.067 Loading class java/util/stream/ReduceOps$2ReducingSink done

Classes unloaded (0 events):
No events

Classes redefined (0 events):
No events

Internal exceptions (20 events):
Event: 47.076 Thread 0x0000021842805210 Exception <a 'java/lang/NoSuchMethodError'{0x00000000eeaf3830}: 'int java.lang.invoke.DirectMethodHandle$Holder.invokeSpecial(java.lang.Object, java.lang.Object, java.lang.Object)'> (0x00000000eeaf3830) 
thrown [s\open\src\hotspot\share\interpreter\linkResolver.cpp, line 774]
Event: 47.412 Thread 0x0000021842805210 Exception <a 'java/lang/ClassNotFoundException'{0x00000000ee92eb28}: sun/awt/resources/spi/awtProvider> (0x00000000ee92eb28) 
thrown [s\open\src\hotspot\share\classfile\systemDictionary.cpp, line 255]
Event: 48.240 Thread 0x0000021842805210 Exception <a 'java/io/FileNotFoundException'{0x00000000ee931c60}> (0x00000000ee931c60) 
thrown [s\open\src\hotspot\share\prims\jni.cpp, line 517]
Event: 48.331 Thread 0x0000021842805210 Exception <a 'java/io/FileNotFoundException'{0x00000000ee933238}> (0x00000000ee933238) 
thrown [s\open\src\hotspot\share\prims\jni.cpp, line 517]
Event: 48.447 Thread 0x0000021842805210 Exception <a 'java/io/FileNotFoundException'{0x00000000ee937278}> (0x00000000ee937278) 
thrown [s\open\src\hotspot\share\prims\jni.cpp, line 517]
Event: 50.082 Thread 0x0000021842805210 Exception <a 'java/lang/NoSuchMethodError'{0x00000000ee9a1990}: 'void java.lang.invoke.DirectMethodHandle$Holder.invokeStaticInit(java.lang.Object)'> (0x00000000ee9a1990) 
thrown [s\open\src\hotspot\share\interpreter\linkResolver.cpp, line 774]
Event: 50.093 Thread 0x0000021842805210 Exception <a 'java/lang/NoSuchMethodError'{0x00000000ee9a7260}: 'java.lang.Object java.lang.invoke.DirectMethodHandle$Holder.invokeStatic(java.lang.Object, java.lang.Object, int, java.lang.Object)'> (0x00000000ee9a7260) 
thrown [s\open\src\hotspot\share\interpreter\linkResolver.cpp, line 774]
Event: 50.094 Thread 0x0000021842805210 Exception <a 'java/lang/NoSuchMethodError'{0x00000000ee9ae030}: 'java.lang.Object java.lang.invoke.DirectMethodHandle$Holder.newInvokeSpecial(java.lang.Object, java.lang.Object, int)'> (0x00000000ee9ae030) 
thrown [s\open\src\hotspot\share\interpreter\linkResolver.cpp, line 774]
Event: 54.409 Thread 0x0000021842805210 Implicit null exception at 0x0000021832fce572 to 0x0000021832fcea20
Event: 56.001 Thread 0x0000021842805210 Exception <a 'java/lang/NoSuchMethodError'{0x00000000ebe40a00}: 'java.lang.Object java.lang.invoke.DirectMethodHandle$Holder.newInvokeSpecial(java.lang.Object, java.lang.Object, java.lang.Object, java.lang.Object, java.lang.Object, java.lang.Object)'> (0x00000000ebe40a00) 
thrown [s\open\src\hotspot\share\interpreter\linkResolver.cpp, line 774]
Event: 56.819 Thread 0x0000021842805210 Exception <a 'java/lang/NoSuchMethodError'{0x00000000eab135d8}: 'java.lang.Object java.lang.invoke.DirectMethodHandle$Holder.newInvokeSpecial(java.lang.Object, java.lang.Object, java.lang.Object, java.lang.Object, java.lang.Object)'> (0x00000000eab135d8) 
thrown [s\open\src\hotspot\share\interpreter\linkResolver.cpp, line 774]
Event: 81.105 Thread 0x0000021842805210 Exception <a 'java/lang/ClassNotFoundException'{0x00000000eeaeeb48}: sun/net/www/protocol/c/Handler> (0x00000000eeaeeb48) 
thrown [s\open\src\hotspot\share\classfile\systemDictionary.cpp, line 255]
Event: 81.899 Thread 0x0000021842805210 Implicit null exception at 0x0000021832fff65b to 0x0000021832fffa1f
Event: 86.385 Thread 0x0000021842805210 Implicit null exception at 0x000002183322666c to 0x0000021833226714
Event: 86.434 Thread 0x0000021842805210 Implicit null exception at 0x0000021833086c6c to 0x0000021833086d14
Event: 89.910 Thread 0x0000021842805210 Exception <a 'java/lang/NoSuchMethodError'{0x00000000f15558f0}: 'java.lang.Object java.lang.invoke.DirectMethodHandle$Holder.newInvokeSpecial(java.lang.Object, java.lang.Object, java.lang.Object, int, java.lang.Object, java.lang.Object, java.lang.Object)'> (0x00000000f15558f0) 
thrown [s\open\src\hotspot\share\interpreter\linkResolver.cpp, line 774]
Event: 92.971 Thread 0x0000021842805210 Implicit null exception at 0x000002183311b6ce to 0x000002183311c995
Event: 121.870 Thread 0x0000021842805210 Exception <a 'java/lang/NoSuchMethodError'{0x00000000f1530b60}: 'java.lang.Object java.lang.invoke.DirectMethodHandle$Holder.invokeInterface(java.lang.Object, java.lang.Object, java.lang.Object)'> (0x00000000f1530b60) 
thrown [s\open\src\hotspot\share\interpreter\linkResolver.cpp, line 774]
Event: 121.893 Thread 0x0000021842805210 Exception <a 'java/lang/NoSuchMethodError'{0x00000000f153c130}: 'void java.lang.invoke.DirectMethodHandle$Holder.invokeVirtual(java.lang.Object, java.lang.Object)'> (0x00000000f153c130) 
thrown [s\open\src\hotspot\share\interpreter\linkResolver.cpp, line 774]
Event: 325.091 Thread 0x000002184183c500 Exception <a 'java/lang/NoSuchMethodError'{0x00000000f0b08dc8}: 'void java.lang.invoke.DirectMethodHandle$Holder.invokeStatic(java.lang.Object, java.lang.Object)'> (0x00000000f0b08dc8) 
thrown [s\open\src\hotspot\share\interpreter\linkResolver.cpp, line 774]

VM Operations (20 events):
Event: 324.746 Executing VM operation: ThreadDump done
Event: 325.716 Executing VM operation: ThreadDump
Event: 325.720 Executing VM operation: ThreadDump done
Event: 326.721 Executing VM operation: Cleanup
Event: 326.729 Executing VM operation: Cleanup done
Event: 326.729 Executing VM operation: ThreadDump
Event: 326.732 Executing VM operation: ThreadDump done
Event: 326.973 Executing VM operation: G1CollectForAllocation
Event: 327.297 Executing VM operation: G1CollectForAllocation done
Event: 327.709 Executing VM operation: ThreadDump
Event: 327.783 Executing VM operation: ThreadDump done
Event: 328.955 Executing VM operation: ThreadDump
Event: 328.978 Executing VM operation: ThreadDump done
Event: 329.748 Executing VM operation: G1CollectForAllocation
Event: 329.777 Executing VM operation: G1CollectForAllocation done
Event: 329.780 Executing VM operation: ThreadDump
Event: 329.781 Executing VM operation: ThreadDump done
Event: 330.256 Executing VM operation: G1CollectForAllocation
Event: 330.272 Executing VM operation: G1CollectForAllocation done
Event: 330.795 Executing VM operation: G1PauseRemark

Events (20 events):
Event: 94.423 Thread 0x000002183d614440 flushing nmethod 0x000002182bc20490
Event: 94.423 Thread 0x000002183d614440 flushing nmethod 0x000002182bc23610
Event: 94.423 Thread 0x000002183d614440 flushing nmethod 0x000002182bc28810
Event: 94.423 Thread 0x000002183d614440 flushing nmethod 0x000002182bc49910
Event: 109.555 Thread 0x000002183d614440 flushing nmethod 0x0000021833034510
Event: 109.558 Thread 0x000002183d614440 flushing nmethod 0x000002182b4bff90
Event: 109.560 Thread 0x000002183d614440 flushing nmethod 0x000002182b6d1090
Event: 109.560 Thread 0x000002183d614440 flushing nmethod 0x000002182b742910
Event: 109.561 Thread 0x000002183d614440 flushing nmethod 0x000002182b820690
Event: 109.561 Thread 0x000002183d614440 flushing nmethod 0x000002182b82db90
Event: 109.561 Thread 0x000002183d614440 flushing nmethod 0x000002182b863010
Event: 109.562 Thread 0x000002183d614440 flushing nmethod 0x000002182b8db010
Event: 109.562 Thread 0x000002183d614440 flushing nmethod 0x000002182b8ddd10
Event: 109.563 Thread 0x000002183d614440 flushing nmethod 0x000002182bae9b90
Event: 109.564 Thread 0x000002183d614440 flushing nmethod 0x000002182bb85590
Event: 109.564 Thread 0x000002183d614440 flushing nmethod 0x000002182bbe9510
Event: 109.564 Thread 0x000002183d614440 flushing nmethod 0x000002182bc2f810
Event: 109.565 Thread 0x000002183d614440 flushing nmethod 0x000002182bc35790
Event: 109.565 Thread 0x000002183d614440 flushing nmethod 0x000002182bc70590
Event: 109.565 Thread 0x000002183d614440 flushing nmethod 0x000002182bc77d10


Dynamic libraries:
0x00007ff62ee90000 - 0x00007ff62eea0000 	C:\Program Files\Java\jdk-19\bin\java.exe
0x00007fff6e630000 - 0x00007fff6e828000 	C:\Windows\SYSTEM32\ntdll.dll
0x00007fff6cff0000 - 0x00007fff6d0af000 	C:\Windows\System32\KERNEL32.DLL
0x00007fff6c360000 - 0x00007fff6c632000 	C:\Windows\System32\KERNELBASE.dll
0x00007fff6c0b0000 - 0x00007fff6c1b0000 	C:\Windows\System32\ucrtbase.dll
0x00007fff2ce60000 - 0x00007fff2ce78000 	C:\Program Files\Java\jdk-19\bin\jli.dll
0x00007fff6db40000 - 0x00007fff6dbee000 	C:\Windows\System32\ADVAPI32.dll
0x00007fff6e510000 - 0x00007fff6e5ae000 	C:\Windows\System32\msvcrt.dll
0x00007fff6d210000 - 0x00007fff6d2ac000 	C:\Windows\System32\sechost.dll
0x00007fff6c9b0000 - 0x00007fff6cad5000 	C:\Windows\System32\RPCRT4.dll
0x00007fff6cae0000 - 0x00007fff6cc81000 	C:\Windows\System32\USER32.dll
0x00007fff6c1b0000 - 0x00007fff6c1d2000 	C:\Windows\System32\win32u.dll
0x00007fff6d1e0000 - 0x00007fff6d20b000 	C:\Windows\System32\GDI32.dll
0x00007fff6bfa0000 - 0x00007fff6c0af000 	C:\Windows\System32\gdi32full.dll
0x00007fff6c1e0000 - 0x00007fff6c27d000 	C:\Windows\System32\msvcp_win.dll
0x00007fff2c3e0000 - 0x00007fff2c3fb000 	C:\Program Files\Java\jdk-19\bin\VCRUNTIME140.dll
0x00007fff5f1e0000 - 0x00007fff5f47a000 	C:\Windows\WinSxS\amd64_microsoft.windows.common-controls_6595b64144ccf1df_6.0.19041.1110_none_60b5254171f9507e\COMCTL32.dll
0x00007fff60f30000 - 0x00007fff60f3a000 	C:\Windows\SYSTEM32\VERSION.dll
0x00007fff6e5b0000 - 0x00007fff6e5e2000 	C:\Windows\System32\IMM32.DLL
0x00007fff4aad0000 - 0x00007fff4aadc000 	C:\Program Files\Java\jdk-19\bin\vcruntime140_1.dll
0x00007fff24200000 - 0x00007fff2428e000 	C:\Program Files\Java\jdk-19\bin\msvcp140.dll
0x00007fff0cb10000 - 0x00007fff0d7d0000 	C:\Program Files\Java\jdk-19\bin\server\jvm.dll
0x00007fff4a0b0000 - 0x00007fff4a0b9000 	C:\Windows\SYSTEM32\WSOCK32.dll
0x00007fff6c890000 - 0x00007fff6c8fb000 	C:\Windows\System32\WS2_32.dll
0x00007fff5f120000 - 0x00007fff5f147000 	C:\Windows\SYSTEM32\WINMM.dll
0x00007fff69c00000 - 0x00007fff69c12000 	C:\Windows\SYSTEM32\kernel.appcore.dll
0x00007fff49ac0000 - 0x00007fff49aca000 	C:\Program Files\Java\jdk-19\bin\jimage.dll
0x00007fff5f9e0000 - 0x00007fff5fbc4000 	C:\Windows\SYSTEM32\DBGHELP.DLL
0x00007fff5f970000 - 0x00007fff5f9a5000 	C:\Windows\SYSTEM32\dbgcore.DLL
0x00007fff6c280000 - 0x00007fff6c302000 	C:\Windows\System32\bcryptPrimitives.dll
0x00007fff241d0000 - 0x00007fff241f6000 	C:\Program Files\Java\jdk-19\bin\java.dll
0x00007fff23c30000 - 0x00007fff23d07000 	C:\Program Files\Java\jdk-19\bin\jsvml.dll
0x00007fff6d3f0000 - 0x00007fff6db35000 	C:\Windows\System32\SHELL32.dll
0x00007fff69e00000 - 0x00007fff6a592000 	C:\Windows\SYSTEM32\windows.storage.dll
0x00007fff6cc90000 - 0x00007fff6cfe5000 	C:\Windows\System32\combase.dll
0x00007fff6b6a0000 - 0x00007fff6b6d0000 	C:\Windows\SYSTEM32\Wldp.dll
0x00007fff6c680000 - 0x00007fff6c72d000 	C:\Windows\System32\SHCORE.dll
0x00007fff6dbf0000 - 0x00007fff6dc45000 	C:\Windows\System32\shlwapi.dll
0x00007fff6bc60000 - 0x00007fff6bc7f000 	C:\Windows\SYSTEM32\profapi.dll
0x00007fff26320000 - 0x00007fff26333000 	C:\Program Files\Java\jdk-19\bin\net.dll
0x00007fff652f0000 - 0x00007fff653fc000 	C:\Windows\SYSTEM32\WINHTTP.dll
0x00007fff6b400000 - 0x00007fff6b46a000 	C:\Windows\system32\mswsock.dll
0x00007fff25070000 - 0x00007fff25086000 	C:\Program Files\Java\jdk-19\bin\nio.dll
0x00007fff23e50000 - 0x00007fff23e68000 	C:\Program Files\Java\jdk-19\bin\zip.dll
0x00007fff46c40000 - 0x00007fff46c50000 	C:\Program Files\Java\jdk-19\bin\verify.dll
0x00007fff6b130000 - 0x00007fff6b1fb000 	C:\Windows\SYSTEM32\DNSAPI.dll
0x00007fff6b0f0000 - 0x00007fff6b12b000 	C:\Windows\SYSTEM32\IPHLPAPI.DLL
0x00007fff6c670000 - 0x00007fff6c678000 	C:\Windows\System32\NSI.dll
0x00007fff62ec0000 - 0x00007fff62eca000 	C:\Windows\System32\rasadhlp.dll
0x00007fff63320000 - 0x00007fff633a0000 	C:\Windows\System32\fwpuclnt.dll
0x00007fff6c640000 - 0x00007fff6c667000 	C:\Windows\System32\bcrypt.dll
0x00007fff46af0000 - 0x00007fff46af8000 	C:\Program Files\Java\jdk-19\bin\extnet.dll
0x00007fff418a0000 - 0x00007fff418ae000 	C:\Program Files\Java\jdk-19\bin\sunmscapi.dll
0x00007fff6be40000 - 0x00007fff6bf96000 	C:\Windows\System32\CRYPT32.dll
0x00007fff6b710000 - 0x00007fff6b737000 	C:\Windows\SYSTEM32\ncrypt.dll
0x00007fff6b6d0000 - 0x00007fff6b70b000 	C:\Windows\SYSTEM32\NTASN1.dll
0x00007fff5e1f0000 - 0x00007fff5e1f7000 	C:\Windows\system32\wshunix.dll
0x00007fff6b5f0000 - 0x00007fff6b608000 	C:\Windows\SYSTEM32\CRYPTSP.dll
0x00007fff6ad20000 - 0x00007fff6ad54000 	C:\Windows\system32\rsaenh.dll
0x00007fff6bc20000 - 0x00007fff6bc4e000 	C:\Windows\SYSTEM32\USERENV.dll
0x00007fff6b610000 - 0x00007fff6b61c000 	C:\Windows\SYSTEM32\CRYPTBASE.dll
0x00007fff66280000 - 0x00007fff66297000 	C:\Windows\SYSTEM32\dhcpcsvc6.DLL
0x00007fff661a0000 - 0x00007fff661bd000 	C:\Windows\SYSTEM32\dhcpcsvc.DLL
0x00007fff1e870000 - 0x00007fff1ea01000 	C:\Program Files\Java\jdk-19\bin\awt.dll
0x00007fff6c7c0000 - 0x00007fff6c88d000 	C:\Windows\System32\OLEAUT32.dll
0x00007fff69630000 - 0x00007fff696c0000 	C:\Windows\SYSTEM32\apphelp.dll
0x00007fff679e0000 - 0x00007fff67a09000 	C:\Users\Riallen\AppData\Local\Temp\BridJExtractedLibraries12624269366856377338\bridj.dll
0x000000006cc80000 - 0x000000006cdcc000 	C:\Users\Riallen\AppData\Local\Temp\BridJExtractedLibraries12624269366856377338\hunspell.dll

dbghelp: loaded successfully - version: 4.0.5 - missing functions: none
symbol engine: initialized successfully - sym options: 0x614 - pdb path: .;C:\Program Files\Java\jdk-19\bin;C:\Windows\SYSTEM32;C:\Windows\WinSxS\amd64_microsoft.windows.common-controls_6595b64144ccf1df_6.0.19041.1110_none_60b5254171f9507e;C:\Program Files\Java\jdk-19\bin\server;C:\Users\Riallen\AppData\Local\Temp\BridJExtractedLibraries12624269366856377338

VM Arguments:
java_command: org.languagetool.server.HTTPServer -p 8083
java_class_path (initial): C:\Users\Riallen\.cache\language_tool_python\LanguageTool-5.7\languagetool-server.jar
Launcher Type: SUN_STANDARD

[Global flags]
     intx CICompilerCount                          = 2                                         {product} {ergonomic}
     uint ConcGCThreads                            = 1                                         {product} {ergonomic}
     uint G1ConcRefinementThreads                  = 2                                         {product} {ergonomic}
   size_t G1HeapRegionSize                         = 1048576                                   {product} {ergonomic}
    uintx GCDrainStackTargetSize                   = 64                                        {product} {ergonomic}
   size_t InitialHeapSize                          = 31457280                                  {product} {ergonomic}
   size_t MarkStackSize                            = 4194304                                   {product} {ergonomic}
   size_t MaxHeapSize                              = 503316480                                 {product} {ergonomic}
   size_t MaxNewSize                               = 301989888                                 {product} {ergonomic}
   size_t MinHeapDeltaBytes                        = 1048576                                   {product} {ergonomic}
   size_t MinHeapSize                              = 8388608                                   {product} {ergonomic}
    uintx NonNMethodCodeHeapSize                   = 5826188                                {pd product} {ergonomic}
    uintx NonProfiledCodeHeapSize                  = 122916026                              {pd product} {ergonomic}
    uintx ProfiledCodeHeapSize                     = 122916026                              {pd product} {ergonomic}
    uintx ReservedCodeCacheSize                    = 251658240                              {pd product} {ergonomic}
     bool SegmentedCodeCache                       = true                                      {product} {ergonomic}
   size_t SoftMaxHeapSize                          = 503316480                              {manageable} {ergonomic}
     bool UseCompressedClassPointers               = true                           {product lp64_product} {ergonomic}
     bool UseCompressedOops                        = true                           {product lp64_product} {ergonomic}
     bool UseG1GC                                  = true                                      {product} {ergonomic}
     bool UseLargePagesIndividualAllocation        = false                                  {pd product} {ergonomic}

Logging:
Log output configuration:
 #0: stdout all=warning uptime,level,tags foldmultilines=false
 #1: stderr all=off uptime,level,tags foldmultilines=false

Environment Variables:
PATH=C:\Users\Riallen\.pyenv\pyenv-win\versions\3.10.9;C:\Users\Riallen\.pyenv\pyenv-win\versions\3.10.9\Scripts;C:\Users\Riallen\AppData\Roaming\Python\Python310\Scripts;C:\Users\Riallen\Documents\Work_Text\venv\Scripts;C:\Program Files\Common Files\Oracle\Java\javapath;C:\Windows\System32;C:\Windows;C:\Windows\System32\wbem;C:\Windows\System32\WindowsPowerShell\v1.0\;C:\Windows\System32\OpenSSH\;C:\Program Files\Pandoc\;C:\Program Files\PowerShell\7\;C:\Program Files\Git\cmd;C:\Users\Riallen\.pyenv\pyenv-win\bin;C:\Users\Riallen\AppData\Local\Microsoft\WindowsApps;C:\Users\Riallen\AppData\Local\Programs\MiKTeX\miktex\bin\x64\;C:\Users\Riallen\AppData\Local\GitHubDesktop\bin;C:\Users\Riallen\AppData\Local\Programs\Microsoft VS Code\bin;
USERNAME=Riallen
OS=Windows_NT
PROCESSOR_IDENTIFIER=Intel64 Family 6 Model 23 Stepping 10, GenuineIntel
TMP=C:\Users\Riallen\AppData\Local\Temp
TEMP=C:\Users\Riallen\AppData\Local\Temp



---------------  S Y S T E M  ---------------

OS:
 Windows 10 , 64 bit Build 19041 (10.0.19041.2546)
OS uptime: 1 days 12:12 hours

CPU: total 2 (initial active 2) (2 cores per cpu, 1 threads per core) family 6 model 23 stepping 10 microcode 0xa0c, cx8, cmov, fxsr, mmx, sse, sse2, sse3, ssse3, tsc, clflush

Memory: 4k page, system-wide physical 1917M (329M free)
TotalPageFile size 7805M (AvailPageFile size 83M)
current process WorkingSet (physical memory assigned to process): 281M, peak: 352M
current process commit charge ("private bytes"): 452M, peak: 543M

vm_info: Java HotSpot(TM) 64-Bit Server VM (19.0.1+10-21) for windows-amd64 JRE (19.0.1+10-21), built on 2022-09-14T12:45:06Z by "mach5one" with MS VC++ 17.1 (VS2022)

END.
