#
# There is insufficient memory for the Java Runtime Environment to continue.
# Native memory allocation (malloc) failed to allocate 131088 bytes for Chunk::new
# Possible reasons:
#   The system is out of physical RAM or swap space
#   The process is running with CompressedOops enabled, and the Java Heap may be blocking the growth of the native heap
# Possible solutions:
#   Reduce memory load on the system
#   Increase physical memory or swap space
#   Check if swap backing store is full
#   Decrease Java heap size (-Xmx/-Xms)
#   Decrease number of Java threads
#   Decrease Java thread stack sizes (-Xss)
#   Set larger code cache with -XX:ReservedCodeCacheSize=
#   JVM is running with Unscaled Compressed Oops mode in which the Java heap is
#     placed in the first 4GB address space. The Java Heap base address is the
#     maximum limit for the native heap growth. Please use -XX:HeapBaseMinAddress
#     to set the Java Heap base and to place the Java Heap above 4GB virtual address.
# This output file may be truncated or incomplete.
#
#  Out of Memory Error (arena.cpp:184), pid=7464, tid=6472
#
# JRE version: Java(TM) SE Runtime Environment (19.0.1+10) (build 19.0.1+10-21)
# Java VM: Java HotSpot(TM) 64-Bit Server VM (19.0.1+10-21, mixed mode, sharing, tiered, compressed oops, compressed class ptrs, g1 gc, windows-amd64)
# No core dump will be written. Minidumps are not enabled by default on client versions of Windows
#

---------------  S U M M A R Y ------------

Command Line: org.languagetool.server.HTTPServer -p 8085 --config C:\Users\Riallen\AppData\Local\Temp\tmp90z50zjc

Host: Pentium(R) Dual-Core  CPU      E5700  @ 3.00GHz, 2 cores, 1G,  Windows 10 , 64 bit Build 19041 (10.0.19041.2546)
Time: Wed Mar  8 02:25:22 2023 Hora Padrão de Caracas elapsed time: 171.650121 seconds (0d 0h 2m 51s)

---------------  T H R E A D  ---------------

Current thread (0x000002e230bb95e0):  JavaThread "C2 CompilerThread0" daemon [_thread_in_native, id=6472, stack(0x000000f6dfc00000,0x000000f6dfd00000)]


Current CompileTask:
C2: 171650 6840   !   4       org.languagetool.tagging.MorfologikTagger::tag (234 bytes)

Stack: [0x000000f6dfc00000,0x000000f6dfd00000]
Native frames: (J=compiled Java code, j=interpreted, Vv=VM code, C=native code)
V  [jvm.dll+0x6ee8fa]
V  [jvm.dll+0x857a1e]
V  [jvm.dll+0x85940e]
V  [jvm.dll+0x859ac3]
V  [jvm.dll+0x28291f]
V  [jvm.dll+0xc9b5f]
V  [jvm.dll+0xc9ee5]
V  [jvm.dll+0xc9c84]
V  [jvm.dll+0x74336c]
V  [jvm.dll+0x5fb627]
V  [jvm.dll+0x606023]
V  [jvm.dll+0x6046df]
V  [jvm.dll+0x603fad]
V  [jvm.dll+0x604b2f]
V  [jvm.dll+0x5e99a0]
V  [jvm.dll+0x5e9819]
V  [jvm.dll+0x5e9887]
V  [jvm.dll+0x5e9887]
V  [jvm.dll+0x5e9887]
V  [jvm.dll+0x5e9887]
V  [jvm.dll+0x5f141b]
V  [jvm.dll+0x2551fc]
V  [jvm.dll+0x24e097]
V  [jvm.dll+0x24b563]
V  [jvm.dll+0x1d6d61]
V  [jvm.dll+0x25b0fa]
V  [jvm.dll+0x259588]
V  [jvm.dll+0x807928]
V  [jvm.dll+0x8015fa]
V  [jvm.dll+0x6ed5eb]
C  [ucrtbase.dll+0x21bb2]
C  [KERNEL32.DLL+0x17614]
C  [ntdll.dll+0x526a1]


---------------  P R O C E S S  ---------------

Threads class SMR info:
_java_thread_list=0x000002e235ba4700, length=22, elements={
0x000002e230bac430, 0x000002e230bad1c0, 0x000002e230baf890, 0x000002e230bb15d0,
0x000002e230bb20a0, 0x000002e230bb8090, 0x000002e230bb95e0, 0x000002e230bbf940,
0x000002e230bc2950, 0x000002e23502b340, 0x000002e235035530, 0x000002e235cf7790,
0x000002e235bfdef0, 0x000002e235edf640, 0x000002e235faa030, 0x000002e235f46aa0,
0x000002e214b6b420, 0x000002e23503e500, 0x000002e235a28c00, 0x000002e2374fff70,
0x000002e2374fe4e0, 0x000002e2375004c0
}

Java Threads: ( => current thread )
  0x000002e230bac430 JavaThread "Reference Handler" daemon [_thread_blocked, id=2016, stack(0x000000f6df600000,0x000000f6df700000)]
  0x000002e230bad1c0 JavaThread "Finalizer" daemon [_thread_blocked, id=7372, stack(0x000000f6df700000,0x000000f6df800000)]
  0x000002e230baf890 JavaThread "Signal Dispatcher" daemon [_thread_blocked, id=9152, stack(0x000000f6df800000,0x000000f6df900000)]
  0x000002e230bb15d0 JavaThread "Attach Listener" daemon [_thread_blocked, id=7564, stack(0x000000f6df900000,0x000000f6dfa00000)]
  0x000002e230bb20a0 JavaThread "Service Thread" daemon [_thread_blocked, id=3884, stack(0x000000f6dfa00000,0x000000f6dfb00000)]
  0x000002e230bb8090 JavaThread "Monitor Deflation Thread" daemon [_thread_blocked, id=3240, stack(0x000000f6dfb00000,0x000000f6dfc00000)]
=>0x000002e230bb95e0 JavaThread "C2 CompilerThread0" daemon [_thread_in_native, id=6472, stack(0x000000f6dfc00000,0x000000f6dfd00000)]
  0x000002e230bbf940 JavaThread "C1 CompilerThread0" daemon [_thread_in_native, id=10080, stack(0x000000f6dfd00000,0x000000f6dfe00000)]
  0x000002e230bc2950 JavaThread "Sweeper thread" daemon [_thread_blocked, id=3708, stack(0x000000f6dfe00000,0x000000f6dff00000)]
  0x000002e23502b340 JavaThread "Notification Thread" daemon [_thread_blocked, id=7308, stack(0x000000f6dff00000,0x000000f6e0000000)]
  0x000002e235035530 JavaThread "Common-Cleaner" daemon [_thread_blocked, id=5172, stack(0x000000f6e0100000,0x000000f6e0200000)]
  0x000002e235cf7790 JavaThread "LtThreadPoolMonitor" daemon [_thread_blocked, id=3980, stack(0x000000f6e0300000,0x000000f6e0400000)]
  0x000002e235bfdef0 JavaThread "LtThreadPoolExecutorMonitor" daemon [_thread_blocked, id=4108, stack(0x000000f6e0400000,0x000000f6e0500000)]
  0x000002e235edf640 JavaThread "LtThreadPoolExecutorMonitor" daemon [_thread_blocked, id=12092, stack(0x000000f6e0500000,0x000000f6e0600000)]
  0x000002e235faa030 JavaThread "idle-timeout-task" daemon [_thread_blocked, id=8696, stack(0x000000f6e0600000,0x000000f6e0700000)]
  0x000002e235f46aa0 JavaThread "HTTP-Dispatcher" [_thread_in_native, id=11288, stack(0x000000f6e0700000,0x000000f6e0800000)]
  0x000002e214b6b420 JavaThread "DestroyJavaVM" [_thread_blocked, id=8048, stack(0x000000f6def00000,0x000000f6df000000)]
  0x000002e23503e500 JavaThread "lt-server-thread-0" [_thread_blocked, id=1388, stack(0x000000f6e0800000,0x000000f6e0900000)]
  0x000002e235a28c00 JavaThread "lt-text-checker-thread-0" [_thread_blocked, id=5996, stack(0x000000f6e0900000,0x000000f6e0a00000)]
  0x000002e2374fff70 JavaThread "lt-server-thread-1" [_thread_blocked, id=8856, stack(0x000000f6ded00000,0x000000f6dee00000)]
  0x000002e2374fe4e0 JavaThread "lt-server-thread-2" [_thread_blocked, id=11604, stack(0x000000f6dee00000,0x000000f6def00000)]
  0x000002e2375004c0 JavaThread "lt-text-checker-thread-1" [_thread_in_Java, id=11952, stack(0x000000f6e0a00000,0x000000f6e0b00000)]

Other Threads:
  0x000002e214c35a50 VMThread "VM Thread" [stack: 0x000000f6df500000,0x000000f6df600000] [id=10852]
  0x000002e2350350d0 WatcherThread "VM Periodic Task Thread" [stack: 0x000000f6e0000000,0x000000f6e0100000] [id=12160]
  0x000002e214b9a9a0 WorkerThread "GC Thread#0" [stack: 0x000000f6df000000,0x000000f6df100000] [id=1140]
  0x000002e2355b9390 WorkerThread "GC Thread#1" [stack: 0x000000f6e0200000,0x000000f6e0300000] [id=6500]
  0x000002e214b9f6b0 ConcurrentGCThread "G1 Main Marker" [stack: 0x000000f6df100000,0x000000f6df200000] [id=4956]
  0x000002e214ba00e0 WorkerThread "G1 Conc#0" [stack: 0x000000f6df200000,0x000000f6df300000] [id=9844]
  0x000002e214bd4d40 ConcurrentGCThread "G1 Refine#0" [stack: 0x000000f6df300000,0x000000f6df400000] [id=4340]
  0x000002e214bd6890 ConcurrentGCThread "G1 Service" [stack: 0x000000f6df400000,0x000000f6df500000] [id=8816]

Threads with active compile tasks:
C2 CompilerThread0   171742 6840   !   4       org.languagetool.tagging.MorfologikTagger::tag (234 bytes)
C1 CompilerThread0   171742 6848       3       org.languagetool.rules.patterns.MatchState::filterReadings (533 bytes)

VM state: not at safepoint (normal execution)

VM Mutex/Monitor currently owned by a thread: None

Heap address: 0x00000000e2000000, size: 480 MB, Compressed Oops mode: 32-bit

CDS archive(s) mapped at: [0x0000000800000000-0x0000000800c40000-0x0000000800c40000), size 12845056, SharedBaseAddress: 0x0000000800000000, ArchiveRelocationMode: 0.
Compressed class space mapped at: 0x0000000801000000-0x0000000841000000, reserved size: 1073741824
Narrow klass base: 0x0000000800000000, Narrow klass shift: 0, Narrow klass range: 0x100000000

GC Precious Log:
 CardTable entry size: 512
 Card Set container configuration: InlinePtr #cards 5 size 8 Array Of Cards #cards 12 size 40 Howl #buckets 4 coarsen threshold 1843 Howl Bitmap #cards 512 size 80 coarsen threshold 460 Card regions per heap region 1 cards per card region 2048
 CPUs: 2 total, 2 available
 Memory: 1917M
 Large Page Support: Disabled
 NUMA Support: Disabled
 Compressed Oops: Enabled (32-bit)
 Heap Region Size: 1M
 Heap Min Capacity: 8M
 Heap Initial Capacity: 30M
 Heap Max Capacity: 480M
 Pre-touch: Disabled
 Parallel Workers: 2
 Concurrent Workers: 1
 Concurrent Refinement Workers: 2
 Periodic GC: Disabled

Heap:
 garbage-first heap   total 337920K, used 233751K [0x00000000e2000000, 0x0000000100000000)
  region size 1024K, 39 young (39936K), 1 survivors (1024K)
 Metaspace       used 19699K, committed 20032K, reserved 1114112K
  class space    used 1934K, committed 2112K, reserved 1048576K

Heap Regions: E=young(eden), S=young(survivor), O=old, HS=humongous(starts), HC=humongous(continues), CS=collection set, F=free, OA=open archive, CA=closed archive, TAMS=top-at-mark-start (previous, next)
|   0|0x00000000e2000000, 0x00000000e2100000, 0x00000000e2100000|100%| O|  |TAMS 0x00000000e2100000, 0x00000000e2000000| Untracked 
|   1|0x00000000e2100000, 0x00000000e2200000, 0x00000000e2200000|100%| O|  |TAMS 0x00000000e2200000, 0x00000000e2100000| Untracked 
|   2|0x00000000e2200000, 0x00000000e2300000, 0x00000000e2300000|100%| O|  |TAMS 0x00000000e2300000, 0x00000000e2200000| Untracked 
|   3|0x00000000e2300000, 0x00000000e2400000, 0x00000000e2400000|100%| O|  |TAMS 0x00000000e2400000, 0x00000000e2300000| Untracked 
|   4|0x00000000e2400000, 0x00000000e2500000, 0x00000000e2500000|100%| O|  |TAMS 0x00000000e2500000, 0x00000000e2400000| Untracked 
|   5|0x00000000e2500000, 0x00000000e2600000, 0x00000000e2600000|100%| O|  |TAMS 0x00000000e2600000, 0x00000000e2500000| Untracked 
|   6|0x00000000e2600000, 0x00000000e2700000, 0x00000000e2700000|100%| O|  |TAMS 0x00000000e2700000, 0x00000000e2600000| Untracked 
|   7|0x00000000e2700000, 0x00000000e2800000, 0x00000000e2800000|100%| O|  |TAMS 0x00000000e2800000, 0x00000000e2700000| Untracked 
|   8|0x00000000e2800000, 0x00000000e2900000, 0x00000000e2900000|100%| O|  |TAMS 0x00000000e2900000, 0x00000000e2800000| Untracked 
|   9|0x00000000e2900000, 0x00000000e2a00000, 0x00000000e2a00000|100%| O|  |TAMS 0x00000000e2a00000, 0x00000000e2900000| Untracked 
|  10|0x00000000e2a00000, 0x00000000e2b00000, 0x00000000e2b00000|100%| O|  |TAMS 0x00000000e2b00000, 0x00000000e2a00000| Untracked 
|  11|0x00000000e2b00000, 0x00000000e2c00000, 0x00000000e2c00000|100%|HS|  |TAMS 0x00000000e2c00000, 0x00000000e2b00000| Complete 
|  12|0x00000000e2c00000, 0x00000000e2d00000, 0x00000000e2d00000|100%| O|  |TAMS 0x00000000e2d00000, 0x00000000e2c00000| Untracked 
|  13|0x00000000e2d00000, 0x00000000e2e00000, 0x00000000e2e00000|100%| O|  |TAMS 0x00000000e2e00000, 0x00000000e2d00000| Untracked 
|  14|0x00000000e2e00000, 0x00000000e2f00000, 0x00000000e2f00000|100%| O|  |TAMS 0x00000000e2f00000, 0x00000000e2e00000| Untracked 
|  15|0x00000000e2f00000, 0x00000000e3000000, 0x00000000e3000000|100%| O|  |TAMS 0x00000000e3000000, 0x00000000e2f00000| Untracked 
|  16|0x00000000e3000000, 0x00000000e3100000, 0x00000000e3100000|100%| O|  |TAMS 0x00000000e3100000, 0x00000000e3000000| Untracked 
|  17|0x00000000e3100000, 0x00000000e3200000, 0x00000000e3200000|100%| O|  |TAMS 0x00000000e3200000, 0x00000000e3100000| Untracked 
|  18|0x00000000e3200000, 0x00000000e3300000, 0x00000000e3300000|100%| O|  |TAMS 0x00000000e3300000, 0x00000000e3200000| Untracked 
|  19|0x00000000e3300000, 0x00000000e3400000, 0x00000000e3400000|100%| O|  |TAMS 0x00000000e3400000, 0x00000000e3300000| Untracked 
|  20|0x00000000e3400000, 0x00000000e3500000, 0x00000000e3500000|100%| O|  |TAMS 0x00000000e3500000, 0x00000000e3400000| Untracked 
|  21|0x00000000e3500000, 0x00000000e3600000, 0x00000000e3600000|100%| O|  |TAMS 0x00000000e3600000, 0x00000000e3500000| Untracked 
|  22|0x00000000e3600000, 0x00000000e3700000, 0x00000000e3700000|100%| O|  |TAMS 0x00000000e3700000, 0x00000000e3600000| Untracked 
|  23|0x00000000e3700000, 0x00000000e3800000, 0x00000000e3800000|100%| O|  |TAMS 0x00000000e3800000, 0x00000000e3700000| Untracked 
|  24|0x00000000e3800000, 0x00000000e3900000, 0x00000000e3900000|100%| O|  |TAMS 0x00000000e3900000, 0x00000000e3800000| Untracked 
|  25|0x00000000e3900000, 0x00000000e3a00000, 0x00000000e3a00000|100%| O|  |TAMS 0x00000000e3a00000, 0x00000000e3900000| Untracked 
|  26|0x00000000e3a00000, 0x00000000e3b00000, 0x00000000e3b00000|100%| O|  |TAMS 0x00000000e3b00000, 0x00000000e3a00000| Untracked 
|  27|0x00000000e3b00000, 0x00000000e3c00000, 0x00000000e3c00000|100%| O|  |TAMS 0x00000000e3c00000, 0x00000000e3b00000| Untracked 
|  28|0x00000000e3c00000, 0x00000000e3d00000, 0x00000000e3d00000|100%| O|  |TAMS 0x00000000e3d00000, 0x00000000e3c00000| Untracked 
|  29|0x00000000e3d00000, 0x00000000e3e00000, 0x00000000e3e00000|100%| O|  |TAMS 0x00000000e3e00000, 0x00000000e3d00000| Untracked 
|  30|0x00000000e3e00000, 0x00000000e3f00000, 0x00000000e3f00000|100%| O|  |TAMS 0x00000000e3f00000, 0x00000000e3e00000| Complete 
|  31|0x00000000e3f00000, 0x00000000e4000000, 0x00000000e4000000|100%| O|  |TAMS 0x00000000e4000000, 0x00000000e3f00000| Untracked 
|  32|0x00000000e4000000, 0x00000000e4100000, 0x00000000e4100000|100%| O|  |TAMS 0x00000000e4100000, 0x00000000e4000000| Untracked 
|  33|0x00000000e4100000, 0x00000000e4200000, 0x00000000e4200000|100%| O|  |TAMS 0x00000000e4200000, 0x00000000e4100000| Untracked 
|  34|0x00000000e4200000, 0x00000000e4300000, 0x00000000e4300000|100%| O|  |TAMS 0x00000000e4300000, 0x00000000e4200000| Untracked 
|  35|0x00000000e4300000, 0x00000000e4400000, 0x00000000e4400000|100%| O|  |TAMS 0x00000000e4400000, 0x00000000e4300000| Untracked 
|  36|0x00000000e4400000, 0x00000000e4500000, 0x00000000e4500000|100%| O|  |TAMS 0x00000000e4500000, 0x00000000e4400000| Untracked 
|  37|0x00000000e4500000, 0x00000000e4600000, 0x00000000e4600000|100%| O|  |TAMS 0x00000000e4600000, 0x00000000e4500000| Untracked 
|  38|0x00000000e4600000, 0x00000000e4700000, 0x00000000e4700000|100%| O|  |TAMS 0x00000000e4700000, 0x00000000e4600000| Untracked 
|  39|0x00000000e4700000, 0x00000000e4800000, 0x00000000e4800000|100%| O|  |TAMS 0x00000000e4800000, 0x00000000e4700000| Untracked 
|  40|0x00000000e4800000, 0x00000000e4900000, 0x00000000e4900000|100%| O|  |TAMS 0x00000000e4900000, 0x00000000e4800000| Untracked 
|  41|0x00000000e4900000, 0x00000000e4a00000, 0x00000000e4a00000|100%| O|  |TAMS 0x00000000e4a00000, 0x00000000e4900000| Untracked 
|  42|0x00000000e4a00000, 0x00000000e4b00000, 0x00000000e4b00000|100%| O|  |TAMS 0x00000000e4b00000, 0x00000000e4a00000| Untracked 
|  43|0x00000000e4b00000, 0x00000000e4c00000, 0x00000000e4c00000|100%| O|  |TAMS 0x00000000e4c00000, 0x00000000e4b00000| Untracked 
|  44|0x00000000e4c00000, 0x00000000e4d00000, 0x00000000e4d00000|100%| O|  |TAMS 0x00000000e4d00000, 0x00000000e4c00000| Complete 
|  45|0x00000000e4d00000, 0x00000000e4e00000, 0x00000000e4e00000|100%| O|  |TAMS 0x00000000e4e00000, 0x00000000e4d00000| Untracked 
|  46|0x00000000e4e00000, 0x00000000e4f00000, 0x00000000e4f00000|100%| O|  |TAMS 0x00000000e4f00000, 0x00000000e4e00000| Untracked 
|  47|0x00000000e4f00000, 0x00000000e5000000, 0x00000000e5000000|100%| O|  |TAMS 0x00000000e5000000, 0x00000000e4f00000| Untracked 
|  48|0x00000000e5000000, 0x00000000e5100000, 0x00000000e5100000|100%| O|  |TAMS 0x00000000e5100000, 0x00000000e5000000| Complete 
|  49|0x00000000e5100000, 0x00000000e5200000, 0x00000000e5200000|100%| O|  |TAMS 0x00000000e5200000, 0x00000000e5100000| Untracked 
|  50|0x00000000e5200000, 0x00000000e5300000, 0x00000000e5300000|100%| O|  |TAMS 0x00000000e5300000, 0x00000000e5200000| Untracked 
|  51|0x00000000e5300000, 0x00000000e5400000, 0x00000000e5400000|100%| O|  |TAMS 0x00000000e5400000, 0x00000000e5300000| Untracked 
|  52|0x00000000e5400000, 0x00000000e5500000, 0x00000000e5500000|100%| O|  |TAMS 0x00000000e5500000, 0x00000000e5400000| Untracked 
|  53|0x00000000e5500000, 0x00000000e5600000, 0x00000000e5600000|100%| O|  |TAMS 0x00000000e5600000, 0x00000000e5500000| Untracked 
|  54|0x00000000e5600000, 0x00000000e5700000, 0x00000000e5700000|100%| O|  |TAMS 0x00000000e5700000, 0x00000000e5600000| Untracked 
|  55|0x00000000e5700000, 0x00000000e5800000, 0x00000000e5800000|100%| O|  |TAMS 0x00000000e5800000, 0x00000000e5700000| Untracked 
|  56|0x00000000e5800000, 0x00000000e5900000, 0x00000000e5900000|100%| O|  |TAMS 0x00000000e5900000, 0x00000000e5800000| Untracked 
|  57|0x00000000e5900000, 0x00000000e5a00000, 0x00000000e5a00000|100%| O|  |TAMS 0x00000000e5a00000, 0x00000000e5900000| Untracked 
|  58|0x00000000e5a00000, 0x00000000e5b00000, 0x00000000e5b00000|100%| O|  |TAMS 0x00000000e5b00000, 0x00000000e5a00000| Untracked 
|  59|0x00000000e5b00000, 0x00000000e5c00000, 0x00000000e5c00000|100%| O|  |TAMS 0x00000000e5c00000, 0x00000000e5b00000| Untracked 
|  60|0x00000000e5c00000, 0x00000000e5d00000, 0x00000000e5d00000|100%| O|  |TAMS 0x00000000e5d00000, 0x00000000e5c00000| Untracked 
|  61|0x00000000e5d00000, 0x00000000e5e00000, 0x00000000e5e00000|100%| O|  |TAMS 0x00000000e5e00000, 0x00000000e5d00000| Untracked 
|  62|0x00000000e5e00000, 0x00000000e5f00000, 0x00000000e5f00000|100%| O|  |TAMS 0x00000000e5f00000, 0x00000000e5e00000| Untracked 
|  63|0x00000000e5f00000, 0x00000000e6000000, 0x00000000e6000000|100%| O|  |TAMS 0x00000000e6000000, 0x00000000e5f00000| Untracked 
|  64|0x00000000e6000000, 0x00000000e6100000, 0x00000000e6100000|100%| O|  |TAMS 0x00000000e6100000, 0x00000000e6000000| Untracked 
|  65|0x00000000e6100000, 0x00000000e6200000, 0x00000000e6200000|100%| O|  |TAMS 0x00000000e6200000, 0x00000000e6100000| Untracked 
|  66|0x00000000e6200000, 0x00000000e6300000, 0x00000000e6300000|100%| O|  |TAMS 0x00000000e6300000, 0x00000000e6200000| Untracked 
|  67|0x00000000e6300000, 0x00000000e6400000, 0x00000000e6400000|100%|HS|  |TAMS 0x00000000e6400000, 0x00000000e6300000| Complete 
|  68|0x00000000e6400000, 0x00000000e6500000, 0x00000000e6500000|100%| O|  |TAMS 0x00000000e6500000, 0x00000000e6400000| Untracked 
|  69|0x00000000e6500000, 0x00000000e6600000, 0x00000000e6600000|100%| O|  |TAMS 0x00000000e6600000, 0x00000000e6500000| Untracked 
|  70|0x00000000e6600000, 0x00000000e6700000, 0x00000000e6700000|100%| O|  |TAMS 0x00000000e6700000, 0x00000000e6600000| Untracked 
|  71|0x00000000e6700000, 0x00000000e6800000, 0x00000000e6800000|100%| O|  |TAMS 0x00000000e6800000, 0x00000000e6700000| Untracked 
|  72|0x00000000e6800000, 0x00000000e6900000, 0x00000000e6900000|100%| O|  |TAMS 0x00000000e6900000, 0x00000000e6800000| Untracked 
|  73|0x00000000e6900000, 0x00000000e6a00000, 0x00000000e6a00000|100%| O|  |TAMS 0x00000000e6a00000, 0x00000000e6900000| Untracked 
|  74|0x00000000e6a00000, 0x00000000e6b00000, 0x00000000e6b00000|100%| O|  |TAMS 0x00000000e6b00000, 0x00000000e6a00000| Untracked 
|  75|0x00000000e6b00000, 0x00000000e6c00000, 0x00000000e6c00000|100%| O|  |TAMS 0x00000000e6c00000, 0x00000000e6b00000| Untracked 
|  76|0x00000000e6c00000, 0x00000000e6d00000, 0x00000000e6d00000|100%| O|  |TAMS 0x00000000e6d00000, 0x00000000e6c00000| Untracked 
|  77|0x00000000e6d00000, 0x00000000e6e00000, 0x00000000e6e00000|100%| O|  |TAMS 0x00000000e6e00000, 0x00000000e6d00000| Untracked 
|  78|0x00000000e6e00000, 0x00000000e6f00000, 0x00000000e6f00000|100%| O|  |TAMS 0x00000000e6f00000, 0x00000000e6e00000| Untracked 
|  79|0x00000000e6f00000, 0x00000000e7000000, 0x00000000e7000000|100%| O|  |TAMS 0x00000000e7000000, 0x00000000e6f00000| Untracked 
|  80|0x00000000e7000000, 0x00000000e7100000, 0x00000000e7100000|100%| O|  |TAMS 0x00000000e7100000, 0x00000000e7000000| Untracked 
|  81|0x00000000e7100000, 0x00000000e7200000, 0x00000000e7200000|100%| O|  |TAMS 0x00000000e7200000, 0x00000000e7100000| Untracked 
|  82|0x00000000e7200000, 0x00000000e7300000, 0x00000000e7300000|100%| O|  |TAMS 0x00000000e7300000, 0x00000000e7200000| Untracked 
|  83|0x00000000e7300000, 0x00000000e7400000, 0x00000000e7400000|100%| O|  |TAMS 0x00000000e7400000, 0x00000000e7300000| Untracked 
|  84|0x00000000e7400000, 0x00000000e7500000, 0x00000000e7500000|100%| O|  |TAMS 0x00000000e7500000, 0x00000000e7400000| Untracked 
|  85|0x00000000e7500000, 0x00000000e7600000, 0x00000000e7600000|100%| O|  |TAMS 0x00000000e7600000, 0x00000000e7500000| Untracked 
|  86|0x00000000e7600000, 0x00000000e7700000, 0x00000000e7700000|100%| O|  |TAMS 0x00000000e7700000, 0x00000000e7600000| Untracked 
|  87|0x00000000e7700000, 0x00000000e7800000, 0x00000000e7800000|100%| O|  |TAMS 0x00000000e7800000, 0x00000000e7700000| Untracked 
|  88|0x00000000e7800000, 0x00000000e7900000, 0x00000000e7900000|100%| O|  |TAMS 0x00000000e7900000, 0x00000000e7800000| Untracked 
|  89|0x00000000e7900000, 0x00000000e7a00000, 0x00000000e7a00000|100%| O|  |TAMS 0x00000000e7a00000, 0x00000000e7900000| Untracked 
|  90|0x00000000e7a00000, 0x00000000e7b00000, 0x00000000e7b00000|100%| O|  |TAMS 0x00000000e7b00000, 0x00000000e7a00000| Untracked 
|  91|0x00000000e7b00000, 0x00000000e7c00000, 0x00000000e7c00000|100%| O|  |TAMS 0x00000000e7c00000, 0x00000000e7b00000| Untracked 
|  92|0x00000000e7c00000, 0x00000000e7d00000, 0x00000000e7d00000|100%| O|  |TAMS 0x00000000e7d00000, 0x00000000e7c00000| Untracked 
|  93|0x00000000e7d00000, 0x00000000e7e00000, 0x00000000e7e00000|100%| O|  |TAMS 0x00000000e7e00000, 0x00000000e7d00000| Untracked 
|  94|0x00000000e7e00000, 0x00000000e7f00000, 0x00000000e7f00000|100%| O|  |TAMS 0x00000000e7f00000, 0x00000000e7e00000| Untracked 
|  95|0x00000000e7f00000, 0x00000000e8000000, 0x00000000e8000000|100%| O|  |TAMS 0x00000000e8000000, 0x00000000e7f00000| Untracked 
|  96|0x00000000e8000000, 0x00000000e8100000, 0x00000000e8100000|100%| O|  |TAMS 0x00000000e8100000, 0x00000000e8000000| Untracked 
|  97|0x00000000e8100000, 0x00000000e8200000, 0x00000000e8200000|100%| O|  |TAMS 0x00000000e8200000, 0x00000000e8100000| Untracked 
|  98|0x00000000e8200000, 0x00000000e8300000, 0x00000000e8300000|100%| O|  |TAMS 0x00000000e8300000, 0x00000000e8200000| Untracked 
|  99|0x00000000e8300000, 0x00000000e8400000, 0x00000000e8400000|100%| O|  |TAMS 0x00000000e8400000, 0x00000000e8300000| Untracked 
| 100|0x00000000e8400000, 0x00000000e8500000, 0x00000000e8500000|100%| O|  |TAMS 0x00000000e8500000, 0x00000000e8400000| Untracked 
| 101|0x00000000e8500000, 0x00000000e8600000, 0x00000000e8600000|100%| O|  |TAMS 0x00000000e8600000, 0x00000000e8500000| Untracked 
| 102|0x00000000e8600000, 0x00000000e8700000, 0x00000000e8700000|100%| O|  |TAMS 0x00000000e8700000, 0x00000000e8600000| Untracked 
| 103|0x00000000e8700000, 0x00000000e8800000, 0x00000000e8800000|100%| O|  |TAMS 0x00000000e8800000, 0x00000000e8700000| Untracked 
| 104|0x00000000e8800000, 0x00000000e8900000, 0x00000000e8900000|100%| O|  |TAMS 0x00000000e8900000, 0x00000000e8800000| Untracked 
| 105|0x00000000e8900000, 0x00000000e8a00000, 0x00000000e8a00000|100%| O|  |TAMS 0x00000000e8a00000, 0x00000000e8900000| Untracked 
| 106|0x00000000e8a00000, 0x00000000e8b00000, 0x00000000e8b00000|100%| O|  |TAMS 0x00000000e8b00000, 0x00000000e8a00000| Complete 
| 107|0x00000000e8b00000, 0x00000000e8c00000, 0x00000000e8c00000|100%| O|  |TAMS 0x00000000e8c00000, 0x00000000e8b00000| Untracked 
| 108|0x00000000e8c00000, 0x00000000e8d00000, 0x00000000e8d00000|100%| O|  |TAMS 0x00000000e8d00000, 0x00000000e8c00000| Untracked 
| 109|0x00000000e8d00000, 0x00000000e8e00000, 0x00000000e8e00000|100%| O|  |TAMS 0x00000000e8e00000, 0x00000000e8d00000| Untracked 
| 110|0x00000000e8e00000, 0x00000000e8f00000, 0x00000000e8f00000|100%| O|  |TAMS 0x00000000e8f00000, 0x00000000e8e00000| Untracked 
| 111|0x00000000e8f00000, 0x00000000e9000000, 0x00000000e9000000|100%| O|  |TAMS 0x00000000e9000000, 0x00000000e8f00000| Untracked 
| 112|0x00000000e9000000, 0x00000000e9100000, 0x00000000e9100000|100%| O|  |TAMS 0x00000000e9100000, 0x00000000e9000000| Untracked 
| 113|0x00000000e9100000, 0x00000000e9200000, 0x00000000e9200000|100%| O|  |TAMS 0x00000000e9200000, 0x00000000e9100000| Untracked 
| 114|0x00000000e9200000, 0x00000000e9300000, 0x00000000e9300000|100%| O|  |TAMS 0x00000000e9300000, 0x00000000e9200000| Untracked 
| 115|0x00000000e9300000, 0x00000000e9400000, 0x00000000e9400000|100%| O|  |TAMS 0x00000000e9400000, 0x00000000e9300000| Untracked 
| 116|0x00000000e9400000, 0x00000000e9500000, 0x00000000e9500000|100%| O|  |TAMS 0x00000000e9500000, 0x00000000e9400000| Untracked 
| 117|0x00000000e9500000, 0x00000000e9600000, 0x00000000e9600000|100%| O|  |TAMS 0x00000000e9600000, 0x00000000e9500000| Untracked 
| 118|0x00000000e9600000, 0x00000000e9700000, 0x00000000e9700000|100%| O|  |TAMS 0x00000000e9700000, 0x00000000e9600000| Untracked 
| 119|0x00000000e9700000, 0x00000000e9800000, 0x00000000e9800000|100%| O|  |TAMS 0x00000000e9800000, 0x00000000e9700000| Untracked 
| 120|0x00000000e9800000, 0x00000000e9900000, 0x00000000e9900000|100%| O|  |TAMS 0x00000000e9900000, 0x00000000e9800000| Untracked 
| 121|0x00000000e9900000, 0x00000000e9a00000, 0x00000000e9a00000|100%| O|  |TAMS 0x00000000e9a00000, 0x00000000e9900000| Untracked 
| 122|0x00000000e9a00000, 0x00000000e9b00000, 0x00000000e9b00000|100%| O|  |TAMS 0x00000000e9b00000, 0x00000000e9a00000| Complete 
| 123|0x00000000e9b00000, 0x00000000e9c00000, 0x00000000e9c00000|100%| O|  |TAMS 0x00000000e9c00000, 0x00000000e9b00000| Untracked 
| 124|0x00000000e9c00000, 0x00000000e9d00000, 0x00000000e9d00000|100%| O|  |TAMS 0x00000000e9d00000, 0x00000000e9c00000| Untracked 
| 125|0x00000000e9d00000, 0x00000000e9e00000, 0x00000000e9e00000|100%| O|  |TAMS 0x00000000e9e00000, 0x00000000e9d00000| Untracked 
| 126|0x00000000e9e00000, 0x00000000e9f00000, 0x00000000e9f00000|100%| O|  |TAMS 0x00000000e9f00000, 0x00000000e9e00000| Untracked 
| 127|0x00000000e9f00000, 0x00000000ea000000, 0x00000000ea000000|100%| O|  |TAMS 0x00000000ea000000, 0x00000000e9f00000| Untracked 
| 128|0x00000000ea000000, 0x00000000ea100000, 0x00000000ea100000|100%| O|  |TAMS 0x00000000ea100000, 0x00000000ea000000| Untracked 
| 129|0x00000000ea100000, 0x00000000ea200000, 0x00000000ea200000|100%| O|  |TAMS 0x00000000ea200000, 0x00000000ea100000| Untracked 
| 130|0x00000000ea200000, 0x00000000ea300000, 0x00000000ea300000|100%| O|  |TAMS 0x00000000ea300000, 0x00000000ea200000| Untracked 
| 131|0x00000000ea300000, 0x00000000ea300000, 0x00000000ea400000|  0%| F|  |TAMS 0x00000000ea300000, 0x00000000ea300000| Untracked 
| 132|0x00000000ea400000, 0x00000000ea400000, 0x00000000ea500000|  0%| F|  |TAMS 0x00000000ea400000, 0x00000000ea400000| Untracked 
| 133|0x00000000ea500000, 0x00000000ea600000, 0x00000000ea600000|100%| O|  |TAMS 0x00000000ea600000, 0x00000000ea500000| Untracked 
| 134|0x00000000ea600000, 0x00000000ea642c00, 0x00000000ea700000| 26%| O|  |TAMS 0x00000000ea642200, 0x00000000ea600000| Untracked 
| 135|0x00000000ea700000, 0x00000000ea800000, 0x00000000ea800000|100%|HS|  |TAMS 0x00000000ea800000, 0x00000000ea700000| Complete 
| 136|0x00000000ea800000, 0x00000000ea900000, 0x00000000ea900000|100%|HC|  |TAMS 0x00000000ea900000, 0x00000000ea800000| Complete 
| 137|0x00000000ea900000, 0x00000000eaa00000, 0x00000000eaa00000|100%|HC|  |TAMS 0x00000000eaa00000, 0x00000000ea900000| Complete 
| 138|0x00000000eaa00000, 0x00000000eab00000, 0x00000000eab00000|100%|HC|  |TAMS 0x00000000eab00000, 0x00000000eaa00000| Complete 
| 139|0x00000000eab00000, 0x00000000eac00000, 0x00000000eac00000|100%|HC|  |TAMS 0x00000000eac00000, 0x00000000eab00000| Complete 
| 140|0x00000000eac00000, 0x00000000ead00000, 0x00000000ead00000|100%|HC|  |TAMS 0x00000000ead00000, 0x00000000eac00000| Complete 
| 141|0x00000000ead00000, 0x00000000eae00000, 0x00000000eae00000|100%|HC|  |TAMS 0x00000000eae00000, 0x00000000ead00000| Complete 
| 142|0x00000000eae00000, 0x00000000eaf00000, 0x00000000eaf00000|100%|HC|  |TAMS 0x00000000eaf00000, 0x00000000eae00000| Complete 
| 143|0x00000000eaf00000, 0x00000000eb000000, 0x00000000eb000000|100%|HC|  |TAMS 0x00000000eb000000, 0x00000000eaf00000| Complete 
| 144|0x00000000eb000000, 0x00000000eb100000, 0x00000000eb100000|100%|HC|  |TAMS 0x00000000eb100000, 0x00000000eb000000| Complete 
| 145|0x00000000eb100000, 0x00000000eb100000, 0x00000000eb200000|  0%| F|  |TAMS 0x00000000eb100000, 0x00000000eb100000| Untracked 
| 146|0x00000000eb200000, 0x00000000eb200000, 0x00000000eb300000|  0%| F|  |TAMS 0x00000000eb200000, 0x00000000eb200000| Untracked 
| 147|0x00000000eb300000, 0x00000000eb300000, 0x00000000eb400000|  0%| F|  |TAMS 0x00000000eb300000, 0x00000000eb300000| Untracked 
| 148|0x00000000eb400000, 0x00000000eb400000, 0x00000000eb500000|  0%| F|  |TAMS 0x00000000eb400000, 0x00000000eb400000| Untracked 
| 149|0x00000000eb500000, 0x00000000eb500000, 0x00000000eb600000|  0%| F|  |TAMS 0x00000000eb500000, 0x00000000eb500000| Untracked 
| 150|0x00000000eb600000, 0x00000000eb600000, 0x00000000eb700000|  0%| F|  |TAMS 0x00000000eb600000, 0x00000000eb600000| Untracked 
| 151|0x00000000eb700000, 0x00000000eb700000, 0x00000000eb800000|  0%| F|  |TAMS 0x00000000eb700000, 0x00000000eb700000| Untracked 
| 152|0x00000000eb800000, 0x00000000eb800000, 0x00000000eb900000|  0%| F|  |TAMS 0x00000000eb800000, 0x00000000eb800000| Untracked 
| 153|0x00000000eb900000, 0x00000000eb900000, 0x00000000eba00000|  0%| F|  |TAMS 0x00000000eb900000, 0x00000000eb900000| Untracked 
| 154|0x00000000eba00000, 0x00000000eba00000, 0x00000000ebb00000|  0%| F|  |TAMS 0x00000000eba00000, 0x00000000eba00000| Untracked 
| 155|0x00000000ebb00000, 0x00000000ebb00000, 0x00000000ebc00000|  0%| F|  |TAMS 0x00000000ebb00000, 0x00000000ebb00000| Untracked 
| 156|0x00000000ebc00000, 0x00000000ebc00000, 0x00000000ebd00000|  0%| F|  |TAMS 0x00000000ebc00000, 0x00000000ebc00000| Untracked 
| 157|0x00000000ebd00000, 0x00000000ebd00000, 0x00000000ebe00000|  0%| F|  |TAMS 0x00000000ebd00000, 0x00000000ebd00000| Untracked 
| 158|0x00000000ebe00000, 0x00000000ebe00000, 0x00000000ebf00000|  0%| F|  |TAMS 0x00000000ebe00000, 0x00000000ebe00000| Untracked 
| 159|0x00000000ebf00000, 0x00000000ebf00000, 0x00000000ec000000|  0%| F|  |TAMS 0x00000000ebf00000, 0x00000000ebf00000| Untracked 
| 160|0x00000000ec000000, 0x00000000ec000000, 0x00000000ec100000|  0%| F|  |TAMS 0x00000000ec000000, 0x00000000ec000000| Untracked 
| 161|0x00000000ec100000, 0x00000000ec100000, 0x00000000ec200000|  0%| F|  |TAMS 0x00000000ec100000, 0x00000000ec100000| Untracked 
| 162|0x00000000ec200000, 0x00000000ec300000, 0x00000000ec300000|100%|HS|  |TAMS 0x00000000ec300000, 0x00000000ec200000| Complete 
| 163|0x00000000ec300000, 0x00000000ec400000, 0x00000000ec400000|100%|HC|  |TAMS 0x00000000ec400000, 0x00000000ec300000| Complete 
| 164|0x00000000ec400000, 0x00000000ec500000, 0x00000000ec500000|100%|HC|  |TAMS 0x00000000ec500000, 0x00000000ec400000| Complete 
| 165|0x00000000ec500000, 0x00000000ec600000, 0x00000000ec600000|100%|HC|  |TAMS 0x00000000ec600000, 0x00000000ec500000| Complete 
| 166|0x00000000ec600000, 0x00000000ec700000, 0x00000000ec700000|100%|HC|  |TAMS 0x00000000ec700000, 0x00000000ec600000| Complete 
| 167|0x00000000ec700000, 0x00000000ec800000, 0x00000000ec800000|100%|HC|  |TAMS 0x00000000ec800000, 0x00000000ec700000| Complete 
| 168|0x00000000ec800000, 0x00000000ec900000, 0x00000000ec900000|100%|HC|  |TAMS 0x00000000ec900000, 0x00000000ec800000| Complete 
| 169|0x00000000ec900000, 0x00000000eca00000, 0x00000000eca00000|100%|HC|  |TAMS 0x00000000eca00000, 0x00000000ec900000| Complete 
| 170|0x00000000eca00000, 0x00000000ecb00000, 0x00000000ecb00000|100%|HC|  |TAMS 0x00000000ecb00000, 0x00000000eca00000| Complete 
| 171|0x00000000ecb00000, 0x00000000ecc00000, 0x00000000ecc00000|100%|HC|  |TAMS 0x00000000ecc00000, 0x00000000ecb00000| Complete 
| 172|0x00000000ecc00000, 0x00000000ecd00000, 0x00000000ecd00000|100%|HC|  |TAMS 0x00000000ecd00000, 0x00000000ecc00000| Complete 
| 173|0x00000000ecd00000, 0x00000000ece00000, 0x00000000ece00000|100%|HC|  |TAMS 0x00000000ece00000, 0x00000000ecd00000| Complete 
| 174|0x00000000ece00000, 0x00000000ecf00000, 0x00000000ecf00000|100%|HC|  |TAMS 0x00000000ecf00000, 0x00000000ece00000| Complete 
| 175|0x00000000ecf00000, 0x00000000ed000000, 0x00000000ed000000|100%|HC|  |TAMS 0x00000000ed000000, 0x00000000ecf00000| Complete 
| 176|0x00000000ed000000, 0x00000000ed100000, 0x00000000ed100000|100%|HC|  |TAMS 0x00000000ed100000, 0x00000000ed000000| Complete 
| 177|0x00000000ed100000, 0x00000000ed200000, 0x00000000ed200000|100%|HS|  |TAMS 0x00000000ed100000, 0x00000000ed100000| Complete 
| 178|0x00000000ed200000, 0x00000000ed300000, 0x00000000ed300000|100%|HC|  |TAMS 0x00000000ed200000, 0x00000000ed200000| Complete 
| 179|0x00000000ed300000, 0x00000000ed400000, 0x00000000ed400000|100%|HC|  |TAMS 0x00000000ed300000, 0x00000000ed300000| Complete 
| 180|0x00000000ed400000, 0x00000000ed500000, 0x00000000ed500000|100%|HC|  |TAMS 0x00000000ed400000, 0x00000000ed400000| Complete 
| 181|0x00000000ed500000, 0x00000000ed600000, 0x00000000ed600000|100%|HC|  |TAMS 0x00000000ed500000, 0x00000000ed500000| Complete 
| 182|0x00000000ed600000, 0x00000000ed700000, 0x00000000ed700000|100%|HS|  |TAMS 0x00000000ed600000, 0x00000000ed600000| Complete 
| 183|0x00000000ed700000, 0x00000000ed800000, 0x00000000ed800000|100%|HC|  |TAMS 0x00000000ed700000, 0x00000000ed700000| Complete 
| 184|0x00000000ed800000, 0x00000000ed900000, 0x00000000ed900000|100%|HC|  |TAMS 0x00000000ed800000, 0x00000000ed800000| Complete 
| 185|0x00000000ed900000, 0x00000000eda00000, 0x00000000eda00000|100%|HC|  |TAMS 0x00000000ed900000, 0x00000000ed900000| Complete 
| 186|0x00000000eda00000, 0x00000000edb00000, 0x00000000edb00000|100%|HC|  |TAMS 0x00000000eda00000, 0x00000000eda00000| Complete 
| 187|0x00000000edb00000, 0x00000000edc00000, 0x00000000edc00000|100%|HC|  |TAMS 0x00000000edb00000, 0x00000000edb00000| Complete 
| 188|0x00000000edc00000, 0x00000000edd00000, 0x00000000edd00000|100%|HC|  |TAMS 0x00000000edc00000, 0x00000000edc00000| Complete 
| 189|0x00000000edd00000, 0x00000000ede00000, 0x00000000ede00000|100%|HC|  |TAMS 0x00000000edd00000, 0x00000000edd00000| Complete 
| 190|0x00000000ede00000, 0x00000000edf00000, 0x00000000edf00000|100%|HC|  |TAMS 0x00000000ede00000, 0x00000000ede00000| Complete 
| 191|0x00000000edf00000, 0x00000000ee000000, 0x00000000ee000000|100%|HC|  |TAMS 0x00000000edf00000, 0x00000000edf00000| Complete 
| 192|0x00000000ee000000, 0x00000000ee100000, 0x00000000ee100000|100%|HC|  |TAMS 0x00000000ee000000, 0x00000000ee000000| Complete 
| 193|0x00000000ee100000, 0x00000000ee200000, 0x00000000ee200000|100%|HC|  |TAMS 0x00000000ee100000, 0x00000000ee100000| Complete 
| 194|0x00000000ee200000, 0x00000000ee300000, 0x00000000ee300000|100%|HC|  |TAMS 0x00000000ee200000, 0x00000000ee200000| Complete 
| 195|0x00000000ee300000, 0x00000000ee400000, 0x00000000ee400000|100%|HC|  |TAMS 0x00000000ee300000, 0x00000000ee300000| Complete 
| 196|0x00000000ee400000, 0x00000000ee500000, 0x00000000ee500000|100%|HC|  |TAMS 0x00000000ee400000, 0x00000000ee400000| Complete 
| 197|0x00000000ee500000, 0x00000000ee600000, 0x00000000ee600000|100%|HS|  |TAMS 0x00000000ee500000, 0x00000000ee500000| Complete 
| 198|0x00000000ee600000, 0x00000000ee700000, 0x00000000ee700000|100%|HC|  |TAMS 0x00000000ee600000, 0x00000000ee600000| Complete 
| 199|0x00000000ee700000, 0x00000000ee800000, 0x00000000ee800000|100%|HC|  |TAMS 0x00000000ee700000, 0x00000000ee700000| Complete 
| 200|0x00000000ee800000, 0x00000000ee900000, 0x00000000ee900000|100%|HC|  |TAMS 0x00000000ee800000, 0x00000000ee800000| Complete 
| 201|0x00000000ee900000, 0x00000000eea00000, 0x00000000eea00000|100%|HC|  |TAMS 0x00000000ee900000, 0x00000000ee900000| Complete 
| 202|0x00000000eea00000, 0x00000000eeb00000, 0x00000000eeb00000|100%|HS|  |TAMS 0x00000000eea00000, 0x00000000eea00000| Complete 
| 203|0x00000000eeb00000, 0x00000000eec00000, 0x00000000eec00000|100%|HC|  |TAMS 0x00000000eeb00000, 0x00000000eeb00000| Complete 
| 204|0x00000000eec00000, 0x00000000eed00000, 0x00000000eed00000|100%|HC|  |TAMS 0x00000000eec00000, 0x00000000eec00000| Complete 
| 205|0x00000000eed00000, 0x00000000eee00000, 0x00000000eee00000|100%|HC|  |TAMS 0x00000000eed00000, 0x00000000eed00000| Complete 
| 206|0x00000000eee00000, 0x00000000eef00000, 0x00000000eef00000|100%|HC|  |TAMS 0x00000000eee00000, 0x00000000eee00000| Complete 
| 207|0x00000000eef00000, 0x00000000ef000000, 0x00000000ef000000|100%|HC|  |TAMS 0x00000000eef00000, 0x00000000eef00000| Complete 
| 208|0x00000000ef000000, 0x00000000ef100000, 0x00000000ef100000|100%|HC|  |TAMS 0x00000000ef000000, 0x00000000ef000000| Complete 
| 209|0x00000000ef100000, 0x00000000ef200000, 0x00000000ef200000|100%|HC|  |TAMS 0x00000000ef100000, 0x00000000ef100000| Complete 
| 210|0x00000000ef200000, 0x00000000ef300000, 0x00000000ef300000|100%|HC|  |TAMS 0x00000000ef200000, 0x00000000ef200000| Complete 
| 211|0x00000000ef300000, 0x00000000ef400000, 0x00000000ef400000|100%|HC|  |TAMS 0x00000000ef300000, 0x00000000ef300000| Complete 
| 212|0x00000000ef400000, 0x00000000ef400000, 0x00000000ef500000|  0%| F|  |TAMS 0x00000000ef400000, 0x00000000ef400000| Untracked 
| 213|0x00000000ef500000, 0x00000000ef500000, 0x00000000ef600000|  0%| F|  |TAMS 0x00000000ef500000, 0x00000000ef500000| Untracked 
| 214|0x00000000ef600000, 0x00000000ef600000, 0x00000000ef700000|  0%| F|  |TAMS 0x00000000ef600000, 0x00000000ef600000| Untracked 
| 215|0x00000000ef700000, 0x00000000ef700000, 0x00000000ef800000|  0%| F|  |TAMS 0x00000000ef700000, 0x00000000ef700000| Untracked 
| 216|0x00000000ef800000, 0x00000000ef800000, 0x00000000ef900000|  0%| F|  |TAMS 0x00000000ef800000, 0x00000000ef800000| Untracked 
| 217|0x00000000ef900000, 0x00000000ef900000, 0x00000000efa00000|  0%| F|  |TAMS 0x00000000ef900000, 0x00000000ef900000| Untracked 
| 218|0x00000000efa00000, 0x00000000efa00000, 0x00000000efb00000|  0%| F|  |TAMS 0x00000000efa00000, 0x00000000efa00000| Untracked 
| 219|0x00000000efb00000, 0x00000000efb00000, 0x00000000efc00000|  0%| F|  |TAMS 0x00000000efb00000, 0x00000000efb00000| Untracked 
| 220|0x00000000efc00000, 0x00000000efc00000, 0x00000000efd00000|  0%| F|  |TAMS 0x00000000efc00000, 0x00000000efc00000| Untracked 
| 221|0x00000000efd00000, 0x00000000efd00000, 0x00000000efe00000|  0%| F|  |TAMS 0x00000000efd00000, 0x00000000efd00000| Untracked 
| 222|0x00000000efe00000, 0x00000000efe00000, 0x00000000eff00000|  0%| F|  |TAMS 0x00000000efe00000, 0x00000000efe00000| Untracked 
| 223|0x00000000eff00000, 0x00000000eff00000, 0x00000000f0000000|  0%| F|  |TAMS 0x00000000eff00000, 0x00000000eff00000| Untracked 
| 224|0x00000000f0000000, 0x00000000f0000000, 0x00000000f0100000|  0%| F|  |TAMS 0x00000000f0000000, 0x00000000f0000000| Untracked 
| 225|0x00000000f0100000, 0x00000000f0100000, 0x00000000f0200000|  0%| F|  |TAMS 0x00000000f0100000, 0x00000000f0100000| Untracked 
| 226|0x00000000f0200000, 0x00000000f0200000, 0x00000000f0300000|  0%| F|  |TAMS 0x00000000f0200000, 0x00000000f0200000| Untracked 
| 227|0x00000000f0300000, 0x00000000f0300000, 0x00000000f0400000|  0%| F|  |TAMS 0x00000000f0300000, 0x00000000f0300000| Untracked 
| 228|0x00000000f0400000, 0x00000000f0400000, 0x00000000f0500000|  0%| F|  |TAMS 0x00000000f0400000, 0x00000000f0400000| Untracked 
| 229|0x00000000f0500000, 0x00000000f0500000, 0x00000000f0600000|  0%| F|  |TAMS 0x00000000f0500000, 0x00000000f0500000| Untracked 
| 230|0x00000000f0600000, 0x00000000f0600000, 0x00000000f0700000|  0%| F|  |TAMS 0x00000000f0600000, 0x00000000f0600000| Untracked 
| 231|0x00000000f0700000, 0x00000000f0700000, 0x00000000f0800000|  0%| F|  |TAMS 0x00000000f0700000, 0x00000000f0700000| Untracked 
| 232|0x00000000f0800000, 0x00000000f0800000, 0x00000000f0900000|  0%| F|  |TAMS 0x00000000f0800000, 0x00000000f0800000| Untracked 
| 233|0x00000000f0900000, 0x00000000f0900000, 0x00000000f0a00000|  0%| F|  |TAMS 0x00000000f0900000, 0x00000000f0900000| Untracked 
| 234|0x00000000f0a00000, 0x00000000f0a00000, 0x00000000f0b00000|  0%| F|  |TAMS 0x00000000f0a00000, 0x00000000f0a00000| Untracked 
| 235|0x00000000f0b00000, 0x00000000f0b00000, 0x00000000f0c00000|  0%| F|  |TAMS 0x00000000f0b00000, 0x00000000f0b00000| Untracked 
| 236|0x00000000f0c00000, 0x00000000f0c00000, 0x00000000f0d00000|  0%| F|  |TAMS 0x00000000f0c00000, 0x00000000f0c00000| Untracked 
| 237|0x00000000f0d00000, 0x00000000f0d00000, 0x00000000f0e00000|  0%| F|  |TAMS 0x00000000f0d00000, 0x00000000f0d00000| Untracked 
| 238|0x00000000f0e00000, 0x00000000f0e00000, 0x00000000f0f00000|  0%| F|  |TAMS 0x00000000f0e00000, 0x00000000f0e00000| Untracked 
| 239|0x00000000f0f00000, 0x00000000f0f00000, 0x00000000f1000000|  0%| F|  |TAMS 0x00000000f0f00000, 0x00000000f0f00000| Untracked 
| 240|0x00000000f1000000, 0x00000000f1000000, 0x00000000f1100000|  0%| F|  |TAMS 0x00000000f1000000, 0x00000000f1000000| Untracked 
| 241|0x00000000f1100000, 0x00000000f1100000, 0x00000000f1200000|  0%| F|  |TAMS 0x00000000f1100000, 0x00000000f1100000| Untracked 
| 242|0x00000000f1200000, 0x00000000f1200000, 0x00000000f1300000|  0%| F|  |TAMS 0x00000000f1200000, 0x00000000f1200000| Untracked 
| 243|0x00000000f1300000, 0x00000000f1300000, 0x00000000f1400000|  0%| F|  |TAMS 0x00000000f1300000, 0x00000000f1300000| Untracked 
| 244|0x00000000f1400000, 0x00000000f1400000, 0x00000000f1500000|  0%| F|  |TAMS 0x00000000f1400000, 0x00000000f1400000| Untracked 
| 245|0x00000000f1500000, 0x00000000f1500000, 0x00000000f1600000|  0%| F|  |TAMS 0x00000000f1500000, 0x00000000f1500000| Untracked 
| 246|0x00000000f1600000, 0x00000000f1600000, 0x00000000f1700000|  0%| F|  |TAMS 0x00000000f1600000, 0x00000000f1600000| Untracked 
| 247|0x00000000f1700000, 0x00000000f1700000, 0x00000000f1800000|  0%| F|  |TAMS 0x00000000f1700000, 0x00000000f1700000| Untracked 
| 248|0x00000000f1800000, 0x00000000f1800000, 0x00000000f1900000|  0%| F|  |TAMS 0x00000000f1800000, 0x00000000f1800000| Untracked 
| 249|0x00000000f1900000, 0x00000000f1900000, 0x00000000f1a00000|  0%| F|  |TAMS 0x00000000f1900000, 0x00000000f1900000| Untracked 
| 250|0x00000000f1a00000, 0x00000000f1a00000, 0x00000000f1b00000|  0%| F|  |TAMS 0x00000000f1a00000, 0x00000000f1a00000| Untracked 
| 251|0x00000000f1b00000, 0x00000000f1b00000, 0x00000000f1c00000|  0%| F|  |TAMS 0x00000000f1b00000, 0x00000000f1b00000| Untracked 
| 252|0x00000000f1c00000, 0x00000000f1c00000, 0x00000000f1d00000|  0%| F|  |TAMS 0x00000000f1c00000, 0x00000000f1c00000| Untracked 
| 253|0x00000000f1d00000, 0x00000000f1d00000, 0x00000000f1e00000|  0%| F|  |TAMS 0x00000000f1d00000, 0x00000000f1d00000| Untracked 
| 254|0x00000000f1e00000, 0x00000000f1e00000, 0x00000000f1f00000|  0%| F|  |TAMS 0x00000000f1e00000, 0x00000000f1e00000| Untracked 
| 255|0x00000000f1f00000, 0x00000000f1f00000, 0x00000000f2000000|  0%| F|  |TAMS 0x00000000f1f00000, 0x00000000f1f00000| Untracked 
| 256|0x00000000f2000000, 0x00000000f2000000, 0x00000000f2100000|  0%| F|  |TAMS 0x00000000f2000000, 0x00000000f2000000| Untracked 
| 257|0x00000000f2100000, 0x00000000f2100000, 0x00000000f2200000|  0%| F|  |TAMS 0x00000000f2100000, 0x00000000f2100000| Untracked 
| 258|0x00000000f2200000, 0x00000000f2200000, 0x00000000f2300000|  0%| F|  |TAMS 0x00000000f2200000, 0x00000000f2200000| Untracked 
| 259|0x00000000f2300000, 0x00000000f2300000, 0x00000000f2400000|  0%| F|  |TAMS 0x00000000f2300000, 0x00000000f2300000| Untracked 
| 260|0x00000000f2400000, 0x00000000f2400000, 0x00000000f2500000|  0%| F|  |TAMS 0x00000000f2400000, 0x00000000f2400000| Untracked 
| 261|0x00000000f2500000, 0x00000000f2500000, 0x00000000f2600000|  0%| F|  |TAMS 0x00000000f2500000, 0x00000000f2500000| Untracked 
| 262|0x00000000f2600000, 0x00000000f2600000, 0x00000000f2700000|  0%| F|  |TAMS 0x00000000f2600000, 0x00000000f2600000| Untracked 
| 263|0x00000000f2700000, 0x00000000f2700000, 0x00000000f2800000|  0%| F|  |TAMS 0x00000000f2700000, 0x00000000f2700000| Untracked 
| 264|0x00000000f2800000, 0x00000000f2800000, 0x00000000f2900000|  0%| F|  |TAMS 0x00000000f2800000, 0x00000000f2800000| Untracked 
| 265|0x00000000f2900000, 0x00000000f2900000, 0x00000000f2a00000|  0%| F|  |TAMS 0x00000000f2900000, 0x00000000f2900000| Untracked 
| 266|0x00000000f2a00000, 0x00000000f2a00000, 0x00000000f2b00000|  0%| F|  |TAMS 0x00000000f2a00000, 0x00000000f2a00000| Untracked 
| 267|0x00000000f2b00000, 0x00000000f2b00000, 0x00000000f2c00000|  0%| F|  |TAMS 0x00000000f2b00000, 0x00000000f2b00000| Untracked 
| 268|0x00000000f2c00000, 0x00000000f2c00000, 0x00000000f2d00000|  0%| F|  |TAMS 0x00000000f2c00000, 0x00000000f2c00000| Untracked 
| 269|0x00000000f2d00000, 0x00000000f2d00000, 0x00000000f2e00000|  0%| F|  |TAMS 0x00000000f2d00000, 0x00000000f2d00000| Untracked 
| 270|0x00000000f2e00000, 0x00000000f2e00000, 0x00000000f2f00000|  0%| F|  |TAMS 0x00000000f2e00000, 0x00000000f2e00000| Untracked 
| 271|0x00000000f2f00000, 0x00000000f2f00000, 0x00000000f3000000|  0%| F|  |TAMS 0x00000000f2f00000, 0x00000000f2f00000| Untracked 
| 272|0x00000000f3000000, 0x00000000f3000000, 0x00000000f3100000|  0%| F|  |TAMS 0x00000000f3000000, 0x00000000f3000000| Untracked 
| 273|0x00000000f3100000, 0x00000000f3100000, 0x00000000f3200000|  0%| F|  |TAMS 0x00000000f3100000, 0x00000000f3100000| Untracked 
| 274|0x00000000f3200000, 0x00000000f3200000, 0x00000000f3300000|  0%| F|  |TAMS 0x00000000f3200000, 0x00000000f3200000| Untracked 
| 275|0x00000000f3300000, 0x00000000f3300000, 0x00000000f3400000|  0%| F|  |TAMS 0x00000000f3300000, 0x00000000f3300000| Untracked 
| 276|0x00000000f3400000, 0x00000000f3400000, 0x00000000f3500000|  0%| F|  |TAMS 0x00000000f3400000, 0x00000000f3400000| Untracked 
| 277|0x00000000f3500000, 0x00000000f3500000, 0x00000000f3600000|  0%| F|  |TAMS 0x00000000f3500000, 0x00000000f3500000| Untracked 
| 278|0x00000000f3600000, 0x00000000f3600000, 0x00000000f3700000|  0%| F|  |TAMS 0x00000000f3600000, 0x00000000f3600000| Untracked 
| 279|0x00000000f3700000, 0x00000000f3700000, 0x00000000f3800000|  0%| F|  |TAMS 0x00000000f3700000, 0x00000000f3700000| Untracked 
| 280|0x00000000f3800000, 0x00000000f3800000, 0x00000000f3900000|  0%| F|  |TAMS 0x00000000f3800000, 0x00000000f3800000| Untracked 
| 281|0x00000000f3900000, 0x00000000f3900000, 0x00000000f3a00000|  0%| F|  |TAMS 0x00000000f3900000, 0x00000000f3900000| Untracked 
| 282|0x00000000f3a00000, 0x00000000f3a00000, 0x00000000f3b00000|  0%| F|  |TAMS 0x00000000f3a00000, 0x00000000f3a00000| Untracked 
| 283|0x00000000f3b00000, 0x00000000f3b00000, 0x00000000f3c00000|  0%| F|  |TAMS 0x00000000f3b00000, 0x00000000f3b00000| Untracked 
| 284|0x00000000f3c00000, 0x00000000f3c00000, 0x00000000f3d00000|  0%| F|  |TAMS 0x00000000f3c00000, 0x00000000f3c00000| Untracked 
| 285|0x00000000f3d00000, 0x00000000f3d00000, 0x00000000f3e00000|  0%| F|  |TAMS 0x00000000f3d00000, 0x00000000f3d00000| Untracked 
| 286|0x00000000f3e00000, 0x00000000f3e00000, 0x00000000f3f00000|  0%| F|  |TAMS 0x00000000f3e00000, 0x00000000f3e00000| Untracked 
| 287|0x00000000f3f00000, 0x00000000f3f00000, 0x00000000f4000000|  0%| F|  |TAMS 0x00000000f3f00000, 0x00000000f3f00000| Untracked 
| 288|0x00000000f4000000, 0x00000000f4080800, 0x00000000f4100000| 50%| E|  |TAMS 0x00000000f4000000, 0x00000000f4000000| Complete 
| 289|0x00000000f4100000, 0x00000000f4200000, 0x00000000f4200000|100%| E|CS|TAMS 0x00000000f4100000, 0x00000000f4100000| Complete 
| 290|0x00000000f4200000, 0x00000000f4300000, 0x00000000f4300000|100%| E|CS|TAMS 0x00000000f4200000, 0x00000000f4200000| Complete 
| 291|0x00000000f4300000, 0x00000000f4400000, 0x00000000f4400000|100%| E|CS|TAMS 0x00000000f4300000, 0x00000000f4300000| Complete 
| 292|0x00000000f4400000, 0x00000000f4500000, 0x00000000f4500000|100%| E|CS|TAMS 0x00000000f4400000, 0x00000000f4400000| Complete 
| 293|0x00000000f4500000, 0x00000000f4600000, 0x00000000f4600000|100%| E|CS|TAMS 0x00000000f4500000, 0x00000000f4500000| Complete 
| 294|0x00000000f4600000, 0x00000000f4700000, 0x00000000f4700000|100%| E|CS|TAMS 0x00000000f4600000, 0x00000000f4600000| Complete 
| 295|0x00000000f4700000, 0x00000000f4800000, 0x00000000f4800000|100%| E|CS|TAMS 0x00000000f4700000, 0x00000000f4700000| Complete 
| 296|0x00000000f4800000, 0x00000000f4900000, 0x00000000f4900000|100%| E|CS|TAMS 0x00000000f4800000, 0x00000000f4800000| Complete 
| 297|0x00000000f4900000, 0x00000000f4a00000, 0x00000000f4a00000|100%| E|CS|TAMS 0x00000000f4900000, 0x00000000f4900000| Complete 
| 298|0x00000000f4a00000, 0x00000000f4b00000, 0x00000000f4b00000|100%| E|CS|TAMS 0x00000000f4a00000, 0x00000000f4a00000| Complete 
| 299|0x00000000f4b00000, 0x00000000f4c00000, 0x00000000f4c00000|100%| E|CS|TAMS 0x00000000f4b00000, 0x00000000f4b00000| Complete 
| 300|0x00000000f4c00000, 0x00000000f4d00000, 0x00000000f4d00000|100%| E|CS|TAMS 0x00000000f4c00000, 0x00000000f4c00000| Complete 
| 301|0x00000000f4d00000, 0x00000000f4e00000, 0x00000000f4e00000|100%| E|CS|TAMS 0x00000000f4d00000, 0x00000000f4d00000| Complete 
| 302|0x00000000f4e00000, 0x00000000f4f00000, 0x00000000f4f00000|100%| E|CS|TAMS 0x00000000f4e00000, 0x00000000f4e00000| Complete 
| 303|0x00000000f4f00000, 0x00000000f5000000, 0x00000000f5000000|100%| E|CS|TAMS 0x00000000f4f00000, 0x00000000f4f00000| Complete 
| 304|0x00000000f5000000, 0x00000000f5100000, 0x00000000f5100000|100%| E|CS|TAMS 0x00000000f5000000, 0x00000000f5000000| Complete 
| 305|0x00000000f5100000, 0x00000000f5200000, 0x00000000f5200000|100%| E|CS|TAMS 0x00000000f5100000, 0x00000000f5100000| Complete 
| 306|0x00000000f5200000, 0x00000000f5300000, 0x00000000f5300000|100%| E|CS|TAMS 0x00000000f5200000, 0x00000000f5200000| Complete 
| 307|0x00000000f5300000, 0x00000000f5400000, 0x00000000f5400000|100%| E|CS|TAMS 0x00000000f5300000, 0x00000000f5300000| Complete 
| 308|0x00000000f5400000, 0x00000000f5500000, 0x00000000f5500000|100%| E|CS|TAMS 0x00000000f5400000, 0x00000000f5400000| Complete 
| 309|0x00000000f5500000, 0x00000000f5600000, 0x00000000f5600000|100%| E|CS|TAMS 0x00000000f5500000, 0x00000000f5500000| Complete 
| 310|0x00000000f5600000, 0x00000000f5700000, 0x00000000f5700000|100%| E|CS|TAMS 0x00000000f5600000, 0x00000000f5600000| Complete 
| 311|0x00000000f5700000, 0x00000000f5800000, 0x00000000f5800000|100%| E|CS|TAMS 0x00000000f5700000, 0x00000000f5700000| Complete 
| 312|0x00000000f5800000, 0x00000000f5900000, 0x00000000f5900000|100%| E|CS|TAMS 0x00000000f5800000, 0x00000000f5800000| Complete 
| 313|0x00000000f5900000, 0x00000000f5a00000, 0x00000000f5a00000|100%| E|CS|TAMS 0x00000000f5900000, 0x00000000f5900000| Complete 
| 314|0x00000000f5a00000, 0x00000000f5b00000, 0x00000000f5b00000|100%| E|CS|TAMS 0x00000000f5a00000, 0x00000000f5a00000| Complete 
| 315|0x00000000f5b00000, 0x00000000f5c00000, 0x00000000f5c00000|100%| E|CS|TAMS 0x00000000f5b00000, 0x00000000f5b00000| Complete 
| 316|0x00000000f5c00000, 0x00000000f5d00000, 0x00000000f5d00000|100%| E|CS|TAMS 0x00000000f5c00000, 0x00000000f5c00000| Complete 
| 317|0x00000000f5d00000, 0x00000000f5e00000, 0x00000000f5e00000|100%| E|CS|TAMS 0x00000000f5d00000, 0x00000000f5d00000| Complete 
| 318|0x00000000f5e00000, 0x00000000f5f00000, 0x00000000f5f00000|100%| E|CS|TAMS 0x00000000f5e00000, 0x00000000f5e00000| Complete 
| 319|0x00000000f5f00000, 0x00000000f5f033a0, 0x00000000f6000000|  1%| S|CS|TAMS 0x00000000f5f00000, 0x00000000f5f00000| Complete 
| 320|0x00000000f6000000, 0x00000000f6100000, 0x00000000f6100000|100%| E|CS|TAMS 0x00000000f6000000, 0x00000000f6000000| Complete 
| 321|0x00000000f6100000, 0x00000000f6200000, 0x00000000f6200000|100%| E|CS|TAMS 0x00000000f6100000, 0x00000000f6100000| Complete 
| 322|0x00000000f6200000, 0x00000000f6300000, 0x00000000f6300000|100%| E|CS|TAMS 0x00000000f6200000, 0x00000000f6200000| Complete 
| 323|0x00000000f6300000, 0x00000000f6400000, 0x00000000f6400000|100%| E|CS|TAMS 0x00000000f6300000, 0x00000000f6300000| Complete 
| 324|0x00000000f6400000, 0x00000000f6500000, 0x00000000f6500000|100%| E|CS|TAMS 0x00000000f6400000, 0x00000000f6400000| Complete 
| 325|0x00000000f6500000, 0x00000000f6600000, 0x00000000f6600000|100%| E|CS|TAMS 0x00000000f6500000, 0x00000000f6500000| Complete 
| 326|0x00000000f6600000, 0x00000000f6700000, 0x00000000f6700000|100%| E|  |TAMS 0x00000000f6600000, 0x00000000f6600000| Complete 
| 327|0x00000000f6700000, 0x00000000f6800000, 0x00000000f6800000|100%| E|CS|TAMS 0x00000000f6700000, 0x00000000f6700000| Complete 
| 328|0x00000000f6800000, 0x00000000f6900000, 0x00000000f6900000|100%| E|CS|TAMS 0x00000000f6800000, 0x00000000f6800000| Complete 
| 329|0x00000000f6900000, 0x00000000f6a00000, 0x00000000f6a00000|100%| E|CS|TAMS 0x00000000f6900000, 0x00000000f6900000| Complete 

Card table byte_map: [0x000002e22d7c0000,0x000002e22d8b0000] _byte_map_base: 0x000002e22d0b0000

Marking Bits (Prev, Next): (CMBitMap*) 0x000002e214b9afe0, (CMBitMap*) 0x000002e214b9b020
 Prev Bits: [0x000002e22d9a0000, 0x000002e22e120000)
 Next Bits: [0x000002e22e120000, 0x000002e22e8a0000)

Polling page: 0x000002e214c40000

Metaspace:

Usage:
  Non-class:     17.35 MB used.
      Class:      1.89 MB used.
       Both:     19.24 MB used.

Virtual space:
  Non-class space:       64.00 MB reserved,      17.50 MB ( 27%) committed,  1 nodes.
      Class space:        1.00 GB reserved,       2.06 MB ( <1%) committed,  1 nodes.
             Both:        1.06 GB reserved,      19.56 MB (  2%) committed. 

Chunk freelists:
   Non-Class:  2.29 MB
       Class:  1.87 MB
        Both:  4.16 MB

MaxMetaspaceSize: unlimited
CompressedClassSpaceSize: 1.00 GB
Initial GC threshold: 21.00 MB
Current GC threshold: 32.62 MB
CDS: on
MetaspaceReclaimPolicy: balanced
 - commit_granule_bytes: 65536.
 - commit_granule_words: 8192.
 - virtual_space_node_default_size: 8388608.
 - enlarge_chunks_in_place: 1.
 - new_chunks_are_fully_committed: 0.
 - uncommit_free_chunks: 1.
 - use_allocation_guard: 0.


Internal statistics:

num_allocs_failed_limit: 0.
num_arena_births: 184.
num_arena_deaths: 0.
num_vsnodes_births: 2.
num_vsnodes_deaths: 0.
num_space_committed: 313.
num_space_uncommitted: 0.
num_chunks_returned_to_freelist: 0.
num_chunks_taken_from_freelist: 644.
num_chunk_merges: 0.
num_chunk_splits: 441.
num_chunks_enlarged: 340.
num_inconsistent_stats: 0.

CodeHeap 'non-profiled nmethods': size=120064Kb used=4374Kb max_used=4571Kb free=115689Kb
 bounds [0x000002e225d90000, 0x000002e226210000, 0x000002e22d2d0000]
CodeHeap 'profiled nmethods': size=120000Kb used=8567Kb max_used=9334Kb free=111433Kb
 bounds [0x000002e21e2d0000, 0x000002e21ec00000, 0x000002e225800000]
CodeHeap 'non-nmethods': size=5696Kb used=1350Kb max_used=1386Kb free=4345Kb
 bounds [0x000002e225800000, 0x000002e225a70000, 0x000002e225d90000]
 total_blobs=5123 nmethods=4537 adapters=497
 compilation: enabled
              stopped_count=0, restarted_count=0
 full_count=0

Compilation events (20 events):
Event: 170.915 Thread 0x000002e230bbf940 nmethod 6828 0x000002e21e396d10 code [0x000002e21e396fc0, 0x000002e21e397c18]
Event: 170.921 Thread 0x000002e230bb95e0 6830       4       net.loomchild.segment.srx.RuleMatcher::find (65 bytes)
Event: 170.969 Thread 0x000002e230bb95e0 nmethod 6830 0x000002e225f9a510 code [0x000002e225f9a740, 0x000002e225f9b418]
Event: 170.971 Thread 0x000002e230bb95e0 6831       4       java.util.AbstractSequentialList::iterator (5 bytes)
Event: 170.973 Thread 0x000002e230bbf940 6832       3       net.loomchild.segment.srx.SrxTextIterator::next (223 bytes)
Event: 170.974 Thread 0x000002e230bb95e0 nmethod 6831 0x000002e225e17d10 code [0x000002e225e17ea0, 0x000002e225e18078]
Event: 170.975 Thread 0x000002e230bbf940 nmethod 6832 0x000002e21e785710 code [0x000002e21e785b20, 0x000002e21e787768]
Event: 170.999 Thread 0x000002e230bbf940 6833       3       net.loomchild.segment.srx.SrxTextIterator::cutMatchers (66 bytes)
Event: 171.001 Thread 0x000002e230bbf940 nmethod 6833 0x000002e21e71ce90 code [0x000002e21e71d100, 0x000002e21e71dbb8]
Event: 171.325 Thread 0x000002e230bb95e0 6834   !   4       org.languagetool.tokenizers.pt.PortugueseWordTokenizer::wordsToAdd (238 bytes)
Event: 171.431 Thread 0x000002e230bb95e0 nmethod 6834 0x000002e225f97190 code [0x000002e225f974c0, 0x000002e225f992d8]
Event: 171.433 Thread 0x000002e230bb95e0 6835       4       org.languagetool.tokenizers.WordTokenizer::urlStartsAt (395 bytes)
Event: 171.456 Thread 0x000002e230bb95e0 nmethod 6835 0x000002e2261c7590 code [0x000002e2261c7840, 0x000002e2261c82c8]
Event: 171.456 Thread 0x000002e230bb95e0 6840   !   4       org.languagetool.tagging.MorfologikTagger::tag (234 bytes)
Event: 171.472 Thread 0x000002e230bbf940 6842       3       java.util.HashMap$EntryIterator::<init> (6 bytes)
Event: 171.472 Thread 0x000002e230bbf940 nmethod 6842 0x000002e21e74f810 code [0x000002e21e74f9c0, 0x000002e21e74fb08]
Event: 171.472 Thread 0x000002e230bbf940 6843       3       java.util.HashMap$EntrySet::iterator (12 bytes)
Event: 171.472 Thread 0x000002e230bbf940 nmethod 6843 0x000002e21e6cfe10 code [0x000002e21e6cffc0, 0x000002e21e6d01c8]
Event: 171.478 Thread 0x000002e230bbf940 6844       3       org.languagetool.AnalyzedTokenReadings::removeReading (256 bytes)
Event: 171.484 Thread 0x000002e230bbf940 nmethod 6844 0x000002e21e57b810 code [0x000002e21e57bb80, 0x000002e21e57d658]

GC Heap History (20 events):
Event: 138.940 GC heap before
{Heap before GC invocations=117 (full 0):
 garbage-first heap   total 328704K, used 291242K [0x00000000e2000000, 0x0000000100000000)
  region size 1024K, 139 young (142336K), 1 survivors (1024K)
 Metaspace       used 19216K, committed 19456K, reserved 1114112K
  class space    used 1896K, committed 1984K, reserved 1048576K
}
Event: 138.942 GC heap after
{Heap after GC invocations=118 (full 0):
 garbage-first heap   total 328704K, used 151129K [0x00000000e2000000, 0x0000000100000000)
  region size 1024K, 1 young (1024K), 1 survivors (1024K)
 Metaspace       used 19216K, committed 19456K, reserved 1114112K
  class space    used 1896K, committed 1984K, reserved 1048576K
}
Event: 139.154 GC heap before
{Heap before GC invocations=118 (full 0):
 garbage-first heap   total 328704K, used 291417K [0x00000000e2000000, 0x0000000100000000)
  region size 1024K, 139 young (142336K), 1 survivors (1024K)
 Metaspace       used 19216K, committed 19456K, reserved 1114112K
  class space    used 1896K, committed 1984K, reserved 1048576K
}
Event: 139.156 GC heap after
{Heap after GC invocations=119 (full 0):
 garbage-first heap   total 328704K, used 150961K [0x00000000e2000000, 0x0000000100000000)
  region size 1024K, 1 young (1024K), 1 survivors (1024K)
 Metaspace       used 19216K, committed 19456K, reserved 1114112K
  class space    used 1896K, committed 1984K, reserved 1048576K
}
Event: 139.326 GC heap before
{Heap before GC invocations=119 (full 0):
 garbage-first heap   total 328704K, used 291249K [0x00000000e2000000, 0x0000000100000000)
  region size 1024K, 139 young (142336K), 1 survivors (1024K)
 Metaspace       used 19216K, committed 19456K, reserved 1114112K
  class space    used 1896K, committed 1984K, reserved 1048576K
}
Event: 139.357 GC heap after
{Heap after GC invocations=120 (full 0):
 garbage-first heap   total 328704K, used 151134K [0x00000000e2000000, 0x0000000100000000)
  region size 1024K, 1 young (1024K), 1 survivors (1024K)
 Metaspace       used 19216K, committed 19456K, reserved 1114112K
  class space    used 1896K, committed 1984K, reserved 1048576K
}
Event: 139.599 GC heap before
{Heap before GC invocations=120 (full 0):
 garbage-first heap   total 328704K, used 291422K [0x00000000e2000000, 0x0000000100000000)
  region size 1024K, 139 young (142336K), 1 survivors (1024K)
 Metaspace       used 19216K, committed 19456K, reserved 1114112K
  class space    used 1896K, committed 1984K, reserved 1048576K
}
Event: 139.601 GC heap after
{Heap after GC invocations=121 (full 0):
 garbage-first heap   total 328704K, used 150966K [0x00000000e2000000, 0x0000000100000000)
  region size 1024K, 1 young (1024K), 1 survivors (1024K)
 Metaspace       used 19216K, committed 19456K, reserved 1114112K
  class space    used 1896K, committed 1984K, reserved 1048576K
}
Event: 139.812 GC heap before
{Heap before GC invocations=121 (full 0):
 garbage-first heap   total 328704K, used 291254K [0x00000000e2000000, 0x0000000100000000)
  region size 1024K, 139 young (142336K), 1 survivors (1024K)
 Metaspace       used 19216K, committed 19456K, reserved 1114112K
  class space    used 1896K, committed 1984K, reserved 1048576K
}
Event: 139.814 GC heap after
{Heap after GC invocations=122 (full 0):
 garbage-first heap   total 328704K, used 151140K [0x00000000e2000000, 0x0000000100000000)
  region size 1024K, 1 young (1024K), 1 survivors (1024K)
 Metaspace       used 19216K, committed 19456K, reserved 1114112K
  class space    used 1896K, committed 1984K, reserved 1048576K
}
Event: 139.995 GC heap before
{Heap before GC invocations=122 (full 0):
 garbage-first heap   total 328704K, used 291428K [0x00000000e2000000, 0x0000000100000000)
  region size 1024K, 139 young (142336K), 1 survivors (1024K)
 Metaspace       used 19216K, committed 19456K, reserved 1114112K
  class space    used 1896K, committed 1984K, reserved 1048576K
}
Event: 139.997 GC heap after
{Heap after GC invocations=123 (full 0):
 garbage-first heap   total 328704K, used 150969K [0x00000000e2000000, 0x0000000100000000)
  region size 1024K, 1 young (1024K), 1 survivors (1024K)
 Metaspace       used 19216K, committed 19456K, reserved 1114112K
  class space    used 1896K, committed 1984K, reserved 1048576K
}
Event: 140.218 GC heap before
{Heap before GC invocations=123 (full 0):
 garbage-first heap   total 328704K, used 291257K [0x00000000e2000000, 0x0000000100000000)
  region size 1024K, 139 young (142336K), 1 survivors (1024K)
 Metaspace       used 19216K, committed 19456K, reserved 1114112K
  class space    used 1896K, committed 1984K, reserved 1048576K
}
Event: 140.220 GC heap after
{Heap after GC invocations=124 (full 0):
 garbage-first heap   total 328704K, used 151143K [0x00000000e2000000, 0x0000000100000000)
  region size 1024K, 1 young (1024K), 1 survivors (1024K)
 Metaspace       used 19216K, committed 19456K, reserved 1114112K
  class space    used 1896K, committed 1984K, reserved 1048576K
}
Event: 140.395 GC heap before
{Heap before GC invocations=124 (full 0):
 garbage-first heap   total 328704K, used 291431K [0x00000000e2000000, 0x0000000100000000)
  region size 1024K, 139 young (142336K), 1 survivors (1024K)
 Metaspace       used 19216K, committed 19456K, reserved 1114112K
  class space    used 1896K, committed 1984K, reserved 1048576K
}
Event: 140.399 GC heap after
{Heap after GC invocations=125 (full 0):
 garbage-first heap   total 328704K, used 150976K [0x00000000e2000000, 0x0000000100000000)
  region size 1024K, 1 young (1024K), 1 survivors (1024K)
 Metaspace       used 19216K, committed 19456K, reserved 1114112K
  class space    used 1896K, committed 1984K, reserved 1048576K
}
Event: 140.567 GC heap before
{Heap before GC invocations=125 (full 0):
 garbage-first heap   total 328704K, used 286144K [0x00000000e2000000, 0x0000000100000000)
  region size 1024K, 125 young (128000K), 1 survivors (1024K)
 Metaspace       used 19219K, committed 19456K, reserved 1114112K
  class space    used 1897K, committed 1984K, reserved 1048576K
}
Event: 140.587 GC heap after
{Heap after GC invocations=126 (full 0):
 garbage-first heap   total 328704K, used 161047K [0x00000000e2000000, 0x0000000100000000)
  region size 1024K, 1 young (1024K), 1 survivors (1024K)
 Metaspace       used 19219K, committed 19456K, reserved 1114112K
  class space    used 1897K, committed 1984K, reserved 1048576K
}
Event: 140.625 GC heap before
{Heap before GC invocations=126 (full 0):
 garbage-first heap   total 328704K, used 176407K [0x00000000e2000000, 0x0000000100000000)
  region size 1024K, 2 young (2048K), 1 survivors (1024K)
 Metaspace       used 19219K, committed 19456K, reserved 1114112K
  class space    used 1897K, committed 1984K, reserved 1048576K
}
Event: 140.626 GC heap after
{Heap after GC invocations=127 (full 0):
 garbage-first heap   total 328704K, used 176407K [0x00000000e2000000, 0x0000000100000000)
  region size 1024K, 1 young (1024K), 1 survivors (1024K)
 Metaspace       used 19219K, committed 19456K, reserved 1114112K
  class space    used 1897K, committed 1984K, reserved 1048576K
}

Dll operation events (11 events):
Event: 0.015 Loaded shared library C:\Program Files\Java\jdk-19\bin\java.dll
Event: 0.035 Loaded shared library C:\Program Files\Java\jdk-19\bin\jsvml.dll
Event: 0.206 Loaded shared library C:\Program Files\Java\jdk-19\bin\net.dll
Event: 0.216 Loaded shared library C:\Program Files\Java\jdk-19\bin\nio.dll
Event: 0.236 Loaded shared library C:\Program Files\Java\jdk-19\bin\zip.dll
Event: 0.281 Loaded shared library C:\Program Files\Java\jdk-19\bin\jimage.dll
Event: 0.714 Loaded shared library C:\Program Files\Java\jdk-19\bin\verify.dll
Event: 4.587 Loaded shared library C:\Program Files\Java\jdk-19\bin\extnet.dll
Event: 4.728 Loaded shared library C:\Program Files\Java\jdk-19\bin\sunmscapi.dll
Event: 13.316 Loaded shared library C:\Program Files\Java\jdk-19\bin\awt.dll
Event: 25.451 Loaded shared library C:\Users\Riallen\AppData\Local\Temp\BridJExtractedLibraries17629565977282900856\bridj.dll

Deoptimization events (20 events):
Event: 170.216 Thread 0x000002e2375004c0 Uncommon trap: trap_request=0xffffffde fr.pc=0x000002e2261d22d8 relative=0x0000000000000e38
Event: 170.216 Thread 0x000002e2375004c0 Uncommon trap: reason=class_check action=maybe_recompile pc=0x000002e2261d22d8 method=com.google.common.base.Equivalence$Equals.doHash(Ljava/lang/Object;)I @ 1 c2
Event: 170.217 Thread 0x000002e2375004c0 DEOPT PACKING pc=0x000002e2261d22d8 sp=0x000000f6e0afe910
Event: 170.217 Thread 0x000002e2375004c0 DEOPT UNPACKING pc=0x000002e225866d9d sp=0x000000f6e0afe7c0 mode 2
Event: 170.237 Thread 0x000002e2375004c0 Uncommon trap: trap_request=0xffffffde fr.pc=0x000002e2261d22d8 relative=0x0000000000000e38
Event: 170.237 Thread 0x000002e2375004c0 Uncommon trap: reason=class_check action=maybe_recompile pc=0x000002e2261d22d8 method=com.google.common.base.Equivalence$Equals.doHash(Ljava/lang/Object;)I @ 1 c2
Event: 170.237 Thread 0x000002e2375004c0 DEOPT PACKING pc=0x000002e2261d22d8 sp=0x000000f6e0afea00
Event: 170.238 Thread 0x000002e2375004c0 DEOPT UNPACKING pc=0x000002e225866d9d sp=0x000000f6e0afe8b0 mode 2
Event: 170.476 Thread 0x000002e2375004c0 Uncommon trap: trap_request=0xffffffde fr.pc=0x000002e2261d22d8 relative=0x0000000000000e38
Event: 170.476 Thread 0x000002e2375004c0 Uncommon trap: reason=class_check action=maybe_recompile pc=0x000002e2261d22d8 method=com.google.common.base.Equivalence$Equals.doHash(Ljava/lang/Object;)I @ 1 c2
Event: 170.476 Thread 0x000002e2375004c0 DEOPT PACKING pc=0x000002e2261d22d8 sp=0x000000f6e0afe890
Event: 170.476 Thread 0x000002e2375004c0 DEOPT UNPACKING pc=0x000002e225866d9d sp=0x000000f6e0afe740 mode 2
Event: 170.500 Thread 0x000002e2375004c0 Uncommon trap: trap_request=0xffffffde fr.pc=0x000002e2261d22d8 relative=0x0000000000000e38
Event: 170.500 Thread 0x000002e2375004c0 Uncommon trap: reason=class_check action=maybe_recompile pc=0x000002e2261d22d8 method=com.google.common.base.Equivalence$Equals.doHash(Ljava/lang/Object;)I @ 1 c2
Event: 170.500 Thread 0x000002e2375004c0 DEOPT PACKING pc=0x000002e2261d22d8 sp=0x000000f6e0afe9d0
Event: 170.500 Thread 0x000002e2375004c0 DEOPT UNPACKING pc=0x000002e225866d9d sp=0x000000f6e0afe880 mode 2
Event: 170.845 Thread 0x000002e2375004c0 Uncommon trap: trap_request=0xffffff45 fr.pc=0x000002e225fd8e00 relative=0x0000000000000740
Event: 170.851 Thread 0x000002e2375004c0 Uncommon trap: reason=unstable_if action=reinterpret pc=0x000002e225fd8e00 method=java.util.regex.Pattern$Pos.match(Ljava/util/regex/Matcher;ILjava/lang/CharSequence;)Z @ 10 c2
Event: 170.851 Thread 0x000002e2375004c0 DEOPT PACKING pc=0x000002e225fd8e00 sp=0x000000f6e0afed90
Event: 170.851 Thread 0x000002e2375004c0 DEOPT UNPACKING pc=0x000002e225866d9d sp=0x000000f6e0afed38 mode 2

Classes loaded (20 events):
Event: 141.010 Loading class sun/util/locale/provider/TimeZoneNameUtility$TimeZoneNameGetter
Event: 141.012 Loading class sun/util/locale/provider/TimeZoneNameUtility$TimeZoneNameGetter done
Event: 141.023 Loading class sun/util/cldr/CLDRTimeZoneNameProviderImpl
Event: 141.035 Loading class sun/util/locale/provider/TimeZoneNameProviderImpl
Event: 141.038 Loading class sun/util/locale/provider/TimeZoneNameProviderImpl done
Event: 141.038 Loading class sun/util/cldr/CLDRTimeZoneNameProviderImpl done
Event: 141.046 Loading class sun/util/resources/cldr/TimeZoneNames
Event: 141.051 Loading class sun/util/resources/TimeZoneNamesBundle
Event: 141.056 Loading class sun/util/resources/TimeZoneNamesBundle done
Event: 141.056 Loading class sun/util/resources/cldr/TimeZoneNames done
Event: 141.056 Loading class sun/util/resources/cldr/TimeZoneNames_en
Event: 141.068 Loading class sun/util/resources/cldr/TimeZoneNames_en done
Event: 141.068 Loading class sun/util/resources/cldr/TimeZoneNames_en_US
Event: 141.068 Loading class sun/util/resources/cldr/TimeZoneNames_en_US done
Event: 141.085 Loading class sun/util/cldr/CLDRBaseLocaleDataMetaInfo$TZCanonicalIDMapHolder
Event: 141.091 Loading class sun/util/cldr/CLDRBaseLocaleDataMetaInfo$TZCanonicalIDMapHolder done
Event: 141.095 Loading class sun/util/resources/TimeZoneNames
Event: 141.099 Loading class sun/util/resources/TimeZoneNames done
Event: 141.100 Loading class sun/util/resources/TimeZoneNames_en
Event: 141.100 Loading class sun/util/resources/TimeZoneNames_en done

Classes unloaded (0 events):
No events

Classes redefined (0 events):
No events

Internal exceptions (20 events):
Event: 13.367 Thread 0x000002e235a28c00 Exception <a 'java/lang/NoSuchMethodError'{0x00000000e930f6b0}: 'void java.lang.invoke.DirectMethodHandle$Holder.invokeStaticInit(java.lang.Object)'> (0x00000000e930f6b0) 
thrown [s\open\src\hotspot\share\interpreter\linkResolver.cpp, line 774]
Event: 13.370 Thread 0x000002e235a28c00 Exception <a 'java/lang/NoSuchMethodError'{0x00000000e9314f80}: 'java.lang.Object java.lang.invoke.DirectMethodHandle$Holder.invokeStatic(java.lang.Object, java.lang.Object, int, java.lang.Object)'> (0x00000000e9314f80) 
thrown [s\open\src\hotspot\share\interpreter\linkResolver.cpp, line 774]
Event: 13.371 Thread 0x000002e235a28c00 Exception <a 'java/lang/NoSuchMethodError'{0x00000000e931bd50}: 'java.lang.Object java.lang.invoke.DirectMethodHandle$Holder.newInvokeSpecial(java.lang.Object, java.lang.Object, int)'> (0x00000000e931bd50) 
thrown [s\open\src\hotspot\share\interpreter\linkResolver.cpp, line 774]
Event: 14.861 Thread 0x000002e235a28c00 Implicit null exception at 0x000002e225e02f72 to 0x000002e225e03420
Event: 15.534 Thread 0x000002e235a28c00 Exception <a 'java/lang/NoSuchMethodError'{0x00000000e9a35378}: 'java.lang.Object java.lang.invoke.DirectMethodHandle$Holder.newInvokeSpecial(java.lang.Object, java.lang.Object, java.lang.Object, java.lang.Object, java.lang.Object, java.lang.Object)'> (0x00000000e9a35378) 
thrown [s\open\src\hotspot\share\interpreter\linkResolver.cpp, line 774]
Event: 15.769 Thread 0x000002e235a28c00 Exception <a 'java/lang/NoSuchMethodError'{0x00000000eb91a4d8}: 'java.lang.Object java.lang.invoke.DirectMethodHandle$Holder.newInvokeSpecial(java.lang.Object, java.lang.Object, java.lang.Object, java.lang.Object, java.lang.Object)'> (0x00000000eb91a4d8) 
thrown [s\open\src\hotspot\share\interpreter\linkResolver.cpp, line 774]
Event: 25.163 Thread 0x000002e235a28c00 Exception <a 'java/lang/ClassNotFoundException'{0x00000000ef91f920}: sun/net/www/protocol/c/Handler> (0x00000000ef91f920) 
thrown [s\open\src\hotspot\share\classfile\systemDictionary.cpp, line 255]
Event: 25.242 Thread 0x000002e235faa030 Implicit null exception at 0x000002e225fee8c3 to 0x000002e225feeb8c
Event: 27.812 Thread 0x000002e235a28c00 Implicit null exception at 0x000002e225e02f9c to 0x000002e225e02ff9
Event: 28.388 Thread 0x000002e235a28c00 Exception <a 'java/lang/NoSuchMethodError'{0x00000000ee4c7ed8}: 'java.lang.Object java.lang.invoke.DirectMethodHandle$Holder.newInvokeSpecial(java.lang.Object, java.lang.Object, java.lang.Object, int, java.lang.Object, java.lang.Object, java.lang.Object)'> (0x00000000ee4c7ed8) 
thrown [s\open\src\hotspot\share\interpreter\linkResolver.cpp, line 774]
Event: 29.613 Thread 0x000002e235a28c00 Implicit null exception at 0x000002e225eb9bec to 0x000002e225eb9c94
Event: 29.613 Thread 0x000002e235a28c00 Implicit null exception at 0x000002e225ea4e6c to 0x000002e225ea4f18
Event: 29.615 Thread 0x000002e235a28c00 Implicit null exception at 0x000002e226014335 to 0x000002e22601576a
Event: 46.367 Thread 0x000002e235a28c00 Exception <a 'java/lang/NoSuchMethodError'{0x00000000ec946e00}: 'java.lang.Object java.lang.invoke.DirectMethodHandle$Holder.invokeInterface(java.lang.Object, java.lang.Object, java.lang.Object)'> (0x00000000ec946e00) 
thrown [s\open\src\hotspot\share\interpreter\linkResolver.cpp, line 774]
Event: 46.372 Thread 0x000002e235a28c00 Exception <a 'java/lang/NoSuchMethodError'{0x00000000ec952438}: 'void java.lang.invoke.DirectMethodHandle$Holder.invokeVirtual(java.lang.Object, java.lang.Object)'> (0x00000000ec952438) 
thrown [s\open\src\hotspot\share\interpreter\linkResolver.cpp, line 774]
Event: 129.189 Thread 0x000002e23503e500 Exception <a 'java/lang/NoSuchMethodError'{0x00000000ec19e2a0}: 'void java.lang.invoke.DirectMethodHandle$Holder.invokeStatic(java.lang.Object, java.lang.Object)'> (0x00000000ec19e2a0) 
thrown [s\open\src\hotspot\share\interpreter\linkResolver.cpp, line 774]
Event: 141.106 Thread 0x000002e23503e500 Exception <a 'java/lang/IncompatibleClassChangeError'{0x00000000f5e35918}: Found class java.lang.Object, but interface was expected> (0x00000000f5e35918) 
thrown [s\open\src\hotspot\share\interpreter\linkResolver.cpp, line 841]
Event: 141.474 Thread 0x000002e23503e500 Implicit null exception at 0x000002e225e3aff2 to 0x000002e225e3b4a8
Event: 170.152 Thread 0x000002e2374fe4e0 Implicit null exception at 0x000002e2260093a7 to 0x000002e226009574
Event: 170.596 Thread 0x000002e2375004c0 Exception <a 'java/io/FileNotFoundException'{0x00000000f62d6d70}> (0x00000000f62d6d70) 
thrown [s\open\src\hotspot\share\prims\jni.cpp, line 517]

VM Operations (20 events):
Event: 162.434 Executing VM operation: ThreadDump
Event: 162.435 Executing VM operation: ThreadDump done
Event: 163.435 Executing VM operation: ThreadDump
Event: 163.435 Executing VM operation: ThreadDump done
Event: 164.435 Executing VM operation: ThreadDump
Event: 164.435 Executing VM operation: ThreadDump done
Event: 165.435 Executing VM operation: ThreadDump
Event: 165.435 Executing VM operation: ThreadDump done
Event: 166.435 Executing VM operation: ThreadDump
Event: 166.435 Executing VM operation: ThreadDump done
Event: 167.448 Executing VM operation: ThreadDump
Event: 167.449 Executing VM operation: ThreadDump done
Event: 168.435 Executing VM operation: ThreadDump
Event: 168.435 Executing VM operation: ThreadDump done
Event: 169.436 Executing VM operation: ThreadDump
Event: 169.437 Executing VM operation: ThreadDump done
Event: 170.434 Executing VM operation: ThreadDump
Event: 170.438 Executing VM operation: ThreadDump done
Event: 171.435 Executing VM operation: ThreadDump
Event: 171.440 Executing VM operation: ThreadDump done

Events (20 events):
Event: 44.938 Thread 0x000002e230bc2950 flushing nmethod 0x000002e21eada490
Event: 44.938 Thread 0x000002e230bc2950 flushing nmethod 0x000002e21eadaa10
Event: 44.938 Thread 0x000002e230bc2950 flushing nmethod 0x000002e21eadb090
Event: 44.938 Thread 0x000002e230bc2950 flushing nmethod 0x000002e21eaed490
Event: 44.938 Thread 0x000002e230bc2950 flushing nmethod 0x000002e21eaf4790
Event: 44.938 Thread 0x000002e230bc2950 flushing nmethod 0x000002e21eafe490
Event: 44.938 Thread 0x000002e230bc2950 flushing nmethod 0x000002e21eafeb10
Event: 44.938 Thread 0x000002e230bc2950 flushing nmethod 0x000002e21eaff190
Event: 44.938 Thread 0x000002e230bc2950 flushing nmethod 0x000002e21eaff810
Event: 44.938 Thread 0x000002e230bc2950 flushing nmethod 0x000002e21eb05310
Event: 44.938 Thread 0x000002e230bc2950 flushing nmethod 0x000002e21eb0cf10
Event: 44.938 Thread 0x000002e230bc2950 flushing nmethod 0x000002e21eb0d290
Event: 44.938 Thread 0x000002e230bc2950 flushing nmethod 0x000002e21eb21c10
Event: 44.939 Thread 0x000002e230bc2950 flushing nmethod 0x000002e21eb81210
Event: 44.939 Thread 0x000002e230bc2950 flushing nmethod 0x000002e21eb90090
Event: 44.939 Thread 0x000002e230bc2950 flushing nmethod 0x000002e21eb90690
Event: 44.939 Thread 0x000002e230bc2950 flushing nmethod 0x000002e21ebe1190
Event: 141.647 Thread 0x000002e2374fff70 Thread added: 0x000002e2374fff70
Event: 169.542 Thread 0x000002e2374fe4e0 Thread added: 0x000002e2374fe4e0
Event: 170.161 Thread 0x000002e2375004c0 Thread added: 0x000002e2375004c0


Dynamic libraries:
0x00007ff654bd0000 - 0x00007ff654be0000 	C:\Program Files\Java\jdk-19\bin\java.exe
0x00007ffb39490000 - 0x00007ffb39688000 	C:\Windows\SYSTEM32\ntdll.dll
0x00007ffb382b0000 - 0x00007ffb3836f000 	C:\Windows\System32\KERNEL32.DLL
0x00007ffb36de0000 - 0x00007ffb370b2000 	C:\Windows\System32\KERNELBASE.dll
0x00007ffb36b80000 - 0x00007ffb36c80000 	C:\Windows\System32\ucrtbase.dll
0x00007ffb281f0000 - 0x00007ffb28208000 	C:\Program Files\Java\jdk-19\bin\jli.dll
0x00007ffb38120000 - 0x00007ffb381ce000 	C:\Windows\System32\ADVAPI32.dll
0x00007ffb38b10000 - 0x00007ffb38bae000 	C:\Windows\System32\msvcrt.dll
0x00007ffb38a10000 - 0x00007ffb38aac000 	C:\Windows\System32\sechost.dll
0x00007ffb379b0000 - 0x00007ffb37ad5000 	C:\Windows\System32\RPCRT4.dll
0x00007ffb376d0000 - 0x00007ffb37871000 	C:\Windows\System32\USER32.dll
0x00007ffb37260000 - 0x00007ffb37282000 	C:\Windows\System32\win32u.dll
0x00007ffb37ba0000 - 0x00007ffb37bcb000 	C:\Windows\System32\GDI32.dll
0x00007ffb370c0000 - 0x00007ffb371cf000 	C:\Windows\System32\gdi32full.dll
0x00007ffb36c80000 - 0x00007ffb36d1d000 	C:\Windows\System32\msvcp_win.dll
0x00007ffb27d70000 - 0x00007ffb2800a000 	C:\Windows\WinSxS\amd64_microsoft.windows.common-controls_6595b64144ccf1df_6.0.19041.1110_none_60b5254171f9507e\COMCTL32.dll
0x00007ffb2a320000 - 0x00007ffb2a32a000 	C:\Windows\SYSTEM32\VERSION.dll
0x00007ffb28210000 - 0x00007ffb2822b000 	C:\Program Files\Java\jdk-19\bin\VCRUNTIME140.dll
0x00007ffb39410000 - 0x00007ffb39442000 	C:\Windows\System32\IMM32.DLL
0x00007ffb31f20000 - 0x00007ffb31f2c000 	C:\Program Files\Java\jdk-19\bin\vcruntime140_1.dll
0x00007ffb16d40000 - 0x00007ffb16dce000 	C:\Program Files\Java\jdk-19\bin\msvcp140.dll
0x00007ffb06d20000 - 0x00007ffb079e0000 	C:\Program Files\Java\jdk-19\bin\server\jvm.dll
0x00007ffb277c0000 - 0x00007ffb277e7000 	C:\Windows\SYSTEM32\WINMM.dll
0x00007ffb24ec0000 - 0x00007ffb24ec9000 	C:\Windows\SYSTEM32\WSOCK32.dll
0x00007ffb37930000 - 0x00007ffb3799b000 	C:\Windows\System32\WS2_32.dll
0x00007ffb34a60000 - 0x00007ffb34a72000 	C:\Windows\SYSTEM32\kernel.appcore.dll
0x00007ffb223e0000 - 0x00007ffb223ea000 	C:\Program Files\Java\jdk-19\bin\jimage.dll
0x00007ffb28a30000 - 0x00007ffb28c14000 	C:\Windows\SYSTEM32\DBGHELP.DLL
0x00007ffb289e0000 - 0x00007ffb28a15000 	C:\Windows\SYSTEM32\dbgcore.DLL
0x00007ffb371d0000 - 0x00007ffb37252000 	C:\Windows\System32\bcryptPrimitives.dll
0x00007ffb210d0000 - 0x00007ffb210f6000 	C:\Program Files\Java\jdk-19\bin\java.dll
0x00007ffb12b80000 - 0x00007ffb12c57000 	C:\Program Files\Java\jdk-19\bin\jsvml.dll
0x00007ffb38c10000 - 0x00007ffb39355000 	C:\Windows\System32\SHELL32.dll
0x00007ffb34c60000 - 0x00007ffb353f2000 	C:\Windows\SYSTEM32\windows.storage.dll
0x00007ffb38370000 - 0x00007ffb386c5000 	C:\Windows\System32\combase.dll
0x00007ffb36500000 - 0x00007ffb36530000 	C:\Windows\SYSTEM32\Wldp.dll
0x00007ffb37af0000 - 0x00007ffb37b9d000 	C:\Windows\System32\SHCORE.dll
0x00007ffb38bb0000 - 0x00007ffb38c05000 	C:\Windows\System32\shlwapi.dll
0x00007ffb36ac0000 - 0x00007ffb36adf000 	C:\Windows\SYSTEM32\profapi.dll
0x00007ffb210b0000 - 0x00007ffb210c3000 	C:\Program Files\Java\jdk-19\bin\net.dll
0x00007ffb30400000 - 0x00007ffb3050c000 	C:\Windows\SYSTEM32\WINHTTP.dll
0x00007ffb36260000 - 0x00007ffb362ca000 	C:\Windows\system32\mswsock.dll
0x00007ffb1b3c0000 - 0x00007ffb1b3d6000 	C:\Program Files\Java\jdk-19\bin\nio.dll
0x00007ffb16d20000 - 0x00007ffb16d38000 	C:\Program Files\Java\jdk-19\bin\zip.dll
0x00007ffb210a0000 - 0x00007ffb210b0000 	C:\Program Files\Java\jdk-19\bin\verify.dll
0x00007ffb35f90000 - 0x00007ffb3605b000 	C:\Windows\SYSTEM32\DNSAPI.dll
0x00007ffb35f50000 - 0x00007ffb35f8b000 	C:\Windows\SYSTEM32\IPHLPAPI.DLL
0x00007ffb379a0000 - 0x00007ffb379a8000 	C:\Windows\System32\NSI.dll
0x00007ffb2c390000 - 0x00007ffb2c39a000 	C:\Windows\System32\rasadhlp.dll
0x00007ffb2e230000 - 0x00007ffb2e2b0000 	C:\Windows\System32\fwpuclnt.dll
0x00007ffb374a0000 - 0x00007ffb374c7000 	C:\Windows\System32\bcrypt.dll
0x00007ffb1fd70000 - 0x00007ffb1fd78000 	C:\Program Files\Java\jdk-19\bin\extnet.dll
0x00007ffb1c520000 - 0x00007ffb1c52e000 	C:\Program Files\Java\jdk-19\bin\sunmscapi.dll
0x00007ffb37290000 - 0x00007ffb373e6000 	C:\Windows\System32\CRYPT32.dll
0x00007ffb36570000 - 0x00007ffb36597000 	C:\Windows\SYSTEM32\ncrypt.dll
0x00007ffb36530000 - 0x00007ffb3656b000 	C:\Windows\SYSTEM32\NTASN1.dll
0x00007ffb1c440000 - 0x00007ffb1c447000 	C:\Windows\system32\wshunix.dll
0x00007ffb36450000 - 0x00007ffb36468000 	C:\Windows\SYSTEM32\CRYPTSP.dll
0x00007ffb35b80000 - 0x00007ffb35bb4000 	C:\Windows\system32\rsaenh.dll
0x00007ffb36a80000 - 0x00007ffb36aae000 	C:\Windows\SYSTEM32\USERENV.dll
0x00007ffb36470000 - 0x00007ffb3647c000 	C:\Windows\SYSTEM32\CRYPTBASE.dll
0x00007ffb31230000 - 0x00007ffb31247000 	C:\Windows\SYSTEM32\dhcpcsvc6.DLL
0x00007ffb31210000 - 0x00007ffb3122d000 	C:\Windows\SYSTEM32\dhcpcsvc.DLL
0x00007ffb0f190000 - 0x00007ffb0f321000 	C:\Program Files\Java\jdk-19\bin\awt.dll
0x00007ffb37bd0000 - 0x00007ffb37c9d000 	C:\Windows\System32\OLEAUT32.dll
0x00007ffb34310000 - 0x00007ffb343a0000 	C:\Windows\SYSTEM32\apphelp.dll
0x00007ffb23b70000 - 0x00007ffb23b99000 	C:\Users\Riallen\AppData\Local\Temp\BridJExtractedLibraries17629565977282900856\bridj.dll
0x000000006cc80000 - 0x000000006cdcc000 	C:\Users\Riallen\AppData\Local\Temp\BridJExtractedLibraries17629565977282900856\hunspell.dll

dbghelp: loaded successfully - version: 4.0.5 - missing functions: none
symbol engine: initialized successfully - sym options: 0x614 - pdb path: .;C:\Program Files\Java\jdk-19\bin;C:\Windows\SYSTEM32;C:\Windows\WinSxS\amd64_microsoft.windows.common-controls_6595b64144ccf1df_6.0.19041.1110_none_60b5254171f9507e;C:\Program Files\Java\jdk-19\bin\server;C:\Users\Riallen\AppData\Local\Temp\BridJExtractedLibraries17629565977282900856

VM Arguments:
java_command: org.languagetool.server.HTTPServer -p 8085 --config C:\Users\Riallen\AppData\Local\Temp\tmp90z50zjc
java_class_path (initial): C:\Users\Riallen\.cache\language_tool_python\LanguageTool-5.7\languagetool-server.jar
Launcher Type: SUN_STANDARD

[Global flags]
     intx CICompilerCount                          = 2                                         {product} {ergonomic}
     uint ConcGCThreads                            = 1                                         {product} {ergonomic}
     uint G1ConcRefinementThreads                  = 2                                         {product} {ergonomic}
   size_t G1HeapRegionSize                         = 1048576                                   {product} {ergonomic}
    uintx GCDrainStackTargetSize                   = 64                                        {product} {ergonomic}
   size_t InitialHeapSize                          = 31457280                                  {product} {ergonomic}
   size_t MarkStackSize                            = 4194304                                   {product} {ergonomic}
   size_t MaxHeapSize                              = 503316480                                 {product} {ergonomic}
   size_t MaxNewSize                               = 301989888                                 {product} {ergonomic}
   size_t MinHeapDeltaBytes                        = 1048576                                   {product} {ergonomic}
   size_t MinHeapSize                              = 8388608                                   {product} {ergonomic}
    uintx NonNMethodCodeHeapSize                   = 5826188                                {pd product} {ergonomic}
    uintx NonProfiledCodeHeapSize                  = 122916026                              {pd product} {ergonomic}
    uintx ProfiledCodeHeapSize                     = 122916026                              {pd product} {ergonomic}
    uintx ReservedCodeCacheSize                    = 251658240                              {pd product} {ergonomic}
     bool SegmentedCodeCache                       = true                                      {product} {ergonomic}
   size_t SoftMaxHeapSize                          = 503316480                              {manageable} {ergonomic}
     bool UseCompressedClassPointers               = true                           {product lp64_product} {ergonomic}
     bool UseCompressedOops                        = true                           {product lp64_product} {ergonomic}
     bool UseG1GC                                  = true                                      {product} {ergonomic}
     bool UseLargePagesIndividualAllocation        = false                                  {pd product} {ergonomic}

Logging:
Log output configuration:
 #0: stdout all=warning uptime,level,tags foldmultilines=false
 #1: stderr all=off uptime,level,tags foldmultilines=false

Environment Variables:
PATH=C:\Users\Riallen\.pyenv\pyenv-win\versions\3.10.9;C:\Users\Riallen\.pyenv\pyenv-win\versions\3.10.9\Scripts;C:\Users\Riallen\AppData\Roaming\Python\Python310\Scripts;C:\Users\Riallen\Documents\Work_Text\venv\Scripts;C:\Program Files\Common Files\Oracle\Java\javapath;C:\Windows\System32;C:\Windows;C:\Windows\System32\wbem;C:\Windows\System32\WindowsPowerShell\v1.0\;C:\Windows\System32\OpenSSH\;C:\Program Files\Pandoc\;C:\Program Files\PowerShell\7\;C:\Program Files\Git\cmd;C:\Users\Riallen\.pyenv\pyenv-win\bin;C:\Users\Riallen\AppData\Local\Microsoft\WindowsApps;C:\Users\Riallen\AppData\Local\Programs\MiKTeX\miktex\bin\x64\;C:\Users\Riallen\AppData\Local\GitHubDesktop\bin;C:\Users\Riallen\AppData\Local\Programs\Microsoft VS Code\bin;
USERNAME=Riallen
OS=Windows_NT
PROCESSOR_IDENTIFIER=Intel64 Family 6 Model 23 Stepping 10, GenuineIntel
TMP=C:\Users\Riallen\AppData\Local\Temp
TEMP=C:\Users\Riallen\AppData\Local\Temp



---------------  S Y S T E M  ---------------

OS:
 Windows 10 , 64 bit Build 19041 (10.0.19041.2546)
OS uptime: 11 days 13:09 hours

CPU: total 2 (initial active 2) (2 cores per cpu, 1 threads per core) family 6 model 23 stepping 10 microcode 0xa0c, cx8, cmov, fxsr, mmx, sse, sse2, sse3, ssse3, tsc, clflush

Memory: 4k page, system-wide physical 1917M (276M free)
TotalPageFile size 7805M (AvailPageFile size 0M)
current process WorkingSet (physical memory assigned to process): 106M, peak: 387M
current process commit charge ("private bytes"): 513M, peak: 513M

vm_info: Java HotSpot(TM) 64-Bit Server VM (19.0.1+10-21) for windows-amd64 JRE (19.0.1+10-21), built on 2022-09-14T12:45:06Z by "mach5one" with MS VC++ 17.1 (VS2022)

END.
