#
# There is insufficient memory for the Java Runtime Environment to continue.
# Native memory allocation (mmap) failed to map 156237824 bytes for G1 virtual space
# Possible reasons:
#   The system is out of physical RAM or swap space
#   The process is running with CompressedOops enabled, and the Java Heap may be blocking the growth of the native heap
# Possible solutions:
#   Reduce memory load on the system
#   Increase physical memory or swap space
#   Check if swap backing store is full
#   Decrease Java heap size (-Xmx/-Xms)
#   Decrease number of Java threads
#   Decrease Java thread stack sizes (-Xss)
#   Set larger code cache with -XX:ReservedCodeCacheSize=
#   JVM is running with Unscaled Compressed Oops mode in which the Java heap is
#     placed in the first 4GB address space. The Java Heap base address is the
#     maximum limit for the native heap growth. Please use -XX:HeapBaseMinAddress
#     to set the Java Heap base and to place the Java Heap above 4GB virtual address.
# This output file may be truncated or incomplete.
#
#  Out of Memory Error (os_windows.cpp:3527), pid=12000, tid=512
#
# JRE version: Java(TM) SE Runtime Environment (19.0.1+10) (build 19.0.1+10-21)
# Java VM: Java HotSpot(TM) 64-Bit Server VM (19.0.1+10-21, mixed mode, sharing, tiered, compressed oops, compressed class ptrs, g1 gc, windows-amd64)
# No core dump will be written. Minidumps are not enabled by default on client versions of Windows
#

---------------  S U M M A R Y ------------

Command Line: org.languagetool.server.HTTPServer -p 8086 --config C:\Users\Riallen\AppData\Local\Temp\tmpygp1o3o2

Host: Pentium(R) Dual-Core  CPU      E5700  @ 3.00GHz, 2 cores, 1G,  Windows 10 , 64 bit Build 19041 (10.0.19041.2546)
Time: Wed Mar  8 18:08:09 2023 Hora Padrão de Caracas elapsed time: 216.995512 seconds (0d 0h 3m 36s)

---------------  T H R E A D  ---------------

Current thread (0x000002a9ad9653f0):  VMThread "VM Thread" [stack: 0x000000dc5b700000,0x000000dc5b800000] [id=512]

Stack: [0x000000dc5b700000,0x000000dc5b800000]
Native frames: (J=compiled Java code, j=interpreted, Vv=VM code, C=native code)
V  [jvm.dll+0x6ee8fa]
V  [jvm.dll+0x857a1e]
V  [jvm.dll+0x85940e]
V  [jvm.dll+0x859ac3]
V  [jvm.dll+0x28291f]
V  [jvm.dll+0x6eb6e9]
V  [jvm.dll+0x6e028a]
V  [jvm.dll+0x357136]
V  [jvm.dll+0x35eb96]
V  [jvm.dll+0x3b555e]
V  [jvm.dll+0x3b578f]
V  [jvm.dll+0x32c6ea]
V  [jvm.dll+0x32f276]
V  [jvm.dll+0x339df5]
V  [jvm.dll+0x372a40]
V  [jvm.dll+0x85ef83]
V  [jvm.dll+0x85fd49]
V  [jvm.dll+0x86027d]
V  [jvm.dll+0x86070b]
V  [jvm.dll+0x8607c7]
V  [jvm.dll+0x8015fa]
V  [jvm.dll+0x6ed5eb]
C  [ucrtbase.dll+0x21bb2]
C  [KERNEL32.DLL+0x17614]
C  [ntdll.dll+0x526a1]

VM_Operation (0x000000dc5b3ff740): G1PauseRemark, mode: safepoint, requested by thread 0x000002a9ad8ce550


---------------  P R O C E S S  ---------------

Threads class SMR info:
_java_thread_list=0x000002a9cc3b4b60, length=20, elements={
0x000002a9c790bb80, 0x000002a9c790cf10, 0x000002a9c7911190, 0x000002a9c7912ad0,
0x000002a9c7913400, 0x000002a9c79154e0, 0x000002a9c7917290, 0x000002a9c7923280,
0x000002a9c7928bd0, 0x000002a9cbc37330, 0x000002a9cbc3d510, 0x000002a9cc9f4460,
0x000002a9cc97be40, 0x000002a9ccead330, 0x000002a9ccbe6d70, 0x000002a9ccc11790,
0x000002a9ad899280, 0x000002a9cbc464e0, 0x000002a9cc6e8400, 0x000002a9ce5f3580
}

Java Threads: ( => current thread )
  0x000002a9c790bb80 JavaThread "Reference Handler" daemon [_thread_blocked, id=9604, stack(0x000000dc5b800000,0x000000dc5b900000)]
  0x000002a9c790cf10 JavaThread "Finalizer" daemon [_thread_blocked, id=11564, stack(0x000000dc5b900000,0x000000dc5ba00000)]
  0x000002a9c7911190 JavaThread "Signal Dispatcher" daemon [_thread_blocked, id=10436, stack(0x000000dc5ba00000,0x000000dc5bb00000)]
  0x000002a9c7912ad0 JavaThread "Attach Listener" daemon [_thread_blocked, id=10460, stack(0x000000dc5bb00000,0x000000dc5bc00000)]
  0x000002a9c7913400 JavaThread "Service Thread" daemon [_thread_blocked, id=6528, stack(0x000000dc5bc00000,0x000000dc5bd00000)]
  0x000002a9c79154e0 JavaThread "Monitor Deflation Thread" daemon [_thread_blocked, id=8852, stack(0x000000dc5bd00000,0x000000dc5be00000)]
  0x000002a9c7917290 JavaThread "C2 CompilerThread0" daemon [_thread_blocked, id=9800, stack(0x000000dc5be00000,0x000000dc5bf00000)]
  0x000002a9c7923280 JavaThread "C1 CompilerThread0" daemon [_thread_blocked, id=2376, stack(0x000000dc5bf00000,0x000000dc5c000000)]
  0x000002a9c7928bd0 JavaThread "Sweeper thread" daemon [_thread_blocked, id=1788, stack(0x000000dc5c000000,0x000000dc5c100000)]
  0x000002a9cbc37330 JavaThread "Notification Thread" daemon [_thread_blocked, id=5756, stack(0x000000dc5c100000,0x000000dc5c200000)]
  0x000002a9cbc3d510 JavaThread "Common-Cleaner" daemon [_thread_blocked, id=2748, stack(0x000000dc5c300000,0x000000dc5c400000)]
  0x000002a9cc9f4460 JavaThread "LtThreadPoolMonitor" daemon [_thread_blocked, id=4972, stack(0x000000dc5c500000,0x000000dc5c600000)]
  0x000002a9cc97be40 JavaThread "LtThreadPoolExecutorMonitor" daemon [_thread_blocked, id=8312, stack(0x000000dc5c600000,0x000000dc5c700000)]
  0x000002a9ccead330 JavaThread "LtThreadPoolExecutorMonitor" daemon [_thread_blocked, id=9932, stack(0x000000dc5c700000,0x000000dc5c800000)]
  0x000002a9ccbe6d70 JavaThread "idle-timeout-task" daemon [_thread_blocked, id=9964, stack(0x000000dc5c800000,0x000000dc5c900000)]
  0x000002a9ccc11790 JavaThread "HTTP-Dispatcher" [_thread_in_native, id=6104, stack(0x000000dc5c900000,0x000000dc5ca00000)]
  0x000002a9ad899280 JavaThread "DestroyJavaVM" [_thread_blocked, id=10604, stack(0x000000dc5b100000,0x000000dc5b200000)]
  0x000002a9cbc464e0 JavaThread "lt-server-thread-0" [_thread_blocked, id=7628, stack(0x000000dc5ca00000,0x000000dc5cb00000)]
  0x000002a9cc6e8400 JavaThread "lt-text-checker-thread-0" [_thread_blocked, id=4052, stack(0x000000dc5cb00000,0x000000dc5cc00000)]
  0x000002a9ce5f3580 JavaThread "lt-server-thread-1" [_thread_blocked, id=2228, stack(0x000000dc5af00000,0x000000dc5b000000)]

Other Threads:
=>0x000002a9ad9653f0 VMThread "VM Thread" [stack: 0x000000dc5b700000,0x000000dc5b800000] [id=512]
  0x000002a9cbc3d0b0 WatcherThread "VM Periodic Task Thread" [stack: 0x000000dc5c200000,0x000000dc5c300000] [id=9084]
  0x000002a9ad8c9850 WorkerThread "GC Thread#0" [stack: 0x000000dc5b200000,0x000000dc5b300000] [id=11524]
  0x000002a9cbcbb4c0 WorkerThread "GC Thread#1" [stack: 0x000000dc5c400000,0x000000dc5c500000] [id=7736]
  0x000002a9ad8ce550 ConcurrentGCThread "G1 Main Marker" [stack: 0x000000dc5b300000,0x000000dc5b400000] [id=7472]
  0x000002a9ad8cef80 WorkerThread "G1 Conc#0" [stack: 0x000000dc5b400000,0x000000dc5b500000] [id=956]
  0x000002a9ad904a40 ConcurrentGCThread "G1 Refine#0" [stack: 0x000000dc5b500000,0x000000dc5b600000] [id=6368]
  0x000002a9ad905580 ConcurrentGCThread "G1 Service" [stack: 0x000000dc5b600000,0x000000dc5b700000] [id=2756]

Threads with active compile tasks:

VM state: at safepoint (normal execution)

VM Mutex/Monitor currently owned by a thread:  ([mutex/lock_event])
[0x000002a9ad882d60] Threads_lock - owner thread: 0x000002a9ad9653f0
[0x000002a9ad881fe0] Heap_lock - owner thread: 0x000002a9ad8ce550

Heap address: 0x00000000e2000000, size: 480 MB, Compressed Oops mode: 32-bit

CDS archive(s) mapped at: [0x0000000800000000-0x0000000800c40000-0x0000000800c40000), size 12845056, SharedBaseAddress: 0x0000000800000000, ArchiveRelocationMode: 0.
Compressed class space mapped at: 0x0000000801000000-0x0000000841000000, reserved size: 1073741824
Narrow klass base: 0x0000000800000000, Narrow klass shift: 0, Narrow klass range: 0x100000000

GC Precious Log:
 CardTable entry size: 512
 Card Set container configuration: InlinePtr #cards 5 size 8 Array Of Cards #cards 12 size 40 Howl #buckets 4 coarsen threshold 1843 Howl Bitmap #cards 512 size 80 coarsen threshold 460 Card regions per heap region 1 cards per card region 2048
 CPUs: 2 total, 2 available
 Memory: 1917M
 Large Page Support: Disabled
 NUMA Support: Disabled
 Compressed Oops: Enabled (32-bit)
 Heap Region Size: 1M
 Heap Min Capacity: 8M
 Heap Initial Capacity: 30M
 Heap Max Capacity: 480M
 Pre-touch: Disabled
 Parallel Workers: 2
 Concurrent Workers: 1
 Concurrent Refinement Workers: 2
 Periodic GC: Disabled

Heap:
 garbage-first heap   total 328704K, used 284622K [0x00000000e2000000, 0x0000000100000000)
  region size 1024K, 5 young (5120K), 1 survivors (1024K)
 Metaspace       used 19709K, committed 20032K, reserved 1114112K
  class space    used 1932K, committed 2112K, reserved 1048576K

Heap Regions: E=young(eden), S=young(survivor), O=old, HS=humongous(starts), HC=humongous(continues), CS=collection set, F=free, OA=open archive, CA=closed archive, TAMS=top-at-mark-start (previous, next)
|   0|0x00000000e2000000, 0x00000000e2100000, 0x00000000e2100000|100%| O|  |TAMS 0x00000000e2100000, 0x00000000e2000000| Untracked 
|   1|0x00000000e2100000, 0x00000000e2200000, 0x00000000e2200000|100%| O|  |TAMS 0x00000000e2200000, 0x00000000e2100000| Untracked 
|   2|0x00000000e2200000, 0x00000000e2300000, 0x00000000e2300000|100%| O|  |TAMS 0x00000000e2300000, 0x00000000e2200000| Untracked 
|   3|0x00000000e2300000, 0x00000000e2400000, 0x00000000e2400000|100%| O|  |TAMS 0x00000000e2400000, 0x00000000e2300000| Updating 
|   4|0x00000000e2400000, 0x00000000e2500000, 0x00000000e2500000|100%| O|  |TAMS 0x00000000e2500000, 0x00000000e2400000| Untracked 
|   5|0x00000000e2500000, 0x00000000e2600000, 0x00000000e2600000|100%| O|  |TAMS 0x00000000e2600000, 0x00000000e2500000| Untracked 
|   6|0x00000000e2600000, 0x00000000e2700000, 0x00000000e2700000|100%| O|  |TAMS 0x00000000e2700000, 0x00000000e2600000| Untracked 
|   7|0x00000000e2700000, 0x00000000e2800000, 0x00000000e2800000|100%| O|  |TAMS 0x00000000e2800000, 0x00000000e2700000| Untracked 
|   8|0x00000000e2800000, 0x00000000e2900000, 0x00000000e2900000|100%| O|  |TAMS 0x00000000e2900000, 0x00000000e2800000| Untracked 
|   9|0x00000000e2900000, 0x00000000e2a00000, 0x00000000e2a00000|100%| O|  |TAMS 0x00000000e2a00000, 0x00000000e2900000| Updating 
|  10|0x00000000e2a00000, 0x00000000e2b00000, 0x00000000e2b00000|100%| O|  |TAMS 0x00000000e2b00000, 0x00000000e2a00000| Untracked 
|  11|0x00000000e2b00000, 0x00000000e2c00000, 0x00000000e2c00000|100%| O|  |TAMS 0x00000000e2c00000, 0x00000000e2b00000| Updating 
|  12|0x00000000e2c00000, 0x00000000e2d00000, 0x00000000e2d00000|100%|HS|  |TAMS 0x00000000e2d00000, 0x00000000e2c00000| Complete 
|  13|0x00000000e2d00000, 0x00000000e2e00000, 0x00000000e2e00000|100%| O|  |TAMS 0x00000000e2e00000, 0x00000000e2d00000| Untracked 
|  14|0x00000000e2e00000, 0x00000000e2f00000, 0x00000000e2f00000|100%| O|  |TAMS 0x00000000e2f00000, 0x00000000e2e00000| Updating 
|  15|0x00000000e2f00000, 0x00000000e3000000, 0x00000000e3000000|100%| O|  |TAMS 0x00000000e3000000, 0x00000000e2f00000| Untracked 
|  16|0x00000000e3000000, 0x00000000e3100000, 0x00000000e3100000|100%| O|  |TAMS 0x00000000e3100000, 0x00000000e3000000| Updating 
|  17|0x00000000e3100000, 0x00000000e3200000, 0x00000000e3200000|100%| O|  |TAMS 0x00000000e3200000, 0x00000000e3100000| Updating 
|  18|0x00000000e3200000, 0x00000000e3300000, 0x00000000e3300000|100%| O|  |TAMS 0x00000000e3300000, 0x00000000e3200000| Updating 
|  19|0x00000000e3300000, 0x00000000e3400000, 0x00000000e3400000|100%| O|  |TAMS 0x00000000e3400000, 0x00000000e3300000| Updating 
|  20|0x00000000e3400000, 0x00000000e3500000, 0x00000000e3500000|100%| O|  |TAMS 0x00000000e3500000, 0x00000000e3400000| Updating 
|  21|0x00000000e3500000, 0x00000000e3600000, 0x00000000e3600000|100%| O|  |TAMS 0x00000000e3600000, 0x00000000e3500000| Updating 
|  22|0x00000000e3600000, 0x00000000e3700000, 0x00000000e3700000|100%| O|  |TAMS 0x00000000e3700000, 0x00000000e3600000| Untracked 
|  23|0x00000000e3700000, 0x00000000e3800000, 0x00000000e3800000|100%| O|  |TAMS 0x00000000e3800000, 0x00000000e3700000| Untracked 
|  24|0x00000000e3800000, 0x00000000e3900000, 0x00000000e3900000|100%| O|  |TAMS 0x00000000e3900000, 0x00000000e3800000| Updating 
|  25|0x00000000e3900000, 0x00000000e3a00000, 0x00000000e3a00000|100%| O|  |TAMS 0x00000000e3a00000, 0x00000000e3900000| Untracked 
|  26|0x00000000e3a00000, 0x00000000e3b00000, 0x00000000e3b00000|100%| O|  |TAMS 0x00000000e3b00000, 0x00000000e3a00000| Untracked 
|  27|0x00000000e3b00000, 0x00000000e3c00000, 0x00000000e3c00000|100%| O|  |TAMS 0x00000000e3c00000, 0x00000000e3b00000| Untracked 
|  28|0x00000000e3c00000, 0x00000000e3d00000, 0x00000000e3d00000|100%| O|  |TAMS 0x00000000e3d00000, 0x00000000e3c00000| Untracked 
|  29|0x00000000e3d00000, 0x00000000e3e00000, 0x00000000e3e00000|100%|HS|  |TAMS 0x00000000e3e00000, 0x00000000e3d00000| Complete 
|  30|0x00000000e3e00000, 0x00000000e3f00000, 0x00000000e3f00000|100%| O|  |TAMS 0x00000000e3f00000, 0x00000000e3e00000| Untracked 
|  31|0x00000000e3f00000, 0x00000000e4000000, 0x00000000e4000000|100%| O|  |TAMS 0x00000000e4000000, 0x00000000e3f00000| Untracked 
|  32|0x00000000e4000000, 0x00000000e4100000, 0x00000000e4100000|100%| O|  |TAMS 0x00000000e4100000, 0x00000000e4000000| Untracked 
|  33|0x00000000e4100000, 0x00000000e4200000, 0x00000000e4200000|100%| O|  |TAMS 0x00000000e4200000, 0x00000000e4100000| Untracked 
|  34|0x00000000e4200000, 0x00000000e4300000, 0x00000000e4300000|100%| O|  |TAMS 0x00000000e4300000, 0x00000000e4200000| Untracked 
|  35|0x00000000e4300000, 0x00000000e4400000, 0x00000000e4400000|100%| O|  |TAMS 0x00000000e4400000, 0x00000000e4300000| Untracked 
|  36|0x00000000e4400000, 0x00000000e4500000, 0x00000000e4500000|100%| O|  |TAMS 0x00000000e4500000, 0x00000000e4400000| Untracked 
|  37|0x00000000e4500000, 0x00000000e4600000, 0x00000000e4600000|100%| O|  |TAMS 0x00000000e4600000, 0x00000000e4500000| Untracked 
|  38|0x00000000e4600000, 0x00000000e4700000, 0x00000000e4700000|100%| O|  |TAMS 0x00000000e4700000, 0x00000000e4600000| Untracked 
|  39|0x00000000e4700000, 0x00000000e4800000, 0x00000000e4800000|100%| O|  |TAMS 0x00000000e4800000, 0x00000000e4700000| Untracked 
|  40|0x00000000e4800000, 0x00000000e4900000, 0x00000000e4900000|100%| O|  |TAMS 0x00000000e4900000, 0x00000000e4800000| Untracked 
|  41|0x00000000e4900000, 0x00000000e4a00000, 0x00000000e4a00000|100%| O|  |TAMS 0x00000000e4a00000, 0x00000000e4900000| Untracked 
|  42|0x00000000e4a00000, 0x00000000e4b00000, 0x00000000e4b00000|100%| O|  |TAMS 0x00000000e4b00000, 0x00000000e4a00000| Updating 
|  43|0x00000000e4b00000, 0x00000000e4c00000, 0x00000000e4c00000|100%| O|  |TAMS 0x00000000e4c00000, 0x00000000e4b00000| Untracked 
|  44|0x00000000e4c00000, 0x00000000e4d00000, 0x00000000e4d00000|100%| O|  |TAMS 0x00000000e4d00000, 0x00000000e4c00000| Updating 
|  45|0x00000000e4d00000, 0x00000000e4e00000, 0x00000000e4e00000|100%| O|  |TAMS 0x00000000e4e00000, 0x00000000e4d00000| Untracked 
|  46|0x00000000e4e00000, 0x00000000e4f00000, 0x00000000e4f00000|100%| O|  |TAMS 0x00000000e4f00000, 0x00000000e4e00000| Untracked 
|  47|0x00000000e4f00000, 0x00000000e5000000, 0x00000000e5000000|100%| O|  |TAMS 0x00000000e5000000, 0x00000000e4f00000| Untracked 
|  48|0x00000000e5000000, 0x00000000e5100000, 0x00000000e5100000|100%| O|  |TAMS 0x00000000e5100000, 0x00000000e5000000| Untracked 
|  49|0x00000000e5100000, 0x00000000e5200000, 0x00000000e5200000|100%| O|  |TAMS 0x00000000e5200000, 0x00000000e5100000| Updating 
|  50|0x00000000e5200000, 0x00000000e5300000, 0x00000000e5300000|100%| O|  |TAMS 0x00000000e5300000, 0x00000000e5200000| Untracked 
|  51|0x00000000e5300000, 0x00000000e5400000, 0x00000000e5400000|100%| O|  |TAMS 0x00000000e5400000, 0x00000000e5300000| Untracked 
|  52|0x00000000e5400000, 0x00000000e5500000, 0x00000000e5500000|100%| O|  |TAMS 0x00000000e5500000, 0x00000000e5400000| Untracked 
|  53|0x00000000e5500000, 0x00000000e5600000, 0x00000000e5600000|100%| O|  |TAMS 0x00000000e5600000, 0x00000000e5500000| Updating 
|  54|0x00000000e5600000, 0x00000000e5700000, 0x00000000e5700000|100%| O|  |TAMS 0x00000000e5700000, 0x00000000e5600000| Untracked 
|  55|0x00000000e5700000, 0x00000000e5800000, 0x00000000e5800000|100%| O|  |TAMS 0x00000000e5800000, 0x00000000e5700000| Untracked 
|  56|0x00000000e5800000, 0x00000000e5900000, 0x00000000e5900000|100%| O|  |TAMS 0x00000000e5900000, 0x00000000e5800000| Untracked 
|  57|0x00000000e5900000, 0x00000000e5a00000, 0x00000000e5a00000|100%| O|  |TAMS 0x00000000e5a00000, 0x00000000e5900000| Untracked 
|  58|0x00000000e5a00000, 0x00000000e5b00000, 0x00000000e5b00000|100%| O|  |TAMS 0x00000000e5b00000, 0x00000000e5a00000| Updating 
|  59|0x00000000e5b00000, 0x00000000e5c00000, 0x00000000e5c00000|100%| O|  |TAMS 0x00000000e5c00000, 0x00000000e5b00000| Updating 
|  60|0x00000000e5c00000, 0x00000000e5d00000, 0x00000000e5d00000|100%| O|  |TAMS 0x00000000e5d00000, 0x00000000e5c00000| Updating 
|  61|0x00000000e5d00000, 0x00000000e5e00000, 0x00000000e5e00000|100%| O|  |TAMS 0x00000000e5e00000, 0x00000000e5d00000| Untracked 
|  62|0x00000000e5e00000, 0x00000000e5f00000, 0x00000000e5f00000|100%| O|  |TAMS 0x00000000e5f00000, 0x00000000e5e00000| Updating 
|  63|0x00000000e5f00000, 0x00000000e6000000, 0x00000000e6000000|100%| O|  |TAMS 0x00000000e6000000, 0x00000000e5f00000| Updating 
|  64|0x00000000e6000000, 0x00000000e6100000, 0x00000000e6100000|100%| O|  |TAMS 0x00000000e6100000, 0x00000000e6000000| Untracked 
|  65|0x00000000e6100000, 0x00000000e6200000, 0x00000000e6200000|100%| O|  |TAMS 0x00000000e6200000, 0x00000000e6100000| Updating 
|  66|0x00000000e6200000, 0x00000000e6300000, 0x00000000e6300000|100%| O|  |TAMS 0x00000000e6300000, 0x00000000e6200000| Updating 
|  67|0x00000000e6300000, 0x00000000e6400000, 0x00000000e6400000|100%| O|  |TAMS 0x00000000e6400000, 0x00000000e6300000| Updating 
|  68|0x00000000e6400000, 0x00000000e6500000, 0x00000000e6500000|100%| O|  |TAMS 0x00000000e6500000, 0x00000000e6400000| Updating 
|  69|0x00000000e6500000, 0x00000000e65cd600, 0x00000000e6600000| 80%| O|  |TAMS 0x00000000e65cd600, 0x00000000e6500000| Updating 
|  70|0x00000000e6600000, 0x00000000e6700000, 0x00000000e6700000|100%| O|  |TAMS 0x00000000e6700000, 0x00000000e6600000| Untracked 
|  71|0x00000000e6700000, 0x00000000e6800000, 0x00000000e6800000|100%| O|  |TAMS 0x00000000e6800000, 0x00000000e6700000| Updating 
|  72|0x00000000e6800000, 0x00000000e6900000, 0x00000000e6900000|100%| O|  |TAMS 0x00000000e6900000, 0x00000000e6800000| Updating 
|  73|0x00000000e6900000, 0x00000000e6a00000, 0x00000000e6a00000|100%| O|  |TAMS 0x00000000e6a00000, 0x00000000e6900000| Untracked 
|  74|0x00000000e6a00000, 0x00000000e6b00000, 0x00000000e6b00000|100%| O|  |TAMS 0x00000000e6b00000, 0x00000000e6a00000| Untracked 
|  75|0x00000000e6b00000, 0x00000000e6c00000, 0x00000000e6c00000|100%| O|  |TAMS 0x00000000e6c00000, 0x00000000e6b00000| Untracked 
|  76|0x00000000e6c00000, 0x00000000e6d00000, 0x00000000e6d00000|100%| O|  |TAMS 0x00000000e6d00000, 0x00000000e6c00000| Untracked 
|  77|0x00000000e6d00000, 0x00000000e6e00000, 0x00000000e6e00000|100%| O|  |TAMS 0x00000000e6e00000, 0x00000000e6d00000| Untracked 
|  78|0x00000000e6e00000, 0x00000000e6f00000, 0x00000000e6f00000|100%| O|  |TAMS 0x00000000e6f00000, 0x00000000e6e00000| Updating 
|  79|0x00000000e6f00000, 0x00000000e7000000, 0x00000000e7000000|100%| O|  |TAMS 0x00000000e7000000, 0x00000000e6f00000| Untracked 
|  80|0x00000000e7000000, 0x00000000e7100000, 0x00000000e7100000|100%| O|  |TAMS 0x00000000e7100000, 0x00000000e7000000| Untracked 
|  81|0x00000000e7100000, 0x00000000e7200000, 0x00000000e7200000|100%| O|  |TAMS 0x00000000e7200000, 0x00000000e7100000| Untracked 
|  82|0x00000000e7200000, 0x00000000e7300000, 0x00000000e7300000|100%| O|  |TAMS 0x00000000e7300000, 0x00000000e7200000| Untracked 
|  83|0x00000000e7300000, 0x00000000e7400000, 0x00000000e7400000|100%| O|  |TAMS 0x00000000e7400000, 0x00000000e7300000| Untracked 
|  84|0x00000000e7400000, 0x00000000e7500000, 0x00000000e7500000|100%| O|  |TAMS 0x00000000e7500000, 0x00000000e7400000| Untracked 
|  85|0x00000000e7500000, 0x00000000e7600000, 0x00000000e7600000|100%| O|  |TAMS 0x00000000e7600000, 0x00000000e7500000| Untracked 
|  86|0x00000000e7600000, 0x00000000e7700000, 0x00000000e7700000|100%| O|  |TAMS 0x00000000e7700000, 0x00000000e7600000| Updating 
|  87|0x00000000e7700000, 0x00000000e7800000, 0x00000000e7800000|100%| O|  |TAMS 0x00000000e7800000, 0x00000000e7700000| Untracked 
|  88|0x00000000e7800000, 0x00000000e7900000, 0x00000000e7900000|100%| O|  |TAMS 0x00000000e7900000, 0x00000000e7800000| Untracked 
|  89|0x00000000e7900000, 0x00000000e7a00000, 0x00000000e7a00000|100%| O|  |TAMS 0x00000000e7a00000, 0x00000000e7900000| Untracked 
|  90|0x00000000e7a00000, 0x00000000e7b00000, 0x00000000e7b00000|100%| O|  |TAMS 0x00000000e7b00000, 0x00000000e7a00000| Updating 
|  91|0x00000000e7b00000, 0x00000000e7c00000, 0x00000000e7c00000|100%| O|  |TAMS 0x00000000e7c00000, 0x00000000e7b00000| Untracked 
|  92|0x00000000e7c00000, 0x00000000e7d00000, 0x00000000e7d00000|100%| O|  |TAMS 0x00000000e7d00000, 0x00000000e7c00000| Untracked 
|  93|0x00000000e7d00000, 0x00000000e7e00000, 0x00000000e7e00000|100%| O|  |TAMS 0x00000000e7e00000, 0x00000000e7d00000| Untracked 
|  94|0x00000000e7e00000, 0x00000000e7f00000, 0x00000000e7f00000|100%| O|  |TAMS 0x00000000e7f00000, 0x00000000e7e00000| Untracked 
|  95|0x00000000e7f00000, 0x00000000e8000000, 0x00000000e8000000|100%| O|  |TAMS 0x00000000e8000000, 0x00000000e7f00000| Untracked 
|  96|0x00000000e8000000, 0x00000000e8100000, 0x00000000e8100000|100%| O|  |TAMS 0x00000000e8100000, 0x00000000e8000000| Untracked 
|  97|0x00000000e8100000, 0x00000000e8200000, 0x00000000e8200000|100%| O|  |TAMS 0x00000000e8200000, 0x00000000e8100000| Untracked 
|  98|0x00000000e8200000, 0x00000000e8300000, 0x00000000e8300000|100%| O|  |TAMS 0x00000000e8300000, 0x00000000e8200000| Updating 
|  99|0x00000000e8300000, 0x00000000e8400000, 0x00000000e8400000|100%| O|  |TAMS 0x00000000e8400000, 0x00000000e8300000| Updating 
| 100|0x00000000e8400000, 0x00000000e8500000, 0x00000000e8500000|100%| O|  |TAMS 0x00000000e8500000, 0x00000000e8400000| Untracked 
| 101|0x00000000e8500000, 0x00000000e8600000, 0x00000000e8600000|100%| O|  |TAMS 0x00000000e8600000, 0x00000000e8500000| Untracked 
| 102|0x00000000e8600000, 0x00000000e8700000, 0x00000000e8700000|100%| O|  |TAMS 0x00000000e8700000, 0x00000000e8600000| Untracked 
| 103|0x00000000e8700000, 0x00000000e8800000, 0x00000000e8800000|100%| O|  |TAMS 0x00000000e8800000, 0x00000000e8700000| Untracked 
| 104|0x00000000e8800000, 0x00000000e8900000, 0x00000000e8900000|100%| O|  |TAMS 0x00000000e8900000, 0x00000000e8800000| Untracked 
| 105|0x00000000e8900000, 0x00000000e8a00000, 0x00000000e8a00000|100%| O|  |TAMS 0x00000000e8a00000, 0x00000000e8900000| Untracked 
| 106|0x00000000e8a00000, 0x00000000e8b00000, 0x00000000e8b00000|100%| O|  |TAMS 0x00000000e8b00000, 0x00000000e8a00000| Untracked 
| 107|0x00000000e8b00000, 0x00000000e8c00000, 0x00000000e8c00000|100%| O|  |TAMS 0x00000000e8c00000, 0x00000000e8b00000| Untracked 
| 108|0x00000000e8c00000, 0x00000000e8d00000, 0x00000000e8d00000|100%| O|  |TAMS 0x00000000e8d00000, 0x00000000e8c00000| Updating 
| 109|0x00000000e8d00000, 0x00000000e8e00000, 0x00000000e8e00000|100%| O|  |TAMS 0x00000000e8e00000, 0x00000000e8d00000| Untracked 
| 110|0x00000000e8e00000, 0x00000000e8f00000, 0x00000000e8f00000|100%| O|  |TAMS 0x00000000e8f00000, 0x00000000e8e00000| Untracked 
| 111|0x00000000e8f00000, 0x00000000e9000000, 0x00000000e9000000|100%| O|  |TAMS 0x00000000e9000000, 0x00000000e8f00000| Untracked 
| 112|0x00000000e9000000, 0x00000000e9100000, 0x00000000e9100000|100%| O|  |TAMS 0x00000000e9100000, 0x00000000e9000000| Updating 
| 113|0x00000000e9100000, 0x00000000e9200000, 0x00000000e9200000|100%| O|  |TAMS 0x00000000e9200000, 0x00000000e9100000| Untracked 
| 114|0x00000000e9200000, 0x00000000e9300000, 0x00000000e9300000|100%| O|  |TAMS 0x00000000e9300000, 0x00000000e9200000| Untracked 
| 115|0x00000000e9300000, 0x00000000e9400000, 0x00000000e9400000|100%| O|  |TAMS 0x00000000e9400000, 0x00000000e9300000| Untracked 
| 116|0x00000000e9400000, 0x00000000e9500000, 0x00000000e9500000|100%| O|  |TAMS 0x00000000e9500000, 0x00000000e9400000| Untracked 
| 117|0x00000000e9500000, 0x00000000e9600000, 0x00000000e9600000|100%| O|  |TAMS 0x00000000e9600000, 0x00000000e9500000| Untracked 
| 118|0x00000000e9600000, 0x00000000e9700000, 0x00000000e9700000|100%| O|  |TAMS 0x00000000e9700000, 0x00000000e9600000| Untracked 
| 119|0x00000000e9700000, 0x00000000e9800000, 0x00000000e9800000|100%| O|  |TAMS 0x00000000e9800000, 0x00000000e9700000| Untracked 
| 120|0x00000000e9800000, 0x00000000e9900000, 0x00000000e9900000|100%| O|  |TAMS 0x00000000e9900000, 0x00000000e9800000| Updating 
| 121|0x00000000e9900000, 0x00000000e9a00000, 0x00000000e9a00000|100%| O|  |TAMS 0x00000000e9a00000, 0x00000000e9900000| Untracked 
| 122|0x00000000e9a00000, 0x00000000e9b00000, 0x00000000e9b00000|100%| O|  |TAMS 0x00000000e9b00000, 0x00000000e9a00000| Untracked 
| 123|0x00000000e9b00000, 0x00000000e9c00000, 0x00000000e9c00000|100%| O|  |TAMS 0x00000000e9c00000, 0x00000000e9b00000| Untracked 
| 124|0x00000000e9c00000, 0x00000000e9d00000, 0x00000000e9d00000|100%| O|  |TAMS 0x00000000e9d00000, 0x00000000e9c00000| Untracked 
| 125|0x00000000e9d00000, 0x00000000e9e00000, 0x00000000e9e00000|100%| O|  |TAMS 0x00000000e9e00000, 0x00000000e9d00000| Untracked 
| 126|0x00000000e9e00000, 0x00000000e9f00000, 0x00000000e9f00000|100%| O|  |TAMS 0x00000000e9f00000, 0x00000000e9e00000| Untracked 
| 127|0x00000000e9f00000, 0x00000000ea000000, 0x00000000ea000000|100%| O|  |TAMS 0x00000000ea000000, 0x00000000e9f00000| Untracked 
| 128|0x00000000ea000000, 0x00000000ea100000, 0x00000000ea100000|100%| O|  |TAMS 0x00000000ea100000, 0x00000000ea000000| Untracked 
| 129|0x00000000ea100000, 0x00000000ea200000, 0x00000000ea200000|100%| O|  |TAMS 0x00000000ea200000, 0x00000000ea100000| Untracked 
| 130|0x00000000ea200000, 0x00000000ea300000, 0x00000000ea300000|100%| O|  |TAMS 0x00000000ea300000, 0x00000000ea200000| Untracked 
| 131|0x00000000ea300000, 0x00000000ea400000, 0x00000000ea400000|100%| O|  |TAMS 0x00000000ea400000, 0x00000000ea300000| Untracked 
| 132|0x00000000ea400000, 0x00000000ea500000, 0x00000000ea500000|100%| O|  |TAMS 0x00000000ea500000, 0x00000000ea400000| Updating 
| 133|0x00000000ea500000, 0x00000000ea600000, 0x00000000ea600000|100%| O|  |TAMS 0x00000000ea600000, 0x00000000ea500000| Updating 
| 134|0x00000000ea600000, 0x00000000ea700000, 0x00000000ea700000|100%| O|  |TAMS 0x00000000ea700000, 0x00000000ea600000| Untracked 
| 135|0x00000000ea700000, 0x00000000ea800000, 0x00000000ea800000|100%| O|  |TAMS 0x00000000ea800000, 0x00000000ea700000| Untracked 
| 136|0x00000000ea800000, 0x00000000ea900000, 0x00000000ea900000|100%| O|  |TAMS 0x00000000ea900000, 0x00000000ea800000| Untracked 
| 137|0x00000000ea900000, 0x00000000eaa00000, 0x00000000eaa00000|100%| O|  |TAMS 0x00000000eaa00000, 0x00000000ea900000| Updating 
| 138|0x00000000eaa00000, 0x00000000eab00000, 0x00000000eab00000|100%| O|  |TAMS 0x00000000eab00000, 0x00000000eaa00000| Untracked 
| 139|0x00000000eab00000, 0x00000000eac00000, 0x00000000eac00000|100%| O|  |TAMS 0x00000000eac00000, 0x00000000eab00000| Updating 
| 140|0x00000000eac00000, 0x00000000eac24c00, 0x00000000ead00000| 14%| O|  |TAMS 0x00000000eac24c00, 0x00000000eac00000| Updating 
| 141|0x00000000ead00000, 0x00000000eae00000, 0x00000000eae00000|100%|HS|  |TAMS 0x00000000eae00000, 0x00000000ead00000| Complete 
| 142|0x00000000eae00000, 0x00000000eaf00000, 0x00000000eaf00000|100%|HC|  |TAMS 0x00000000eaf00000, 0x00000000eae00000| Complete 
| 143|0x00000000eaf00000, 0x00000000eb000000, 0x00000000eb000000|100%|HC|  |TAMS 0x00000000eb000000, 0x00000000eaf00000| Complete 
| 144|0x00000000eb000000, 0x00000000eb100000, 0x00000000eb100000|100%|HC|  |TAMS 0x00000000eb100000, 0x00000000eb000000| Complete 
| 145|0x00000000eb100000, 0x00000000eb200000, 0x00000000eb200000|100%|HC|  |TAMS 0x00000000eb200000, 0x00000000eb100000| Complete 
| 146|0x00000000eb200000, 0x00000000eb300000, 0x00000000eb300000|100%|HC|  |TAMS 0x00000000eb300000, 0x00000000eb200000| Complete 
| 147|0x00000000eb300000, 0x00000000eb400000, 0x00000000eb400000|100%|HC|  |TAMS 0x00000000eb400000, 0x00000000eb300000| Complete 
| 148|0x00000000eb400000, 0x00000000eb500000, 0x00000000eb500000|100%|HC|  |TAMS 0x00000000eb500000, 0x00000000eb400000| Complete 
| 149|0x00000000eb500000, 0x00000000eb600000, 0x00000000eb600000|100%|HC|  |TAMS 0x00000000eb600000, 0x00000000eb500000| Complete 
| 150|0x00000000eb600000, 0x00000000eb700000, 0x00000000eb700000|100%|HC|  |TAMS 0x00000000eb700000, 0x00000000eb600000| Complete 
| 151|0x00000000eb700000, 0x00000000eb800000, 0x00000000eb800000|100%|HC|  |TAMS 0x00000000eb800000, 0x00000000eb700000| Complete 
| 152|0x00000000eb800000, 0x00000000eb900000, 0x00000000eb900000|100%|HC|  |TAMS 0x00000000eb900000, 0x00000000eb800000| Complete 
| 153|0x00000000eb900000, 0x00000000eba00000, 0x00000000eba00000|100%|HC|  |TAMS 0x00000000eba00000, 0x00000000eb900000| Complete 
| 154|0x00000000eba00000, 0x00000000ebb00000, 0x00000000ebb00000|100%|HC|  |TAMS 0x00000000ebb00000, 0x00000000eba00000| Complete 
| 155|0x00000000ebb00000, 0x00000000ebc00000, 0x00000000ebc00000|100%|HC|  |TAMS 0x00000000ebc00000, 0x00000000ebb00000| Complete 
| 156|0x00000000ebc00000, 0x00000000ebd00000, 0x00000000ebd00000|100%|HC|  |TAMS 0x00000000ebd00000, 0x00000000ebc00000| Complete 
| 157|0x00000000ebd00000, 0x00000000ebe00000, 0x00000000ebe00000|100%|HC|  |TAMS 0x00000000ebe00000, 0x00000000ebd00000| Complete 
| 158|0x00000000ebe00000, 0x00000000ebf00000, 0x00000000ebf00000|100%|HC|  |TAMS 0x00000000ebf00000, 0x00000000ebe00000| Complete 
| 159|0x00000000ebf00000, 0x00000000ec000000, 0x00000000ec000000|100%|HC|  |TAMS 0x00000000ec000000, 0x00000000ebf00000| Complete 
| 160|0x00000000ec000000, 0x00000000ec100000, 0x00000000ec100000|100%|HC|  |TAMS 0x00000000ec100000, 0x00000000ec000000| Complete 
| 161|0x00000000ec100000, 0x00000000ec200000, 0x00000000ec200000|100%|HC|  |TAMS 0x00000000ec200000, 0x00000000ec100000| Complete 
| 162|0x00000000ec200000, 0x00000000ec300000, 0x00000000ec300000|100%|HC|  |TAMS 0x00000000ec300000, 0x00000000ec200000| Complete 
| 163|0x00000000ec300000, 0x00000000ec300000, 0x00000000ec400000|  0%| F|  |TAMS 0x00000000ec300000, 0x00000000ec300000| Untracked 
| 164|0x00000000ec400000, 0x00000000ec400000, 0x00000000ec500000|  0%| F|  |TAMS 0x00000000ec400000, 0x00000000ec400000| Untracked 
| 165|0x00000000ec500000, 0x00000000ec500000, 0x00000000ec600000|  0%| F|  |TAMS 0x00000000ec500000, 0x00000000ec500000| Untracked 
| 166|0x00000000ec600000, 0x00000000ec600000, 0x00000000ec700000|  0%| F|  |TAMS 0x00000000ec600000, 0x00000000ec600000| Untracked 
| 167|0x00000000ec700000, 0x00000000ec700000, 0x00000000ec800000|  0%| F|  |TAMS 0x00000000ec700000, 0x00000000ec700000| Untracked 
| 168|0x00000000ec800000, 0x00000000ec800000, 0x00000000ec900000|  0%| F|  |TAMS 0x00000000ec800000, 0x00000000ec800000| Untracked 
| 169|0x00000000ec900000, 0x00000000ec900000, 0x00000000eca00000|  0%| F|  |TAMS 0x00000000ec900000, 0x00000000ec900000| Untracked 
| 170|0x00000000eca00000, 0x00000000eca00000, 0x00000000ecb00000|  0%| F|  |TAMS 0x00000000eca00000, 0x00000000eca00000| Untracked 
| 171|0x00000000ecb00000, 0x00000000ecb00000, 0x00000000ecc00000|  0%| F|  |TAMS 0x00000000ecb00000, 0x00000000ecb00000| Untracked 
| 172|0x00000000ecc00000, 0x00000000ecc00000, 0x00000000ecd00000|  0%| F|  |TAMS 0x00000000ecc00000, 0x00000000ecc00000| Untracked 
| 173|0x00000000ecd00000, 0x00000000ecd00000, 0x00000000ece00000|  0%| F|  |TAMS 0x00000000ecd00000, 0x00000000ecd00000| Untracked 
| 174|0x00000000ece00000, 0x00000000ece00000, 0x00000000ecf00000|  0%| F|  |TAMS 0x00000000ece00000, 0x00000000ece00000| Untracked 
| 175|0x00000000ecf00000, 0x00000000ecf00000, 0x00000000ed000000|  0%| F|  |TAMS 0x00000000ecf00000, 0x00000000ecf00000| Untracked 
| 176|0x00000000ed000000, 0x00000000ed000000, 0x00000000ed100000|  0%| F|  |TAMS 0x00000000ed000000, 0x00000000ed000000| Untracked 
| 177|0x00000000ed100000, 0x00000000ed100000, 0x00000000ed200000|  0%| F|  |TAMS 0x00000000ed100000, 0x00000000ed100000| Untracked 
| 178|0x00000000ed200000, 0x00000000ed200000, 0x00000000ed300000|  0%| F|  |TAMS 0x00000000ed200000, 0x00000000ed200000| Untracked 
| 179|0x00000000ed300000, 0x00000000ed300000, 0x00000000ed400000|  0%| F|  |TAMS 0x00000000ed300000, 0x00000000ed300000| Untracked 
| 180|0x00000000ed400000, 0x00000000ed400000, 0x00000000ed500000|  0%| F|  |TAMS 0x00000000ed400000, 0x00000000ed400000| Untracked 
| 181|0x00000000ed500000, 0x00000000ed500000, 0x00000000ed600000|  0%| F|  |TAMS 0x00000000ed500000, 0x00000000ed500000| Untracked 
| 182|0x00000000ed600000, 0x00000000ed600000, 0x00000000ed700000|  0%| F|  |TAMS 0x00000000ed600000, 0x00000000ed600000| Untracked 
| 183|0x00000000ed700000, 0x00000000ed700000, 0x00000000ed800000|  0%| F|  |TAMS 0x00000000ed700000, 0x00000000ed700000| Untracked 
| 184|0x00000000ed800000, 0x00000000ed800000, 0x00000000ed900000|  0%| F|  |TAMS 0x00000000ed800000, 0x00000000ed800000| Untracked 
| 185|0x00000000ed900000, 0x00000000ed900000, 0x00000000eda00000|  0%| F|  |TAMS 0x00000000ed900000, 0x00000000ed900000| Untracked 
| 186|0x00000000eda00000, 0x00000000eda00000, 0x00000000edb00000|  0%| F|  |TAMS 0x00000000eda00000, 0x00000000eda00000| Untracked 
| 187|0x00000000edb00000, 0x00000000edb00000, 0x00000000edc00000|  0%| F|  |TAMS 0x00000000edb00000, 0x00000000edb00000| Untracked 
| 188|0x00000000edc00000, 0x00000000edc00000, 0x00000000edd00000|  0%| F|  |TAMS 0x00000000edc00000, 0x00000000edc00000| Untracked 
| 189|0x00000000edd00000, 0x00000000edd00000, 0x00000000ede00000|  0%| F|  |TAMS 0x00000000edd00000, 0x00000000edd00000| Untracked 
| 190|0x00000000ede00000, 0x00000000ede00000, 0x00000000edf00000|  0%| F|  |TAMS 0x00000000ede00000, 0x00000000ede00000| Untracked 
| 191|0x00000000edf00000, 0x00000000edf00000, 0x00000000ee000000|  0%| F|  |TAMS 0x00000000edf00000, 0x00000000edf00000| Untracked 
| 192|0x00000000ee000000, 0x00000000ee000000, 0x00000000ee100000|  0%| F|  |TAMS 0x00000000ee000000, 0x00000000ee000000| Untracked 
| 193|0x00000000ee100000, 0x00000000ee100000, 0x00000000ee200000|  0%| F|  |TAMS 0x00000000ee100000, 0x00000000ee100000| Untracked 
| 194|0x00000000ee200000, 0x00000000ee200000, 0x00000000ee300000|  0%| F|  |TAMS 0x00000000ee200000, 0x00000000ee200000| Untracked 
| 195|0x00000000ee300000, 0x00000000ee300000, 0x00000000ee400000|  0%| F|  |TAMS 0x00000000ee300000, 0x00000000ee300000| Untracked 
| 196|0x00000000ee400000, 0x00000000ee400000, 0x00000000ee500000|  0%| F|  |TAMS 0x00000000ee400000, 0x00000000ee400000| Untracked 
| 197|0x00000000ee500000, 0x00000000ee500000, 0x00000000ee600000|  0%| F|  |TAMS 0x00000000ee500000, 0x00000000ee500000| Untracked 
| 198|0x00000000ee600000, 0x00000000ee600000, 0x00000000ee700000|  0%| F|  |TAMS 0x00000000ee600000, 0x00000000ee600000| Untracked 
| 199|0x00000000ee700000, 0x00000000ee700000, 0x00000000ee800000|  0%| F|  |TAMS 0x00000000ee700000, 0x00000000ee700000| Untracked 
| 200|0x00000000ee800000, 0x00000000ee900000, 0x00000000ee900000|100%|HS|  |TAMS 0x00000000ee800000, 0x00000000ee800000| Complete 
| 201|0x00000000ee900000, 0x00000000eea00000, 0x00000000eea00000|100%|HC|  |TAMS 0x00000000ee900000, 0x00000000ee900000| Complete 
| 202|0x00000000eea00000, 0x00000000eeb00000, 0x00000000eeb00000|100%|HC|  |TAMS 0x00000000eea00000, 0x00000000eea00000| Complete 
| 203|0x00000000eeb00000, 0x00000000eec00000, 0x00000000eec00000|100%|HC|  |TAMS 0x00000000eeb00000, 0x00000000eeb00000| Complete 
| 204|0x00000000eec00000, 0x00000000eed00000, 0x00000000eed00000|100%|HC|  |TAMS 0x00000000eec00000, 0x00000000eec00000| Complete 
| 205|0x00000000eed00000, 0x00000000eee00000, 0x00000000eee00000|100%|HC|  |TAMS 0x00000000eed00000, 0x00000000eed00000| Complete 
| 206|0x00000000eee00000, 0x00000000eef00000, 0x00000000eef00000|100%|HC|  |TAMS 0x00000000eee00000, 0x00000000eee00000| Complete 
| 207|0x00000000eef00000, 0x00000000ef000000, 0x00000000ef000000|100%|HC|  |TAMS 0x00000000eef00000, 0x00000000eef00000| Complete 
| 208|0x00000000ef000000, 0x00000000ef100000, 0x00000000ef100000|100%|HC|  |TAMS 0x00000000ef000000, 0x00000000ef000000| Complete 
| 209|0x00000000ef100000, 0x00000000ef200000, 0x00000000ef200000|100%|HC|  |TAMS 0x00000000ef100000, 0x00000000ef100000| Complete 
| 210|0x00000000ef200000, 0x00000000ef300000, 0x00000000ef300000|100%|HC|  |TAMS 0x00000000ef200000, 0x00000000ef200000| Complete 
| 211|0x00000000ef300000, 0x00000000ef400000, 0x00000000ef400000|100%|HC|  |TAMS 0x00000000ef300000, 0x00000000ef300000| Complete 
| 212|0x00000000ef400000, 0x00000000ef500000, 0x00000000ef500000|100%|HC|  |TAMS 0x00000000ef400000, 0x00000000ef400000| Complete 
| 213|0x00000000ef500000, 0x00000000ef600000, 0x00000000ef600000|100%|HC|  |TAMS 0x00000000ef500000, 0x00000000ef500000| Complete 
| 214|0x00000000ef600000, 0x00000000ef700000, 0x00000000ef700000|100%|HC|  |TAMS 0x00000000ef600000, 0x00000000ef600000| Complete 
| 215|0x00000000ef700000, 0x00000000ef800000, 0x00000000ef800000|100%|HC|  |TAMS 0x00000000ef700000, 0x00000000ef700000| Complete 
| 216|0x00000000ef800000, 0x00000000ef900000, 0x00000000ef900000|100%|HC|  |TAMS 0x00000000ef800000, 0x00000000ef800000| Complete 
| 217|0x00000000ef900000, 0x00000000efa00000, 0x00000000efa00000|100%|HC|  |TAMS 0x00000000ef900000, 0x00000000ef900000| Complete 
| 218|0x00000000efa00000, 0x00000000efb00000, 0x00000000efb00000|100%|HC|  |TAMS 0x00000000efa00000, 0x00000000efa00000| Complete 
| 219|0x00000000efb00000, 0x00000000efc00000, 0x00000000efc00000|100%|HC|  |TAMS 0x00000000efb00000, 0x00000000efb00000| Complete 
| 220|0x00000000efc00000, 0x00000000efd00000, 0x00000000efd00000|100%|HC|  |TAMS 0x00000000efc00000, 0x00000000efc00000| Complete 
| 221|0x00000000efd00000, 0x00000000efe00000, 0x00000000efe00000|100%|HC|  |TAMS 0x00000000efd00000, 0x00000000efd00000| Complete 
| 222|0x00000000efe00000, 0x00000000eff00000, 0x00000000eff00000|100%|HC|  |TAMS 0x00000000efe00000, 0x00000000efe00000| Complete 
| 223|0x00000000eff00000, 0x00000000f0000000, 0x00000000f0000000|100%|HC|  |TAMS 0x00000000eff00000, 0x00000000eff00000| Complete 
| 224|0x00000000f0000000, 0x00000000f0100000, 0x00000000f0100000|100%|HC|  |TAMS 0x00000000f0000000, 0x00000000f0000000| Complete 
| 225|0x00000000f0100000, 0x00000000f0200000, 0x00000000f0200000|100%|HC|  |TAMS 0x00000000f0100000, 0x00000000f0100000| Complete 
| 226|0x00000000f0200000, 0x00000000f0300000, 0x00000000f0300000|100%|HC|  |TAMS 0x00000000f0200000, 0x00000000f0200000| Complete 
| 227|0x00000000f0300000, 0x00000000f0400000, 0x00000000f0400000|100%|HC|  |TAMS 0x00000000f0300000, 0x00000000f0300000| Complete 
| 228|0x00000000f0400000, 0x00000000f0500000, 0x00000000f0500000|100%|HC|  |TAMS 0x00000000f0400000, 0x00000000f0400000| Complete 
| 229|0x00000000f0500000, 0x00000000f0600000, 0x00000000f0600000|100%|HC|  |TAMS 0x00000000f0500000, 0x00000000f0500000| Complete 
| 230|0x00000000f0600000, 0x00000000f0700000, 0x00000000f0700000|100%|HC|  |TAMS 0x00000000f0600000, 0x00000000f0600000| Complete 
| 231|0x00000000f0700000, 0x00000000f0800000, 0x00000000f0800000|100%|HC|  |TAMS 0x00000000f0700000, 0x00000000f0700000| Complete 
| 232|0x00000000f0800000, 0x00000000f0900000, 0x00000000f0900000|100%|HC|  |TAMS 0x00000000f0800000, 0x00000000f0800000| Complete 
| 233|0x00000000f0900000, 0x00000000f0a00000, 0x00000000f0a00000|100%|HS|  |TAMS 0x00000000f0900000, 0x00000000f0900000| Complete 
| 234|0x00000000f0a00000, 0x00000000f0b00000, 0x00000000f0b00000|100%|HC|  |TAMS 0x00000000f0a00000, 0x00000000f0a00000| Complete 
| 235|0x00000000f0b00000, 0x00000000f0c00000, 0x00000000f0c00000|100%|HC|  |TAMS 0x00000000f0b00000, 0x00000000f0b00000| Complete 
| 236|0x00000000f0c00000, 0x00000000f0d00000, 0x00000000f0d00000|100%|HC|  |TAMS 0x00000000f0c00000, 0x00000000f0c00000| Complete 
| 237|0x00000000f0d00000, 0x00000000f0e00000, 0x00000000f0e00000|100%|HC|  |TAMS 0x00000000f0d00000, 0x00000000f0d00000| Complete 
| 238|0x00000000f0e00000, 0x00000000f0f00000, 0x00000000f0f00000|100%|HC|  |TAMS 0x00000000f0e00000, 0x00000000f0e00000| Complete 
| 239|0x00000000f0f00000, 0x00000000f1000000, 0x00000000f1000000|100%|HC|  |TAMS 0x00000000f0f00000, 0x00000000f0f00000| Complete 
| 240|0x00000000f1000000, 0x00000000f1100000, 0x00000000f1100000|100%|HC|  |TAMS 0x00000000f1000000, 0x00000000f1000000| Complete 
| 241|0x00000000f1100000, 0x00000000f1200000, 0x00000000f1200000|100%|HC|  |TAMS 0x00000000f1100000, 0x00000000f1100000| Complete 
| 242|0x00000000f1200000, 0x00000000f1300000, 0x00000000f1300000|100%|HC|  |TAMS 0x00000000f1200000, 0x00000000f1200000| Complete 
| 243|0x00000000f1300000, 0x00000000f1400000, 0x00000000f1400000|100%|HC|  |TAMS 0x00000000f1300000, 0x00000000f1300000| Complete 
| 244|0x00000000f1400000, 0x00000000f1500000, 0x00000000f1500000|100%|HC|  |TAMS 0x00000000f1400000, 0x00000000f1400000| Complete 
| 245|0x00000000f1500000, 0x00000000f1600000, 0x00000000f1600000|100%|HS|  |TAMS 0x00000000f1500000, 0x00000000f1500000| Complete 
| 246|0x00000000f1600000, 0x00000000f1700000, 0x00000000f1700000|100%|HC|  |TAMS 0x00000000f1600000, 0x00000000f1600000| Complete 
| 247|0x00000000f1700000, 0x00000000f1800000, 0x00000000f1800000|100%|HC|  |TAMS 0x00000000f1700000, 0x00000000f1700000| Complete 
| 248|0x00000000f1800000, 0x00000000f1900000, 0x00000000f1900000|100%|HC|  |TAMS 0x00000000f1800000, 0x00000000f1800000| Complete 
| 249|0x00000000f1900000, 0x00000000f1a00000, 0x00000000f1a00000|100%|HC|  |TAMS 0x00000000f1900000, 0x00000000f1900000| Complete 
| 250|0x00000000f1a00000, 0x00000000f1b00000, 0x00000000f1b00000|100%|HC|  |TAMS 0x00000000f1a00000, 0x00000000f1a00000| Complete 
| 251|0x00000000f1b00000, 0x00000000f1c00000, 0x00000000f1c00000|100%|HC|  |TAMS 0x00000000f1b00000, 0x00000000f1b00000| Complete 
| 252|0x00000000f1c00000, 0x00000000f1d00000, 0x00000000f1d00000|100%|HC|  |TAMS 0x00000000f1c00000, 0x00000000f1c00000| Complete 
| 253|0x00000000f1d00000, 0x00000000f1e00000, 0x00000000f1e00000|100%|HC|  |TAMS 0x00000000f1d00000, 0x00000000f1d00000| Complete 
| 254|0x00000000f1e00000, 0x00000000f1f00000, 0x00000000f1f00000|100%|HC|  |TAMS 0x00000000f1e00000, 0x00000000f1e00000| Complete 
| 255|0x00000000f1f00000, 0x00000000f2000000, 0x00000000f2000000|100%|HC|  |TAMS 0x00000000f1f00000, 0x00000000f1f00000| Complete 
| 256|0x00000000f2000000, 0x00000000f2100000, 0x00000000f2100000|100%|HC|  |TAMS 0x00000000f2000000, 0x00000000f2000000| Complete 
| 257|0x00000000f2100000, 0x00000000f2200000, 0x00000000f2200000|100%|HC|  |TAMS 0x00000000f2100000, 0x00000000f2100000| Complete 
| 258|0x00000000f2200000, 0x00000000f2300000, 0x00000000f2300000|100%|HC|  |TAMS 0x00000000f2200000, 0x00000000f2200000| Complete 
| 259|0x00000000f2300000, 0x00000000f2400000, 0x00000000f2400000|100%|HC|  |TAMS 0x00000000f2300000, 0x00000000f2300000| Complete 
| 260|0x00000000f2400000, 0x00000000f2500000, 0x00000000f2500000|100%|HC|  |TAMS 0x00000000f2400000, 0x00000000f2400000| Complete 
| 261|0x00000000f2500000, 0x00000000f2600000, 0x00000000f2600000|100%|HC|  |TAMS 0x00000000f2500000, 0x00000000f2500000| Complete 
| 262|0x00000000f2600000, 0x00000000f2700000, 0x00000000f2700000|100%|HC|  |TAMS 0x00000000f2600000, 0x00000000f2600000| Complete 
| 263|0x00000000f2700000, 0x00000000f2800000, 0x00000000f2800000|100%|HC|  |TAMS 0x00000000f2700000, 0x00000000f2700000| Complete 
| 264|0x00000000f2800000, 0x00000000f2900000, 0x00000000f2900000|100%|HC|  |TAMS 0x00000000f2800000, 0x00000000f2800000| Complete 
| 265|0x00000000f2900000, 0x00000000f2a00000, 0x00000000f2a00000|100%|HC|  |TAMS 0x00000000f2900000, 0x00000000f2900000| Complete 
| 266|0x00000000f2a00000, 0x00000000f2b00000, 0x00000000f2b00000|100%|HC|  |TAMS 0x00000000f2a00000, 0x00000000f2a00000| Complete 
| 267|0x00000000f2b00000, 0x00000000f2c00000, 0x00000000f2c00000|100%|HC|  |TAMS 0x00000000f2b00000, 0x00000000f2b00000| Complete 
| 268|0x00000000f2c00000, 0x00000000f2d00000, 0x00000000f2d00000|100%|HC|  |TAMS 0x00000000f2c00000, 0x00000000f2c00000| Complete 
| 269|0x00000000f2d00000, 0x00000000f2e00000, 0x00000000f2e00000|100%|HC|  |TAMS 0x00000000f2d00000, 0x00000000f2d00000| Complete 
| 270|0x00000000f2e00000, 0x00000000f2f00000, 0x00000000f2f00000|100%|HC|  |TAMS 0x00000000f2e00000, 0x00000000f2e00000| Complete 
| 271|0x00000000f2f00000, 0x00000000f3000000, 0x00000000f3000000|100%|HC|  |TAMS 0x00000000f2f00000, 0x00000000f2f00000| Complete 
| 272|0x00000000f3000000, 0x00000000f3100000, 0x00000000f3100000|100%|HC|  |TAMS 0x00000000f3000000, 0x00000000f3000000| Complete 
| 273|0x00000000f3100000, 0x00000000f3200000, 0x00000000f3200000|100%|HC|  |TAMS 0x00000000f3100000, 0x00000000f3100000| Complete 
| 274|0x00000000f3200000, 0x00000000f3300000, 0x00000000f3300000|100%|HC|  |TAMS 0x00000000f3200000, 0x00000000f3200000| Complete 
| 275|0x00000000f3300000, 0x00000000f3400000, 0x00000000f3400000|100%|HC|  |TAMS 0x00000000f3300000, 0x00000000f3300000| Complete 
| 276|0x00000000f3400000, 0x00000000f3500000, 0x00000000f3500000|100%|HC|  |TAMS 0x00000000f3400000, 0x00000000f3400000| Complete 
| 277|0x00000000f3500000, 0x00000000f3600000, 0x00000000f3600000|100%|HC|  |TAMS 0x00000000f3500000, 0x00000000f3500000| Complete 
| 278|0x00000000f3600000, 0x00000000f3700000, 0x00000000f3700000|100%|HS|  |TAMS 0x00000000f3600000, 0x00000000f3600000| Complete 
| 279|0x00000000f3700000, 0x00000000f3800000, 0x00000000f3800000|100%|HC|  |TAMS 0x00000000f3700000, 0x00000000f3700000| Complete 
| 280|0x00000000f3800000, 0x00000000f3900000, 0x00000000f3900000|100%|HC|  |TAMS 0x00000000f3800000, 0x00000000f3800000| Complete 
| 281|0x00000000f3900000, 0x00000000f3a00000, 0x00000000f3a00000|100%|HC|  |TAMS 0x00000000f3900000, 0x00000000f3900000| Complete 
| 282|0x00000000f3a00000, 0x00000000f3b00000, 0x00000000f3b00000|100%|HC|  |TAMS 0x00000000f3a00000, 0x00000000f3a00000| Complete 
| 283|0x00000000f3b00000, 0x00000000f3c00000, 0x00000000f3c00000|100%|HC|  |TAMS 0x00000000f3b00000, 0x00000000f3b00000| Complete 
| 284|0x00000000f3c00000, 0x00000000f3d00000, 0x00000000f3d00000|100%|HC|  |TAMS 0x00000000f3c00000, 0x00000000f3c00000| Complete 
| 285|0x00000000f3d00000, 0x00000000f3e00000, 0x00000000f3e00000|100%|HC|  |TAMS 0x00000000f3d00000, 0x00000000f3d00000| Complete 
| 286|0x00000000f3e00000, 0x00000000f3f00000, 0x00000000f3f00000|100%|HC|  |TAMS 0x00000000f3e00000, 0x00000000f3e00000| Complete 
| 287|0x00000000f3f00000, 0x00000000f4000000, 0x00000000f4000000|100%|HC|  |TAMS 0x00000000f3f00000, 0x00000000f3f00000| Complete 
| 288|0x00000000f4000000, 0x00000000f4100000, 0x00000000f4100000|100%|HC|  |TAMS 0x00000000f4000000, 0x00000000f4000000| Complete 
| 289|0x00000000f4100000, 0x00000000f4200000, 0x00000000f4200000|100%|HC|  |TAMS 0x00000000f4100000, 0x00000000f4100000| Complete 
| 290|0x00000000f4200000, 0x00000000f4200000, 0x00000000f4300000|  0%| F|  |TAMS 0x00000000f4200000, 0x00000000f4200000| Untracked 
| 291|0x00000000f4300000, 0x00000000f4300000, 0x00000000f4400000|  0%| F|  |TAMS 0x00000000f4300000, 0x00000000f4300000| Untracked 
| 292|0x00000000f4400000, 0x00000000f44dbf40, 0x00000000f4500000| 85%| E|  |TAMS 0x00000000f4400000, 0x00000000f4400000| Complete 
| 293|0x00000000f4500000, 0x00000000f4600000, 0x00000000f4600000|100%| E|  |TAMS 0x00000000f4500000, 0x00000000f4500000| Complete 
| 294|0x00000000f4600000, 0x00000000f4700000, 0x00000000f4700000|100%| E|CS|TAMS 0x00000000f4600000, 0x00000000f4600000| Complete 
| 295|0x00000000f4700000, 0x00000000f47016d8, 0x00000000f4800000|  0%| S|CS|TAMS 0x00000000f4700000, 0x00000000f4700000| Complete 
| 296|0x00000000f4800000, 0x00000000f4900000, 0x00000000f4900000|100%| E|CS|TAMS 0x00000000f4800000, 0x00000000f4800000| Complete 
| 297|0x00000000f4900000, 0x00000000f4a00000, 0x00000000f4a00000|100%|HS|  |TAMS 0x00000000f4900000, 0x00000000f4900000| Complete 
| 298|0x00000000f4a00000, 0x00000000f4b00000, 0x00000000f4b00000|100%|HC|  |TAMS 0x00000000f4a00000, 0x00000000f4a00000| Complete 
| 299|0x00000000f4b00000, 0x00000000f4c00000, 0x00000000f4c00000|100%|HC|  |TAMS 0x00000000f4b00000, 0x00000000f4b00000| Complete 
| 300|0x00000000f4c00000, 0x00000000f4d00000, 0x00000000f4d00000|100%|HC|  |TAMS 0x00000000f4c00000, 0x00000000f4c00000| Complete 
| 301|0x00000000f4d00000, 0x00000000f4e00000, 0x00000000f4e00000|100%|HC|  |TAMS 0x00000000f4d00000, 0x00000000f4d00000| Complete 
| 302|0x00000000f4e00000, 0x00000000f4f00000, 0x00000000f4f00000|100%|HC|  |TAMS 0x00000000f4e00000, 0x00000000f4e00000| Complete 
| 303|0x00000000f4f00000, 0x00000000f5000000, 0x00000000f5000000|100%|HC|  |TAMS 0x00000000f4f00000, 0x00000000f4f00000| Complete 
| 304|0x00000000f5000000, 0x00000000f5100000, 0x00000000f5100000|100%|HC|  |TAMS 0x00000000f5000000, 0x00000000f5000000| Complete 
| 305|0x00000000f5100000, 0x00000000f5200000, 0x00000000f5200000|100%|HC|  |TAMS 0x00000000f5100000, 0x00000000f5100000| Complete 
| 306|0x00000000f5200000, 0x00000000f5300000, 0x00000000f5300000|100%|HC|  |TAMS 0x00000000f5200000, 0x00000000f5200000| Complete 
| 307|0x00000000f5300000, 0x00000000f5400000, 0x00000000f5400000|100%|HC|  |TAMS 0x00000000f5300000, 0x00000000f5300000| Complete 
| 308|0x00000000f5400000, 0x00000000f5500000, 0x00000000f5500000|100%|HC|  |TAMS 0x00000000f5400000, 0x00000000f5400000| Complete 
| 309|0x00000000f5500000, 0x00000000f5600000, 0x00000000f5600000|100%|HC|  |TAMS 0x00000000f5500000, 0x00000000f5500000| Complete 
| 310|0x00000000f5600000, 0x00000000f5700000, 0x00000000f5700000|100%|HC|  |TAMS 0x00000000f5600000, 0x00000000f5600000| Complete 
| 311|0x00000000f5700000, 0x00000000f5800000, 0x00000000f5800000|100%|HC|  |TAMS 0x00000000f5700000, 0x00000000f5700000| Complete 
| 312|0x00000000f5800000, 0x00000000f5900000, 0x00000000f5900000|100%|HC|  |TAMS 0x00000000f5800000, 0x00000000f5800000| Complete 
| 313|0x00000000f5900000, 0x00000000f5a00000, 0x00000000f5a00000|100%|HC|  |TAMS 0x00000000f5900000, 0x00000000f5900000| Complete 
| 314|0x00000000f5a00000, 0x00000000f5b00000, 0x00000000f5b00000|100%|HC|  |TAMS 0x00000000f5a00000, 0x00000000f5a00000| Complete 
| 315|0x00000000f5b00000, 0x00000000f5c00000, 0x00000000f5c00000|100%|HC|  |TAMS 0x00000000f5b00000, 0x00000000f5b00000| Complete 
| 316|0x00000000f5c00000, 0x00000000f5d00000, 0x00000000f5d00000|100%|HC|  |TAMS 0x00000000f5c00000, 0x00000000f5c00000| Complete 
| 317|0x00000000f5d00000, 0x00000000f5e00000, 0x00000000f5e00000|100%|HC|  |TAMS 0x00000000f5d00000, 0x00000000f5d00000| Complete 
| 318|0x00000000f5e00000, 0x00000000f5f00000, 0x00000000f5f00000|100%|HC|  |TAMS 0x00000000f5e00000, 0x00000000f5e00000| Complete 
| 319|0x00000000f5f00000, 0x00000000f6000000, 0x00000000f6000000|100%|HC|  |TAMS 0x00000000f5f00000, 0x00000000f5f00000| Complete 
| 479|0x00000000fff00000, 0x0000000100000000, 0x0000000100000000|100%| O|  |TAMS 0x0000000100000000, 0x00000000fff00000| Untracked 

Card table byte_map: [0x000002a9ad560000,0x000002a9ad650000] _byte_map_base: 0x000002a9ace50000

Marking Bits (Prev, Next): (CMBitMap*) 0x000002a9ad8c9ec0, (CMBitMap*) 0x000002a9ad8c9e80
 Prev Bits: [0x000002a9c4f90000, 0x000002a9c5710000)
 Next Bits: [0x000002a9c4810000, 0x000002a9c4f90000)

Polling page: 0x000002a9ab890000

Metaspace:

Usage:
  Non-class:     17.36 MB used.
      Class:      1.89 MB used.
       Both:     19.25 MB used.

Virtual space:
  Non-class space:       64.00 MB reserved,      17.50 MB ( 27%) committed,  1 nodes.
      Class space:        1.00 GB reserved,       2.06 MB ( <1%) committed,  1 nodes.
             Both:        1.06 GB reserved,      19.56 MB (  2%) committed. 

Chunk freelists:
   Non-Class:  2.29 MB
       Class:  1.87 MB
        Both:  4.16 MB

MaxMetaspaceSize: unlimited
CompressedClassSpaceSize: 1.00 GB
Initial GC threshold: 21.00 MB
Current GC threshold: 25.88 MB
CDS: on
MetaspaceReclaimPolicy: balanced
 - commit_granule_bytes: 65536.
 - commit_granule_words: 8192.
 - virtual_space_node_default_size: 8388608.
 - enlarge_chunks_in_place: 1.
 - new_chunks_are_fully_committed: 0.
 - uncommit_free_chunks: 1.
 - use_allocation_guard: 0.


Internal statistics:

num_allocs_failed_limit: 0.
num_arena_births: 184.
num_arena_deaths: 0.
num_vsnodes_births: 2.
num_vsnodes_deaths: 0.
num_space_committed: 313.
num_space_uncommitted: 0.
num_chunks_returned_to_freelist: 0.
num_chunks_taken_from_freelist: 641.
num_chunk_merges: 0.
num_chunk_splits: 442.
num_chunks_enlarged: 342.
num_inconsistent_stats: 0.

CodeHeap 'non-profiled nmethods': size=120064Kb used=4611Kb max_used=5130Kb free=115452Kb
 bounds [0x000002a9bd2d0000, 0x000002a9bd7e0000, 0x000002a9c4810000]
CodeHeap 'profiled nmethods': size=120000Kb used=7777Kb max_used=9827Kb free=112222Kb
 bounds [0x000002a9b5810000, 0x000002a9b61b0000, 0x000002a9bcd40000]
CodeHeap 'non-nmethods': size=5696Kb used=1350Kb max_used=1389Kb free=4345Kb
 bounds [0x000002a9bcd40000, 0x000002a9bcfb0000, 0x000002a9bd2d0000]
 total_blobs=4957 nmethods=4371 adapters=497
 compilation: enabled
              stopped_count=0, restarted_count=0
 full_count=0

Compilation events (20 events):
Event: 214.306 Thread 0x000002a9c7923280 6851       3       java.lang.invoke.InvokerBytecodeGenerator::storeInsnOpcode (98 bytes)
Event: 214.307 Thread 0x000002a9c7923280 nmethod 6851 0x000002a9b581b010 code [0x000002a9b581b280, 0x000002a9b581bbe8]
Event: 214.667 Thread 0x000002a9c7923280 6854       3       java.lang.invoke.LambdaFormEditor$TransformKey::packedBytes (30 bytes)
Event: 214.667 Thread 0x000002a9c7923280 nmethod 6854 0x000002a9b5fa8810 code [0x000002a9b5fa89a0, 0x000002a9b5fa8a98]
Event: 214.667 Thread 0x000002a9c7923280 6855       3       java.lang.invoke.DirectMethodHandle::makeAllocator (137 bytes)
Event: 214.668 Thread 0x000002a9c7923280 nmethod 6855 0x000002a9b5a4be90 code [0x000002a9b5a4c0a0, 0x000002a9b5a4c4f8]
Event: 214.668 Thread 0x000002a9c7923280 6856       3       org.languagetool.server.TextChecker$$Lambda$239/0x0000000801218e70::test (12 bytes)
Event: 214.668 Thread 0x000002a9c7923280 nmethod 6856 0x000002a9b5b74f10 code [0x000002a9b5b750c0, 0x000002a9b5b753b8]
Event: 214.668 Thread 0x000002a9c7923280 6857       3       org.languagetool.server.TextChecker::lambda$checkText$7 (9 bytes)
Event: 214.669 Thread 0x000002a9c7923280 nmethod 6857 0x000002a9b5903990 code [0x000002a9b5903b40, 0x000002a9b5903cb8]
Event: 214.669 Thread 0x000002a9c7917290 6858       4       org.languagetool.server.TextChecker$$Lambda$239/0x0000000801218e70::test (12 bytes)
Event: 214.670 Thread 0x000002a9c7917290 nmethod 6858 0x000002a9bd4d8c10 code [0x000002a9bd4d8da0, 0x000002a9bd4d8e78]
Event: 214.670 Thread 0x000002a9c7923280 6859       3       java.util.HashMap::getOrDefault (19 bytes)
Event: 214.671 Thread 0x000002a9c7923280 nmethod 6859 0x000002a9b5c59f90 code [0x000002a9b5c5a140, 0x000002a9b5c5a2e8]
Event: 214.673 Thread 0x000002a9c7917290 6860       4       java.util.HashMap::getOrDefault (19 bytes)
Event: 214.678 Thread 0x000002a9c7917290 nmethod 6860 0x000002a9bd4ea990 code [0x000002a9bd4eab40, 0x000002a9bd4eae68]
Event: 214.852 Thread 0x000002a9c7923280 6861       3       jdk.internal.jimage.ImageLocation::getAttribute (44 bytes)
Event: 214.852 Thread 0x000002a9c7923280 nmethod 6861 0x000002a9b5893f90 code [0x000002a9b58941c0, 0x000002a9b5894808]
Event: 214.853 Thread 0x000002a9c7917290 6862       4       java.lang.Thread::interrupted (7 bytes)
Event: 214.854 Thread 0x000002a9c7917290 nmethod 6862 0x000002a9bd4d8910 code [0x000002a9bd4d8a80, 0x000002a9bd4d8af8]

GC Heap History (20 events):
Event: 212.720 GC heap before
{Heap before GC invocations=175 (full 0):
 garbage-first heap   total 305152K, used 270478K [0x00000000e2000000, 0x0000000100000000)
  region size 1024K, 94 young (96256K), 1 survivors (1024K)
 Metaspace       used 19220K, committed 19456K, reserved 1114112K
  class space    used 1894K, committed 1984K, reserved 1048576K
}
Event: 212.722 GC heap after
{Heap after GC invocations=176 (full 0):
 garbage-first heap   total 305152K, used 176270K [0x00000000e2000000, 0x0000000100000000)
  region size 1024K, 1 young (1024K), 1 survivors (1024K)
 Metaspace       used 19220K, committed 19456K, reserved 1114112K
  class space    used 1894K, committed 1984K, reserved 1048576K
}
Event: 212.860 GC heap before
{Heap before GC invocations=176 (full 0):
 garbage-first heap   total 305152K, used 270478K [0x00000000e2000000, 0x0000000100000000)
  region size 1024K, 94 young (96256K), 1 survivors (1024K)
 Metaspace       used 19220K, committed 19456K, reserved 1114112K
  class space    used 1894K, committed 1984K, reserved 1048576K
}
Event: 212.861 GC heap after
{Heap after GC invocations=177 (full 0):
 garbage-first heap   total 305152K, used 176273K [0x00000000e2000000, 0x0000000100000000)
  region size 1024K, 1 young (1024K), 1 survivors (1024K)
 Metaspace       used 19220K, committed 19456K, reserved 1114112K
  class space    used 1894K, committed 1984K, reserved 1048576K
}
Event: 213.002 GC heap before
{Heap before GC invocations=177 (full 0):
 garbage-first heap   total 305152K, used 270481K [0x00000000e2000000, 0x0000000100000000)
  region size 1024K, 94 young (96256K), 1 survivors (1024K)
 Metaspace       used 19220K, committed 19456K, reserved 1114112K
  class space    used 1894K, committed 1984K, reserved 1048576K
}
Event: 213.003 GC heap after
{Heap after GC invocations=178 (full 0):
 garbage-first heap   total 305152K, used 176275K [0x00000000e2000000, 0x0000000100000000)
  region size 1024K, 1 young (1024K), 1 survivors (1024K)
 Metaspace       used 19220K, committed 19456K, reserved 1114112K
  class space    used 1894K, committed 1984K, reserved 1048576K
}
Event: 213.232 GC heap before
{Heap before GC invocations=178 (full 0):
 garbage-first heap   total 305152K, used 270483K [0x00000000e2000000, 0x0000000100000000)
  region size 1024K, 94 young (96256K), 1 survivors (1024K)
 Metaspace       used 19220K, committed 19456K, reserved 1114112K
  class space    used 1894K, committed 1984K, reserved 1048576K
}
Event: 213.233 GC heap after
{Heap after GC invocations=179 (full 0):
 garbage-first heap   total 305152K, used 176277K [0x00000000e2000000, 0x0000000100000000)
  region size 1024K, 1 young (1024K), 1 survivors (1024K)
 Metaspace       used 19220K, committed 19456K, reserved 1114112K
  class space    used 1894K, committed 1984K, reserved 1048576K
}
Event: 213.372 GC heap before
{Heap before GC invocations=179 (full 0):
 garbage-first heap   total 305152K, used 270485K [0x00000000e2000000, 0x0000000100000000)
  region size 1024K, 94 young (96256K), 1 survivors (1024K)
 Metaspace       used 19220K, committed 19456K, reserved 1114112K
  class space    used 1894K, committed 1984K, reserved 1048576K
}
Event: 213.373 GC heap after
{Heap after GC invocations=180 (full 0):
 garbage-first heap   total 305152K, used 176277K [0x00000000e2000000, 0x0000000100000000)
  region size 1024K, 1 young (1024K), 1 survivors (1024K)
 Metaspace       used 19220K, committed 19456K, reserved 1114112K
  class space    used 1894K, committed 1984K, reserved 1048576K
}
Event: 213.506 GC heap before
{Heap before GC invocations=180 (full 0):
 garbage-first heap   total 305152K, used 270485K [0x00000000e2000000, 0x0000000100000000)
  region size 1024K, 94 young (96256K), 1 survivors (1024K)
 Metaspace       used 19220K, committed 19456K, reserved 1114112K
  class space    used 1894K, committed 1984K, reserved 1048576K
}
Event: 213.507 GC heap after
{Heap after GC invocations=181 (full 0):
 garbage-first heap   total 305152K, used 176078K [0x00000000e2000000, 0x0000000100000000)
  region size 1024K, 1 young (1024K), 1 survivors (1024K)
 Metaspace       used 19220K, committed 19456K, reserved 1114112K
  class space    used 1894K, committed 1984K, reserved 1048576K
}
Event: 213.614 GC heap before
{Heap before GC invocations=181 (full 0):
 garbage-first heap   total 305152K, used 270286K [0x00000000e2000000, 0x0000000100000000)
  region size 1024K, 94 young (96256K), 1 survivors (1024K)
 Metaspace       used 19220K, committed 19456K, reserved 1114112K
  class space    used 1894K, committed 1984K, reserved 1048576K
}
Event: 213.615 GC heap after
{Heap after GC invocations=182 (full 0):
 garbage-first heap   total 305152K, used 176277K [0x00000000e2000000, 0x0000000100000000)
  region size 1024K, 1 young (1024K), 1 survivors (1024K)
 Metaspace       used 19220K, committed 19456K, reserved 1114112K
  class space    used 1894K, committed 1984K, reserved 1048576K
}
Event: 213.761 GC heap before
{Heap before GC invocations=182 (full 0):
 garbage-first heap   total 305152K, used 270485K [0x00000000e2000000, 0x0000000100000000)
  region size 1024K, 94 young (96256K), 1 survivors (1024K)
 Metaspace       used 19220K, committed 19456K, reserved 1114112K
  class space    used 1894K, committed 1984K, reserved 1048576K
}
Event: 213.762 GC heap after
{Heap after GC invocations=183 (full 0):
 garbage-first heap   total 305152K, used 176277K [0x00000000e2000000, 0x0000000100000000)
  region size 1024K, 1 young (1024K), 1 survivors (1024K)
 Metaspace       used 19220K, committed 19456K, reserved 1114112K
  class space    used 1894K, committed 1984K, reserved 1048576K
}
Event: 213.821 GC heap before
{Heap before GC invocations=183 (full 0):
 garbage-first heap   total 305152K, used 187541K [0x00000000e2000000, 0x0000000100000000)
  region size 1024K, 14 young (14336K), 1 survivors (1024K)
 Metaspace       used 19222K, committed 19456K, reserved 1114112K
  class space    used 1894K, committed 1984K, reserved 1048576K
}
Event: 213.822 GC heap after
{Heap after GC invocations=184 (full 0):
 garbage-first heap   total 305152K, used 176078K [0x00000000e2000000, 0x0000000100000000)
  region size 1024K, 1 young (1024K), 1 survivors (1024K)
 Metaspace       used 19222K, committed 19456K, reserved 1114112K
  class space    used 1894K, committed 1984K, reserved 1048576K
}
Event: 213.860 GC heap before
{Heap before GC invocations=184 (full 0):
 garbage-first heap   total 305152K, used 198606K [0x00000000e2000000, 0x0000000100000000)
  region size 1024K, 2 young (2048K), 1 survivors (1024K)
 Metaspace       used 19222K, committed 19456K, reserved 1114112K
  class space    used 1894K, committed 1984K, reserved 1048576K
}
Event: 213.865 GC heap after
{Heap after GC invocations=185 (full 0):
 garbage-first heap   total 305152K, used 198606K [0x00000000e2000000, 0x0000000100000000)
  region size 1024K, 1 young (1024K), 1 survivors (1024K)
 Metaspace       used 19222K, committed 19456K, reserved 1114112K
  class space    used 1894K, committed 1984K, reserved 1048576K
}

Dll operation events (11 events):
Event: 0.015 Loaded shared library C:\Program Files\Java\jdk-19\bin\java.dll
Event: 0.034 Loaded shared library C:\Program Files\Java\jdk-19\bin\jsvml.dll
Event: 0.242 Loaded shared library C:\Program Files\Java\jdk-19\bin\net.dll
Event: 0.250 Loaded shared library C:\Program Files\Java\jdk-19\bin\nio.dll
Event: 0.269 Loaded shared library C:\Program Files\Java\jdk-19\bin\zip.dll
Event: 0.317 Loaded shared library C:\Program Files\Java\jdk-19\bin\jimage.dll
Event: 0.784 Loaded shared library C:\Program Files\Java\jdk-19\bin\verify.dll
Event: 4.573 Loaded shared library C:\Program Files\Java\jdk-19\bin\extnet.dll
Event: 4.745 Loaded shared library C:\Program Files\Java\jdk-19\bin\sunmscapi.dll
Event: 12.806 Loaded shared library C:\Program Files\Java\jdk-19\bin\awt.dll
Event: 22.592 Loaded shared library C:\Users\Riallen\AppData\Local\Temp\BridJExtractedLibraries2276316181405364447\bridj.dll

Deoptimization events (20 events):
Event: 214.091 Thread 0x000002a9cbc464e0 Uncommon trap: trap_request=0xffffffbe fr.pc=0x000002a9bd4e82b4 relative=0x0000000000000bb4
Event: 214.091 Thread 0x000002a9cbc464e0 Uncommon trap: reason=profile_predicate action=maybe_recompile pc=0x000002a9bd4e82b4 method=jdk.internal.org.objectweb.asm.ByteVector.putUTF8(Ljava/lang/String;)Ljdk/internal/org/objectweb/asm/ByteVector; @ 79 c2
Event: 214.091 Thread 0x000002a9cbc464e0 DEOPT PACKING pc=0x000002a9bd4e82b4 sp=0x000000dc5cafd4e0
Event: 214.091 Thread 0x000002a9cbc464e0 DEOPT UNPACKING pc=0x000002a9bcda6d9d sp=0x000000dc5cafd418 mode 2
Event: 214.091 Thread 0x000002a9cbc464e0 Uncommon trap: trap_request=0xffffffbe fr.pc=0x000002a9bd4e82b4 relative=0x0000000000000bb4
Event: 214.091 Thread 0x000002a9cbc464e0 Uncommon trap: reason=profile_predicate action=maybe_recompile pc=0x000002a9bd4e82b4 method=jdk.internal.org.objectweb.asm.ByteVector.putUTF8(Ljava/lang/String;)Ljdk/internal/org/objectweb/asm/ByteVector; @ 79 c2
Event: 214.091 Thread 0x000002a9cbc464e0 DEOPT PACKING pc=0x000002a9bd4e82b4 sp=0x000000dc5cafd550
Event: 214.091 Thread 0x000002a9cbc464e0 DEOPT UNPACKING pc=0x000002a9bcda6d9d sp=0x000000dc5cafd488 mode 2
Event: 214.305 Thread 0x000002a9cbc464e0 Uncommon trap: trap_request=0xffffffde fr.pc=0x000002a9bd770a64 relative=0x0000000000000d84
Event: 214.305 Thread 0x000002a9cbc464e0 Uncommon trap: reason=class_check action=maybe_recompile pc=0x000002a9bd770a64 method=java.util.concurrent.ConcurrentHashMap.computeIfAbsent(Ljava/lang/Object;Ljava/util/function/Function;)Ljava/lang/Object; @ 356 c2
Event: 214.305 Thread 0x000002a9cbc464e0 DEOPT PACKING pc=0x000002a9bd770a64 sp=0x000000dc5cafd760
Event: 214.305 Thread 0x000002a9cbc464e0 DEOPT UNPACKING pc=0x000002a9bcda6d9d sp=0x000000dc5cafd6d8 mode 2
Event: 214.668 Thread 0x000002a9cbc464e0 Uncommon trap: trap_request=0xffffffc6 fr.pc=0x000002a9bd468c24 relative=0x0000000000000984
Event: 214.668 Thread 0x000002a9cbc464e0 Uncommon trap: reason=bimorphic_or_optimized_type_check action=maybe_recompile pc=0x000002a9bd468c24 method=java.util.stream.ReferencePipeline$7$1.accept(Ljava/lang/Object;)V @ 8 c2
Event: 214.668 Thread 0x000002a9cbc464e0 DEOPT PACKING pc=0x000002a9bd468c24 sp=0x000000dc5cafece0
Event: 214.668 Thread 0x000002a9cbc464e0 DEOPT UNPACKING pc=0x000002a9bcda6d9d sp=0x000000dc5cafeca0 mode 2
Event: 214.678 Thread 0x000002a9cbc464e0 Uncommon trap: trap_request=0xffffff45 fr.pc=0x000002a9bd378c3c relative=0x00000000000004fc
Event: 214.678 Thread 0x000002a9cbc464e0 Uncommon trap: reason=unstable_if action=reinterpret pc=0x000002a9bd378c3c method=java.lang.AbstractStringBuilder.append(Ljava/lang/String;)Ljava/lang/AbstractStringBuilder; @ 1 c2
Event: 214.678 Thread 0x000002a9cbc464e0 DEOPT PACKING pc=0x000002a9bd378c3c sp=0x000000dc5cafee10
Event: 214.678 Thread 0x000002a9cbc464e0 DEOPT UNPACKING pc=0x000002a9bcda6d9d sp=0x000000dc5cafed80 mode 2

Classes loaded (20 events):
Event: 214.235 Loading class sun/util/locale/provider/TimeZoneNameUtility$TimeZoneNameGetter
Event: 214.236 Loading class sun/util/locale/provider/TimeZoneNameUtility$TimeZoneNameGetter done
Event: 214.238 Loading class sun/util/cldr/CLDRTimeZoneNameProviderImpl
Event: 214.242 Loading class sun/util/locale/provider/TimeZoneNameProviderImpl
Event: 214.243 Loading class sun/util/locale/provider/TimeZoneNameProviderImpl done
Event: 214.243 Loading class sun/util/cldr/CLDRTimeZoneNameProviderImpl done
Event: 214.247 Loading class sun/util/resources/cldr/TimeZoneNames
Event: 214.248 Loading class sun/util/resources/TimeZoneNamesBundle
Event: 214.249 Loading class sun/util/resources/TimeZoneNamesBundle done
Event: 214.249 Loading class sun/util/resources/cldr/TimeZoneNames done
Event: 214.249 Loading class sun/util/resources/cldr/TimeZoneNames_en
Event: 214.256 Loading class sun/util/resources/cldr/TimeZoneNames_en done
Event: 214.257 Loading class sun/util/resources/cldr/TimeZoneNames_en_US
Event: 214.257 Loading class sun/util/resources/cldr/TimeZoneNames_en_US done
Event: 214.267 Loading class sun/util/cldr/CLDRBaseLocaleDataMetaInfo$TZCanonicalIDMapHolder
Event: 214.270 Loading class sun/util/cldr/CLDRBaseLocaleDataMetaInfo$TZCanonicalIDMapHolder done
Event: 214.277 Loading class sun/util/resources/TimeZoneNames
Event: 214.280 Loading class sun/util/resources/TimeZoneNames done
Event: 214.280 Loading class sun/util/resources/TimeZoneNames_en
Event: 214.280 Loading class sun/util/resources/TimeZoneNames_en done

Classes unloaded (0 events):
No events

Classes redefined (0 events):
No events

Internal exceptions (20 events):
Event: 12.846 Thread 0x000002a9cc6e8400 Exception <a 'java/lang/NoSuchMethodError'{0x00000000e83cab88}: 'void java.lang.invoke.DirectMethodHandle$Holder.invokeStaticInit(java.lang.Object)'> (0x00000000e83cab88) 
thrown [s\open\src\hotspot\share\interpreter\linkResolver.cpp, line 774]
Event: 12.848 Thread 0x000002a9cc6e8400 Exception <a 'java/lang/NoSuchMethodError'{0x00000000e83d0458}: 'java.lang.Object java.lang.invoke.DirectMethodHandle$Holder.invokeStatic(java.lang.Object, java.lang.Object, int, java.lang.Object)'> (0x00000000e83d0458) 
thrown [s\open\src\hotspot\share\interpreter\linkResolver.cpp, line 774]
Event: 12.850 Thread 0x000002a9cc6e8400 Exception <a 'java/lang/NoSuchMethodError'{0x00000000e83d7228}: 'java.lang.Object java.lang.invoke.DirectMethodHandle$Holder.newInvokeSpecial(java.lang.Object, java.lang.Object, int)'> (0x00000000e83d7228) 
thrown [s\open\src\hotspot\share\interpreter\linkResolver.cpp, line 774]
Event: 14.464 Thread 0x000002a9cc6e8400 Implicit null exception at 0x000002a9bd336672 to 0x000002a9bd336b20
Event: 15.072 Thread 0x000002a9cc6e8400 Exception <a 'java/lang/NoSuchMethodError'{0x00000000ef72b990}: 'java.lang.Object java.lang.invoke.DirectMethodHandle$Holder.newInvokeSpecial(java.lang.Object, java.lang.Object, java.lang.Object, java.lang.Object, java.lang.Object, java.lang.Object)'> (0x00000000ef72b990) 
thrown [s\open\src\hotspot\share\interpreter\linkResolver.cpp, line 774]
Event: 15.415 Thread 0x000002a9cc6e8400 Exception <a 'java/lang/NoSuchMethodError'{0x00000000ee663120}: 'java.lang.Object java.lang.invoke.DirectMethodHandle$Holder.newInvokeSpecial(java.lang.Object, java.lang.Object, java.lang.Object, java.lang.Object, java.lang.Object)'> (0x00000000ee663120) 
thrown [s\open\src\hotspot\share\interpreter\linkResolver.cpp, line 774]
Event: 22.243 Thread 0x000002a9cc6e8400 Exception <a 'java/lang/ClassNotFoundException'{0x00000000ec4dcd98}: sun/net/www/protocol/c/Handler> (0x00000000ec4dcd98) 
thrown [s\open\src\hotspot\share\classfile\systemDictionary.cpp, line 255]
Event: 22.667 Thread 0x000002a9cc6e8400 Implicit null exception at 0x000002a9bd546543 to 0x000002a9bd54680c
Event: 22.667 Thread 0x000002a9cc6e8400 Implicit null exception at 0x000002a9bd573da7 to 0x000002a9bd573f74
Event: 24.847 Thread 0x000002a9cc6e8400 Implicit null exception at 0x000002a9bd5d201c to 0x000002a9bd5d2079
Event: 24.886 Thread 0x000002a9cc6e8400 Implicit null exception at 0x000002a9bd5d1c1c to 0x000002a9bd5d1c79
Event: 24.953 Thread 0x000002a9cc6e8400 Implicit null exception at 0x000002a9bd5d35e3 to 0x000002a9bd5d44ee
Event: 25.562 Thread 0x000002a9cc6e8400 Exception <a 'java/lang/NoSuchMethodError'{0x00000000ec36c0e0}: 'java.lang.Object java.lang.invoke.DirectMethodHandle$Holder.newInvokeSpecial(java.lang.Object, java.lang.Object, java.lang.Object, int, java.lang.Object, java.lang.Object, java.lang.Object)'> (0x00000000ec36c0e0) 
thrown [s\open\src\hotspot\share\interpreter\linkResolver.cpp, line 774]
Event: 26.574 Thread 0x000002a9cc6e8400 Implicit null exception at 0x000002a9bd4070ec to 0x000002a9bd407198
Event: 26.594 Thread 0x000002a9cc6e8400 Implicit null exception at 0x000002a9bd3e3eec to 0x000002a9bd3e3f94
Event: 41.717 Thread 0x000002a9cc6e8400 Exception <a 'java/lang/NoSuchMethodError'{0x00000000f15e4918}: 'java.lang.Object java.lang.invoke.DirectMethodHandle$Holder.invokeInterface(java.lang.Object, java.lang.Object, java.lang.Object)'> (0x00000000f15e4918) 
thrown [s\open\src\hotspot\share\interpreter\linkResolver.cpp, line 774]
Event: 41.728 Thread 0x000002a9cc6e8400 Exception <a 'java/lang/NoSuchMethodError'{0x00000000f15eff90}: 'void java.lang.invoke.DirectMethodHandle$Holder.invokeVirtual(java.lang.Object, java.lang.Object)'> (0x00000000f15eff90) 
thrown [s\open\src\hotspot\share\interpreter\linkResolver.cpp, line 774]
Event: 193.653 Thread 0x000002a9cbc464e0 Exception <a 'java/lang/NoSuchMethodError'{0x00000000f0a107f8}: 'void java.lang.invoke.DirectMethodHandle$Holder.invokeStatic(java.lang.Object, java.lang.Object)'> (0x00000000f0a107f8) 
thrown [s\open\src\hotspot\share\interpreter\linkResolver.cpp, line 774]
Event: 214.286 Thread 0x000002a9cbc464e0 Exception <a 'java/lang/IncompatibleClassChangeError'{0x00000000f4636368}: Found class java.lang.Object, but interface was expected> (0x00000000f4636368) 
thrown [s\open\src\hotspot\share\interpreter\linkResolver.cpp, line 841]
Event: 214.678 Thread 0x000002a9cbc464e0 Implicit null exception at 0x000002a9bd378772 to 0x000002a9bd378c28

VM Operations (20 events):
Event: 213.373 Executing VM operation: G1CollectForAllocation done
Event: 213.494 Executing VM operation: ThreadDump
Event: 213.495 Executing VM operation: ThreadDump done
Event: 213.505 Executing VM operation: G1CollectForAllocation
Event: 213.507 Executing VM operation: G1CollectForAllocation done
Event: 213.614 Executing VM operation: G1CollectForAllocation
Event: 213.615 Executing VM operation: G1CollectForAllocation done
Event: 213.761 Executing VM operation: G1CollectForAllocation
Event: 213.762 Executing VM operation: G1CollectForAllocation done
Event: 213.821 Executing VM operation: G1TryInitiateConcMark
Event: 213.822 Executing VM operation: G1TryInitiateConcMark done
Event: 213.860 Executing VM operation: G1TryInitiateConcMark
Event: 213.865 Executing VM operation: G1TryInitiateConcMark done
Event: 214.494 Executing VM operation: ThreadDump
Event: 214.498 Executing VM operation: ThreadDump done
Event: 215.494 Executing VM operation: ThreadDump
Event: 215.495 Executing VM operation: ThreadDump done
Event: 216.494 Executing VM operation: ThreadDump
Event: 216.495 Executing VM operation: ThreadDump done
Event: 216.884 Executing VM operation: G1PauseRemark

Events (20 events):
Event: 203.220 Thread 0x000002a9c7928bd0 flushing nmethod 0x000002a9b6170390
Event: 203.220 Thread 0x000002a9c7928bd0 flushing nmethod 0x000002a9b617bf10
Event: 203.220 Thread 0x000002a9c7928bd0 flushing nmethod 0x000002a9b617da90
Event: 203.220 Thread 0x000002a9c7928bd0 flushing nmethod 0x000002a9b617eb10
Event: 203.220 Thread 0x000002a9c7928bd0 flushing nmethod 0x000002a9b617f890
Event: 203.220 Thread 0x000002a9c7928bd0 flushing nmethod 0x000002a9b617ff10
Event: 203.220 Thread 0x000002a9c7928bd0 flushing nmethod 0x000002a9b6180f10
Event: 203.220 Thread 0x000002a9c7928bd0 flushing nmethod 0x000002a9b6181310
Event: 203.220 Thread 0x000002a9c7928bd0 flushing nmethod 0x000002a9b6182190
Event: 203.220 Thread 0x000002a9c7928bd0 flushing nmethod 0x000002a9b6183090
Event: 203.220 Thread 0x000002a9c7928bd0 flushing nmethod 0x000002a9b6183810
Event: 203.220 Thread 0x000002a9c7928bd0 flushing nmethod 0x000002a9b6185390
Event: 203.220 Thread 0x000002a9c7928bd0 flushing nmethod 0x000002a9b6185790
Event: 203.220 Thread 0x000002a9c7928bd0 flushing nmethod 0x000002a9b6186110
Event: 203.220 Thread 0x000002a9c7928bd0 flushing nmethod 0x000002a9b618c110
Event: 203.220 Thread 0x000002a9c7928bd0 flushing nmethod 0x000002a9b618cb10
Event: 203.220 Thread 0x000002a9c7928bd0 flushing nmethod 0x000002a9b618ce90
Event: 203.220 Thread 0x000002a9c7928bd0 flushing nmethod 0x000002a9b618f790
Event: 203.220 Thread 0x000002a9c7928bd0 flushing nmethod 0x000002a9b6191c10
Event: 214.792 Thread 0x000002a9ce5f3580 Thread added: 0x000002a9ce5f3580


Dynamic libraries:
0x00007ff716290000 - 0x00007ff7162a0000 	C:\Program Files\Java\jdk-19\bin\java.exe
0x00007ffb39490000 - 0x00007ffb39688000 	C:\Windows\SYSTEM32\ntdll.dll
0x00007ffb382b0000 - 0x00007ffb3836f000 	C:\Windows\System32\KERNEL32.DLL
0x00007ffb36de0000 - 0x00007ffb370b2000 	C:\Windows\System32\KERNELBASE.dll
0x00007ffb36b80000 - 0x00007ffb36c80000 	C:\Windows\System32\ucrtbase.dll
0x00007ffb1b800000 - 0x00007ffb1b818000 	C:\Program Files\Java\jdk-19\bin\jli.dll
0x00007ffb38120000 - 0x00007ffb381ce000 	C:\Windows\System32\ADVAPI32.dll
0x00007ffb38b10000 - 0x00007ffb38bae000 	C:\Windows\System32\msvcrt.dll
0x00007ffb38a10000 - 0x00007ffb38aac000 	C:\Windows\System32\sechost.dll
0x00007ffb379b0000 - 0x00007ffb37ad5000 	C:\Windows\System32\RPCRT4.dll
0x00007ffb1b3c0000 - 0x00007ffb1b3db000 	C:\Program Files\Java\jdk-19\bin\VCRUNTIME140.dll
0x00007ffb376d0000 - 0x00007ffb37871000 	C:\Windows\System32\USER32.dll
0x00007ffb37260000 - 0x00007ffb37282000 	C:\Windows\System32\win32u.dll
0x00007ffb37ba0000 - 0x00007ffb37bcb000 	C:\Windows\System32\GDI32.dll
0x00007ffb370c0000 - 0x00007ffb371cf000 	C:\Windows\System32\gdi32full.dll
0x00007ffb36c80000 - 0x00007ffb36d1d000 	C:\Windows\System32\msvcp_win.dll
0x00007ffb27d70000 - 0x00007ffb2800a000 	C:\Windows\WinSxS\amd64_microsoft.windows.common-controls_6595b64144ccf1df_6.0.19041.1110_none_60b5254171f9507e\COMCTL32.dll
0x00007ffb2a320000 - 0x00007ffb2a32a000 	C:\Windows\SYSTEM32\VERSION.dll
0x00007ffb39410000 - 0x00007ffb39442000 	C:\Windows\System32\IMM32.DLL
0x00007ffb1f390000 - 0x00007ffb1f39c000 	C:\Program Files\Java\jdk-19\bin\vcruntime140_1.dll
0x00007ffb08f10000 - 0x00007ffb08f9e000 	C:\Program Files\Java\jdk-19\bin\msvcp140.dll
0x00007ffafb250000 - 0x00007ffafbf10000 	C:\Program Files\Java\jdk-19\bin\server\jvm.dll
0x00007ffb277c0000 - 0x00007ffb277e7000 	C:\Windows\SYSTEM32\WINMM.dll
0x00007ffb1e970000 - 0x00007ffb1e979000 	C:\Windows\SYSTEM32\WSOCK32.dll
0x00007ffb37930000 - 0x00007ffb3799b000 	C:\Windows\System32\WS2_32.dll
0x00007ffb34a60000 - 0x00007ffb34a72000 	C:\Windows\SYSTEM32\kernel.appcore.dll
0x00007ffb1dd60000 - 0x00007ffb1dd6a000 	C:\Program Files\Java\jdk-19\bin\jimage.dll
0x00007ffb28a30000 - 0x00007ffb28c14000 	C:\Windows\SYSTEM32\DBGHELP.DLL
0x00007ffb289e0000 - 0x00007ffb28a15000 	C:\Windows\SYSTEM32\dbgcore.DLL
0x00007ffb371d0000 - 0x00007ffb37252000 	C:\Windows\System32\bcryptPrimitives.dll
0x00007ffb14740000 - 0x00007ffb14766000 	C:\Program Files\Java\jdk-19\bin\java.dll
0x00007ffb08e30000 - 0x00007ffb08f07000 	C:\Program Files\Java\jdk-19\bin\jsvml.dll
0x00007ffb38c10000 - 0x00007ffb39355000 	C:\Windows\System32\SHELL32.dll
0x00007ffb34c60000 - 0x00007ffb353f2000 	C:\Windows\SYSTEM32\windows.storage.dll
0x00007ffb38370000 - 0x00007ffb386c5000 	C:\Windows\System32\combase.dll
0x00007ffb36500000 - 0x00007ffb36530000 	C:\Windows\SYSTEM32\Wldp.dll
0x00007ffb37af0000 - 0x00007ffb37b9d000 	C:\Windows\System32\SHCORE.dll
0x00007ffb38bb0000 - 0x00007ffb38c05000 	C:\Windows\System32\shlwapi.dll
0x00007ffb36ac0000 - 0x00007ffb36adf000 	C:\Windows\SYSTEM32\profapi.dll
0x00007ffb16c50000 - 0x00007ffb16c63000 	C:\Program Files\Java\jdk-19\bin\net.dll
0x00007ffb30400000 - 0x00007ffb3050c000 	C:\Windows\SYSTEM32\WINHTTP.dll
0x00007ffb36260000 - 0x00007ffb362ca000 	C:\Windows\system32\mswsock.dll
0x00007ffb16000000 - 0x00007ffb16016000 	C:\Program Files\Java\jdk-19\bin\nio.dll
0x00007ffb145e0000 - 0x00007ffb145f8000 	C:\Program Files\Java\jdk-19\bin\zip.dll
0x00007ffb1bc10000 - 0x00007ffb1bc20000 	C:\Program Files\Java\jdk-19\bin\verify.dll
0x00007ffb35f90000 - 0x00007ffb3605b000 	C:\Windows\SYSTEM32\DNSAPI.dll
0x00007ffb35f50000 - 0x00007ffb35f8b000 	C:\Windows\SYSTEM32\IPHLPAPI.DLL
0x00007ffb379a0000 - 0x00007ffb379a8000 	C:\Windows\System32\NSI.dll
0x00007ffb2c390000 - 0x00007ffb2c39a000 	C:\Windows\System32\rasadhlp.dll
0x00007ffb2e230000 - 0x00007ffb2e2b0000 	C:\Windows\System32\fwpuclnt.dll
0x00007ffb374a0000 - 0x00007ffb374c7000 	C:\Windows\System32\bcrypt.dll
0x00007ffb1bad0000 - 0x00007ffb1bad8000 	C:\Program Files\Java\jdk-19\bin\extnet.dll
0x00007ffb1b690000 - 0x00007ffb1b69e000 	C:\Program Files\Java\jdk-19\bin\sunmscapi.dll
0x00007ffb37290000 - 0x00007ffb373e6000 	C:\Windows\System32\CRYPT32.dll
0x00007ffb36570000 - 0x00007ffb36597000 	C:\Windows\SYSTEM32\ncrypt.dll
0x00007ffb36530000 - 0x00007ffb3656b000 	C:\Windows\SYSTEM32\NTASN1.dll
0x00007ffb1a340000 - 0x00007ffb1a347000 	C:\Windows\system32\wshunix.dll
0x00007ffb36450000 - 0x00007ffb36468000 	C:\Windows\SYSTEM32\CRYPTSP.dll
0x00007ffb35b80000 - 0x00007ffb35bb4000 	C:\Windows\system32\rsaenh.dll
0x00007ffb36a80000 - 0x00007ffb36aae000 	C:\Windows\SYSTEM32\USERENV.dll
0x00007ffb36470000 - 0x00007ffb3647c000 	C:\Windows\SYSTEM32\CRYPTBASE.dll
0x00007ffb31230000 - 0x00007ffb31247000 	C:\Windows\SYSTEM32\dhcpcsvc6.DLL
0x00007ffb31210000 - 0x00007ffb3122d000 	C:\Windows\SYSTEM32\dhcpcsvc.DLL
0x00007ffb08400000 - 0x00007ffb08591000 	C:\Program Files\Java\jdk-19\bin\awt.dll
0x00007ffb37bd0000 - 0x00007ffb37c9d000 	C:\Windows\System32\OLEAUT32.dll
0x00007ffb34310000 - 0x00007ffb343a0000 	C:\Windows\SYSTEM32\apphelp.dll
0x00007ffb2a820000 - 0x00007ffb2a849000 	C:\Users\Riallen\AppData\Local\Temp\BridJExtractedLibraries2276316181405364447\bridj.dll
0x000000006cc80000 - 0x000000006cdcc000 	C:\Users\Riallen\AppData\Local\Temp\BridJExtractedLibraries2276316181405364447\hunspell.dll

dbghelp: loaded successfully - version: 4.0.5 - missing functions: none
symbol engine: initialized successfully - sym options: 0x614 - pdb path: .;C:\Program Files\Java\jdk-19\bin;C:\Windows\SYSTEM32;C:\Windows\WinSxS\amd64_microsoft.windows.common-controls_6595b64144ccf1df_6.0.19041.1110_none_60b5254171f9507e;C:\Program Files\Java\jdk-19\bin\server;C:\Users\Riallen\AppData\Local\Temp\BridJExtractedLibraries2276316181405364447

VM Arguments:
java_command: org.languagetool.server.HTTPServer -p 8086 --config C:\Users\Riallen\AppData\Local\Temp\tmpygp1o3o2
java_class_path (initial): C:\Users\Riallen\.cache\language_tool_python\LanguageTool-5.7\languagetool-server.jar
Launcher Type: SUN_STANDARD

[Global flags]
     intx CICompilerCount                          = 2                                         {product} {ergonomic}
     uint ConcGCThreads                            = 1                                         {product} {ergonomic}
     uint G1ConcRefinementThreads                  = 2                                         {product} {ergonomic}
   size_t G1HeapRegionSize                         = 1048576                                   {product} {ergonomic}
    uintx GCDrainStackTargetSize                   = 64                                        {product} {ergonomic}
   size_t InitialHeapSize                          = 31457280                                  {product} {ergonomic}
   size_t MarkStackSize                            = 4194304                                   {product} {ergonomic}
   size_t MaxHeapSize                              = 503316480                                 {product} {ergonomic}
   size_t MaxNewSize                               = 301989888                                 {product} {ergonomic}
   size_t MinHeapDeltaBytes                        = 1048576                                   {product} {ergonomic}
   size_t MinHeapSize                              = 8388608                                   {product} {ergonomic}
    uintx NonNMethodCodeHeapSize                   = 5826188                                {pd product} {ergonomic}
    uintx NonProfiledCodeHeapSize                  = 122916026                              {pd product} {ergonomic}
    uintx ProfiledCodeHeapSize                     = 122916026                              {pd product} {ergonomic}
    uintx ReservedCodeCacheSize                    = 251658240                              {pd product} {ergonomic}
     bool SegmentedCodeCache                       = true                                      {product} {ergonomic}
   size_t SoftMaxHeapSize                          = 503316480                              {manageable} {ergonomic}
     bool UseCompressedClassPointers               = true                           {product lp64_product} {ergonomic}
     bool UseCompressedOops                        = true                           {product lp64_product} {ergonomic}
     bool UseG1GC                                  = true                                      {product} {ergonomic}
     bool UseLargePagesIndividualAllocation        = false                                  {pd product} {ergonomic}

Logging:
Log output configuration:
 #0: stdout all=warning uptime,level,tags foldmultilines=false
 #1: stderr all=off uptime,level,tags foldmultilines=false

Environment Variables:
PATH=C:\Users\Riallen\.pyenv\pyenv-win\versions\3.10.9;C:\Users\Riallen\.pyenv\pyenv-win\versions\3.10.9\Scripts;C:\Users\Riallen\AppData\Roaming\Python\Python310\Scripts;C:\Program Files\Common Files\Oracle\Java\javapath;C:\Windows\System32;C:\Windows;C:\Windows\System32\wbem;C:\Windows\System32\WindowsPowerShell\v1.0\;C:\Windows\System32\OpenSSH\;C:\Program Files\Pandoc\;C:\Program Files\PowerShell\7\;C:\Program Files\Git\cmd;C:\Users\Riallen\.pyenv\pyenv-win\bin;C:\Users\Riallen\AppData\Local\Microsoft\WindowsApps;C:\Users\Riallen\AppData\Local\Programs\MiKTeX\miktex\bin\x64\;C:\Users\Riallen\AppData\Local\GitHubDesktop\bin;C:\Users\Riallen\AppData\Local\Programs\Microsoft VS Code\bin;
USERNAME=Riallen
OS=Windows_NT
PROCESSOR_IDENTIFIER=Intel64 Family 6 Model 23 Stepping 10, GenuineIntel
TMP=C:\Users\Riallen\AppData\Local\Temp
TEMP=C:\Users\Riallen\AppData\Local\Temp



---------------  S Y S T E M  ---------------

OS:
 Windows 10 , 64 bit Build 19041 (10.0.19041.2546)
OS uptime: 12 days 4:52 hours

CPU: total 2 (initial active 2) (2 cores per cpu, 1 threads per core) family 6 model 23 stepping 10 microcode 0xa0c, cx8, cmov, fxsr, mmx, sse, sse2, sse3, ssse3, tsc, clflush

Memory: 4k page, system-wide physical 1917M (232M free)
TotalPageFile size 7805M (AvailPageFile size 127M)
current process WorkingSet (physical memory assigned to process): 374M, peak: 393M
current process commit charge ("private bytes"): 497M, peak: 646M

vm_info: Java HotSpot(TM) 64-Bit Server VM (19.0.1+10-21) for windows-amd64 JRE (19.0.1+10-21), built on 2022-09-14T12:45:06Z by "mach5one" with MS VC++ 17.1 (VS2022)

END.
