#
# There is insufficient memory for the Java Runtime Environment to continue.
# Native memory allocation (malloc) failed to allocate 1288176 bytes for Chunk::new
# Possible reasons:
#   The system is out of physical RAM or swap space
#   The process is running with CompressedOops enabled, and the Java Heap may be blocking the growth of the native heap
# Possible solutions:
#   Reduce memory load on the system
#   Increase physical memory or swap space
#   Check if swap backing store is full
#   Decrease Java heap size (-Xmx/-Xms)
#   Decrease number of Java threads
#   Decrease Java thread stack sizes (-Xss)
#   Set larger code cache with -XX:ReservedCodeCacheSize=
#   JVM is running with Unscaled Compressed Oops mode in which the Java heap is
#     placed in the first 4GB address space. The Java Heap base address is the
#     maximum limit for the native heap growth. Please use -XX:HeapBaseMinAddress
#     to set the Java Heap base and to place the Java Heap above 4GB virtual address.
# This output file may be truncated or incomplete.
#
#  Out of Memory Error (arena.cpp:184), pid=10212, tid=10232
#
# JRE version: Java(TM) SE Runtime Environment (19.0.1+10) (build 19.0.1+10-21)
# Java VM: Java HotSpot(TM) 64-Bit Server VM (19.0.1+10-21, mixed mode, sharing, tiered, compressed oops, compressed class ptrs, g1 gc, windows-amd64)
# No core dump will be written. Minidumps are not enabled by default on client versions of Windows
#

---------------  S U M M A R Y ------------

Command Line: org.languagetool.server.HTTPServer -p 8086 --config C:\Users\Riallen\AppData\Local\Temp\tmpygp1o3o2

Host: Pentium(R) Dual-Core  CPU      E5700  @ 3.00GHz, 2 cores, 1G,  Windows 10 , 64 bit Build 19041 (10.0.19041.2546)
Time: Wed Mar  8 17:56:38 2023 Hora Padrão de Caracas elapsed time: 72.864328 seconds (0d 0h 1m 12s)

---------------  T H R E A D  ---------------

Current thread (0x00000134a63706a0):  JavaThread "C2 CompilerThread0" daemon [_thread_in_native, id=10232, stack(0x0000000101200000,0x0000000101300000)]


Current CompileTask:
C2:  72865 4684       4       org.languagetool.tokenizers.pt.PortugueseWordTokenizer::tokenize (354 bytes)

Stack: [0x0000000101200000,0x0000000101300000]
Native frames: (J=compiled Java code, j=interpreted, Vv=VM code, C=native code)
V  [jvm.dll+0x6ee8fa]
V  [jvm.dll+0x857a1e]
V  [jvm.dll+0x85940e]
V  [jvm.dll+0x859ac3]
V  [jvm.dll+0x28291f]
V  [jvm.dll+0xc9b5f]
V  [jvm.dll+0xc9ee5]
V  [jvm.dll+0x2f7c6f]
V  [jvm.dll+0x5f0c5b]
V  [jvm.dll+0x2551fc]
V  [jvm.dll+0x24e097]
V  [jvm.dll+0x24b563]
V  [jvm.dll+0x1d6d61]
V  [jvm.dll+0x25b0fa]
V  [jvm.dll+0x259588]
V  [jvm.dll+0x807928]
V  [jvm.dll+0x8015fa]
V  [jvm.dll+0x6ed5eb]
C  [ucrtbase.dll+0x21bb2]
C  [KERNEL32.DLL+0x17614]
C  [ntdll.dll+0x526a1]


---------------  P R O C E S S  ---------------

Threads class SMR info:
_java_thread_list=0x00000134aa87e410, length=21, elements={
0x00000134a6369f70, 0x00000134a636ad00, 0x00000134a636ba90, 0x00000134a636d3d0,
0x00000134a636dd00, 0x00000134a636fa40, 0x00000134a63706a0, 0x00000134a63dbd80,
0x00000134a63e04d0, 0x00000134aa829530, 0x00000134aa833320, 0x00000134ab3ee3f0,
0x00000134ab4b0070, 0x00000134ab8f54b0, 0x00000134ab6c8480, 0x00000134ab793620,
0x000001348c2f90f0, 0x00000134aa83c7c0, 0x00000134ab29a2b0, 0x00000134ab2d75d0,
0x00000134ab2d8b10
}

Java Threads: ( => current thread )
  0x00000134a6369f70 JavaThread "Reference Handler" daemon [_thread_blocked, id=3308, stack(0x0000000100c00000,0x0000000100d00000)]
  0x00000134a636ad00 JavaThread "Finalizer" daemon [_thread_blocked, id=2544, stack(0x0000000100d00000,0x0000000100e00000)]
  0x00000134a636ba90 JavaThread "Signal Dispatcher" daemon [_thread_blocked, id=11900, stack(0x0000000100e00000,0x0000000100f00000)]
  0x00000134a636d3d0 JavaThread "Attach Listener" daemon [_thread_blocked, id=11260, stack(0x0000000100f00000,0x0000000101000000)]
  0x00000134a636dd00 JavaThread "Service Thread" daemon [_thread_blocked, id=7128, stack(0x0000000101000000,0x0000000101100000)]
  0x00000134a636fa40 JavaThread "Monitor Deflation Thread" daemon [_thread_blocked, id=9592, stack(0x0000000101100000,0x0000000101200000)]
=>0x00000134a63706a0 JavaThread "C2 CompilerThread0" daemon [_thread_in_native, id=10232, stack(0x0000000101200000,0x0000000101300000)]
  0x00000134a63dbd80 JavaThread "C1 CompilerThread0" daemon [_thread_blocked, id=5072, stack(0x0000000101300000,0x0000000101400000)]
  0x00000134a63e04d0 JavaThread "Sweeper thread" daemon [_thread_blocked, id=4168, stack(0x0000000101400000,0x0000000101500000)]
  0x00000134aa829530 JavaThread "Notification Thread" daemon [_thread_blocked, id=1240, stack(0x0000000101500000,0x0000000101600000)]
  0x00000134aa833320 JavaThread "Common-Cleaner" daemon [_thread_blocked, id=5532, stack(0x0000000101700000,0x0000000101800000)]
  0x00000134ab3ee3f0 JavaThread "LtThreadPoolMonitor" daemon [_thread_blocked, id=4664, stack(0x0000000101900000,0x0000000101a00000)]
  0x00000134ab4b0070 JavaThread "LtThreadPoolExecutorMonitor" daemon [_thread_blocked, id=5012, stack(0x0000000101a00000,0x0000000101b00000)]
  0x00000134ab8f54b0 JavaThread "LtThreadPoolExecutorMonitor" daemon [_thread_blocked, id=5028, stack(0x0000000101b00000,0x0000000101c00000)]
  0x00000134ab6c8480 JavaThread "idle-timeout-task" daemon [_thread_blocked, id=2156, stack(0x0000000101c00000,0x0000000101d00000)]
  0x00000134ab793620 JavaThread "HTTP-Dispatcher" [_thread_in_native, id=4764, stack(0x0000000101d00000,0x0000000101e00000)]
  0x000001348c2f90f0 JavaThread "DestroyJavaVM" [_thread_blocked, id=5512, stack(0x0000000100500000,0x0000000100600000)]
  0x00000134aa83c7c0 JavaThread "lt-server-thread-0" [_thread_blocked, id=12096, stack(0x0000000101e00000,0x0000000101f00000)]
  0x00000134ab29a2b0 JavaThread "lt-server-thread-1" [_thread_blocked, id=11424, stack(0x0000000101f00000,0x0000000102000000)]
  0x00000134ab2d75d0 JavaThread "lt-server-thread-2" [_thread_blocked, id=7692, stack(0x0000000102200000,0x0000000102300000)]
  0x00000134ab2d8b10 JavaThread "lt-text-checker-thread-0" [_thread_in_Java, id=2072, stack(0x0000000102300000,0x0000000102400000)]

Other Threads:
  0x000001348c3c2da0 VMThread "VM Thread" [stack: 0x0000000100b00000,0x0000000100c00000] [id=8588]
  0x00000134aa832ec0 WatcherThread "VM Periodic Task Thread" [stack: 0x0000000101600000,0x0000000101700000] [id=2488]
  0x000001348c3296d0 WorkerThread "GC Thread#0" [stack: 0x0000000100600000,0x0000000100700000] [id=5524]
  0x00000134aadb86e0 WorkerThread "GC Thread#1" [stack: 0x0000000101800000,0x0000000101900000] [id=9400]
  0x000001348c32e230 ConcurrentGCThread "G1 Main Marker" [stack: 0x0000000100700000,0x0000000100800000] [id=11472]
  0x000001348c32ee00 WorkerThread "G1 Conc#0" [stack: 0x0000000100800000,0x0000000100900000] [id=6904]
  0x000001348c362030 ConcurrentGCThread "G1 Refine#0" [stack: 0x0000000100900000,0x0000000100a00000] [id=8352]
  0x000001348c362d10 ConcurrentGCThread "G1 Service" [stack: 0x0000000100a00000,0x0000000100b00000] [id=7860]

Threads with active compile tasks:
C2 CompilerThread0    73008 4684       4       org.languagetool.tokenizers.pt.PortugueseWordTokenizer::tokenize (354 bytes)

VM state: not at safepoint (normal execution)

VM Mutex/Monitor currently owned by a thread: None

Heap address: 0x00000000e2000000, size: 480 MB, Compressed Oops mode: 32-bit

CDS archive(s) mapped at: [0x0000000800000000-0x0000000800c40000-0x0000000800c40000), size 12845056, SharedBaseAddress: 0x0000000800000000, ArchiveRelocationMode: 0.
Compressed class space mapped at: 0x0000000801000000-0x0000000841000000, reserved size: 1073741824
Narrow klass base: 0x0000000800000000, Narrow klass shift: 0, Narrow klass range: 0x100000000

GC Precious Log:
 CardTable entry size: 512
 Card Set container configuration: InlinePtr #cards 5 size 8 Array Of Cards #cards 12 size 40 Howl #buckets 4 coarsen threshold 1843 Howl Bitmap #cards 512 size 80 coarsen threshold 460 Card regions per heap region 1 cards per card region 2048
 CPUs: 2 total, 2 available
 Memory: 1917M
 Large Page Support: Disabled
 NUMA Support: Disabled
 Compressed Oops: Enabled (32-bit)
 Heap Region Size: 1M
 Heap Min Capacity: 8M
 Heap Initial Capacity: 30M
 Heap Max Capacity: 480M
 Pre-touch: Disabled
 Parallel Workers: 2
 Concurrent Workers: 1
 Concurrent Refinement Workers: 2
 Periodic GC: Disabled

Heap:
 garbage-first heap   total 186368K, used 155039K [0x00000000e2000000, 0x0000000100000000)
  region size 1024K, 56 young (57344K), 6 survivors (6144K)
 Metaspace       used 16911K, committed 17152K, reserved 1114112K
  class space    used 1695K, committed 1792K, reserved 1048576K

Heap Regions: E=young(eden), S=young(survivor), O=old, HS=humongous(starts), HC=humongous(continues), CS=collection set, F=free, OA=open archive, CA=closed archive, TAMS=top-at-mark-start (previous, next)
|   0|0x00000000e2000000, 0x00000000e2100000, 0x00000000e2100000|100%| O|  |TAMS 0x00000000e2100000, 0x00000000e2000000| Untracked 
|   1|0x00000000e2100000, 0x00000000e2200000, 0x00000000e2200000|100%| O|  |TAMS 0x00000000e2100000, 0x00000000e2100000| Untracked 
|   2|0x00000000e2200000, 0x00000000e2300000, 0x00000000e2300000|100%| O|  |TAMS 0x00000000e2300000, 0x00000000e2200000| Untracked 
|   3|0x00000000e2300000, 0x00000000e2400000, 0x00000000e2400000|100%| O|  |TAMS 0x00000000e2400000, 0x00000000e2300000| Untracked 
|   4|0x00000000e2400000, 0x00000000e2500000, 0x00000000e2500000|100%| O|  |TAMS 0x00000000e2500000, 0x00000000e2400000| Untracked 
|   5|0x00000000e2500000, 0x00000000e2600000, 0x00000000e2600000|100%| O|  |TAMS 0x00000000e2600000, 0x00000000e2500000| Untracked 
|   6|0x00000000e2600000, 0x00000000e2700000, 0x00000000e2700000|100%| O|  |TAMS 0x00000000e2700000, 0x00000000e2600000| Untracked 
|   7|0x00000000e2700000, 0x00000000e2800000, 0x00000000e2800000|100%| O|  |TAMS 0x00000000e2800000, 0x00000000e2700000| Untracked 
|   8|0x00000000e2800000, 0x00000000e2900000, 0x00000000e2900000|100%| O|  |TAMS 0x00000000e2900000, 0x00000000e2800000| Untracked 
|   9|0x00000000e2900000, 0x00000000e2a00000, 0x00000000e2a00000|100%| O|  |TAMS 0x00000000e2a00000, 0x00000000e2900000| Untracked 
|  10|0x00000000e2a00000, 0x00000000e2b00000, 0x00000000e2b00000|100%| O|  |TAMS 0x00000000e2b00000, 0x00000000e2a00000| Untracked 
|  11|0x00000000e2b00000, 0x00000000e2c00000, 0x00000000e2c00000|100%|HS|  |TAMS 0x00000000e2c00000, 0x00000000e2b00000| Complete 
|  12|0x00000000e2c00000, 0x00000000e2d00000, 0x00000000e2d00000|100%| O|  |TAMS 0x00000000e2d00000, 0x00000000e2c00000| Untracked 
|  13|0x00000000e2d00000, 0x00000000e2e00000, 0x00000000e2e00000|100%| O|  |TAMS 0x00000000e2e00000, 0x00000000e2d00000| Untracked 
|  14|0x00000000e2e00000, 0x00000000e2f00000, 0x00000000e2f00000|100%| O|  |TAMS 0x00000000e2f00000, 0x00000000e2e00000| Untracked 
|  15|0x00000000e2f00000, 0x00000000e3000000, 0x00000000e3000000|100%| O|  |TAMS 0x00000000e2f00000, 0x00000000e2f00000| Untracked 
|  16|0x00000000e3000000, 0x00000000e3100000, 0x00000000e3100000|100%| O|  |TAMS 0x00000000e3100000, 0x00000000e3000000| Untracked 
|  17|0x00000000e3100000, 0x00000000e3200000, 0x00000000e3200000|100%| O|  |TAMS 0x00000000e3200000, 0x00000000e3100000| Untracked 
|  18|0x00000000e3200000, 0x00000000e3300000, 0x00000000e3300000|100%| O|  |TAMS 0x00000000e3300000, 0x00000000e3200000| Untracked 
|  19|0x00000000e3300000, 0x00000000e3400000, 0x00000000e3400000|100%| O|  |TAMS 0x00000000e3400000, 0x00000000e3300000| Untracked 
|  20|0x00000000e3400000, 0x00000000e3500000, 0x00000000e3500000|100%| O|  |TAMS 0x00000000e3500000, 0x00000000e3400000| Untracked 
|  21|0x00000000e3500000, 0x00000000e3600000, 0x00000000e3600000|100%| O|  |TAMS 0x00000000e3600000, 0x00000000e3500000| Untracked 
|  22|0x00000000e3600000, 0x00000000e3700000, 0x00000000e3700000|100%| O|  |TAMS 0x00000000e3700000, 0x00000000e3600000| Untracked 
|  23|0x00000000e3700000, 0x00000000e3800000, 0x00000000e3800000|100%| O|  |TAMS 0x00000000e3800000, 0x00000000e3700000| Untracked 
|  24|0x00000000e3800000, 0x00000000e3900000, 0x00000000e3900000|100%| O|  |TAMS 0x00000000e3900000, 0x00000000e3800000| Untracked 
|  25|0x00000000e3900000, 0x00000000e3a00000, 0x00000000e3a00000|100%| O|  |TAMS 0x00000000e3a00000, 0x00000000e3900000| Untracked 
|  26|0x00000000e3a00000, 0x00000000e3b00000, 0x00000000e3b00000|100%| O|  |TAMS 0x00000000e3b00000, 0x00000000e3a00000| Untracked 
|  27|0x00000000e3b00000, 0x00000000e3c00000, 0x00000000e3c00000|100%| O|  |TAMS 0x00000000e3c00000, 0x00000000e3b00000| Untracked 
|  28|0x00000000e3c00000, 0x00000000e3d00000, 0x00000000e3d00000|100%| O|  |TAMS 0x00000000e3d00000, 0x00000000e3c00000| Untracked 
|  29|0x00000000e3d00000, 0x00000000e3e00000, 0x00000000e3e00000|100%| O|  |TAMS 0x00000000e3e00000, 0x00000000e3d00000| Untracked 
|  30|0x00000000e3e00000, 0x00000000e3f00000, 0x00000000e3f00000|100%| O|  |TAMS 0x00000000e3f00000, 0x00000000e3e00000| Untracked 
|  31|0x00000000e3f00000, 0x00000000e4000000, 0x00000000e4000000|100%| O|  |TAMS 0x00000000e4000000, 0x00000000e3f00000| Untracked 
|  32|0x00000000e4000000, 0x00000000e4100000, 0x00000000e4100000|100%| O|  |TAMS 0x00000000e4000000, 0x00000000e4000000| Untracked 
|  33|0x00000000e4100000, 0x00000000e4200000, 0x00000000e4200000|100%| O|  |TAMS 0x00000000e4200000, 0x00000000e4100000| Untracked 
|  34|0x00000000e4200000, 0x00000000e4300000, 0x00000000e4300000|100%| O|  |TAMS 0x00000000e4300000, 0x00000000e4200000| Untracked 
|  35|0x00000000e4300000, 0x00000000e4400000, 0x00000000e4400000|100%| O|  |TAMS 0x00000000e4400000, 0x00000000e4300000| Untracked 
|  36|0x00000000e4400000, 0x00000000e4500000, 0x00000000e4500000|100%| O|  |TAMS 0x00000000e4500000, 0x00000000e4400000| Untracked 
|  37|0x00000000e4500000, 0x00000000e4600000, 0x00000000e4600000|100%| O|  |TAMS 0x00000000e4600000, 0x00000000e4500000| Untracked 
|  38|0x00000000e4600000, 0x00000000e4700000, 0x00000000e4700000|100%| O|  |TAMS 0x00000000e4700000, 0x00000000e4600000| Untracked 
|  39|0x00000000e4700000, 0x00000000e4800000, 0x00000000e4800000|100%| O|  |TAMS 0x00000000e4800000, 0x00000000e4700000| Untracked 
|  40|0x00000000e4800000, 0x00000000e4900000, 0x00000000e4900000|100%| O|  |TAMS 0x00000000e4900000, 0x00000000e4800000| Untracked 
|  41|0x00000000e4900000, 0x00000000e4a00000, 0x00000000e4a00000|100%| O|  |TAMS 0x00000000e4a00000, 0x00000000e4900000| Untracked 
|  42|0x00000000e4a00000, 0x00000000e4b00000, 0x00000000e4b00000|100%| O|  |TAMS 0x00000000e4b00000, 0x00000000e4a00000| Untracked 
|  43|0x00000000e4b00000, 0x00000000e4c00000, 0x00000000e4c00000|100%| O|  |TAMS 0x00000000e4c00000, 0x00000000e4b00000| Untracked 
|  44|0x00000000e4c00000, 0x00000000e4d00000, 0x00000000e4d00000|100%| O|  |TAMS 0x00000000e4d00000, 0x00000000e4c00000| Untracked 
|  45|0x00000000e4d00000, 0x00000000e4e00000, 0x00000000e4e00000|100%| O|  |TAMS 0x00000000e4e00000, 0x00000000e4d00000| Untracked 
|  46|0x00000000e4e00000, 0x00000000e4f00000, 0x00000000e4f00000|100%| O|  |TAMS 0x00000000e4f00000, 0x00000000e4e00000| Untracked 
|  47|0x00000000e4f00000, 0x00000000e5000000, 0x00000000e5000000|100%| O|  |TAMS 0x00000000e5000000, 0x00000000e4f00000| Untracked 
|  48|0x00000000e5000000, 0x00000000e5100000, 0x00000000e5100000|100%| O|  |TAMS 0x00000000e5100000, 0x00000000e5000000| Untracked 
|  49|0x00000000e5100000, 0x00000000e5200000, 0x00000000e5200000|100%| O|  |TAMS 0x00000000e5200000, 0x00000000e5100000| Untracked 
|  50|0x00000000e5200000, 0x00000000e5300000, 0x00000000e5300000|100%| O|  |TAMS 0x00000000e5300000, 0x00000000e5200000| Untracked 
|  51|0x00000000e5300000, 0x00000000e5400000, 0x00000000e5400000|100%| O|  |TAMS 0x00000000e5400000, 0x00000000e5300000| Untracked 
|  52|0x00000000e5400000, 0x00000000e5500000, 0x00000000e5500000|100%| O|  |TAMS 0x00000000e5500000, 0x00000000e5400000| Untracked 
|  53|0x00000000e5500000, 0x00000000e5600000, 0x00000000e5600000|100%| O|  |TAMS 0x00000000e5600000, 0x00000000e5500000| Untracked 
|  54|0x00000000e5600000, 0x00000000e5700000, 0x00000000e5700000|100%| O|  |TAMS 0x00000000e5700000, 0x00000000e5600000| Untracked 
|  55|0x00000000e5700000, 0x00000000e5800000, 0x00000000e5800000|100%| O|  |TAMS 0x00000000e5800000, 0x00000000e5700000| Untracked 
|  56|0x00000000e5800000, 0x00000000e5900000, 0x00000000e5900000|100%| O|  |TAMS 0x00000000e5800000, 0x00000000e5800000| Untracked 
|  57|0x00000000e5900000, 0x00000000e5a00000, 0x00000000e5a00000|100%| O|  |TAMS 0x00000000e5900000, 0x00000000e5900000| Untracked 
|  58|0x00000000e5a00000, 0x00000000e5b00000, 0x00000000e5b00000|100%| O|  |TAMS 0x00000000e5a00000, 0x00000000e5a00000| Untracked 
|  59|0x00000000e5b00000, 0x00000000e5c00000, 0x00000000e5c00000|100%| O|  |TAMS 0x00000000e5c00000, 0x00000000e5b00000| Untracked 
|  60|0x00000000e5c00000, 0x00000000e5d00000, 0x00000000e5d00000|100%| O|  |TAMS 0x00000000e5d00000, 0x00000000e5c00000| Untracked 
|  61|0x00000000e5d00000, 0x00000000e5e00000, 0x00000000e5e00000|100%| O|  |TAMS 0x00000000e5e00000, 0x00000000e5d00000| Untracked 
|  62|0x00000000e5e00000, 0x00000000e5f00000, 0x00000000e5f00000|100%| O|  |TAMS 0x00000000e5e00000, 0x00000000e5e00000| Untracked 
|  63|0x00000000e5f00000, 0x00000000e6000000, 0x00000000e6000000|100%| O|  |TAMS 0x00000000e6000000, 0x00000000e5f00000| Untracked 
|  64|0x00000000e6000000, 0x00000000e6100000, 0x00000000e6100000|100%| O|  |TAMS 0x00000000e6100000, 0x00000000e6000000| Untracked 
|  65|0x00000000e6100000, 0x00000000e6200000, 0x00000000e6200000|100%| O|  |TAMS 0x00000000e6200000, 0x00000000e6100000| Untracked 
|  66|0x00000000e6200000, 0x00000000e6300000, 0x00000000e6300000|100%| O|  |TAMS 0x00000000e6300000, 0x00000000e6200000| Untracked 
|  67|0x00000000e6300000, 0x00000000e6400000, 0x00000000e6400000|100%| O|  |TAMS 0x00000000e6400000, 0x00000000e6300000| Untracked 
|  68|0x00000000e6400000, 0x00000000e6500000, 0x00000000e6500000|100%| O|  |TAMS 0x00000000e6500000, 0x00000000e6400000| Untracked 
|  69|0x00000000e6500000, 0x00000000e6600000, 0x00000000e6600000|100%|HS|  |TAMS 0x00000000e6600000, 0x00000000e6500000| Complete 
|  70|0x00000000e6600000, 0x00000000e6700000, 0x00000000e6700000|100%| O|  |TAMS 0x00000000e6700000, 0x00000000e6600000| Untracked 
|  71|0x00000000e6700000, 0x00000000e6800000, 0x00000000e6800000|100%| O|  |TAMS 0x00000000e6800000, 0x00000000e6700000| Untracked 
|  72|0x00000000e6800000, 0x00000000e6900000, 0x00000000e6900000|100%| O|  |TAMS 0x00000000e6900000, 0x00000000e6800000| Untracked 
|  73|0x00000000e6900000, 0x00000000e6a00000, 0x00000000e6a00000|100%| O|  |TAMS 0x00000000e6a00000, 0x00000000e6900000| Untracked 
|  74|0x00000000e6a00000, 0x00000000e6b00000, 0x00000000e6b00000|100%| O|  |TAMS 0x00000000e6b00000, 0x00000000e6a00000| Untracked 
|  75|0x00000000e6b00000, 0x00000000e6c00000, 0x00000000e6c00000|100%| O|  |TAMS 0x00000000e6c00000, 0x00000000e6b00000| Untracked 
|  76|0x00000000e6c00000, 0x00000000e6d00000, 0x00000000e6d00000|100%| O|  |TAMS 0x00000000e6d00000, 0x00000000e6c00000| Untracked 
|  77|0x00000000e6d00000, 0x00000000e6e00000, 0x00000000e6e00000|100%| O|  |TAMS 0x00000000e6e00000, 0x00000000e6d00000| Untracked 
|  78|0x00000000e6e00000, 0x00000000e6f00000, 0x00000000e6f00000|100%| O|  |TAMS 0x00000000e6f00000, 0x00000000e6e00000| Untracked 
|  79|0x00000000e6f00000, 0x00000000e7000000, 0x00000000e7000000|100%| O|  |TAMS 0x00000000e7000000, 0x00000000e6f00000| Untracked 
|  80|0x00000000e7000000, 0x00000000e7100000, 0x00000000e7100000|100%| O|  |TAMS 0x00000000e7100000, 0x00000000e7000000| Untracked 
|  81|0x00000000e7100000, 0x00000000e7200000, 0x00000000e7200000|100%| O|  |TAMS 0x00000000e7200000, 0x00000000e7100000| Untracked 
|  82|0x00000000e7200000, 0x00000000e7300000, 0x00000000e7300000|100%| O|  |TAMS 0x00000000e7300000, 0x00000000e7200000| Untracked 
|  83|0x00000000e7300000, 0x00000000e7400000, 0x00000000e7400000|100%| O|  |TAMS 0x00000000e7400000, 0x00000000e7300000| Untracked 
|  84|0x00000000e7400000, 0x00000000e7500000, 0x00000000e7500000|100%| O|  |TAMS 0x00000000e7500000, 0x00000000e7400000| Untracked 
|  85|0x00000000e7500000, 0x00000000e7600000, 0x00000000e7600000|100%| O|  |TAMS 0x00000000e7600000, 0x00000000e7500000| Untracked 
|  86|0x00000000e7600000, 0x00000000e7700000, 0x00000000e7700000|100%| O|  |TAMS 0x00000000e7700000, 0x00000000e7600000| Untracked 
|  87|0x00000000e7700000, 0x00000000e7800000, 0x00000000e7800000|100%| O|  |TAMS 0x00000000e7800000, 0x00000000e7700000| Untracked 
|  88|0x00000000e7800000, 0x00000000e7900000, 0x00000000e7900000|100%| O|  |TAMS 0x00000000e7900000, 0x00000000e7800000| Untracked 
|  89|0x00000000e7900000, 0x00000000e7a00000, 0x00000000e7a00000|100%| O|  |TAMS 0x00000000e7a00000, 0x00000000e7900000| Untracked 
|  90|0x00000000e7a00000, 0x00000000e7b00000, 0x00000000e7b00000|100%| O|  |TAMS 0x00000000e7b00000, 0x00000000e7a00000| Untracked 
|  91|0x00000000e7b00000, 0x00000000e7c00000, 0x00000000e7c00000|100%| O|  |TAMS 0x00000000e7bbb800, 0x00000000e7b00000| Untracked 
|  92|0x00000000e7c00000, 0x00000000e7d00000, 0x00000000e7d00000|100%| O|  |TAMS 0x00000000e7c00000, 0x00000000e7c00000| Untracked 
|  93|0x00000000e7d00000, 0x00000000e7e00000, 0x00000000e7e00000|100%| O|  |TAMS 0x00000000e7d00000, 0x00000000e7d00000| Untracked 
|  94|0x00000000e7e00000, 0x00000000e7f00000, 0x00000000e7f00000|100%| O|  |TAMS 0x00000000e7e00000, 0x00000000e7e00000| Untracked 
|  95|0x00000000e7f00000, 0x00000000e8000000, 0x00000000e8000000|100%| O|  |TAMS 0x00000000e7f00000, 0x00000000e7f00000| Untracked 
|  96|0x00000000e8000000, 0x00000000e80e7e00, 0x00000000e8100000| 90%| O|  |TAMS 0x00000000e8000000, 0x00000000e8000000| Untracked 
|  97|0x00000000e8100000, 0x00000000e8100000, 0x00000000e8200000|  0%| F|  |TAMS 0x00000000e8100000, 0x00000000e8100000| Untracked 
|  98|0x00000000e8200000, 0x00000000e8200000, 0x00000000e8300000|  0%| F|  |TAMS 0x00000000e8200000, 0x00000000e8200000| Untracked 
|  99|0x00000000e8300000, 0x00000000e8300000, 0x00000000e8400000|  0%| F|  |TAMS 0x00000000e8300000, 0x00000000e8300000| Untracked 
| 100|0x00000000e8400000, 0x00000000e8400000, 0x00000000e8500000|  0%| F|  |TAMS 0x00000000e8400000, 0x00000000e8400000| Untracked 
| 101|0x00000000e8500000, 0x00000000e8500000, 0x00000000e8600000|  0%| F|  |TAMS 0x00000000e8500000, 0x00000000e8500000| Untracked 
| 102|0x00000000e8600000, 0x00000000e8600000, 0x00000000e8700000|  0%| F|  |TAMS 0x00000000e8600000, 0x00000000e8600000| Untracked 
| 103|0x00000000e8700000, 0x00000000e8700000, 0x00000000e8800000|  0%| F|  |TAMS 0x00000000e8700000, 0x00000000e8700000| Untracked 
| 104|0x00000000e8800000, 0x00000000e8800000, 0x00000000e8900000|  0%| F|  |TAMS 0x00000000e8800000, 0x00000000e8800000| Untracked 
| 105|0x00000000e8900000, 0x00000000e8900000, 0x00000000e8a00000|  0%| F|  |TAMS 0x00000000e8900000, 0x00000000e8900000| Untracked 
| 106|0x00000000e8a00000, 0x00000000e8a00000, 0x00000000e8b00000|  0%| F|  |TAMS 0x00000000e8a00000, 0x00000000e8a00000| Untracked 
| 107|0x00000000e8b00000, 0x00000000e8b00000, 0x00000000e8c00000|  0%| F|  |TAMS 0x00000000e8b00000, 0x00000000e8b00000| Untracked 
| 108|0x00000000e8c00000, 0x00000000e8c00000, 0x00000000e8d00000|  0%| F|  |TAMS 0x00000000e8c00000, 0x00000000e8c00000| Untracked 
| 109|0x00000000e8d00000, 0x00000000e8d00000, 0x00000000e8e00000|  0%| F|  |TAMS 0x00000000e8d00000, 0x00000000e8d00000| Untracked 
| 110|0x00000000e8e00000, 0x00000000e8e00000, 0x00000000e8f00000|  0%| F|  |TAMS 0x00000000e8e00000, 0x00000000e8e00000| Untracked 
| 111|0x00000000e8f00000, 0x00000000e8f00000, 0x00000000e9000000|  0%| F|  |TAMS 0x00000000e8f00000, 0x00000000e8f00000| Untracked 
| 112|0x00000000e9000000, 0x00000000e9000000, 0x00000000e9100000|  0%| F|  |TAMS 0x00000000e9000000, 0x00000000e9000000| Untracked 
| 113|0x00000000e9100000, 0x00000000e9100000, 0x00000000e9200000|  0%| F|  |TAMS 0x00000000e9100000, 0x00000000e9100000| Untracked 
| 114|0x00000000e9200000, 0x00000000e9200000, 0x00000000e9300000|  0%| F|  |TAMS 0x00000000e9200000, 0x00000000e9200000| Untracked 
| 115|0x00000000e9300000, 0x00000000e9300000, 0x00000000e9400000|  0%| F|  |TAMS 0x00000000e9300000, 0x00000000e9300000| Untracked 
| 116|0x00000000e9400000, 0x00000000e9400000, 0x00000000e9500000|  0%| F|  |TAMS 0x00000000e9400000, 0x00000000e9400000| Untracked 
| 117|0x00000000e9500000, 0x00000000e9500000, 0x00000000e9600000|  0%| F|  |TAMS 0x00000000e9500000, 0x00000000e9500000| Untracked 
| 118|0x00000000e9600000, 0x00000000e9600000, 0x00000000e9700000|  0%| F|  |TAMS 0x00000000e9600000, 0x00000000e9600000| Untracked 
| 119|0x00000000e9700000, 0x00000000e9780000, 0x00000000e9800000| 50%| S|CS|TAMS 0x00000000e9700000, 0x00000000e9700000| Complete 
| 120|0x00000000e9800000, 0x00000000e9800000, 0x00000000e9900000|  0%| F|  |TAMS 0x00000000e9800000, 0x00000000e9800000| Untracked 
| 121|0x00000000e9900000, 0x00000000e9a00000, 0x00000000e9a00000|100%| S|CS|TAMS 0x00000000e9900000, 0x00000000e9900000| Complete 
| 122|0x00000000e9a00000, 0x00000000e9b00000, 0x00000000e9b00000|100%| S|CS|TAMS 0x00000000e9a00000, 0x00000000e9a00000| Complete 
| 123|0x00000000e9b00000, 0x00000000e9c00000, 0x00000000e9c00000|100%| S|CS|TAMS 0x00000000e9b00000, 0x00000000e9b00000| Complete 
| 124|0x00000000e9c00000, 0x00000000e9d00000, 0x00000000e9d00000|100%| S|CS|TAMS 0x00000000e9c00000, 0x00000000e9c00000| Complete 
| 125|0x00000000e9d00000, 0x00000000e9e00000, 0x00000000e9e00000|100%| S|CS|TAMS 0x00000000e9d00000, 0x00000000e9d00000| Complete 
| 126|0x00000000e9e00000, 0x00000000e9e00000, 0x00000000e9f00000|  0%| F|  |TAMS 0x00000000e9e00000, 0x00000000e9e00000| Untracked 
| 127|0x00000000e9f00000, 0x00000000e9f00000, 0x00000000ea000000|  0%| F|  |TAMS 0x00000000e9f00000, 0x00000000e9f00000| Untracked 
| 128|0x00000000ea000000, 0x00000000ea080800, 0x00000000ea100000| 50%| E|  |TAMS 0x00000000ea000000, 0x00000000ea000000| Complete 
| 129|0x00000000ea100000, 0x00000000ea200000, 0x00000000ea200000|100%| E|CS|TAMS 0x00000000ea100000, 0x00000000ea100000| Complete 
| 130|0x00000000ea200000, 0x00000000ea300000, 0x00000000ea300000|100%| E|CS|TAMS 0x00000000ea200000, 0x00000000ea200000| Complete 
| 131|0x00000000ea300000, 0x00000000ea400000, 0x00000000ea400000|100%| E|CS|TAMS 0x00000000ea300000, 0x00000000ea300000| Complete 
| 132|0x00000000ea400000, 0x00000000ea500000, 0x00000000ea500000|100%| E|CS|TAMS 0x00000000ea400000, 0x00000000ea400000| Complete 
| 133|0x00000000ea500000, 0x00000000ea600000, 0x00000000ea600000|100%| E|CS|TAMS 0x00000000ea500000, 0x00000000ea500000| Complete 
| 134|0x00000000ea600000, 0x00000000ea700000, 0x00000000ea700000|100%| E|CS|TAMS 0x00000000ea600000, 0x00000000ea600000| Complete 
| 135|0x00000000ea700000, 0x00000000ea800000, 0x00000000ea800000|100%| E|CS|TAMS 0x00000000ea700000, 0x00000000ea700000| Complete 
| 136|0x00000000ea800000, 0x00000000ea900000, 0x00000000ea900000|100%| E|CS|TAMS 0x00000000ea800000, 0x00000000ea800000| Complete 
| 137|0x00000000ea900000, 0x00000000eaa00000, 0x00000000eaa00000|100%| E|CS|TAMS 0x00000000ea900000, 0x00000000ea900000| Complete 
| 138|0x00000000eaa00000, 0x00000000eab00000, 0x00000000eab00000|100%| E|CS|TAMS 0x00000000eaa00000, 0x00000000eaa00000| Complete 
| 139|0x00000000eab00000, 0x00000000eac00000, 0x00000000eac00000|100%| E|CS|TAMS 0x00000000eab00000, 0x00000000eab00000| Complete 
| 140|0x00000000eac00000, 0x00000000ead00000, 0x00000000ead00000|100%| E|CS|TAMS 0x00000000eac00000, 0x00000000eac00000| Complete 
| 141|0x00000000ead00000, 0x00000000eae00000, 0x00000000eae00000|100%| E|CS|TAMS 0x00000000ead00000, 0x00000000ead00000| Complete 
| 142|0x00000000eae00000, 0x00000000eaf00000, 0x00000000eaf00000|100%| E|CS|TAMS 0x00000000eae00000, 0x00000000eae00000| Complete 
| 143|0x00000000eaf00000, 0x00000000eb000000, 0x00000000eb000000|100%| E|CS|TAMS 0x00000000eaf00000, 0x00000000eaf00000| Complete 
| 144|0x00000000eb000000, 0x00000000eb100000, 0x00000000eb100000|100%| E|CS|TAMS 0x00000000eb000000, 0x00000000eb000000| Complete 
| 145|0x00000000eb100000, 0x00000000eb200000, 0x00000000eb200000|100%| E|CS|TAMS 0x00000000eb100000, 0x00000000eb100000| Complete 
| 146|0x00000000eb200000, 0x00000000eb300000, 0x00000000eb300000|100%| E|CS|TAMS 0x00000000eb200000, 0x00000000eb200000| Complete 
| 147|0x00000000eb300000, 0x00000000eb400000, 0x00000000eb400000|100%| E|CS|TAMS 0x00000000eb300000, 0x00000000eb300000| Complete 
| 148|0x00000000eb400000, 0x00000000eb500000, 0x00000000eb500000|100%| E|CS|TAMS 0x00000000eb400000, 0x00000000eb400000| Complete 
| 149|0x00000000eb500000, 0x00000000eb600000, 0x00000000eb600000|100%| E|CS|TAMS 0x00000000eb500000, 0x00000000eb500000| Complete 
| 150|0x00000000eb600000, 0x00000000eb700000, 0x00000000eb700000|100%| E|CS|TAMS 0x00000000eb600000, 0x00000000eb600000| Complete 
| 151|0x00000000eb700000, 0x00000000eb800000, 0x00000000eb800000|100%| E|CS|TAMS 0x00000000eb700000, 0x00000000eb700000| Complete 
| 152|0x00000000eb800000, 0x00000000eb900000, 0x00000000eb900000|100%| E|CS|TAMS 0x00000000eb800000, 0x00000000eb800000| Complete 
| 153|0x00000000eb900000, 0x00000000eba00000, 0x00000000eba00000|100%| E|CS|TAMS 0x00000000eb900000, 0x00000000eb900000| Complete 
| 154|0x00000000eba00000, 0x00000000ebb00000, 0x00000000ebb00000|100%| E|CS|TAMS 0x00000000eba00000, 0x00000000eba00000| Complete 
| 155|0x00000000ebb00000, 0x00000000ebc00000, 0x00000000ebc00000|100%| E|CS|TAMS 0x00000000ebb00000, 0x00000000ebb00000| Complete 
| 156|0x00000000ebc00000, 0x00000000ebd00000, 0x00000000ebd00000|100%| E|CS|TAMS 0x00000000ebc00000, 0x00000000ebc00000| Complete 
| 157|0x00000000ebd00000, 0x00000000ebe00000, 0x00000000ebe00000|100%| E|CS|TAMS 0x00000000ebd00000, 0x00000000ebd00000| Complete 
| 158|0x00000000ebe00000, 0x00000000ebf00000, 0x00000000ebf00000|100%| E|CS|TAMS 0x00000000ebe00000, 0x00000000ebe00000| Complete 
| 159|0x00000000ebf00000, 0x00000000ec000000, 0x00000000ec000000|100%| E|CS|TAMS 0x00000000ebf00000, 0x00000000ebf00000| Complete 
| 160|0x00000000ec000000, 0x00000000ec100000, 0x00000000ec100000|100%| E|CS|TAMS 0x00000000ec000000, 0x00000000ec000000| Complete 
| 161|0x00000000ec100000, 0x00000000ec200000, 0x00000000ec200000|100%| E|CS|TAMS 0x00000000ec100000, 0x00000000ec100000| Complete 
| 162|0x00000000ec200000, 0x00000000ec300000, 0x00000000ec300000|100%| E|CS|TAMS 0x00000000ec200000, 0x00000000ec200000| Complete 
| 163|0x00000000ec300000, 0x00000000ec400000, 0x00000000ec400000|100%| E|CS|TAMS 0x00000000ec300000, 0x00000000ec300000| Complete 
| 164|0x00000000ec400000, 0x00000000ec500000, 0x00000000ec500000|100%| E|CS|TAMS 0x00000000ec400000, 0x00000000ec400000| Complete 
| 165|0x00000000ec500000, 0x00000000ec600000, 0x00000000ec600000|100%| E|CS|TAMS 0x00000000ec500000, 0x00000000ec500000| Complete 
| 166|0x00000000ec600000, 0x00000000ec700000, 0x00000000ec700000|100%| E|CS|TAMS 0x00000000ec600000, 0x00000000ec600000| Complete 
| 167|0x00000000ec700000, 0x00000000ec800000, 0x00000000ec800000|100%| E|CS|TAMS 0x00000000ec700000, 0x00000000ec700000| Complete 
| 168|0x00000000ec800000, 0x00000000ec900000, 0x00000000ec900000|100%| E|CS|TAMS 0x00000000ec800000, 0x00000000ec800000| Complete 
| 169|0x00000000ec900000, 0x00000000eca00000, 0x00000000eca00000|100%| E|CS|TAMS 0x00000000ec900000, 0x00000000ec900000| Complete 
| 170|0x00000000eca00000, 0x00000000ecb00000, 0x00000000ecb00000|100%| E|CS|TAMS 0x00000000eca00000, 0x00000000eca00000| Complete 
| 171|0x00000000ecb00000, 0x00000000ecc00000, 0x00000000ecc00000|100%| E|CS|TAMS 0x00000000ecb00000, 0x00000000ecb00000| Complete 
| 172|0x00000000ecc00000, 0x00000000ecd00000, 0x00000000ecd00000|100%| E|CS|TAMS 0x00000000ecc00000, 0x00000000ecc00000| Complete 
| 173|0x00000000ecd00000, 0x00000000ece00000, 0x00000000ece00000|100%| E|CS|TAMS 0x00000000ecd00000, 0x00000000ecd00000| Complete 
| 174|0x00000000ece00000, 0x00000000ecf00000, 0x00000000ecf00000|100%| E|CS|TAMS 0x00000000ece00000, 0x00000000ece00000| Complete 
| 175|0x00000000ecf00000, 0x00000000ed000000, 0x00000000ed000000|100%| E|CS|TAMS 0x00000000ecf00000, 0x00000000ecf00000| Complete 
| 176|0x00000000ed000000, 0x00000000ed100000, 0x00000000ed100000|100%| E|CS|TAMS 0x00000000ed000000, 0x00000000ed000000| Complete 
| 177|0x00000000ed100000, 0x00000000ed200000, 0x00000000ed200000|100%| E|CS|TAMS 0x00000000ed100000, 0x00000000ed100000| Complete 
| 178|0x00000000ed200000, 0x00000000ed300000, 0x00000000ed300000|100%| E|CS|TAMS 0x00000000ed200000, 0x00000000ed200000| Complete 
| 179|0x00000000ed300000, 0x00000000ed400000, 0x00000000ed400000|100%| E|CS|TAMS 0x00000000ed300000, 0x00000000ed300000| Complete 
| 180|0x00000000ed400000, 0x00000000ed500000, 0x00000000ed500000|100%| E|CS|TAMS 0x00000000ed400000, 0x00000000ed400000| Complete 
| 181|0x00000000ed500000, 0x00000000ed600000, 0x00000000ed600000|100%| E|CS|TAMS 0x00000000ed500000, 0x00000000ed500000| Complete 

Card table byte_map: [0x000001348bfc0000,0x000001348c0b0000] _byte_map_base: 0x000001348b8b0000

Marking Bits (Prev, Next): (CMBitMap*) 0x000001348c329d00, (CMBitMap*) 0x000001348c329d40
 Prev Bits: [0x00000134a3270000, 0x00000134a39f0000)
 Next Bits: [0x00000134a39f0000, 0x00000134a4170000)

Polling page: 0x000001348a480000

Metaspace:

Usage:
  Non-class:     14.86 MB used.
      Class:      1.66 MB used.
       Both:     16.51 MB used.

Virtual space:
  Non-class space:       64.00 MB reserved,      15.00 MB ( 23%) committed,  1 nodes.
      Class space:        1.00 GB reserved,       1.75 MB ( <1%) committed,  1 nodes.
             Both:        1.06 GB reserved,      16.75 MB (  2%) committed. 

Chunk freelists:
   Non-Class:  976.00 KB
       Class:  2.29 MB
        Both:  3.24 MB

MaxMetaspaceSize: unlimited
CompressedClassSpaceSize: 1.00 GB
Initial GC threshold: 21.00 MB
Current GC threshold: 27.81 MB
CDS: on
MetaspaceReclaimPolicy: balanced
 - commit_granule_bytes: 65536.
 - commit_granule_words: 8192.
 - virtual_space_node_default_size: 8388608.
 - enlarge_chunks_in_place: 1.
 - new_chunks_are_fully_committed: 0.
 - uncommit_free_chunks: 1.
 - use_allocation_guard: 0.


Internal statistics:

num_allocs_failed_limit: 0.
num_arena_births: 176.
num_arena_deaths: 0.
num_vsnodes_births: 2.
num_vsnodes_deaths: 0.
num_space_committed: 268.
num_space_uncommitted: 0.
num_chunks_returned_to_freelist: 0.
num_chunks_taken_from_freelist: 552.
num_chunk_merges: 0.
num_chunk_splits: 378.
num_chunks_enlarged: 291.
num_inconsistent_stats: 0.

CodeHeap 'non-profiled nmethods': size=120064Kb used=3447Kb max_used=3447Kb free=116616Kb
 bounds [0x000001349bd30000, 0x000001349c090000, 0x00000134a3270000]
CodeHeap 'profiled nmethods': size=120000Kb used=8339Kb max_used=8339Kb free=111660Kb
 bounds [0x0000013494270000, 0x0000013494aa0000, 0x000001349b7a0000]
CodeHeap 'non-nmethods': size=5696Kb used=1336Kb max_used=1380Kb free=4359Kb
 bounds [0x000001349b7a0000, 0x000001349ba10000, 0x000001349bd30000]
 total_blobs=4534 nmethods=3964 adapters=481
 compilation: enabled
              stopped_count=0, restarted_count=0
 full_count=0

Compilation events (20 events):
Event: 71.884 Thread 0x00000134a63706a0 4675 %     4       org.languagetool.tagging.disambiguation.pt.PortugueseHybridDisambiguator::disambiguate @ 34 (289 bytes)
Event: 72.147 Thread 0x00000134a63dbd80 4678       3       org.languagetool.rules.patterns.Unifier::startNextToken (333 bytes)
Event: 72.148 Thread 0x00000134a63dbd80 nmethod 4678 0x0000013494a81c10 code [0x0000013494a820a0, 0x0000013494a84af8]
Event: 72.217 Thread 0x00000134a63dbd80 4680       3       java.util.regex.Pattern::lambda$SingleI$15 (16 bytes)
Event: 72.218 Thread 0x00000134a63dbd80 nmethod 4680 0x0000013494a85390 code [0x0000013494a85520, 0x0000013494a85698]
Event: 72.218 Thread 0x00000134a63dbd80 4681       3       java.util.regex.Pattern$$Lambda$128/0x000000080116a450::is (13 bytes)
Event: 72.218 Thread 0x00000134a63dbd80 nmethod 4681 0x0000013494a85710 code [0x0000013494a858c0, 0x0000013494a85ab8]
Event: 72.221 Thread 0x00000134a63dbd80 4682       3       java.util.regex.Pattern$SliceI::match (96 bytes)
Event: 72.222 Thread 0x00000134a63dbd80 nmethod 4682 0x0000013494a85b90 code [0x0000013494a85d80, 0x0000013494a863d8]
Event: 72.395 Thread 0x00000134a63706a0 nmethod 4675% 0x000001349c082110 code [0x000001349c082800, 0x000001349c0877b8]
Event: 72.396 Thread 0x00000134a63706a0 4676 %     4       org.languagetool.tokenizers.pt.PortugueseWordTokenizer::tokenize @ 260 (354 bytes)
Event: 72.416 Thread 0x00000134a63706a0 nmethod 4676% 0x000001349c089e90 code [0x000001349c08a0e0, 0x000001349c08a7c0]
Event: 72.416 Thread 0x00000134a63706a0 4677 %     4       org.languagetool.tokenizers.WordTokenizer::joinEMails @ 15 (232 bytes)
Event: 72.465 Thread 0x00000134a63706a0 nmethod 4677% 0x000001349c08b010 code [0x000001349c08b220, 0x000001349c08bf20]
Event: 72.466 Thread 0x00000134a63706a0 4683       4       java.util.BitSet::or (105 bytes)
Event: 72.507 Thread 0x00000134a63706a0 nmethod 4683 0x000001349c08cb90 code [0x000001349c08cd20, 0x000001349c08cfa8]
Event: 72.507 Thread 0x00000134a63706a0 4684       4       org.languagetool.tokenizers.pt.PortugueseWordTokenizer::tokenize (354 bytes)
Event: 72.766 Thread 0x00000134a63dbd80 4687       3       org.languagetool.rules.patterns.AbstractPatternRule::getType (46 bytes)
Event: 72.767 Thread 0x00000134a63dbd80 nmethod 4687 0x0000013494a86610 code [0x0000013494a867c0, 0x0000013494a86ad8]
Event: 72.767 Thread 0x00000134a63dbd80 4686       3       org.languagetool.rules.patterns.PatternRuleMatcher::createRuleMatch (540 bytes)

GC Heap History (20 events):
Event: 65.591 GC heap before
{Heap before GC invocations=34 (full 0):
 garbage-first heap   total 186368K, used 95869K [0x00000000e2000000, 0x0000000100000000)
  region size 1024K, 9 young (9216K), 5 survivors (5120K)
 Metaspace       used 16882K, committed 17152K, reserved 1114112K
  class space    used 1693K, committed 1792K, reserved 1048576K
}
Event: 65.641 GC heap after
{Heap after GC invocations=35 (full 0):
 garbage-first heap   total 186368K, used 90183K [0x00000000e2000000, 0x0000000100000000)
  region size 1024K, 1 young (1024K), 1 survivors (1024K)
 Metaspace       used 16882K, committed 17152K, reserved 1114112K
  class space    used 1693K, committed 1792K, reserved 1048576K
}
Event: 66.088 GC heap before
{Heap before GC invocations=35 (full 0):
 garbage-first heap   total 186368K, used 155719K [0x00000000e2000000, 0x0000000100000000)
  region size 1024K, 65 young (66560K), 1 survivors (1024K)
 Metaspace       used 16883K, committed 17152K, reserved 1114112K
  class space    used 1694K, committed 1792K, reserved 1048576K
}
Event: 66.096 GC heap after
{Heap after GC invocations=36 (full 0):
 garbage-first heap   total 186368K, used 91986K [0x00000000e2000000, 0x0000000100000000)
  region size 1024K, 3 young (3072K), 3 survivors (3072K)
 Metaspace       used 16883K, committed 17152K, reserved 1114112K
  class space    used 1694K, committed 1792K, reserved 1048576K
}
Event: 67.737 GC heap before
{Heap before GC invocations=37 (full 0):
 garbage-first heap   total 186368K, used 157522K [0x00000000e2000000, 0x0000000100000000)
  region size 1024K, 67 young (68608K), 3 survivors (3072K)
 Metaspace       used 16889K, committed 17152K, reserved 1114112K
  class space    used 1694K, committed 1792K, reserved 1048576K
}
Event: 67.755 GC heap after
{Heap after GC invocations=38 (full 0):
 garbage-first heap   total 186368K, used 94112K [0x00000000e2000000, 0x0000000100000000)
  region size 1024K, 5 young (5120K), 5 survivors (5120K)
 Metaspace       used 16889K, committed 17152K, reserved 1114112K
  class space    used 1694K, committed 1792K, reserved 1048576K
}
Event: 67.788 GC heap before
{Heap before GC invocations=38 (full 0):
 garbage-first heap   total 186368K, used 98208K [0x00000000e2000000, 0x0000000100000000)
  region size 1024K, 9 young (9216K), 5 survivors (5120K)
 Metaspace       used 16889K, committed 17152K, reserved 1114112K
  class space    used 1694K, committed 1792K, reserved 1048576K
}
Event: 67.855 GC heap after
{Heap after GC invocations=39 (full 0):
 garbage-first heap   total 186368K, used 93449K [0x00000000e2000000, 0x0000000100000000)
  region size 1024K, 1 young (1024K), 1 survivors (1024K)
 Metaspace       used 16889K, committed 17152K, reserved 1114112K
  class space    used 1694K, committed 1792K, reserved 1048576K
}
Event: 68.466 GC heap before
{Heap before GC invocations=39 (full 0):
 garbage-first heap   total 186368K, used 157961K [0x00000000e2000000, 0x0000000100000000)
  region size 1024K, 64 young (65536K), 1 survivors (1024K)
 Metaspace       used 16889K, committed 17152K, reserved 1114112K
  class space    used 1694K, committed 1792K, reserved 1048576K
}
Event: 68.476 GC heap after
{Heap after GC invocations=40 (full 0):
 garbage-first heap   total 186368K, used 95239K [0x00000000e2000000, 0x0000000100000000)
  region size 1024K, 3 young (3072K), 3 survivors (3072K)
 Metaspace       used 16889K, committed 17152K, reserved 1114112K
  class space    used 1694K, committed 1792K, reserved 1048576K
}
Event: 69.402 GC heap before
{Heap before GC invocations=40 (full 0):
 garbage-first heap   total 186368K, used 158727K [0x00000000e2000000, 0x0000000100000000)
  region size 1024K, 65 young (66560K), 3 survivors (3072K)
 Metaspace       used 16890K, committed 17152K, reserved 1114112K
  class space    used 1694K, committed 1792K, reserved 1048576K
}
Event: 69.417 GC heap after
{Heap after GC invocations=41 (full 0):
 garbage-first heap   total 186368K, used 97187K [0x00000000e2000000, 0x0000000100000000)
  region size 1024K, 4 young (4096K), 4 survivors (4096K)
 Metaspace       used 16890K, committed 17152K, reserved 1114112K
  class space    used 1694K, committed 1792K, reserved 1048576K
}
Event: 70.099 GC heap before
{Heap before GC invocations=41 (full 0):
 garbage-first heap   total 186368K, used 159651K [0x00000000e2000000, 0x0000000100000000)
  region size 1024K, 65 young (66560K), 4 survivors (4096K)
 Metaspace       used 16899K, committed 17152K, reserved 1114112K
  class space    used 1694K, committed 1792K, reserved 1048576K
}
Event: 70.117 GC heap after
{Heap after GC invocations=42 (full 0):
 garbage-first heap   total 186368K, used 99582K [0x00000000e2000000, 0x0000000100000000)
  region size 1024K, 7 young (7168K), 7 survivors (7168K)
 Metaspace       used 16899K, committed 17152K, reserved 1114112K
  class space    used 1694K, committed 1792K, reserved 1048576K
}
Event: 70.970 GC heap before
{Heap before GC invocations=42 (full 0):
 garbage-first heap   total 186368K, used 158974K [0x00000000e2000000, 0x0000000100000000)
  region size 1024K, 65 young (66560K), 7 survivors (7168K)
 Metaspace       used 16900K, committed 17152K, reserved 1114112K
  class space    used 1694K, committed 1792K, reserved 1048576K
}
Event: 71.021 GC heap after
{Heap after GC invocations=43 (full 0):
 garbage-first heap   total 186368K, used 101326K [0x00000000e2000000, 0x0000000100000000)
  region size 1024K, 6 young (6144K), 6 survivors (6144K)
 Metaspace       used 16900K, committed 17152K, reserved 1114112K
  class space    used 1694K, committed 1792K, reserved 1048576K
}
Event: 71.898 GC heap before
{Heap before GC invocations=43 (full 0):
 garbage-first heap   total 186368K, used 160718K [0x00000000e2000000, 0x0000000100000000)
  region size 1024K, 64 young (65536K), 6 survivors (6144K)
 Metaspace       used 16900K, committed 17152K, reserved 1114112K
  class space    used 1694K, committed 1792K, reserved 1048576K
}
Event: 71.921 GC heap after
{Heap after GC invocations=44 (full 0):
 garbage-first heap   total 186368K, used 102912K [0x00000000e2000000, 0x0000000100000000)
  region size 1024K, 6 young (6144K), 6 survivors (6144K)
 Metaspace       used 16900K, committed 17152K, reserved 1114112K
  class space    used 1694K, committed 1792K, reserved 1048576K
}
Event: 72.313 GC heap before
{Heap before GC invocations=44 (full 0):
 garbage-first heap   total 186368K, used 160256K [0x00000000e2000000, 0x0000000100000000)
  region size 1024K, 62 young (63488K), 6 survivors (6144K)
 Metaspace       used 16900K, committed 17152K, reserved 1114112K
  class space    used 1694K, committed 1792K, reserved 1048576K
}
Event: 72.342 GC heap after
{Heap after GC invocations=45 (full 0):
 garbage-first heap   total 186368K, used 104863K [0x00000000e2000000, 0x0000000100000000)
  region size 1024K, 6 young (6144K), 6 survivors (6144K)
 Metaspace       used 16900K, committed 17152K, reserved 1114112K
  class space    used 1694K, committed 1792K, reserved 1048576K
}

Dll operation events (10 events):
Event: 0.020 Loaded shared library C:\Program Files\Java\jdk-19\bin\java.dll
Event: 0.067 Loaded shared library C:\Program Files\Java\jdk-19\bin\jsvml.dll
Event: 0.239 Loaded shared library C:\Program Files\Java\jdk-19\bin\net.dll
Event: 0.243 Loaded shared library C:\Program Files\Java\jdk-19\bin\nio.dll
Event: 0.251 Loaded shared library C:\Program Files\Java\jdk-19\bin\zip.dll
Event: 0.272 Loaded shared library C:\Program Files\Java\jdk-19\bin\jimage.dll
Event: 0.650 Loaded shared library C:\Program Files\Java\jdk-19\bin\verify.dll
Event: 4.834 Loaded shared library C:\Program Files\Java\jdk-19\bin\extnet.dll
Event: 5.107 Loaded shared library C:\Program Files\Java\jdk-19\bin\sunmscapi.dll
Event: 53.146 Loaded shared library C:\Program Files\Java\jdk-19\bin\awt.dll

Deoptimization events (20 events):
Event: 69.836 Thread 0x00000134ab2d8b10 DEOPT PACKING pc=0x000001349c05b73c sp=0x00000001023feb20
Event: 69.836 Thread 0x00000134ab2d8b10 DEOPT UNPACKING pc=0x000001349b806d9d sp=0x00000001023feab0 mode 2
Event: 70.181 Thread 0x00000134ab2d8b10 DEOPT PACKING pc=0x00000134949d1cd3 sp=0x00000001023fea50
Event: 70.181 Thread 0x00000134ab2d8b10 DEOPT UNPACKING pc=0x000001349b807524 sp=0x00000001023fdf48 mode 0
Event: 71.316 Thread 0x00000134ab2d8b10 DEOPT PACKING pc=0x00000134949e9e86 sp=0x00000001023fe920
Event: 71.316 Thread 0x00000134ab2d8b10 DEOPT UNPACKING pc=0x000001349b807524 sp=0x00000001023fde38 mode 0
Event: 72.194 Thread 0x00000134ab2d8b10 DEOPT PACKING pc=0x00000134949ec829 sp=0x00000001023feaa0
Event: 72.194 Thread 0x00000134ab2d8b10 DEOPT UNPACKING pc=0x000001349b807524 sp=0x00000001023fdff0 mode 0
Event: 72.200 Thread 0x00000134ab2d8b10 Uncommon trap: trap_request=0xffffff45 fr.pc=0x000001349c004f88 relative=0x0000000000000068
Event: 72.200 Thread 0x00000134ab2d8b10 Uncommon trap: reason=unstable_if action=reinterpret pc=0x000001349c004f88 method=java.util.regex.Pattern.lambda$SingleI$15(III)Z @ 7 c2
Event: 72.200 Thread 0x00000134ab2d8b10 DEOPT PACKING pc=0x000001349c004f88 sp=0x00000001023fda30
Event: 72.200 Thread 0x00000134ab2d8b10 DEOPT UNPACKING pc=0x000001349b806d9d sp=0x00000001023fd948 mode 2
Event: 72.202 Thread 0x00000134ab2d8b10 Uncommon trap: trap_request=0xffffff45 fr.pc=0x000001349c039f6c relative=0x000000000000020c
Event: 72.202 Thread 0x00000134ab2d8b10 Uncommon trap: reason=unstable_if action=reinterpret pc=0x000001349c039f6c method=java.util.regex.Pattern$SliceI.match(Ljava/util/regex/Matcher;ILjava/lang/CharSequence;)Z @ 71 c2
Event: 72.202 Thread 0x00000134ab2d8b10 DEOPT PACKING pc=0x000001349c039f6c sp=0x00000001023fdd50
Event: 72.202 Thread 0x00000134ab2d8b10 DEOPT UNPACKING pc=0x000001349b806d9d sp=0x00000001023fdcd8 mode 2
Event: 72.415 Thread 0x00000134ab2d8b10 DEOPT PACKING pc=0x0000013494a3c849 sp=0x00000001023febf0
Event: 72.416 Thread 0x00000134ab2d8b10 DEOPT UNPACKING pc=0x000001349b807524 sp=0x00000001023fe178 mode 0
Event: 72.460 Thread 0x00000134ab2d8b10 DEOPT PACKING pc=0x0000013494a05263 sp=0x00000001023feb70
Event: 72.460 Thread 0x00000134ab2d8b10 DEOPT UNPACKING pc=0x000001349b807524 sp=0x00000001023fe0b8 mode 0

Classes loaded (20 events):
Event: 54.231 Loading class java/io/SequenceInputStream
Event: 54.233 Loading class java/io/SequenceInputStream done
Event: 56.368 Loading class java/util/Collections$UnmodifiableMap$UnmodifiableEntrySet
Event: 56.383 Loading class java/util/Collections$UnmodifiableMap$UnmodifiableEntrySet done
Event: 56.383 Loading class java/util/Collections$UnmodifiableMap$UnmodifiableEntrySet$1
Event: 56.385 Loading class java/util/Collections$UnmodifiableMap$UnmodifiableEntrySet$1 done
Event: 56.385 Loading class java/util/Collections$UnmodifiableMap$UnmodifiableEntrySet$UnmodifiableEntry
Event: 56.397 Loading class java/util/Collections$UnmodifiableMap$UnmodifiableEntrySet$UnmodifiableEntry done
Event: 56.398 Loading class java/util/Spliterators$IntArraySpliterator
Event: 56.427 Loading class java/util/Spliterators$IntArraySpliterator done
Event: 56.431 Loading class java/util/stream/ReduceOps$9
Event: 56.432 Loading class java/util/stream/ReduceOps$9 done
Event: 56.432 Loading class java/util/stream/ReduceOps$CountingSink$OfInt
Event: 56.433 Loading class java/util/stream/ReduceOps$CountingSink$OfInt done
Event: 57.981 Loading class java/util/Collections$UnmodifiableNavigableMap
Event: 57.981 Loading class java/util/Collections$UnmodifiableSortedMap
Event: 57.982 Loading class java/util/Collections$UnmodifiableSortedMap done
Event: 57.983 Loading class java/util/Collections$UnmodifiableNavigableMap done
Event: 57.983 Loading class java/util/Collections$UnmodifiableNavigableMap$EmptyNavigableMap
Event: 57.983 Loading class java/util/Collections$UnmodifiableNavigableMap$EmptyNavigableMap done

Classes unloaded (0 events):
No events

Classes redefined (0 events):
No events

Internal exceptions (20 events):
Event: 6.315 Thread 0x00000134aa83c7c0 Exception <a 'java/lang/NoSuchMethodError'{0x00000000e5bfbaa0}: 'java.lang.Object java.lang.invoke.DirectMethodHandle$Holder.invokeVirtual(java.lang.Object, java.lang.Object, java.lang.Object, java.lang.Object)'> (0x00000000e5bfbaa0) 
thrown [s\open\src\hotspot\share\interpreter\linkResolver.cpp, line 774]
Event: 6.317 Thread 0x00000134aa83c7c0 Exception <a 'java/lang/NoSuchMethodError'{0x00000000e5a02df8}: 'void java.lang.invoke.DirectMethodHandle$Holder.invokeStatic(java.lang.Object, java.lang.Object, java.lang.Object, java.lang.Object)'> (0x00000000e5a02df8) 
thrown [s\open\src\hotspot\share\interpreter\linkResolver.cpp, line 774]
Event: 6.480 Thread 0x00000134aa83c7c0 Exception <a 'java/lang/NoSuchMethodError'{0x00000000e5820150}: 'java.lang.Object java.lang.invoke.Invokers$Holder.invokeExact_MT(java.lang.Object, java.lang.Object, java.lang.Object, java.lang.Object, java.lang.Object, java.lang.Object)'> (0x00000000e5820150) 
thrown [s\open\src\hotspot\share\interpreter\linkResolver.cpp, line 774]
Event: 6.606 Thread 0x00000134aa83c7c0 Exception <a 'java/lang/IncompatibleClassChangeError'{0x00000000e5771280}: Found class java.lang.Object, but interface was expected> (0x00000000e5771280) 
thrown [s\open\src\hotspot\share\interpreter\linkResolver.cpp, line 841]
Event: 6.607 Thread 0x00000134aa83c7c0 Exception <a 'java/lang/NoSuchMethodError'{0x00000000e57742e0}: 'int java.lang.invoke.DirectMethodHandle$Holder.invokeSpecial(java.lang.Object, java.lang.Object, java.lang.Object)'> (0x00000000e57742e0) 
thrown [s\open\src\hotspot\share\interpreter\linkResolver.cpp, line 774]
Event: 41.125 Thread 0x00000134ab2d75d0 Exception <a 'java/lang/NoSuchMethodError'{0x00000000e58b5f70}: 'java.lang.Object java.lang.invoke.DirectMethodHandle$Holder.newInvokeSpecial(java.lang.Object, java.lang.Object, java.lang.Object, int, java.lang.Object, java.lang.Object, java.lang.Object, java.lang.Object, java.lang.Object, java.lang.Object, java.lang.Object, java.lang.Object, java.lang.Object, java.lang.Object)'> (0x00000000e58b5f70) 
thrown [s\open\src\hotspot\share\interpreter\linkResolver.cpp, line 774]
Event: 44.233 Thread 0x00000134ab2d8b10 Exception <a 'java/lang/NoSuchMethodError'{0x00000000e84b6c28}: 'void java.lang.invoke.DirectMethodHandle$Holder.invokeInterface(java.lang.Object, java.lang.Object, java.lang.Object)'> (0x00000000e84b6c28) 
thrown [s\open\src\hotspot\share\interpreter\linkResolver.cpp, line 774]
Event: 44.539 Thread 0x00000134ab2d8b10 Exception <a 'java/lang/NoSuchMethodError'{0x00000000e83921c8}: 'int java.lang.invoke.DirectMethodHandle$Holder.invokeVirtual(java.lang.Object, java.lang.Object, java.lang.Object)'> (0x00000000e83921c8) 
thrown [s\open\src\hotspot\share\interpreter\linkResolver.cpp, line 774]
Event: 44.550 Thread 0x00000134ab2d8b10 Exception <a 'java/lang/NoSuchMethodError'{0x00000000e8398778}: 'java.lang.Object java.lang.invoke.DirectMethodHandle$Holder.invokeVirtual(java.lang.Object, java.lang.Object, java.lang.Object)'> (0x00000000e8398778) 
thrown [s\open\src\hotspot\share\interpreter\linkResolver.cpp, line 774]
Event: 47.066 Thread 0x00000134ab2d8b10 Implicit null exception at 0x000001349bd9481e to 0x000001349bd949dc
Event: 53.006 Thread 0x00000134ab2d8b10 Exception <a 'java/lang/ClassNotFoundException'{0x00000000e9bcb268}: sun/awt/resources/spi/awtProvider> (0x00000000e9bcb268) 
thrown [s\open\src\hotspot\share\classfile\systemDictionary.cpp, line 255]
Event: 53.163 Thread 0x00000134ab2d8b10 Exception <a 'java/io/FileNotFoundException'{0x00000000e9bce3a0}> (0x00000000e9bce3a0) 
thrown [s\open\src\hotspot\share\prims\jni.cpp, line 517]
Event: 53.165 Thread 0x00000134ab2d8b10 Exception <a 'java/io/FileNotFoundException'{0x00000000e9bcf978}> (0x00000000e9bcf978) 
thrown [s\open\src\hotspot\share\prims\jni.cpp, line 517]
Event: 53.175 Thread 0x00000134ab2d8b10 Exception <a 'java/io/FileNotFoundException'{0x00000000e9bd3920}> (0x00000000e9bd3920) 
thrown [s\open\src\hotspot\share\prims\jni.cpp, line 517]
Event: 53.220 Thread 0x00000134ab2d8b10 Exception <a 'java/lang/NoSuchMethodError'{0x00000000e9a318f0}: 'void java.lang.invoke.DirectMethodHandle$Holder.invokeStaticInit(java.lang.Object)'> (0x00000000e9a318f0) 
thrown [s\open\src\hotspot\share\interpreter\linkResolver.cpp, line 774]
Event: 53.225 Thread 0x00000134ab2d8b10 Exception <a 'java/lang/NoSuchMethodError'{0x00000000e9a37040}: 'java.lang.Object java.lang.invoke.DirectMethodHandle$Holder.invokeStatic(java.lang.Object, java.lang.Object, int, java.lang.Object)'> (0x00000000e9a37040) 
thrown [s\open\src\hotspot\share\interpreter\linkResolver.cpp, line 774]
Event: 53.227 Thread 0x00000134ab2d8b10 Exception <a 'java/lang/NoSuchMethodError'{0x00000000e9a3de10}: 'java.lang.Object java.lang.invoke.DirectMethodHandle$Holder.newInvokeSpecial(java.lang.Object, java.lang.Object, int)'> (0x00000000e9a3de10) 
thrown [s\open\src\hotspot\share\interpreter\linkResolver.cpp, line 774]
Event: 54.864 Thread 0x00000134ab2d8b10 Implicit null exception at 0x000001349bd93d72 to 0x000001349bd94220
Event: 56.309 Thread 0x00000134ab2d8b10 Exception <a 'java/lang/NoSuchMethodError'{0x00000000ebdad2a0}: 'java.lang.Object java.lang.invoke.DirectMethodHandle$Holder.newInvokeSpecial(java.lang.Object, java.lang.Object, java.lang.Object, java.lang.Object, java.lang.Object, java.lang.Object)'> (0x00000000ebdad2a0) 
thrown [s\open\src\hotspot\share\interpreter\linkResolver.cpp, line 774]
Event: 56.653 Thread 0x00000134ab2d8b10 Exception <a 'java/lang/NoSuchMethodError'{0x00000000ead35b80}: 'java.lang.Object java.lang.invoke.DirectMethodHandle$Holder.newInvokeSpecial(java.lang.Object, java.lang.Object, java.lang.Object, java.lang.Object, java.lang.Object)'> (0x00000000ead35b80) 
thrown [s\open\src\hotspot\share\interpreter\linkResolver.cpp, line 774]

VM Operations (20 events):
Event: 68.466 Executing VM operation: G1CollectForAllocation
Event: 68.476 Executing VM operation: G1CollectForAllocation done
Event: 69.402 Executing VM operation: G1CollectForAllocation
Event: 69.418 Executing VM operation: G1CollectForAllocation done
Event: 69.440 Executing VM operation: ThreadDump
Event: 69.589 Executing VM operation: ThreadDump done
Event: 70.098 Executing VM operation: G1CollectForAllocation
Event: 70.117 Executing VM operation: G1CollectForAllocation done
Event: 70.328 Executing VM operation: ThreadDump
Event: 70.417 Executing VM operation: ThreadDump done
Event: 70.970 Executing VM operation: G1CollectForAllocation
Event: 71.045 Executing VM operation: G1CollectForAllocation done
Event: 71.493 Executing VM operation: ThreadDump
Event: 71.679 Executing VM operation: ThreadDump done
Event: 71.898 Executing VM operation: G1CollectForAllocation
Event: 71.921 Executing VM operation: G1CollectForAllocation done
Event: 72.313 Executing VM operation: G1CollectForAllocation
Event: 72.349 Executing VM operation: G1CollectForAllocation done
Event: 72.430 Executing VM operation: ThreadDump
Event: 72.436 Executing VM operation: ThreadDump done

Events (20 events):
Event: 51.963 Thread 0x00000134a63e04d0 flushing nmethod 0x00000134948e8790
Event: 51.963 Thread 0x00000134a63e04d0 flushing nmethod 0x00000134948ecb90
Event: 51.963 Thread 0x00000134a63e04d0 flushing nmethod 0x0000013494912590
Event: 51.963 Thread 0x00000134a63e04d0 flushing nmethod 0x0000013494919b10
Event: 51.963 Thread 0x00000134a63e04d0 flushing nmethod 0x000001349491a090
Event: 51.963 Thread 0x00000134a63e04d0 flushing nmethod 0x000001349491a610
Event: 51.964 Thread 0x00000134a63e04d0 flushing nmethod 0x000001349491af90
Event: 51.964 Thread 0x00000134a63e04d0 flushing nmethod 0x000001349491b810
Event: 51.964 Thread 0x00000134a63e04d0 flushing nmethod 0x000001349491bf10
Event: 51.964 Thread 0x00000134a63e04d0 flushing nmethod 0x000001349491c310
Event: 51.964 Thread 0x00000134a63e04d0 flushing nmethod 0x000001349491cb90
Event: 51.964 Thread 0x00000134a63e04d0 flushing nmethod 0x000001349491d190
Event: 51.964 Thread 0x00000134a63e04d0 flushing nmethod 0x000001349491e090
Event: 51.964 Thread 0x00000134a63e04d0 flushing nmethod 0x0000013494920490
Event: 51.964 Thread 0x00000134a63e04d0 flushing nmethod 0x0000013494921090
Event: 51.964 Thread 0x00000134a63e04d0 flushing nmethod 0x0000013494921c10
Event: 51.964 Thread 0x00000134a63e04d0 flushing nmethod 0x0000013494922d90
Event: 51.964 Thread 0x00000134a63e04d0 flushing nmethod 0x0000013494935390
Event: 59.667 Thread 0x00000134a63e04d0 flushing nmethod 0x00000134946c1390
Event: 59.669 Thread 0x00000134a63e04d0 flushing nmethod 0x0000013494967990


Dynamic libraries:
0x00007ff716290000 - 0x00007ff7162a0000 	C:\Program Files\Java\jdk-19\bin\java.exe
0x00007ffb39490000 - 0x00007ffb39688000 	C:\Windows\SYSTEM32\ntdll.dll
0x00007ffb382b0000 - 0x00007ffb3836f000 	C:\Windows\System32\KERNEL32.DLL
0x00007ffb36de0000 - 0x00007ffb370b2000 	C:\Windows\System32\KERNELBASE.dll
0x00007ffb36b80000 - 0x00007ffb36c80000 	C:\Windows\System32\ucrtbase.dll
0x00007ffb1b800000 - 0x00007ffb1b818000 	C:\Program Files\Java\jdk-19\bin\jli.dll
0x00007ffb38120000 - 0x00007ffb381ce000 	C:\Windows\System32\ADVAPI32.dll
0x00007ffb38b10000 - 0x00007ffb38bae000 	C:\Windows\System32\msvcrt.dll
0x00007ffb38a10000 - 0x00007ffb38aac000 	C:\Windows\System32\sechost.dll
0x00007ffb379b0000 - 0x00007ffb37ad5000 	C:\Windows\System32\RPCRT4.dll
0x00007ffb376d0000 - 0x00007ffb37871000 	C:\Windows\System32\USER32.dll
0x00007ffb37260000 - 0x00007ffb37282000 	C:\Windows\System32\win32u.dll
0x00007ffb37ba0000 - 0x00007ffb37bcb000 	C:\Windows\System32\GDI32.dll
0x00007ffb370c0000 - 0x00007ffb371cf000 	C:\Windows\System32\gdi32full.dll
0x00007ffb36c80000 - 0x00007ffb36d1d000 	C:\Windows\System32\msvcp_win.dll
0x00007ffb1b3c0000 - 0x00007ffb1b3db000 	C:\Program Files\Java\jdk-19\bin\VCRUNTIME140.dll
0x00007ffb27d70000 - 0x00007ffb2800a000 	C:\Windows\WinSxS\amd64_microsoft.windows.common-controls_6595b64144ccf1df_6.0.19041.1110_none_60b5254171f9507e\COMCTL32.dll
0x00007ffb2a320000 - 0x00007ffb2a32a000 	C:\Windows\SYSTEM32\VERSION.dll
0x00007ffb39410000 - 0x00007ffb39442000 	C:\Windows\System32\IMM32.DLL
0x00007ffb1f390000 - 0x00007ffb1f39c000 	C:\Program Files\Java\jdk-19\bin\vcruntime140_1.dll
0x00007ffb08f10000 - 0x00007ffb08f9e000 	C:\Program Files\Java\jdk-19\bin\msvcp140.dll
0x00007ffafb250000 - 0x00007ffafbf10000 	C:\Program Files\Java\jdk-19\bin\server\jvm.dll
0x00007ffb1e970000 - 0x00007ffb1e979000 	C:\Windows\SYSTEM32\WSOCK32.dll
0x00007ffb37930000 - 0x00007ffb3799b000 	C:\Windows\System32\WS2_32.dll
0x00007ffb277c0000 - 0x00007ffb277e7000 	C:\Windows\SYSTEM32\WINMM.dll
0x00007ffb34a60000 - 0x00007ffb34a72000 	C:\Windows\SYSTEM32\kernel.appcore.dll
0x00007ffb1dd60000 - 0x00007ffb1dd6a000 	C:\Program Files\Java\jdk-19\bin\jimage.dll
0x00007ffb28a30000 - 0x00007ffb28c14000 	C:\Windows\SYSTEM32\DBGHELP.DLL
0x00007ffb289e0000 - 0x00007ffb28a15000 	C:\Windows\SYSTEM32\dbgcore.DLL
0x00007ffb371d0000 - 0x00007ffb37252000 	C:\Windows\System32\bcryptPrimitives.dll
0x00007ffb14740000 - 0x00007ffb14766000 	C:\Program Files\Java\jdk-19\bin\java.dll
0x00007ffb08e30000 - 0x00007ffb08f07000 	C:\Program Files\Java\jdk-19\bin\jsvml.dll
0x00007ffb38c10000 - 0x00007ffb39355000 	C:\Windows\System32\SHELL32.dll
0x00007ffb34c60000 - 0x00007ffb353f2000 	C:\Windows\SYSTEM32\windows.storage.dll
0x00007ffb38370000 - 0x00007ffb386c5000 	C:\Windows\System32\combase.dll
0x00007ffb36500000 - 0x00007ffb36530000 	C:\Windows\SYSTEM32\Wldp.dll
0x00007ffb37af0000 - 0x00007ffb37b9d000 	C:\Windows\System32\SHCORE.dll
0x00007ffb38bb0000 - 0x00007ffb38c05000 	C:\Windows\System32\shlwapi.dll
0x00007ffb36ac0000 - 0x00007ffb36adf000 	C:\Windows\SYSTEM32\profapi.dll
0x00007ffb16c50000 - 0x00007ffb16c63000 	C:\Program Files\Java\jdk-19\bin\net.dll
0x00007ffb30400000 - 0x00007ffb3050c000 	C:\Windows\SYSTEM32\WINHTTP.dll
0x00007ffb36260000 - 0x00007ffb362ca000 	C:\Windows\system32\mswsock.dll
0x00007ffb16000000 - 0x00007ffb16016000 	C:\Program Files\Java\jdk-19\bin\nio.dll
0x00007ffb145e0000 - 0x00007ffb145f8000 	C:\Program Files\Java\jdk-19\bin\zip.dll
0x00007ffb1bc10000 - 0x00007ffb1bc20000 	C:\Program Files\Java\jdk-19\bin\verify.dll
0x00007ffb35f90000 - 0x00007ffb3605b000 	C:\Windows\SYSTEM32\DNSAPI.dll
0x00007ffb35f50000 - 0x00007ffb35f8b000 	C:\Windows\SYSTEM32\IPHLPAPI.DLL
0x00007ffb379a0000 - 0x00007ffb379a8000 	C:\Windows\System32\NSI.dll
0x00007ffb2c390000 - 0x00007ffb2c39a000 	C:\Windows\System32\rasadhlp.dll
0x00007ffb2e230000 - 0x00007ffb2e2b0000 	C:\Windows\System32\fwpuclnt.dll
0x00007ffb374a0000 - 0x00007ffb374c7000 	C:\Windows\System32\bcrypt.dll
0x00007ffb1bad0000 - 0x00007ffb1bad8000 	C:\Program Files\Java\jdk-19\bin\extnet.dll
0x00007ffb1b690000 - 0x00007ffb1b69e000 	C:\Program Files\Java\jdk-19\bin\sunmscapi.dll
0x00007ffb37290000 - 0x00007ffb373e6000 	C:\Windows\System32\CRYPT32.dll
0x00007ffb36570000 - 0x00007ffb36597000 	C:\Windows\SYSTEM32\ncrypt.dll
0x00007ffb36530000 - 0x00007ffb3656b000 	C:\Windows\SYSTEM32\NTASN1.dll
0x00007ffb1a340000 - 0x00007ffb1a347000 	C:\Windows\system32\wshunix.dll
0x00007ffb36450000 - 0x00007ffb36468000 	C:\Windows\SYSTEM32\CRYPTSP.dll
0x00007ffb35b80000 - 0x00007ffb35bb4000 	C:\Windows\system32\rsaenh.dll
0x00007ffb36a80000 - 0x00007ffb36aae000 	C:\Windows\SYSTEM32\USERENV.dll
0x00007ffb36470000 - 0x00007ffb3647c000 	C:\Windows\SYSTEM32\CRYPTBASE.dll
0x00007ffb31230000 - 0x00007ffb31247000 	C:\Windows\SYSTEM32\dhcpcsvc6.DLL
0x00007ffb31210000 - 0x00007ffb3122d000 	C:\Windows\SYSTEM32\dhcpcsvc.DLL
0x00007ffb08400000 - 0x00007ffb08591000 	C:\Program Files\Java\jdk-19\bin\awt.dll
0x00007ffb37bd0000 - 0x00007ffb37c9d000 	C:\Windows\System32\OLEAUT32.dll
0x00007ffb34310000 - 0x00007ffb343a0000 	C:\Windows\SYSTEM32\apphelp.dll

dbghelp: loaded successfully - version: 4.0.5 - missing functions: none
symbol engine: initialized successfully - sym options: 0x614 - pdb path: .;C:\Program Files\Java\jdk-19\bin;C:\Windows\SYSTEM32;C:\Windows\WinSxS\amd64_microsoft.windows.common-controls_6595b64144ccf1df_6.0.19041.1110_none_60b5254171f9507e;C:\Program Files\Java\jdk-19\bin\server

VM Arguments:
java_command: org.languagetool.server.HTTPServer -p 8086 --config C:\Users\Riallen\AppData\Local\Temp\tmpygp1o3o2
java_class_path (initial): C:\Users\Riallen\.cache\language_tool_python\LanguageTool-5.7\languagetool-server.jar
Launcher Type: SUN_STANDARD

[Global flags]
     intx CICompilerCount                          = 2                                         {product} {ergonomic}
     uint ConcGCThreads                            = 1                                         {product} {ergonomic}
     uint G1ConcRefinementThreads                  = 2                                         {product} {ergonomic}
   size_t G1HeapRegionSize                         = 1048576                                   {product} {ergonomic}
    uintx GCDrainStackTargetSize                   = 64                                        {product} {ergonomic}
   size_t InitialHeapSize                          = 31457280                                  {product} {ergonomic}
   size_t MarkStackSize                            = 4194304                                   {product} {ergonomic}
   size_t MaxHeapSize                              = 503316480                                 {product} {ergonomic}
   size_t MaxNewSize                               = 301989888                                 {product} {ergonomic}
   size_t MinHeapDeltaBytes                        = 1048576                                   {product} {ergonomic}
   size_t MinHeapSize                              = 8388608                                   {product} {ergonomic}
    uintx NonNMethodCodeHeapSize                   = 5826188                                {pd product} {ergonomic}
    uintx NonProfiledCodeHeapSize                  = 122916026                              {pd product} {ergonomic}
    uintx ProfiledCodeHeapSize                     = 122916026                              {pd product} {ergonomic}
    uintx ReservedCodeCacheSize                    = 251658240                              {pd product} {ergonomic}
     bool SegmentedCodeCache                       = true                                      {product} {ergonomic}
   size_t SoftMaxHeapSize                          = 503316480                              {manageable} {ergonomic}
     bool UseCompressedClassPointers               = true                           {product lp64_product} {ergonomic}
     bool UseCompressedOops                        = true                           {product lp64_product} {ergonomic}
     bool UseG1GC                                  = true                                      {product} {ergonomic}
     bool UseLargePagesIndividualAllocation        = false                                  {pd product} {ergonomic}

Logging:
Log output configuration:
 #0: stdout all=warning uptime,level,tags foldmultilines=false
 #1: stderr all=off uptime,level,tags foldmultilines=false

Environment Variables:
PATH=C:\Users\Riallen\.pyenv\pyenv-win\versions\3.10.9;C:\Users\Riallen\.pyenv\pyenv-win\versions\3.10.9\Scripts;C:\Users\Riallen\AppData\Roaming\Python\Python310\Scripts;C:\Program Files\Common Files\Oracle\Java\javapath;C:\Windows\System32;C:\Windows;C:\Windows\System32\wbem;C:\Windows\System32\WindowsPowerShell\v1.0\;C:\Windows\System32\OpenSSH\;C:\Program Files\Pandoc\;C:\Program Files\PowerShell\7\;C:\Program Files\Git\cmd;C:\Users\Riallen\.pyenv\pyenv-win\bin;C:\Users\Riallen\AppData\Local\Microsoft\WindowsApps;C:\Users\Riallen\AppData\Local\Programs\MiKTeX\miktex\bin\x64\;C:\Users\Riallen\AppData\Local\GitHubDesktop\bin;C:\Users\Riallen\AppData\Local\Programs\Microsoft VS Code\bin;
USERNAME=Riallen
OS=Windows_NT
PROCESSOR_IDENTIFIER=Intel64 Family 6 Model 23 Stepping 10, GenuineIntel
TMP=C:\Users\Riallen\AppData\Local\Temp
TEMP=C:\Users\Riallen\AppData\Local\Temp



---------------  S Y S T E M  ---------------

OS:
 Windows 10 , 64 bit Build 19041 (10.0.19041.2546)
OS uptime: 12 days 4:40 hours

CPU: total 2 (initial active 2) (2 cores per cpu, 1 threads per core) family 6 model 23 stepping 10 microcode 0xa0c, cx8, cmov, fxsr, mmx, sse, sse2, sse3, ssse3, tsc, clflush

Memory: 4k page, system-wide physical 1917M (240M free)
TotalPageFile size 7805M (AvailPageFile size 134M)
current process WorkingSet (physical memory assigned to process): 233M, peak: 256M
current process commit charge ("private bytes"): 306M, peak: 326M

vm_info: Java HotSpot(TM) 64-Bit Server VM (19.0.1+10-21) for windows-amd64 JRE (19.0.1+10-21), built on 2022-09-14T12:45:06Z by "mach5one" with MS VC++ 17.1 (VS2022)

END.
