#
# There is insufficient memory for the Java Runtime Environment to continue.
# Native memory allocation (mmap) failed to map 31457280 bytes for G1 virtual space
# Possible reasons:
#   The system is out of physical RAM or swap space
#   The process is running with CompressedOops enabled, and the Java Heap may be blocking the growth of the native heap
# Possible solutions:
#   Reduce memory load on the system
#   Increase physical memory or swap space
#   Check if swap backing store is full
#   Decrease Java heap size (-Xmx/-Xms)
#   Decrease number of Java threads
#   Decrease Java thread stack sizes (-Xss)
#   Set larger code cache with -XX:ReservedCodeCacheSize=
#   JVM is running with Unscaled Compressed Oops mode in which the Java heap is
#     placed in the first 4GB address space. The Java Heap base address is the
#     maximum limit for the native heap growth. Please use -XX:HeapBaseMinAddress
#     to set the Java Heap base and to place the Java Heap above 4GB virtual address.
# This output file may be truncated or incomplete.
#
#  Out of Memory Error (os_windows.cpp:3527), pid=8504, tid=7212
#
# JRE version:  (19.0.1+10) (build )
# Java VM: Java HotSpot(TM) 64-Bit Server VM (19.0.1+10-21, mixed mode, sharing, tiered, compressed oops, compressed class ptrs, g1 gc, windows-amd64)
# No core dump will be written. Minidumps are not enabled by default on client versions of Windows
#

---------------  S U M M A R Y ------------

Command Line: 

Host: Pentium(R) Dual-Core  CPU      E5700  @ 3.00GHz, 2 cores, 1G,  Windows 10 , 64 bit Build 19041 (10.0.19041.2546)
Time: Thu Mar  9 03:55:24 2023 Hora Padrão de Caracas elapsed time: 0.088830 seconds (0d 0h 0m 0s)

---------------  T H R E A D  ---------------

Current thread (0x00000257b20493b0):  JavaThread "Unknown thread" [_thread_in_vm, id=7212, stack(0x0000009cde200000,0x0000009cde300000)]

Stack: [0x0000009cde200000,0x0000009cde300000]
Native frames: (J=compiled Java code, j=interpreted, Vv=VM code, C=native code)
V  [jvm.dll+0x6ee8fa]
V  [jvm.dll+0x857a1e]
V  [jvm.dll+0x85940e]
V  [jvm.dll+0x859ac3]
V  [jvm.dll+0x28291f]
V  [jvm.dll+0x6eb6e9]
V  [jvm.dll+0x6e028a]
V  [jvm.dll+0x357136]
V  [jvm.dll+0x35eb96]
V  [jvm.dll+0x3b555e]
V  [jvm.dll+0x3b578f]
V  [jvm.dll+0x32c6ea]
V  [jvm.dll+0x32d59e]
V  [jvm.dll+0x821b20]
V  [jvm.dll+0x3c27c1]
V  [jvm.dll+0x8022f1]
V  [jvm.dll+0x44b30f]
V  [jvm.dll+0x44cc91]
C  [jli.dll+0x5287]
C  [ucrtbase.dll+0x21bb2]
C  [KERNEL32.DLL+0x17614]
C  [ntdll.dll+0x526a1]


---------------  P R O C E S S  ---------------

Threads class SMR info:
_java_thread_list=0x00007ffb90ead048, length=0, elements={
}

Java Threads: ( => current thread )

Other Threads:
  0x00000257b2079980 WorkerThread "GC Thread#0" [stack: 0x0000009cde300000,0x0000009cde400000] [id=8448]
  0x00000257b207e680 ConcurrentGCThread "G1 Main Marker" [stack: 0x0000009cde400000,0x0000009cde500000] [id=5420]
  0x00000257b207f850 WorkerThread "G1 Conc#0" [stack: 0x0000009cde500000,0x0000009cde600000] [id=7144]

[error occurred during error reporting (printing all threads), id 0xc0000005, EXCEPTION_ACCESS_VIOLATION (0xc0000005) at pc=0x00007ffb9066d127]

VM state: not at safepoint (not fully initialized)

VM Mutex/Monitor currently owned by a thread:  ([mutex/lock_event])
[0x00000257b2033ae0] Heap_lock - owner thread: 0x00000257b20493b0

Heap address: 0x00000000e2000000, size: 480 MB, Compressed Oops mode: 32-bit

CDS archive(s) mapped at: [0x0000000000000000-0x0000000000000000-0x0000000000000000), size 0, SharedBaseAddress: 0x0000000800000000, ArchiveRelocationMode: 0.
Narrow klass base: 0x0000000000000000, Narrow klass shift: 0, Narrow klass range: 0x0

GC Precious Log:
 CardTable entry size: 512
 Card Set container configuration: InlinePtr #cards 5 size 8 Array Of Cards #cards 12 size 40 Howl #buckets 4 coarsen threshold 1843 Howl Bitmap #cards 512 size 80 coarsen threshold 460 Card regions per heap region 1 cards per card region 2048

Heap:
 garbage-first heap   total 0K, used 0K [0x00000000e2000000, 0x0000000100000000)
  region size 1024K, 0 young (0K), 0 survivors (0K)

[error occurred during error reporting (printing heap information), id 0xc0000005, EXCEPTION_ACCESS_VIOLATION (0xc0000005) at pc=0x00007ffb90a76959]

GC Heap History (0 events):
No events

Dll operation events (1 events):
Event: 0.060 Loaded shared library C:\Program Files\Java\jdk-19\bin\java.dll

Deoptimization events (0 events):
No events

Classes loaded (0 events):
No events

Classes unloaded (0 events):
No events

Classes redefined (0 events):
No events

Internal exceptions (0 events):
No events

VM Operations (0 events):
No events

Events (0 events):
No events


Dynamic libraries:
0x00007ff641c00000 - 0x00007ff641c10000 	C:\Program Files\Java\jdk-19\bin\java.exe
0x00007ffbfb490000 - 0x00007ffbfb688000 	C:\Windows\SYSTEM32\ntdll.dll
0x00007ffbf98f0000 - 0x00007ffbf99af000 	C:\Windows\System32\KERNEL32.DLL
0x00007ffbf9200000 - 0x00007ffbf94d2000 	C:\Windows\System32\KERNELBASE.dll
0x00007ffbf8c60000 - 0x00007ffbf8d60000 	C:\Windows\System32\ucrtbase.dll
0x00007ffbe8ba0000 - 0x00007ffbe8bb8000 	C:\Program Files\Java\jdk-19\bin\jli.dll
0x00007ffbfab40000 - 0x00007ffbfabee000 	C:\Windows\System32\ADVAPI32.dll
0x00007ffbfaaa0000 - 0x00007ffbfab3e000 	C:\Windows\System32\msvcrt.dll
0x00007ffbfb350000 - 0x00007ffbfb3ec000 	C:\Windows\System32\sechost.dll
0x00007ffbf9660000 - 0x00007ffbf9785000 	C:\Windows\System32\RPCRT4.dll
0x00007ffbe8b80000 - 0x00007ffbe8b9b000 	C:\Program Files\Java\jdk-19\bin\VCRUNTIME140.dll
0x00007ffbfa0b0000 - 0x00007ffbfa251000 	C:\Windows\System32\USER32.dll
0x00007ffbf8bc0000 - 0x00007ffbf8be2000 	C:\Windows\System32\win32u.dll
0x00007ffbf9790000 - 0x00007ffbf97bb000 	C:\Windows\System32\GDI32.dll
0x00007ffbf8ec0000 - 0x00007ffbf8fcf000 	C:\Windows\System32\gdi32full.dll
0x00007ffbf9080000 - 0x00007ffbf911d000 	C:\Windows\System32\msvcp_win.dll
0x00007ffbe9620000 - 0x00007ffbe98ba000 	C:\Windows\WinSxS\amd64_microsoft.windows.common-controls_6595b64144ccf1df_6.0.19041.1110_none_60b5254171f9507e\COMCTL32.dll
0x00007ffbec2d0000 - 0x00007ffbec2da000 	C:\Windows\SYSTEM32\VERSION.dll
0x00007ffbfaa70000 - 0x00007ffbfaaa0000 	C:\Windows\System32\IMM32.DLL
0x00007ffbe8b70000 - 0x00007ffbe8b7c000 	C:\Program Files\Java\jdk-19\bin\vcruntime140_1.dll
0x00007ffbe81d0000 - 0x00007ffbe825e000 	C:\Program Files\Java\jdk-19\bin\msvcp140.dll
0x00007ffb90330000 - 0x00007ffb90ff0000 	C:\Program Files\Java\jdk-19\bin\server\jvm.dll
0x00007ffbe8b60000 - 0x00007ffbe8b69000 	C:\Windows\SYSTEM32\WSOCK32.dll
0x00007ffbfaa00000 - 0x00007ffbfaa6b000 	C:\Windows\System32\WS2_32.dll
0x00007ffbe92b0000 - 0x00007ffbe92d7000 	C:\Windows\SYSTEM32\WINMM.dll
0x00007ffbf6a70000 - 0x00007ffbf6a82000 	C:\Windows\SYSTEM32\kernel.appcore.dll
0x00007ffbe6990000 - 0x00007ffbe699a000 	C:\Program Files\Java\jdk-19\bin\jimage.dll
0x00007ffbf3090000 - 0x00007ffbf3274000 	C:\Windows\SYSTEM32\DBGHELP.DLL
0x00007ffbf2e10000 - 0x00007ffbf2e45000 	C:\Windows\SYSTEM32\dbgcore.DLL
0x00007ffbf9170000 - 0x00007ffbf91f2000 	C:\Windows\System32\bcryptPrimitives.dll
0x00007ffbe6960000 - 0x00007ffbe6986000 	C:\Program Files\Java\jdk-19\bin\java.dll

dbghelp: loaded successfully - version: 4.0.5 - missing functions: none
symbol engine: initialized successfully - sym options: 0x614 - pdb path: .;C:\Program Files\Java\jdk-19\bin;C:\Windows\SYSTEM32;C:\Windows\WinSxS\amd64_microsoft.windows.common-controls_6595b64144ccf1df_6.0.19041.1110_none_60b5254171f9507e;C:\Program Files\Java\jdk-19\bin\server

VM Arguments:
java_command: <unknown>
java_class_path (initial): <not set>
Launcher Type: SUN_STANDARD

[Global flags]
     intx CICompilerCount                          = 2                                         {product} {ergonomic}
     uint ConcGCThreads                            = 1                                         {product} {ergonomic}
     uint G1ConcRefinementThreads                  = 2                                         {product} {ergonomic}
   size_t G1HeapRegionSize                         = 1048576                                   {product} {ergonomic}
    uintx GCDrainStackTargetSize                   = 64                                        {product} {ergonomic}
   size_t InitialHeapSize                          = 31457280                                  {product} {ergonomic}
   size_t MarkStackSize                            = 4194304                                   {product} {ergonomic}
   size_t MaxHeapSize                              = 503316480                                 {product} {ergonomic}
   size_t MinHeapDeltaBytes                        = 1048576                                   {product} {ergonomic}
   size_t MinHeapSize                              = 8388608                                   {product} {ergonomic}
    uintx NonNMethodCodeHeapSize                   = 5826188                                {pd product} {ergonomic}
    uintx NonProfiledCodeHeapSize                  = 122916026                              {pd product} {ergonomic}
    uintx ProfiledCodeHeapSize                     = 122916026                              {pd product} {ergonomic}
    uintx ReservedCodeCacheSize                    = 251658240                              {pd product} {ergonomic}
     bool SegmentedCodeCache                       = true                                      {product} {ergonomic}
   size_t SoftMaxHeapSize                          = 503316480                              {manageable} {ergonomic}
     bool UseCompressedClassPointers               = true                           {product lp64_product} {ergonomic}
     bool UseCompressedOops                        = true                           {product lp64_product} {ergonomic}
     bool UseG1GC                                  = true                                      {product} {ergonomic}
     bool UseLargePagesIndividualAllocation        = false                                  {pd product} {ergonomic}

Logging:
Log output configuration:
 #0: stdout all=warning uptime,level,tags foldmultilines=false
 #1: stderr all=off uptime,level,tags foldmultilines=false

Environment Variables:
PATH=C:\Users\Riallen\.pyenv\pyenv-win\versions\3.10.9;C:\Users\Riallen\.pyenv\pyenv-win\versions\3.10.9\Scripts;C:\Users\Riallen\AppData\Roaming\Python\Python310\Scripts;C:\Users\Riallen\Documents\Work_Text\venv\Scripts;C:\Program Files\Common Files\Oracle\Java\javapath;C:\Windows\System32;C:\Windows;C:\Windows\System32\wbem;C:\Windows\System32\WindowsPowerShell\v1.0\;C:\Windows\System32\OpenSSH\;C:\Program Files\Pandoc\;C:\Program Files\PowerShell\7\;C:\Program Files\Git\cmd;C:\Users\Riallen\.pyenv\pyenv-win\bin;C:\Users\Riallen\AppData\Local\Microsoft\WindowsApps;C:\Users\Riallen\AppData\Local\Programs\MiKTeX\miktex\bin\x64\;C:\Users\Riallen\AppData\Local\GitHubDesktop\bin;C:\Users\Riallen\AppData\Local\Programs\Microsoft VS Code\bin;
USERNAME=Riallen
OS=Windows_NT
PROCESSOR_IDENTIFIER=Intel64 Family 6 Model 23 Stepping 10, GenuineIntel
TMP=C:\Users\Riallen\AppData\Local\Temp
TEMP=C:\Users\Riallen\AppData\Local\Temp



---------------  S Y S T E M  ---------------

OS:
 Windows 10 , 64 bit Build 19041 (10.0.19041.2546)
OS uptime: 0 days 1:56 hours

CPU: total 2 (initial active 2) (2 cores per cpu, 1 threads per core) family 6 model 23 stepping 10 microcode 0xa0c, cx8, cmov, fxsr, mmx, sse, sse2, sse3, ssse3, tsc, clflush

Memory: 4k page, system-wide physical 1917M (348M free)
TotalPageFile size 7805M (AvailPageFile size 6M)
current process WorkingSet (physical memory assigned to process): 9M, peak: 9M
current process commit charge ("private bytes"): 47M, peak: 77M

vm_info: Java HotSpot(TM) 64-Bit Server VM (19.0.1+10-21) for windows-amd64 JRE (19.0.1+10-21), built on 2022-09-14T12:45:06Z by "mach5one" with MS VC++ 17.1 (VS2022)

END.
