#
# There is insufficient memory for the Java Runtime Environment to continue.
# Native memory allocation (malloc) failed to allocate 141696 bytes for Chunk::new
# Possible reasons:
#   The system is out of physical RAM or swap space
#   The process is running with CompressedOops enabled, and the Java Heap may be blocking the growth of the native heap
# Possible solutions:
#   Reduce memory load on the system
#   Increase physical memory or swap space
#   Check if swap backing store is full
#   Decrease Java heap size (-Xmx/-Xms)
#   Decrease number of Java threads
#   Decrease Java thread stack sizes (-Xss)
#   Set larger code cache with -XX:ReservedCodeCacheSize=
#   JVM is running with Unscaled Compressed Oops mode in which the Java heap is
#     placed in the first 4GB address space. The Java Heap base address is the
#     maximum limit for the native heap growth. Please use -XX:HeapBaseMinAddress
#     to set the Java Heap base and to place the Java Heap above 4GB virtual address.
# This output file may be truncated or incomplete.
#
#  Out of Memory Error (arena.cpp:184), pid=3152, tid=8268
#
# JRE version: Java(TM) SE Runtime Environment (19.0.1+10) (build 19.0.1+10-21)
# Java VM: Java HotSpot(TM) 64-Bit Server VM (19.0.1+10-21, mixed mode, sharing, tiered, compressed oops, compressed class ptrs, g1 gc, windows-amd64)
# No core dump will be written. Minidumps are not enabled by default on client versions of Windows
#

---------------  S U M M A R Y ------------

Command Line: org.languagetool.server.HTTPServer -p 8081 --config C:\Users\Riallen\AppData\Local\Temp\tmpcisciujc

Host: Pentium(R) Dual-Core  CPU      E5700  @ 3.00GHz, 2 cores, 1G,  Windows 10 , 64 bit Build 19041 (10.0.19041.2546)
Time: Wed Mar  8 11:41:53 2023 Hora Padrão de Caracas elapsed time: 3.539924 seconds (0d 0h 0m 3s)

---------------  T H R E A D  ---------------

Current thread (0x00000198329265a0):  JavaThread "C2 CompilerThread0" daemon [_thread_in_native, id=8268, stack(0x0000006351500000,0x0000006351600000)]


Current CompileTask:
C2:   3540 1090   !   4       jdk.internal.loader.URLClassPath$JarLoader::getResource (65 bytes)

Stack: [0x0000006351500000,0x0000006351600000]
Native frames: (J=compiled Java code, j=interpreted, Vv=VM code, C=native code)
V  [jvm.dll+0x6ee8fa]
V  [jvm.dll+0x857a1e]
V  [jvm.dll+0x85940e]
V  [jvm.dll+0x859ac3]
V  [jvm.dll+0x28291f]
V  [jvm.dll+0xc9b5f]
V  [jvm.dll+0xc9ee5]
V  [jvm.dll+0x3bcbac]
V  [jvm.dll+0x386201]
V  [jvm.dll+0x38567a]
V  [jvm.dll+0x24c2c9]
V  [jvm.dll+0x24b671]
V  [jvm.dll+0x1d6d61]
V  [jvm.dll+0x25b0fa]
V  [jvm.dll+0x259588]
V  [jvm.dll+0x807928]
V  [jvm.dll+0x8015fa]
V  [jvm.dll+0x6ed5eb]
C  [ucrtbase.dll+0x21bb2]
C  [KERNEL32.DLL+0x17614]
C  [ntdll.dll+0x526a1]


---------------  P R O C E S S  ---------------

Threads class SMR info:
_java_thread_list=0x00000198378e8ee0, length=14, elements={
0x00000198188995d0, 0x000001983291cb00, 0x000001983291e170, 0x000001983291efe0,
0x0000019832922b10, 0x0000019832921a70, 0x00000198329223a0, 0x00000198329265a0,
0x000001983298f9e0, 0x0000019832998aa0, 0x0000019836c2bd10, 0x0000019836c35f00,
0x00000198378fe260, 0x00000198378c85b0
}

Java Threads: ( => current thread )
  0x00000198188995d0 JavaThread "main" [_thread_in_native, id=8856, stack(0x0000006350800000,0x0000006350900000)]
  0x000001983291cb00 JavaThread "Reference Handler" daemon [_thread_blocked, id=8332, stack(0x0000006350f00000,0x0000006351000000)]
  0x000001983291e170 JavaThread "Finalizer" daemon [_thread_blocked, id=4088, stack(0x0000006351000000,0x0000006351100000)]
  0x000001983291efe0 JavaThread "Signal Dispatcher" daemon [_thread_blocked, id=1596, stack(0x0000006351100000,0x0000006351200000)]
  0x0000019832922b10 JavaThread "Attach Listener" daemon [_thread_blocked, id=1744, stack(0x0000006351200000,0x0000006351300000)]
  0x0000019832921a70 JavaThread "Service Thread" daemon [_thread_blocked, id=2808, stack(0x0000006351300000,0x0000006351400000)]
  0x00000198329223a0 JavaThread "Monitor Deflation Thread" daemon [_thread_blocked, id=5444, stack(0x0000006351400000,0x0000006351500000)]
=>0x00000198329265a0 JavaThread "C2 CompilerThread0" daemon [_thread_in_native, id=8268, stack(0x0000006351500000,0x0000006351600000)]
  0x000001983298f9e0 JavaThread "C1 CompilerThread0" daemon [_thread_blocked, id=4240, stack(0x0000006351600000,0x0000006351700000)]
  0x0000019832998aa0 JavaThread "Sweeper thread" daemon [_thread_blocked, id=6688, stack(0x0000006351700000,0x0000006351800000)]
  0x0000019836c2bd10 JavaThread "Notification Thread" daemon [_thread_blocked, id=11360, stack(0x0000006351800000,0x0000006351900000)]
  0x0000019836c35f00 JavaThread "Common-Cleaner" daemon [_thread_blocked, id=10388, stack(0x0000006351a00000,0x0000006351b00000)]
  0x00000198378fe260 JavaThread "LtThreadPoolMonitor" daemon [_thread_blocked, id=3900, stack(0x0000006351c00000,0x0000006351d00000)]
  0x00000198378c85b0 JavaThread "LtThreadPoolExecutorMonitor" daemon [_thread_blocked, id=5448, stack(0x0000006351d00000,0x0000006351e00000)]

Other Threads:
  0x0000019818965d50 VMThread "VM Thread" [stack: 0x0000006350e00000,0x0000006350f00000] [id=11728]
  0x0000019836c35aa0 WatcherThread "VM Periodic Task Thread" [stack: 0x0000006351900000,0x0000006351a00000] [id=10352]
  0x00000198188c9ba0 WorkerThread "GC Thread#0" [stack: 0x0000006350900000,0x0000006350a00000] [id=12244]
  0x0000019836da96a0 WorkerThread "GC Thread#1" [stack: 0x0000006351b00000,0x0000006351c00000] [id=7496]
  0x00000198188ce700 ConcurrentGCThread "G1 Main Marker" [stack: 0x0000006350a00000,0x0000006350b00000] [id=6052]
  0x00000198188cf2d0 WorkerThread "G1 Conc#0" [stack: 0x0000006350b00000,0x0000006350c00000] [id=12052]
  0x0000019818902e40 ConcurrentGCThread "G1 Refine#0" [stack: 0x0000006350c00000,0x0000006350d00000] [id=1548]
  0x0000019818904b30 ConcurrentGCThread "G1 Service" [stack: 0x0000006350d00000,0x0000006350e00000] [id=9740]

Threads with active compile tasks:
C2 CompilerThread0     3602 1090   !   4       jdk.internal.loader.URLClassPath$JarLoader::getResource (65 bytes)
C1 CompilerThread0     3602 1127       3       java.lang.AbstractStringBuilder::append (45 bytes)

VM state: not at safepoint (normal execution)

VM Mutex/Monitor currently owned by a thread: None

Heap address: 0x00000000e2000000, size: 480 MB, Compressed Oops mode: 32-bit

CDS archive(s) mapped at: [0x0000000800000000-0x0000000800c40000-0x0000000800c40000), size 12845056, SharedBaseAddress: 0x0000000800000000, ArchiveRelocationMode: 0.
Compressed class space mapped at: 0x0000000801000000-0x0000000841000000, reserved size: 1073741824
Narrow klass base: 0x0000000800000000, Narrow klass shift: 0, Narrow klass range: 0x100000000

GC Precious Log:
 CardTable entry size: 512
 Card Set container configuration: InlinePtr #cards 5 size 8 Array Of Cards #cards 12 size 40 Howl #buckets 4 coarsen threshold 1843 Howl Bitmap #cards 512 size 80 coarsen threshold 460 Card regions per heap region 1 cards per card region 2048
 CPUs: 2 total, 2 available
 Memory: 1917M
 Large Page Support: Disabled
 NUMA Support: Disabled
 Compressed Oops: Enabled (32-bit)
 Heap Region Size: 1M
 Heap Min Capacity: 8M
 Heap Initial Capacity: 30M
 Heap Max Capacity: 480M
 Pre-touch: Disabled
 Parallel Workers: 2
 Concurrent Workers: 1
 Concurrent Refinement Workers: 2
 Periodic GC: Disabled

Heap:
 garbage-first heap   total 30720K, used 8740K [0x00000000e2000000, 0x0000000100000000)
  region size 1024K, 4 young (4096K), 1 survivors (1024K)
 Metaspace       used 7524K, committed 7744K, reserved 1114112K
  class space    used 783K, committed 896K, reserved 1048576K

Heap Regions: E=young(eden), S=young(survivor), O=old, HS=humongous(starts), HC=humongous(continues), CS=collection set, F=free, OA=open archive, CA=closed archive, TAMS=top-at-mark-start (previous, next)
|   0|0x00000000e2000000, 0x00000000e2100000, 0x00000000e2100000|100%| O|  |TAMS 0x00000000e2000000, 0x00000000e2000000| Untracked 
|   1|0x00000000e2100000, 0x00000000e2200000, 0x00000000e2200000|100%| O|  |TAMS 0x00000000e2100000, 0x00000000e2100000| Untracked 
|   2|0x00000000e2200000, 0x00000000e2300000, 0x00000000e2300000|100%| O|  |TAMS 0x00000000e2200000, 0x00000000e2200000| Untracked 
|   3|0x00000000e2300000, 0x00000000e2400000, 0x00000000e2400000|100%| O|  |TAMS 0x00000000e2300000, 0x00000000e2300000| Untracked 
|   4|0x00000000e2400000, 0x00000000e2500000, 0x00000000e2500000|100%| O|  |TAMS 0x00000000e2400000, 0x00000000e2400000| Untracked 
|   5|0x00000000e2500000, 0x00000000e2589000, 0x00000000e2600000| 53%| O|  |TAMS 0x00000000e2500000, 0x00000000e2500000| Untracked 
|   6|0x00000000e2600000, 0x00000000e2600000, 0x00000000e2700000|  0%| F|  |TAMS 0x00000000e2600000, 0x00000000e2600000| Untracked 
|   7|0x00000000e2700000, 0x00000000e2700000, 0x00000000e2800000|  0%| F|  |TAMS 0x00000000e2700000, 0x00000000e2700000| Untracked 
|   8|0x00000000e2800000, 0x00000000e2800000, 0x00000000e2900000|  0%| F|  |TAMS 0x00000000e2800000, 0x00000000e2800000| Untracked 
|   9|0x00000000e2900000, 0x00000000e2900000, 0x00000000e2a00000|  0%| F|  |TAMS 0x00000000e2900000, 0x00000000e2900000| Untracked 
|  10|0x00000000e2a00000, 0x00000000e2a00000, 0x00000000e2b00000|  0%| F|  |TAMS 0x00000000e2a00000, 0x00000000e2a00000| Untracked 
|  11|0x00000000e2b00000, 0x00000000e2b00000, 0x00000000e2c00000|  0%| F|  |TAMS 0x00000000e2b00000, 0x00000000e2b00000| Untracked 
|  12|0x00000000e2c00000, 0x00000000e2c00000, 0x00000000e2d00000|  0%| F|  |TAMS 0x00000000e2c00000, 0x00000000e2c00000| Untracked 
|  13|0x00000000e2d00000, 0x00000000e2d00000, 0x00000000e2e00000|  0%| F|  |TAMS 0x00000000e2d00000, 0x00000000e2d00000| Untracked 
|  14|0x00000000e2e00000, 0x00000000e2e00000, 0x00000000e2f00000|  0%| F|  |TAMS 0x00000000e2e00000, 0x00000000e2e00000| Untracked 
|  15|0x00000000e2f00000, 0x00000000e2f00000, 0x00000000e3000000|  0%| F|  |TAMS 0x00000000e2f00000, 0x00000000e2f00000| Untracked 
|  16|0x00000000e3000000, 0x00000000e3000000, 0x00000000e3100000|  0%| F|  |TAMS 0x00000000e3000000, 0x00000000e3000000| Untracked 
|  17|0x00000000e3100000, 0x00000000e3100000, 0x00000000e3200000|  0%| F|  |TAMS 0x00000000e3100000, 0x00000000e3100000| Untracked 
|  18|0x00000000e3200000, 0x00000000e3200000, 0x00000000e3300000|  0%| F|  |TAMS 0x00000000e3200000, 0x00000000e3200000| Untracked 
|  19|0x00000000e3300000, 0x00000000e3300000, 0x00000000e3400000|  0%| F|  |TAMS 0x00000000e3300000, 0x00000000e3300000| Untracked 
|  20|0x00000000e3400000, 0x00000000e3400000, 0x00000000e3500000|  0%| F|  |TAMS 0x00000000e3400000, 0x00000000e3400000| Untracked 
|  21|0x00000000e3500000, 0x00000000e3500000, 0x00000000e3600000|  0%| F|  |TAMS 0x00000000e3500000, 0x00000000e3500000| Untracked 
|  22|0x00000000e3600000, 0x00000000e3700000, 0x00000000e3700000|100%| S|CS|TAMS 0x00000000e3600000, 0x00000000e3600000| Complete 
|  23|0x00000000e3700000, 0x00000000e3700000, 0x00000000e3800000|  0%| F|  |TAMS 0x00000000e3700000, 0x00000000e3700000| Untracked 
|  24|0x00000000e3800000, 0x00000000e3800000, 0x00000000e3900000|  0%| F|  |TAMS 0x00000000e3800000, 0x00000000e3800000| Untracked 
|  25|0x00000000e3900000, 0x00000000e3900000, 0x00000000e3a00000|  0%| F|  |TAMS 0x00000000e3900000, 0x00000000e3900000| Untracked 
|  26|0x00000000e3a00000, 0x00000000e3a00000, 0x00000000e3b00000|  0%| F|  |TAMS 0x00000000e3a00000, 0x00000000e3a00000| Untracked 
|  27|0x00000000e3b00000, 0x00000000e3ba5100, 0x00000000e3c00000| 64%| E|  |TAMS 0x00000000e3b00000, 0x00000000e3b00000| Complete 
|  28|0x00000000e3c00000, 0x00000000e3d00000, 0x00000000e3d00000|100%| E|CS|TAMS 0x00000000e3c00000, 0x00000000e3c00000| Complete 
|  29|0x00000000e3d00000, 0x00000000e3e00000, 0x00000000e3e00000|100%| E|CS|TAMS 0x00000000e3d00000, 0x00000000e3d00000| Complete 

Card table byte_map: [0x0000019818570000,0x0000019818660000] _byte_map_base: 0x0000019817e60000

Marking Bits (Prev, Next): (CMBitMap*) 0x00000198188ca1d0, (CMBitMap*) 0x00000198188ca210
 Prev Bits: [0x000001982f810000, 0x000001982ff90000)
 Next Bits: [0x000001982ff90000, 0x0000019830710000)

Polling page: 0x00000198168a0000

Metaspace:

Usage:
  Non-class:      6.58 MB used.
      Class:    783.92 KB used.
       Both:      7.35 MB used.

Virtual space:
  Non-class space:       64.00 MB reserved,       6.69 MB ( 10%) committed,  1 nodes.
      Class space:        1.00 GB reserved,     896.00 KB ( <1%) committed,  1 nodes.
             Both:        1.06 GB reserved,       7.56 MB ( <1%) committed. 

Chunk freelists:
   Non-Class:  880.00 KB
       Class:  3.17 MB
        Both:  4.03 MB

MaxMetaspaceSize: unlimited
CompressedClassSpaceSize: 1.00 GB
Initial GC threshold: 21.00 MB
Current GC threshold: 21.00 MB
CDS: on
MetaspaceReclaimPolicy: balanced
 - commit_granule_bytes: 65536.
 - commit_granule_words: 8192.
 - virtual_space_node_default_size: 8388608.
 - enlarge_chunks_in_place: 1.
 - new_chunks_are_fully_committed: 0.
 - uncommit_free_chunks: 1.
 - use_allocation_guard: 0.


Internal statistics:

num_allocs_failed_limit: 0.
num_arena_births: 76.
num_arena_deaths: 0.
num_vsnodes_births: 2.
num_vsnodes_deaths: 0.
num_space_committed: 121.
num_space_uncommitted: 0.
num_chunks_returned_to_freelist: 0.
num_chunks_taken_from_freelist: 196.
num_chunk_merges: 0.
num_chunk_splits: 133.
num_chunks_enlarged: 97.
num_inconsistent_stats: 0.

CodeHeap 'non-profiled nmethods': size=120064Kb used=357Kb max_used=357Kb free=119706Kb
 bounds [0x00000198282d0000, 0x0000019828540000, 0x000001982f810000]
CodeHeap 'profiled nmethods': size=120000Kb used=2185Kb max_used=2185Kb free=117814Kb
 bounds [0x0000019820810000, 0x0000019820a80000, 0x0000019827d40000]
CodeHeap 'non-nmethods': size=5696Kb used=1277Kb max_used=1290Kb free=4419Kb
 bounds [0x0000019827d40000, 0x0000019827fb0000, 0x00000198282d0000]
 total_blobs=1625 nmethods=1124 adapters=413
 compilation: enabled
              stopped_count=0, restarted_count=0
 full_count=0

Compilation events (20 events):
Event: 3.512 Thread 0x000001983298f9e0 nmethod 1081 0x0000019820a1e490 code [0x0000019820a1e820, 0x0000019820a1ff78]
Event: 3.512 Thread 0x000001983298f9e0 1083       1       com.sun.org.apache.xerces.internal.impl.xs.XSComplexTypeDecl::getTypeCategory (3 bytes)
Event: 3.512 Thread 0x000001983298f9e0 nmethod 1083 0x0000019828328790 code [0x0000019828328920, 0x00000198283289f8]
Event: 3.512 Thread 0x000001983298f9e0 1082       3       com.sun.org.apache.xerces.internal.util.NamespaceSupport::pushContext (65 bytes)
Event: 3.512 Thread 0x000001983298f9e0 nmethod 1082 0x0000019820a20910 code [0x0000019820a20ac0, 0x0000019820a20de8]
Event: 3.515 Thread 0x000001983298f9e0 1084       3       java.util.regex.Pattern$Node::<init> (12 bytes)
Event: 3.515 Thread 0x000001983298f9e0 nmethod 1084 0x0000019820a20f10 code [0x0000019820a210c0, 0x0000019820a21298]
Event: 3.518 Thread 0x000001983298f9e0 1085       3       java.lang.invoke.MemberName::getType (19 bytes)
Event: 3.518 Thread 0x000001983298f9e0 nmethod 1085 0x0000019820a21390 code [0x0000019820a21580, 0x0000019820a21938]
Event: 3.518 Thread 0x000001983298f9e0 1087       3       jdk.internal.org.objectweb.asm.SymbolTable::addConstantMemberReference (147 bytes)
Event: 3.519 Thread 0x000001983298f9e0 nmethod 1087 0x0000019820a21a90 code [0x0000019820a21d20, 0x0000019820a225e8]
Event: 3.519 Thread 0x000001983298f9e0 1088       3       jdk.internal.org.objectweb.asm.SymbolTable::hash (20 bytes)
Event: 3.519 Thread 0x00000198329265a0 1089       4       java.nio.DirectIntBufferU::ix (10 bytes)
Event: 3.519 Thread 0x000001983298f9e0 nmethod 1088 0x0000019820a22b10 code [0x0000019820a22ce0, 0x0000019820a22ea8]
Event: 3.520 Thread 0x00000198329265a0 nmethod 1089 0x0000019828328e90 code [0x0000019828329000, 0x0000019828329078]
Event: 3.523 Thread 0x00000198329265a0 1090   !   4       jdk.internal.loader.URLClassPath$JarLoader::getResource (65 bytes)
Event: 3.523 Thread 0x000001983298f9e0 1091       3       jdk.internal.loader.URLClassPath$JarLoader::findResource (18 bytes)
Event: 3.523 Thread 0x000001983298f9e0 nmethod 1091 0x0000019820a23010 code [0x0000019820a231e0, 0x0000019820a23458]
Event: 3.530 Thread 0x000001983298f9e0 1092       3       java.lang.invoke.MemberName::isCallerSensitive (8 bytes)
Event: 3.530 Thread 0x000001983298f9e0 nmethod 1092 0x0000019820a23590 code [0x0000019820a23740, 0x0000019820a23978]

GC Heap History (6 events):
Event: 1.194 GC heap before
{Heap before GC invocations=0 (full 0):
 garbage-first heap   total 30720K, used 5120K [0x00000000e2000000, 0x0000000100000000)
  region size 1024K, 6 young (6144K), 0 survivors (0K)
 Metaspace       used 494K, committed 640K, reserved 1114112K
  class space    used 24K, committed 128K, reserved 1048576K
}
Event: 1.243 GC heap after
{Heap after GC invocations=1 (full 0):
 garbage-first heap   total 30720K, used 4612K [0x00000000e2000000, 0x0000000100000000)
  region size 1024K, 1 young (1024K), 1 survivors (1024K)
 Metaspace       used 494K, committed 640K, reserved 1114112K
  class space    used 24K, committed 128K, reserved 1048576K
}
Event: 2.211 GC heap before
{Heap before GC invocations=1 (full 0):
 garbage-first heap   total 30720K, used 7684K [0x00000000e2000000, 0x0000000100000000)
  region size 1024K, 4 young (4096K), 1 survivors (1024K)
 Metaspace       used 3111K, committed 3264K, reserved 1114112K
  class space    used 298K, committed 384K, reserved 1048576K
}
Event: 2.223 GC heap after
{Heap after GC invocations=2 (full 0):
 garbage-first heap   total 30720K, used 5465K [0x00000000e2000000, 0x0000000100000000)
  region size 1024K, 1 young (1024K), 1 survivors (1024K)
 Metaspace       used 3111K, committed 3264K, reserved 1114112K
  class space    used 298K, committed 384K, reserved 1048576K
}
Event: 3.096 GC heap before
{Heap before GC invocations=2 (full 0):
 garbage-first heap   total 30720K, used 10585K [0x00000000e2000000, 0x0000000100000000)
  region size 1024K, 7 young (7168K), 1 survivors (1024K)
 Metaspace       used 5127K, committed 5312K, reserved 1114112K
  class space    used 535K, committed 640K, reserved 1048576K
}
Event: 3.102 GC heap after
{Heap after GC invocations=3 (full 0):
 garbage-first heap   total 30720K, used 6692K [0x00000000e2000000, 0x0000000100000000)
  region size 1024K, 1 young (1024K), 1 survivors (1024K)
 Metaspace       used 5127K, committed 5312K, reserved 1114112K
  class space    used 535K, committed 640K, reserved 1048576K
}

Dll operation events (7 events):
Event: 0.019 Loaded shared library C:\Program Files\Java\jdk-19\bin\java.dll
Event: 0.041 Loaded shared library C:\Program Files\Java\jdk-19\bin\jsvml.dll
Event: 0.305 Loaded shared library C:\Program Files\Java\jdk-19\bin\net.dll
Event: 0.313 Loaded shared library C:\Program Files\Java\jdk-19\bin\nio.dll
Event: 0.339 Loaded shared library C:\Program Files\Java\jdk-19\bin\zip.dll
Event: 0.396 Loaded shared library C:\Program Files\Java\jdk-19\bin\jimage.dll
Event: 0.953 Loaded shared library C:\Program Files\Java\jdk-19\bin\verify.dll

Deoptimization events (20 events):
Event: 2.818 Thread 0x00000198188995d0 DEOPT PACKING pc=0x000001982089f316 sp=0x00000063508fa7f0
Event: 2.818 Thread 0x00000198188995d0 DEOPT UNPACKING pc=0x0000019827da7524 sp=0x00000063508f9cc8 mode 0
Event: 2.852 Thread 0x00000198188995d0 Uncommon trap: trap_request=0xffffff45 fr.pc=0x00000198282e7adc relative=0x00000000000000bc
Event: 2.852 Thread 0x00000198188995d0 Uncommon trap: reason=unstable_if action=reinterpret pc=0x00000198282e7adc method=java.util.concurrent.locks.ReentrantLock$Sync.tryRelease(I)Z @ 26 c2
Event: 2.852 Thread 0x00000198188995d0 DEOPT PACKING pc=0x00000198282e7adc sp=0x00000063508fdaa0
Event: 2.852 Thread 0x00000198188995d0 DEOPT UNPACKING pc=0x0000019827da6d9d sp=0x00000063508fda40 mode 2
Event: 2.923 Thread 0x00000198188995d0 DEOPT PACKING pc=0x00000198208965bf sp=0x00000063508faaa0
Event: 2.923 Thread 0x00000198188995d0 DEOPT UNPACKING pc=0x0000019827da7524 sp=0x00000063508f9f28 mode 0
Event: 3.011 Thread 0x00000198188995d0 Uncommon trap: trap_request=0xffffff45 fr.pc=0x000001982830ffc4 relative=0x0000000000000104
Event: 3.011 Thread 0x00000198188995d0 Uncommon trap: reason=unstable_if action=reinterpret pc=0x000001982830ffc4 method=java.util.concurrent.locks.ReentrantLock$Sync.tryRelease(I)Z @ 26 c2
Event: 3.011 Thread 0x00000198188995d0 DEOPT PACKING pc=0x000001982830ffc4 sp=0x00000063508fec10
Event: 3.011 Thread 0x00000198188995d0 DEOPT UNPACKING pc=0x0000019827da6d9d sp=0x00000063508feaa0 mode 2
Event: 3.416 Thread 0x00000198188995d0 Uncommon trap: trap_request=0xffffff45 fr.pc=0x00000198283202d0 relative=0x0000000000000130
Event: 3.416 Thread 0x00000198188995d0 Uncommon trap: reason=unstable_if action=reinterpret pc=0x00000198283202d0 method=java.lang.StringCoding.countPositives([BII)I @ 17 c2
Event: 3.416 Thread 0x00000198188995d0 DEOPT PACKING pc=0x00000198283202d0 sp=0x00000063508fc930
Event: 3.417 Thread 0x00000198188995d0 DEOPT UNPACKING pc=0x0000019827da6d9d sp=0x00000063508fc8d0 mode 2
Event: 3.510 Thread 0x00000198188995d0 Uncommon trap: trap_request=0xffffff45 fr.pc=0x00000198282d7b38 relative=0x0000000000000038
Event: 3.510 Thread 0x00000198188995d0 Uncommon trap: reason=unstable_if action=reinterpret pc=0x00000198282d7b38 method=java.lang.StringLatin1.canEncode(I)Z @ 4 c2
Event: 3.510 Thread 0x00000198188995d0 DEOPT PACKING pc=0x00000198282d7b38 sp=0x00000063508fd230
Event: 3.510 Thread 0x00000198188995d0 DEOPT UNPACKING pc=0x0000019827da6d9d sp=0x00000063508fd1c0 mode 2

Classes loaded (20 events):
Event: 3.505 Loading class com/sun/org/apache/xerces/internal/xs/AttributePSVI
Event: 3.505 Loading class com/sun/org/apache/xerces/internal/xs/AttributePSVI done
Event: 3.505 Loading class com/sun/org/apache/xerces/internal/impl/xs/AttributePSVImpl done
Event: 3.515 Loading class java/util/regex/Pattern$Bound
Event: 3.516 Loading class java/util/regex/Pattern$Bound done
Event: 3.516 Loading class java/util/regex/Pattern$Loop
Event: 3.516 Loading class java/util/regex/Pattern$Loop done
Event: 3.516 Loading class java/util/regex/Pattern$Prolog
Event: 3.517 Loading class java/util/regex/Pattern$Prolog done
Event: 3.521 Loading class jdk/internal/loader/URLClassPath$FileLoader$1
Event: 3.522 Loading class jdk/internal/loader/URLClassPath$FileLoader$1 done
Event: 3.525 Loading class sun/net/ProgressMonitor
Event: 3.525 Loading class sun/net/ProgressMonitor done
Event: 3.525 Loading class sun/net/DefaultProgressMeteringPolicy
Event: 3.526 Loading class sun/net/ProgressMeteringPolicy
Event: 3.526 Loading class sun/net/ProgressMeteringPolicy done
Event: 3.526 Loading class sun/net/DefaultProgressMeteringPolicy done
Event: 3.527 Loading class java/util/Scanner
Event: 3.528 Loading class java/util/Scanner done
Event: 3.532 Loading class java/util/Scanner$PatternLRUCache

Classes unloaded (0 events):
No events

Classes redefined (0 events):
No events

Internal exceptions (9 events):
Event: 1.595 Thread 0x00000198188995d0 Exception <a 'java/lang/ClassNotFoundException'{0x00000000e3c029a0}: javax/smartcardio/CardPermission> (0x00000000e3c029a0) 
thrown [s\open\src\hotspot\share\classfile\systemDictionary.cpp, line 255]
Event: 1.654 Thread 0x00000198188995d0 Exception <a 'java/io/FileNotFoundException'{0x00000000e3c10b48}> (0x00000000e3c10b48) 
thrown [s\open\src\hotspot\share\prims\jni.cpp, line 517]
Event: 2.977 Thread 0x00000198188995d0 Exception <a 'java/lang/NoSuchMethodError'{0x00000000e38f45c0}: 'org.slf4j.impl.StaticMDCBinder org.slf4j.impl.StaticMDCBinder.getSingleton()'> (0x00000000e38f45c0) 
thrown [s\open\src\hotspot\share\interpreter\linkResolver.cpp, line 774]
Event: 3.006 Thread 0x00000198188995d0 Exception <a 'java/lang/NoClassDefFoundError'{0x00000000e371e0f8}: io/opentelemetry/api/trace/Span> (0x00000000e371e0f8) 
thrown [s\open\src\hotspot\share\classfile\systemDictionary.cpp, line 244]
Event: 3.007 Thread 0x00000198188995d0 Exception <a 'java/lang/NoClassDefFoundError'{0x00000000e3724ea0}: io/opentelemetry/javaagent/shaded/io/opentelemetry/api/trace/Span> (0x00000000e3724ea0) 
thrown [s\open\src\hotspot\share\classfile\systemDictionary.cpp, line 244]
Event: 3.012 Thread 0x00000198188995d0 Exception <a 'java/lang/NoSuchMethodError'{0x00000000e37313f8}: 'void java.lang.invoke.DirectMethodHandle$Holder.invokeStatic(java.lang.Object, java.lang.Object, java.lang.Object)'> (0x00000000e37313f8) 
thrown [s\open\src\hotspot\share\interpreter\linkResolver.cpp, line 774]
Event: 3.060 Thread 0x00000198188995d0 Exception <a 'java/lang/NoSuchMethodError'{0x00000000e377c0f8}: 'org.slf4j.impl.StaticMarkerBinder org.slf4j.impl.StaticMarkerBinder.getSingleton()'> (0x00000000e377c0f8) 
thrown [s\open\src\hotspot\share\interpreter\linkResolver.cpp, line 774]
Event: 3.196 Thread 0x00000198188995d0 Exception <a 'java/lang/NoClassDefFoundError'{0x00000000e3dbf408}: org/apache/log4j/Priority> (0x00000000e3dbf408) 
thrown [s\open\src\hotspot\share\classfile\systemDictionary.cpp, line 244]
Event: 3.390 Thread 0x00000198188995d0 Exception <a 'java/lang/ClassNotFoundException'{0x00000000e3c30440}: com/sun/org/apache/xerces/internal/impl/xpath/regex/spi/messageProvider> (0x00000000e3c30440) 
thrown [s\open\src\hotspot\share\classfile\systemDictionary.cpp, line 255]

VM Operations (20 events):
Event: 2.211 Executing VM operation: G1CollectForAllocation
Event: 2.223 Executing VM operation: G1CollectForAllocation done
Event: 2.225 Executing VM operation: HandshakeAllThreads
Event: 2.225 Executing VM operation: HandshakeAllThreads done
Event: 2.491 Executing VM operation: HandshakeAllThreads
Event: 2.491 Executing VM operation: HandshakeAllThreads done
Event: 2.629 Executing VM operation: HandshakeAllThreads
Event: 2.629 Executing VM operation: HandshakeAllThreads done
Event: 2.919 Executing VM operation: HandshakeAllThreads
Event: 2.919 Executing VM operation: HandshakeAllThreads done
Event: 3.035 Executing VM operation: ThreadDump
Event: 3.036 Executing VM operation: ThreadDump done
Event: 3.096 Executing VM operation: G1CollectForAllocation
Event: 3.102 Executing VM operation: G1CollectForAllocation done
Event: 3.460 Executing VM operation: HandshakeAllThreads
Event: 3.460 Executing VM operation: HandshakeAllThreads done
Event: 3.522 Executing VM operation: HandshakeAllThreads
Event: 3.522 Executing VM operation: HandshakeAllThreads done
Event: 3.523 Executing VM operation: HandshakeAllThreads
Event: 3.523 Executing VM operation: HandshakeAllThreads done

Events (14 events):
Event: 0.042 Thread 0x00000198188995d0 Thread added: 0x00000198188995d0
Event: 0.073 Thread 0x000001983291cb00 Thread added: 0x000001983291cb00
Event: 0.074 Thread 0x000001983291e170 Thread added: 0x000001983291e170
Event: 0.074 Thread 0x000001983291efe0 Thread added: 0x000001983291efe0
Event: 0.075 Thread 0x0000019832922b10 Thread added: 0x0000019832922b10
Event: 0.075 Thread 0x0000019832921a70 Thread added: 0x0000019832921a70
Event: 0.075 Thread 0x00000198329223a0 Thread added: 0x00000198329223a0
Event: 0.075 Thread 0x00000198329265a0 Thread added: 0x00000198329265a0
Event: 0.082 Thread 0x000001983298f9e0 Thread added: 0x000001983298f9e0
Event: 0.085 Thread 0x0000019832998aa0 Thread added: 0x0000019832998aa0
Event: 0.127 Thread 0x0000019836c2bd10 Thread added: 0x0000019836c2bd10
Event: 0.236 Thread 0x0000019836c35f00 Thread added: 0x0000019836c35f00
Event: 3.034 Thread 0x00000198378fe260 Thread added: 0x00000198378fe260
Event: 3.067 Thread 0x00000198378c85b0 Thread added: 0x00000198378c85b0


Dynamic libraries:
0x00007ff654bd0000 - 0x00007ff654be0000 	C:\Program Files\Java\jdk-19\bin\java.exe
0x00007ffb39490000 - 0x00007ffb39688000 	C:\Windows\SYSTEM32\ntdll.dll
0x00007ffb382b0000 - 0x00007ffb3836f000 	C:\Windows\System32\KERNEL32.DLL
0x00007ffb36de0000 - 0x00007ffb370b2000 	C:\Windows\System32\KERNELBASE.dll
0x00007ffb36b80000 - 0x00007ffb36c80000 	C:\Windows\System32\ucrtbase.dll
0x00007ffb28210000 - 0x00007ffb2822b000 	C:\Program Files\Java\jdk-19\bin\VCRUNTIME140.dll
0x00007ffb281f0000 - 0x00007ffb28208000 	C:\Program Files\Java\jdk-19\bin\jli.dll
0x00007ffb38120000 - 0x00007ffb381ce000 	C:\Windows\System32\ADVAPI32.dll
0x00007ffb38b10000 - 0x00007ffb38bae000 	C:\Windows\System32\msvcrt.dll
0x00007ffb38a10000 - 0x00007ffb38aac000 	C:\Windows\System32\sechost.dll
0x00007ffb379b0000 - 0x00007ffb37ad5000 	C:\Windows\System32\RPCRT4.dll
0x00007ffb376d0000 - 0x00007ffb37871000 	C:\Windows\System32\USER32.dll
0x00007ffb37260000 - 0x00007ffb37282000 	C:\Windows\System32\win32u.dll
0x00007ffb37ba0000 - 0x00007ffb37bcb000 	C:\Windows\System32\GDI32.dll
0x00007ffb370c0000 - 0x00007ffb371cf000 	C:\Windows\System32\gdi32full.dll
0x00007ffb27d70000 - 0x00007ffb2800a000 	C:\Windows\WinSxS\amd64_microsoft.windows.common-controls_6595b64144ccf1df_6.0.19041.1110_none_60b5254171f9507e\COMCTL32.dll
0x00007ffb36c80000 - 0x00007ffb36d1d000 	C:\Windows\System32\msvcp_win.dll
0x00007ffb2a320000 - 0x00007ffb2a32a000 	C:\Windows\SYSTEM32\VERSION.dll
0x00007ffb39410000 - 0x00007ffb39442000 	C:\Windows\System32\IMM32.DLL
0x00007ffb31f20000 - 0x00007ffb31f2c000 	C:\Program Files\Java\jdk-19\bin\vcruntime140_1.dll
0x00007ffb16d40000 - 0x00007ffb16dce000 	C:\Program Files\Java\jdk-19\bin\msvcp140.dll
0x00007ffb06d20000 - 0x00007ffb079e0000 	C:\Program Files\Java\jdk-19\bin\server\jvm.dll
0x00007ffb24ec0000 - 0x00007ffb24ec9000 	C:\Windows\SYSTEM32\WSOCK32.dll
0x00007ffb277c0000 - 0x00007ffb277e7000 	C:\Windows\SYSTEM32\WINMM.dll
0x00007ffb37930000 - 0x00007ffb3799b000 	C:\Windows\System32\WS2_32.dll
0x00007ffb34a60000 - 0x00007ffb34a72000 	C:\Windows\SYSTEM32\kernel.appcore.dll
0x00007ffb223e0000 - 0x00007ffb223ea000 	C:\Program Files\Java\jdk-19\bin\jimage.dll
0x00007ffb28a30000 - 0x00007ffb28c14000 	C:\Windows\SYSTEM32\DBGHELP.DLL
0x00007ffb289e0000 - 0x00007ffb28a15000 	C:\Windows\SYSTEM32\dbgcore.DLL
0x00007ffb371d0000 - 0x00007ffb37252000 	C:\Windows\System32\bcryptPrimitives.dll
0x00007ffb210d0000 - 0x00007ffb210f6000 	C:\Program Files\Java\jdk-19\bin\java.dll
0x00007ffb12b80000 - 0x00007ffb12c57000 	C:\Program Files\Java\jdk-19\bin\jsvml.dll
0x00007ffb38c10000 - 0x00007ffb39355000 	C:\Windows\System32\SHELL32.dll
0x00007ffb34c60000 - 0x00007ffb353f2000 	C:\Windows\SYSTEM32\windows.storage.dll
0x00007ffb38370000 - 0x00007ffb386c5000 	C:\Windows\System32\combase.dll
0x00007ffb36500000 - 0x00007ffb36530000 	C:\Windows\SYSTEM32\Wldp.dll
0x00007ffb37af0000 - 0x00007ffb37b9d000 	C:\Windows\System32\SHCORE.dll
0x00007ffb38bb0000 - 0x00007ffb38c05000 	C:\Windows\System32\shlwapi.dll
0x00007ffb36ac0000 - 0x00007ffb36adf000 	C:\Windows\SYSTEM32\profapi.dll
0x00007ffb210b0000 - 0x00007ffb210c3000 	C:\Program Files\Java\jdk-19\bin\net.dll
0x00007ffb30400000 - 0x00007ffb3050c000 	C:\Windows\SYSTEM32\WINHTTP.dll
0x00007ffb36260000 - 0x00007ffb362ca000 	C:\Windows\system32\mswsock.dll
0x00007ffb1b3c0000 - 0x00007ffb1b3d6000 	C:\Program Files\Java\jdk-19\bin\nio.dll
0x00007ffb16d20000 - 0x00007ffb16d38000 	C:\Program Files\Java\jdk-19\bin\zip.dll
0x00007ffb210a0000 - 0x00007ffb210b0000 	C:\Program Files\Java\jdk-19\bin\verify.dll

dbghelp: loaded successfully - version: 4.0.5 - missing functions: none
symbol engine: initialized successfully - sym options: 0x614 - pdb path: .;C:\Program Files\Java\jdk-19\bin;C:\Windows\SYSTEM32;C:\Windows\WinSxS\amd64_microsoft.windows.common-controls_6595b64144ccf1df_6.0.19041.1110_none_60b5254171f9507e;C:\Program Files\Java\jdk-19\bin\server

VM Arguments:
java_command: org.languagetool.server.HTTPServer -p 8081 --config C:\Users\Riallen\AppData\Local\Temp\tmpcisciujc
java_class_path (initial): C:\Users\Riallen\.cache\language_tool_python\LanguageTool-5.7\languagetool-server.jar
Launcher Type: SUN_STANDARD

[Global flags]
     intx CICompilerCount                          = 2                                         {product} {ergonomic}
     uint ConcGCThreads                            = 1                                         {product} {ergonomic}
     uint G1ConcRefinementThreads                  = 2                                         {product} {ergonomic}
   size_t G1HeapRegionSize                         = 1048576                                   {product} {ergonomic}
    uintx GCDrainStackTargetSize                   = 64                                        {product} {ergonomic}
   size_t InitialHeapSize                          = 31457280                                  {product} {ergonomic}
   size_t MarkStackSize                            = 4194304                                   {product} {ergonomic}
   size_t MaxHeapSize                              = 503316480                                 {product} {ergonomic}
   size_t MaxNewSize                               = 301989888                                 {product} {ergonomic}
   size_t MinHeapDeltaBytes                        = 1048576                                   {product} {ergonomic}
   size_t MinHeapSize                              = 8388608                                   {product} {ergonomic}
    uintx NonNMethodCodeHeapSize                   = 5826188                                {pd product} {ergonomic}
    uintx NonProfiledCodeHeapSize                  = 122916026                              {pd product} {ergonomic}
    uintx ProfiledCodeHeapSize                     = 122916026                              {pd product} {ergonomic}
    uintx ReservedCodeCacheSize                    = 251658240                              {pd product} {ergonomic}
     bool SegmentedCodeCache                       = true                                      {product} {ergonomic}
   size_t SoftMaxHeapSize                          = 503316480                              {manageable} {ergonomic}
     bool UseCompressedClassPointers               = true                           {product lp64_product} {ergonomic}
     bool UseCompressedOops                        = true                           {product lp64_product} {ergonomic}
     bool UseG1GC                                  = true                                      {product} {ergonomic}
     bool UseLargePagesIndividualAllocation        = false                                  {pd product} {ergonomic}

Logging:
Log output configuration:
 #0: stdout all=warning uptime,level,tags foldmultilines=false
 #1: stderr all=off uptime,level,tags foldmultilines=false

Environment Variables:
PATH=C:\Users\Riallen\.pyenv\pyenv-win\versions\3.10.9;C:\Users\Riallen\.pyenv\pyenv-win\versions\3.10.9\Scripts;C:\Users\Riallen\AppData\Roaming\Python\Python310\Scripts;C:\Users\Riallen\Documents\Work_Text\venv\Scripts;C:\Program Files\Common Files\Oracle\Java\javapath;C:\Windows\System32;C:\Windows;C:\Windows\System32\wbem;C:\Windows\System32\WindowsPowerShell\v1.0\;C:\Windows\System32\OpenSSH\;C:\Program Files\Pandoc\;C:\Program Files\PowerShell\7\;C:\Program Files\Git\cmd;C:\Users\Riallen\.pyenv\pyenv-win\bin;C:\Users\Riallen\AppData\Local\Microsoft\WindowsApps;C:\Users\Riallen\AppData\Local\Programs\MiKTeX\miktex\bin\x64\;C:\Users\Riallen\AppData\Local\GitHubDesktop\bin;C:\Users\Riallen\AppData\Local\Programs\Microsoft VS Code\bin;
USERNAME=Riallen
OS=Windows_NT
PROCESSOR_IDENTIFIER=Intel64 Family 6 Model 23 Stepping 10, GenuineIntel
TMP=C:\Users\Riallen\AppData\Local\Temp
TEMP=C:\Users\Riallen\AppData\Local\Temp



---------------  S Y S T E M  ---------------

OS:
 Windows 10 , 64 bit Build 19041 (10.0.19041.2546)
OS uptime: 11 days 22:26 hours

CPU: total 2 (initial active 2) (2 cores per cpu, 1 threads per core) family 6 model 23 stepping 10 microcode 0xa0c, cx8, cmov, fxsr, mmx, sse, sse2, sse3, ssse3, tsc, clflush

Memory: 4k page, system-wide physical 1917M (188M free)
TotalPageFile size 7805M (AvailPageFile size 2M)
current process WorkingSet (physical memory assigned to process): 67M, peak: 67M
current process commit charge ("private bytes"): 116M, peak: 116M

vm_info: Java HotSpot(TM) 64-Bit Server VM (19.0.1+10-21) for windows-amd64 JRE (19.0.1+10-21), built on 2022-09-14T12:45:06Z by "mach5one" with MS VC++ 17.1 (VS2022)

END.
