#
# There is insufficient memory for the Java Runtime Environment to continue.
# Native memory allocation (malloc) failed to allocate 964896 bytes for Chunk::new
# Possible reasons:
#   The system is out of physical RAM or swap space
#   The process is running with CompressedOops enabled, and the Java Heap may be blocking the growth of the native heap
# Possible solutions:
#   Reduce memory load on the system
#   Increase physical memory or swap space
#   Check if swap backing store is full
#   Decrease Java heap size (-Xmx/-Xms)
#   Decrease number of Java threads
#   Decrease Java thread stack sizes (-Xss)
#   Set larger code cache with -XX:ReservedCodeCacheSize=
#   JVM is running with Unscaled Compressed Oops mode in which the Java heap is
#     placed in the first 4GB address space. The Java Heap base address is the
#     maximum limit for the native heap growth. Please use -XX:HeapBaseMinAddress
#     to set the Java Heap base and to place the Java Heap above 4GB virtual address.
# This output file may be truncated or incomplete.
#
#  Out of Memory Error (arena.cpp:184), pid=7276, tid=8188
#
# JRE version: Java(TM) SE Runtime Environment (19.0.1+10) (build 19.0.1+10-21)
# Java VM: Java HotSpot(TM) 64-Bit Server VM (19.0.1+10-21, mixed mode, sharing, tiered, compressed oops, compressed class ptrs, g1 gc, windows-amd64)
# No core dump will be written. Minidumps are not enabled by default on client versions of Windows
#

---------------  S U M M A R Y ------------

Command Line: org.languagetool.server.HTTPServer -p 8083

Host: Pentium(R) Dual-Core  CPU      E5700  @ 3.00GHz, 2 cores, 1G,  Windows 10 , 64 bit Build 19041 (10.0.19041.2546)
Time: Fri Feb 24 12:49:29 2023 Hora Padrão de Caracas elapsed time: 431.468424 seconds (0d 0h 7m 11s)

---------------  T H R E A D  ---------------

Current thread (0x000001661b4b5f90):  JavaThread "C2 CompilerThread0" daemon [_thread_in_native, id=8188, stack(0x0000004632700000,0x0000004632800000)]


Current CompileTask:
C2: 431476 6806   !   4       jdk.internal.loader.BuiltinClassLoader::loadClassOrNull (143 bytes)

Stack: [0x0000004632700000,0x0000004632800000]
Native frames: (J=compiled Java code, j=interpreted, Vv=VM code, C=native code)
V  [jvm.dll+0x6ee8fa]
V  [jvm.dll+0x857a1e]
V  [jvm.dll+0x85940e]
V  [jvm.dll+0x859ac3]
V  [jvm.dll+0x28291f]
V  [jvm.dll+0xc9b5f]
V  [jvm.dll+0xc9ee5]
V  [jvm.dll+0x2f7c6f]
V  [jvm.dll+0x5f0c5b]
V  [jvm.dll+0x2551fc]
V  [jvm.dll+0x24e097]
V  [jvm.dll+0x24b563]
V  [jvm.dll+0x1d6d61]
V  [jvm.dll+0x25b0fa]
V  [jvm.dll+0x259588]
V  [jvm.dll+0x807928]
V  [jvm.dll+0x8015fa]
V  [jvm.dll+0x6ed5eb]
C  [ucrtbase.dll+0x21bb2]
C  [KERNEL32.DLL+0x17614]
C  [ntdll.dll+0x526a1]


---------------  P R O C E S S  ---------------

Threads class SMR info:
_java_thread_list=0x000001661fe9d2a0, length=21, elements={
0x000001661b4ae660, 0x000001661b4af9f0, 0x000001661b4b13c0, 0x000001661b4b30c0,
0x000001661b4b39f0, 0x000001661b4b5330, 0x000001661b4b5f90, 0x000001661b51e500,
0x000001661b52a9a0, 0x000001661f82be50, 0x000001661f835ea0, 0x000001662060bcc0,
0x000001662060c200, 0x000001661fe944e0, 0x000001661f87f730, 0x000001661b4ff730,
0x000001660143a4e0, 0x000001661b4ffc70, 0x00000166203c0760, 0x000001661b5ab380,
0x000001661b5ade00
}

Java Threads: ( => current thread )
  0x000001661b4ae660 JavaThread "Reference Handler" daemon [_thread_blocked, id=60, stack(0x0000004632100000,0x0000004632200000)]
  0x000001661b4af9f0 JavaThread "Finalizer" daemon [_thread_blocked, id=3860, stack(0x0000004632200000,0x0000004632300000)]
  0x000001661b4b13c0 JavaThread "Signal Dispatcher" daemon [_thread_blocked, id=6028, stack(0x0000004632300000,0x0000004632400000)]
  0x000001661b4b30c0 JavaThread "Attach Listener" daemon [_thread_blocked, id=2796, stack(0x0000004632400000,0x0000004632500000)]
  0x000001661b4b39f0 JavaThread "Service Thread" daemon [_thread_blocked, id=7472, stack(0x0000004632500000,0x0000004632600000)]
  0x000001661b4b5330 JavaThread "Monitor Deflation Thread" daemon [_thread_blocked, id=10056, stack(0x0000004632600000,0x0000004632700000)]
=>0x000001661b4b5f90 JavaThread "C2 CompilerThread0" daemon [_thread_in_native, id=8188, stack(0x0000004632700000,0x0000004632800000)]
  0x000001661b51e500 JavaThread "C1 CompilerThread0" daemon [_thread_blocked, id=8712, stack(0x0000004632800000,0x0000004632900000)]
  0x000001661b52a9a0 JavaThread "Sweeper thread" daemon [_thread_blocked, id=7736, stack(0x0000004632900000,0x0000004632a00000)]
  0x000001661f82be50 JavaThread "Notification Thread" daemon [_thread_blocked, id=4572, stack(0x0000004632a00000,0x0000004632b00000)]
  0x000001661f835ea0 JavaThread "Common-Cleaner" daemon [_thread_blocked, id=1932, stack(0x0000004632c00000,0x0000004632d00000)]
  0x000001662060bcc0 JavaThread "LtThreadPoolMonitor" daemon [_thread_blocked, id=7456, stack(0x0000004632e00000,0x0000004632f00000)]
  0x000001662060c200 JavaThread "LtThreadPoolExecutorMonitor" daemon [_thread_blocked, id=7052, stack(0x0000004632f00000,0x0000004633000000)]
  0x000001661fe944e0 JavaThread "LtThreadPoolExecutorMonitor" daemon [_thread_blocked, id=8076, stack(0x0000004633000000,0x0000004633100000)]
  0x000001661f87f730 JavaThread "idle-timeout-task" daemon [_thread_blocked, id=1664, stack(0x0000004633100000,0x0000004633200000)]
  0x000001661b4ff730 JavaThread "HTTP-Dispatcher" [_thread_in_native, id=9244, stack(0x0000004633200000,0x0000004633300000)]
  0x000001660143a4e0 JavaThread "DestroyJavaVM" [_thread_blocked, id=1072, stack(0x0000004631900000,0x0000004631a00000)]
  0x000001661b4ffc70 JavaThread "lt-server-thread-0" [_thread_blocked, id=3828, stack(0x0000004633300000,0x0000004633400000)]
  0x00000166203c0760 JavaThread "lt-server-thread-1" [_thread_blocked, id=8116, stack(0x0000004633400000,0x0000004633500000)]
  0x000001661b5ab380 JavaThread "lt-server-thread-2" [_thread_in_vm, id=9136, stack(0x0000004631800000,0x0000004631900000)]
  0x000001661b5ade00 JavaThread "lt-text-checker-thread-0" [_thread_blocked, id=6972, stack(0x0000004631a00000,0x0000004631b00000)]

Other Threads:
  0x000001661b49d3b0 VMThread "VM Thread" [stack: 0x0000004632000000,0x0000004632100000] [id=656]
  0x000001661f835bf0 WatcherThread "VM Periodic Task Thread" [stack: 0x0000004632b00000,0x0000004632c00000] [id=2192]
  0x000001660146b8d0 WorkerThread "GC Thread#0" [stack: 0x0000004631b00000,0x0000004631c00000] [id=5952]
  0x000001661fa1a1b0 WorkerThread "GC Thread#1" [stack: 0x0000004632d00000,0x0000004632e00000] [id=10128]
  0x0000016601470430 ConcurrentGCThread "G1 Main Marker" [stack: 0x0000004631c00000,0x0000004631d00000] [id=1992]
  0x0000016601470e60 WorkerThread "G1 Conc#0" [stack: 0x0000004631d00000,0x0000004631e00000] [id=8640]
  0x00000166014a3920 ConcurrentGCThread "G1 Refine#0" [stack: 0x0000004631e00000,0x0000004631f00000] [id=7396]
  0x00000166014a7780 ConcurrentGCThread "G1 Service" [stack: 0x0000004631f00000,0x0000004632000000] [id=8176]

Threads with active compile tasks:
C2 CompilerThread0   431867 6806   !   4       jdk.internal.loader.BuiltinClassLoader::loadClassOrNull (143 bytes)

VM state: not at safepoint (normal execution)

VM Mutex/Monitor currently owned by a thread: None

Heap address: 0x00000000e2000000, size: 480 MB, Compressed Oops mode: 32-bit

CDS archive(s) mapped at: [0x0000000800000000-0x0000000800c40000-0x0000000800c40000), size 12845056, SharedBaseAddress: 0x0000000800000000, ArchiveRelocationMode: 0.
Compressed class space mapped at: 0x0000000801000000-0x0000000841000000, reserved size: 1073741824
Narrow klass base: 0x0000000800000000, Narrow klass shift: 0, Narrow klass range: 0x100000000

GC Precious Log:
 CardTable entry size: 512
 Card Set container configuration: InlinePtr #cards 5 size 8 Array Of Cards #cards 12 size 40 Howl #buckets 4 coarsen threshold 1843 Howl Bitmap #cards 512 size 80 coarsen threshold 460 Card regions per heap region 1 cards per card region 2048
 CPUs: 2 total, 2 available
 Memory: 1917M
 Large Page Support: Disabled
 NUMA Support: Disabled
 Compressed Oops: Enabled (32-bit)
 Heap Region Size: 1M
 Heap Min Capacity: 8M
 Heap Initial Capacity: 30M
 Heap Max Capacity: 480M
 Pre-touch: Disabled
 Parallel Workers: 2
 Concurrent Workers: 1
 Concurrent Refinement Workers: 2
 Periodic GC: Disabled

Heap:
 garbage-first heap   total 291840K, used 225460K [0x00000000e2000000, 0x0000000100000000)
  region size 1024K, 62 young (63488K), 1 survivors (1024K)
 Metaspace       used 19909K, committed 20224K, reserved 1114112K
  class space    used 1944K, committed 2112K, reserved 1048576K

Heap Regions: E=young(eden), S=young(survivor), O=old, HS=humongous(starts), HC=humongous(continues), CS=collection set, F=free, OA=open archive, CA=closed archive, TAMS=top-at-mark-start (previous, next)
|   0|0x00000000e2000000, 0x00000000e2100000, 0x00000000e2100000|100%| O|  |TAMS 0x00000000e2100000, 0x00000000e2100000| Untracked 
|   1|0x00000000e2100000, 0x00000000e2200000, 0x00000000e2200000|100%| O|  |TAMS 0x00000000e2200000, 0x00000000e2200000| Untracked 
|   2|0x00000000e2200000, 0x00000000e2300000, 0x00000000e2300000|100%| O|  |TAMS 0x00000000e2300000, 0x00000000e2300000| Untracked 
|   3|0x00000000e2300000, 0x00000000e2400000, 0x00000000e2400000|100%| O|  |TAMS 0x00000000e2400000, 0x00000000e2400000| Untracked 
|   4|0x00000000e2400000, 0x00000000e2500000, 0x00000000e2500000|100%| O|  |TAMS 0x00000000e2500000, 0x00000000e2500000| Untracked 
|   5|0x00000000e2500000, 0x00000000e2600000, 0x00000000e2600000|100%| O|  |TAMS 0x00000000e2600000, 0x00000000e2600000| Untracked 
|   6|0x00000000e2600000, 0x00000000e2700000, 0x00000000e2700000|100%| O|  |TAMS 0x00000000e2700000, 0x00000000e2700000| Untracked 
|   7|0x00000000e2700000, 0x00000000e2800000, 0x00000000e2800000|100%| O|  |TAMS 0x00000000e2800000, 0x00000000e2800000| Untracked 
|   8|0x00000000e2800000, 0x00000000e2900000, 0x00000000e2900000|100%| O|  |TAMS 0x00000000e2900000, 0x00000000e2900000| Untracked 
|   9|0x00000000e2900000, 0x00000000e2a00000, 0x00000000e2a00000|100%| O|  |TAMS 0x00000000e2a00000, 0x00000000e2a00000| Untracked 
|  10|0x00000000e2a00000, 0x00000000e2b00000, 0x00000000e2b00000|100%|HS|  |TAMS 0x00000000e2b00000, 0x00000000e2b00000| Complete 
|  11|0x00000000e2b00000, 0x00000000e2c00000, 0x00000000e2c00000|100%| O|  |TAMS 0x00000000e2c00000, 0x00000000e2c00000| Untracked 
|  12|0x00000000e2c00000, 0x00000000e2d00000, 0x00000000e2d00000|100%| O|  |TAMS 0x00000000e2d00000, 0x00000000e2d00000| Untracked 
|  13|0x00000000e2d00000, 0x00000000e2e00000, 0x00000000e2e00000|100%| O|  |TAMS 0x00000000e2e00000, 0x00000000e2e00000| Untracked 
|  14|0x00000000e2e00000, 0x00000000e2f00000, 0x00000000e2f00000|100%| O|  |TAMS 0x00000000e2f00000, 0x00000000e2f00000| Untracked 
|  15|0x00000000e2f00000, 0x00000000e3000000, 0x00000000e3000000|100%| O|  |TAMS 0x00000000e3000000, 0x00000000e3000000| Untracked 
|  16|0x00000000e3000000, 0x00000000e3100000, 0x00000000e3100000|100%| O|  |TAMS 0x00000000e3100000, 0x00000000e3100000| Untracked 
|  17|0x00000000e3100000, 0x00000000e3200000, 0x00000000e3200000|100%| O|  |TAMS 0x00000000e3200000, 0x00000000e3200000| Untracked 
|  18|0x00000000e3200000, 0x00000000e3300000, 0x00000000e3300000|100%| O|  |TAMS 0x00000000e3300000, 0x00000000e3300000| Untracked 
|  19|0x00000000e3300000, 0x00000000e3400000, 0x00000000e3400000|100%| O|  |TAMS 0x00000000e3400000, 0x00000000e3400000| Untracked 
|  20|0x00000000e3400000, 0x00000000e3500000, 0x00000000e3500000|100%| O|  |TAMS 0x00000000e3500000, 0x00000000e3500000| Untracked 
|  21|0x00000000e3500000, 0x00000000e3600000, 0x00000000e3600000|100%| O|  |TAMS 0x00000000e3600000, 0x00000000e3600000| Untracked 
|  22|0x00000000e3600000, 0x00000000e3700000, 0x00000000e3700000|100%| O|  |TAMS 0x00000000e3700000, 0x00000000e3700000| Untracked 
|  23|0x00000000e3700000, 0x00000000e3800000, 0x00000000e3800000|100%| O|  |TAMS 0x00000000e3800000, 0x00000000e3800000| Untracked 
|  24|0x00000000e3800000, 0x00000000e3900000, 0x00000000e3900000|100%| O|  |TAMS 0x00000000e3900000, 0x00000000e3900000| Untracked 
|  25|0x00000000e3900000, 0x00000000e3a00000, 0x00000000e3a00000|100%| O|  |TAMS 0x00000000e3a00000, 0x00000000e3a00000| Untracked 
|  26|0x00000000e3a00000, 0x00000000e3b00000, 0x00000000e3b00000|100%| O|  |TAMS 0x00000000e3b00000, 0x00000000e3b00000| Untracked 
|  27|0x00000000e3b00000, 0x00000000e3c00000, 0x00000000e3c00000|100%| O|  |TAMS 0x00000000e3c00000, 0x00000000e3c00000| Untracked 
|  28|0x00000000e3c00000, 0x00000000e3d00000, 0x00000000e3d00000|100%| O|  |TAMS 0x00000000e3c00000, 0x00000000e3d00000| Untracked 
|  29|0x00000000e3d00000, 0x00000000e3e00000, 0x00000000e3e00000|100%| O|  |TAMS 0x00000000e3e00000, 0x00000000e3e00000| Untracked 
|  30|0x00000000e3e00000, 0x00000000e3f00000, 0x00000000e3f00000|100%| O|  |TAMS 0x00000000e3f00000, 0x00000000e3f00000| Untracked 
|  31|0x00000000e3f00000, 0x00000000e4000000, 0x00000000e4000000|100%| O|  |TAMS 0x00000000e4000000, 0x00000000e4000000| Untracked 
|  32|0x00000000e4000000, 0x00000000e4100000, 0x00000000e4100000|100%| O|  |TAMS 0x00000000e4100000, 0x00000000e4100000| Untracked 
|  33|0x00000000e4100000, 0x00000000e4200000, 0x00000000e4200000|100%| O|  |TAMS 0x00000000e4200000, 0x00000000e4200000| Untracked 
|  34|0x00000000e4200000, 0x00000000e4300000, 0x00000000e4300000|100%| O|  |TAMS 0x00000000e4300000, 0x00000000e4300000| Untracked 
|  35|0x00000000e4300000, 0x00000000e4400000, 0x00000000e4400000|100%| O|  |TAMS 0x00000000e4400000, 0x00000000e4400000| Untracked 
|  36|0x00000000e4400000, 0x00000000e4500000, 0x00000000e4500000|100%| O|  |TAMS 0x00000000e4500000, 0x00000000e4500000| Untracked 
|  37|0x00000000e4500000, 0x00000000e4600000, 0x00000000e4600000|100%| O|  |TAMS 0x00000000e4600000, 0x00000000e4600000| Untracked 
|  38|0x00000000e4600000, 0x00000000e4700000, 0x00000000e4700000|100%| O|  |TAMS 0x00000000e4700000, 0x00000000e4700000| Untracked 
|  39|0x00000000e4700000, 0x00000000e4800000, 0x00000000e4800000|100%| O|  |TAMS 0x00000000e4800000, 0x00000000e4800000| Untracked 
|  40|0x00000000e4800000, 0x00000000e4900000, 0x00000000e4900000|100%| O|  |TAMS 0x00000000e4900000, 0x00000000e4900000| Untracked 
|  41|0x00000000e4900000, 0x00000000e4a00000, 0x00000000e4a00000|100%| O|  |TAMS 0x00000000e4a00000, 0x00000000e4a00000| Untracked 
|  42|0x00000000e4a00000, 0x00000000e4b00000, 0x00000000e4b00000|100%| O|  |TAMS 0x00000000e4b00000, 0x00000000e4b00000| Untracked 
|  43|0x00000000e4b00000, 0x00000000e4c00000, 0x00000000e4c00000|100%| O|  |TAMS 0x00000000e4c00000, 0x00000000e4c00000| Untracked 
|  44|0x00000000e4c00000, 0x00000000e4d00000, 0x00000000e4d00000|100%| O|  |TAMS 0x00000000e4d00000, 0x00000000e4d00000| Untracked 
|  45|0x00000000e4d00000, 0x00000000e4e00000, 0x00000000e4e00000|100%| O|  |TAMS 0x00000000e4e00000, 0x00000000e4e00000| Untracked 
|  46|0x00000000e4e00000, 0x00000000e4f00000, 0x00000000e4f00000|100%| O|  |TAMS 0x00000000e4f00000, 0x00000000e4f00000| Untracked 
|  47|0x00000000e4f00000, 0x00000000e5000000, 0x00000000e5000000|100%| O|  |TAMS 0x00000000e5000000, 0x00000000e5000000| Untracked 
|  48|0x00000000e5000000, 0x00000000e5100000, 0x00000000e5100000|100%| O|  |TAMS 0x00000000e5100000, 0x00000000e5100000| Untracked 
|  49|0x00000000e5100000, 0x00000000e5200000, 0x00000000e5200000|100%| O|  |TAMS 0x00000000e5200000, 0x00000000e5200000| Untracked 
|  50|0x00000000e5200000, 0x00000000e5300000, 0x00000000e5300000|100%| O|  |TAMS 0x00000000e5300000, 0x00000000e5300000| Untracked 
|  51|0x00000000e5300000, 0x00000000e5400000, 0x00000000e5400000|100%| O|  |TAMS 0x00000000e5300000, 0x00000000e5400000| Untracked 
|  52|0x00000000e5400000, 0x00000000e5500000, 0x00000000e5500000|100%| O|  |TAMS 0x00000000e5500000, 0x00000000e5500000| Untracked 
|  53|0x00000000e5500000, 0x00000000e5600000, 0x00000000e5600000|100%| O|  |TAMS 0x00000000e5600000, 0x00000000e5600000| Untracked 
|  54|0x00000000e5600000, 0x00000000e5700000, 0x00000000e5700000|100%| O|  |TAMS 0x00000000e5700000, 0x00000000e5700000| Untracked 
|  55|0x00000000e5700000, 0x00000000e5800000, 0x00000000e5800000|100%| O|  |TAMS 0x00000000e5700000, 0x00000000e5800000| Untracked 
|  56|0x00000000e5800000, 0x00000000e5900000, 0x00000000e5900000|100%| O|  |TAMS 0x00000000e5900000, 0x00000000e5900000| Untracked 
|  57|0x00000000e5900000, 0x00000000e5a00000, 0x00000000e5a00000|100%| O|  |TAMS 0x00000000e5a00000, 0x00000000e5a00000| Untracked 
|  58|0x00000000e5a00000, 0x00000000e5b00000, 0x00000000e5b00000|100%| O|  |TAMS 0x00000000e5b00000, 0x00000000e5b00000| Untracked 
|  59|0x00000000e5b00000, 0x00000000e5c00000, 0x00000000e5c00000|100%| O|  |TAMS 0x00000000e5c00000, 0x00000000e5c00000| Untracked 
|  60|0x00000000e5c00000, 0x00000000e5d00000, 0x00000000e5d00000|100%| O|  |TAMS 0x00000000e5d00000, 0x00000000e5d00000| Untracked 
|  61|0x00000000e5d00000, 0x00000000e5e00000, 0x00000000e5e00000|100%|HS|  |TAMS 0x00000000e5e00000, 0x00000000e5e00000| Complete 
|  62|0x00000000e5e00000, 0x00000000e5f00000, 0x00000000e5f00000|100%| O|  |TAMS 0x00000000e5f00000, 0x00000000e5f00000| Untracked 
|  63|0x00000000e5f00000, 0x00000000e6000000, 0x00000000e6000000|100%| O|  |TAMS 0x00000000e6000000, 0x00000000e6000000| Untracked 
|  64|0x00000000e6000000, 0x00000000e6100000, 0x00000000e6100000|100%| O|  |TAMS 0x00000000e6100000, 0x00000000e6100000| Untracked 
|  65|0x00000000e6100000, 0x00000000e6200000, 0x00000000e6200000|100%| O|  |TAMS 0x00000000e6200000, 0x00000000e6200000| Untracked 
|  66|0x00000000e6200000, 0x00000000e6300000, 0x00000000e6300000|100%| O|  |TAMS 0x00000000e6300000, 0x00000000e6300000| Untracked 
|  67|0x00000000e6300000, 0x00000000e6400000, 0x00000000e6400000|100%| O|  |TAMS 0x00000000e6400000, 0x00000000e6400000| Untracked 
|  68|0x00000000e6400000, 0x00000000e6500000, 0x00000000e6500000|100%| O|  |TAMS 0x00000000e6500000, 0x00000000e6500000| Untracked 
|  69|0x00000000e6500000, 0x00000000e6600000, 0x00000000e6600000|100%| O|  |TAMS 0x00000000e6600000, 0x00000000e6600000| Untracked 
|  70|0x00000000e6600000, 0x00000000e6700000, 0x00000000e6700000|100%| O|  |TAMS 0x00000000e6600000, 0x00000000e6700000| Untracked 
|  71|0x00000000e6700000, 0x00000000e6800000, 0x00000000e6800000|100%| O|  |TAMS 0x00000000e6800000, 0x00000000e6800000| Untracked 
|  72|0x00000000e6800000, 0x00000000e6900000, 0x00000000e6900000|100%| O|  |TAMS 0x00000000e6900000, 0x00000000e6900000| Untracked 
|  73|0x00000000e6900000, 0x00000000e6a00000, 0x00000000e6a00000|100%| O|  |TAMS 0x00000000e6a00000, 0x00000000e6a00000| Untracked 
|  74|0x00000000e6a00000, 0x00000000e6b00000, 0x00000000e6b00000|100%| O|  |TAMS 0x00000000e6a59800, 0x00000000e6b00000| Untracked 
|  75|0x00000000e6b00000, 0x00000000e6c00000, 0x00000000e6c00000|100%| O|  |TAMS 0x00000000e6b00000, 0x00000000e6c00000| Untracked 
|  76|0x00000000e6c00000, 0x00000000e6d00000, 0x00000000e6d00000|100%| O|  |TAMS 0x00000000e6d00000, 0x00000000e6d00000| Untracked 
|  77|0x00000000e6d00000, 0x00000000e6e00000, 0x00000000e6e00000|100%| O|  |TAMS 0x00000000e6e00000, 0x00000000e6e00000| Untracked 
|  78|0x00000000e6e00000, 0x00000000e6f00000, 0x00000000e6f00000|100%| O|  |TAMS 0x00000000e6f00000, 0x00000000e6f00000| Untracked 
|  79|0x00000000e6f00000, 0x00000000e7000000, 0x00000000e7000000|100%| O|  |TAMS 0x00000000e7000000, 0x00000000e7000000| Untracked 
|  80|0x00000000e7000000, 0x00000000e7100000, 0x00000000e7100000|100%| O|  |TAMS 0x00000000e7100000, 0x00000000e7100000| Untracked 
|  81|0x00000000e7100000, 0x00000000e7200000, 0x00000000e7200000|100%| O|  |TAMS 0x00000000e7200000, 0x00000000e7200000| Untracked 
|  82|0x00000000e7200000, 0x00000000e7300000, 0x00000000e7300000|100%| O|  |TAMS 0x00000000e7300000, 0x00000000e7300000| Untracked 
|  83|0x00000000e7300000, 0x00000000e7400000, 0x00000000e7400000|100%| O|  |TAMS 0x00000000e7400000, 0x00000000e7400000| Untracked 
|  84|0x00000000e7400000, 0x00000000e7500000, 0x00000000e7500000|100%| O|  |TAMS 0x00000000e7500000, 0x00000000e7500000| Untracked 
|  85|0x00000000e7500000, 0x00000000e7600000, 0x00000000e7600000|100%| O|  |TAMS 0x00000000e7600000, 0x00000000e7600000| Untracked 
|  86|0x00000000e7600000, 0x00000000e7700000, 0x00000000e7700000|100%| O|  |TAMS 0x00000000e7700000, 0x00000000e7700000| Untracked 
|  87|0x00000000e7700000, 0x00000000e7800000, 0x00000000e7800000|100%| O|  |TAMS 0x00000000e7800000, 0x00000000e7800000| Untracked 
|  88|0x00000000e7800000, 0x00000000e7900000, 0x00000000e7900000|100%| O|  |TAMS 0x00000000e7900000, 0x00000000e7900000| Untracked 
|  89|0x00000000e7900000, 0x00000000e7a00000, 0x00000000e7a00000|100%| O|  |TAMS 0x00000000e7a00000, 0x00000000e7a00000| Untracked 
|  90|0x00000000e7a00000, 0x00000000e7b00000, 0x00000000e7b00000|100%| O|  |TAMS 0x00000000e7b00000, 0x00000000e7b00000| Untracked 
|  91|0x00000000e7b00000, 0x00000000e7c00000, 0x00000000e7c00000|100%| O|  |TAMS 0x00000000e7c00000, 0x00000000e7c00000| Untracked 
|  92|0x00000000e7c00000, 0x00000000e7d00000, 0x00000000e7d00000|100%| O|  |TAMS 0x00000000e7d00000, 0x00000000e7d00000| Untracked 
|  93|0x00000000e7d00000, 0x00000000e7e00000, 0x00000000e7e00000|100%| O|  |TAMS 0x00000000e7e00000, 0x00000000e7e00000| Untracked 
|  94|0x00000000e7e00000, 0x00000000e7f00000, 0x00000000e7f00000|100%| O|  |TAMS 0x00000000e7f00000, 0x00000000e7f00000| Untracked 
|  95|0x00000000e7f00000, 0x00000000e8000000, 0x00000000e8000000|100%| O|  |TAMS 0x00000000e8000000, 0x00000000e8000000| Untracked 
|  96|0x00000000e8000000, 0x00000000e8100000, 0x00000000e8100000|100%| O|  |TAMS 0x00000000e8100000, 0x00000000e8100000| Untracked 
|  97|0x00000000e8100000, 0x00000000e8200000, 0x00000000e8200000|100%| O|  |TAMS 0x00000000e8200000, 0x00000000e8200000| Untracked 
|  98|0x00000000e8200000, 0x00000000e8300000, 0x00000000e8300000|100%| O|  |TAMS 0x00000000e8300000, 0x00000000e8300000| Untracked 
|  99|0x00000000e8300000, 0x00000000e8400000, 0x00000000e8400000|100%| O|  |TAMS 0x00000000e8400000, 0x00000000e8400000| Untracked 
| 100|0x00000000e8400000, 0x00000000e8500000, 0x00000000e8500000|100%| O|  |TAMS 0x00000000e8500000, 0x00000000e8500000| Untracked 
| 101|0x00000000e8500000, 0x00000000e8600000, 0x00000000e8600000|100%| O|  |TAMS 0x00000000e8600000, 0x00000000e8600000| Untracked 
| 102|0x00000000e8600000, 0x00000000e8700000, 0x00000000e8700000|100%| O|  |TAMS 0x00000000e8700000, 0x00000000e8700000| Untracked 
| 103|0x00000000e8700000, 0x00000000e8800000, 0x00000000e8800000|100%| O|  |TAMS 0x00000000e8800000, 0x00000000e8800000| Untracked 
| 104|0x00000000e8800000, 0x00000000e8900000, 0x00000000e8900000|100%| O|  |TAMS 0x00000000e8900000, 0x00000000e8900000| Untracked 
| 105|0x00000000e8900000, 0x00000000e8a00000, 0x00000000e8a00000|100%| O|  |TAMS 0x00000000e8a00000, 0x00000000e8a00000| Untracked 
| 106|0x00000000e8a00000, 0x00000000e8b00000, 0x00000000e8b00000|100%| O|  |TAMS 0x00000000e8b00000, 0x00000000e8b00000| Untracked 
| 107|0x00000000e8b00000, 0x00000000e8c00000, 0x00000000e8c00000|100%| O|  |TAMS 0x00000000e8c00000, 0x00000000e8c00000| Untracked 
| 108|0x00000000e8c00000, 0x00000000e8d00000, 0x00000000e8d00000|100%| O|  |TAMS 0x00000000e8d00000, 0x00000000e8d00000| Untracked 
| 109|0x00000000e8d00000, 0x00000000e8e00000, 0x00000000e8e00000|100%| O|  |TAMS 0x00000000e8e00000, 0x00000000e8e00000| Untracked 
| 110|0x00000000e8e00000, 0x00000000e8f00000, 0x00000000e8f00000|100%| O|  |TAMS 0x00000000e8f00000, 0x00000000e8f00000| Untracked 
| 111|0x00000000e8f00000, 0x00000000e9000000, 0x00000000e9000000|100%| O|  |TAMS 0x00000000e9000000, 0x00000000e9000000| Untracked 
| 112|0x00000000e9000000, 0x00000000e9100000, 0x00000000e9100000|100%| O|  |TAMS 0x00000000e9100000, 0x00000000e9100000| Untracked 
| 113|0x00000000e9100000, 0x00000000e9200000, 0x00000000e9200000|100%| O|  |TAMS 0x00000000e9200000, 0x00000000e9200000| Untracked 
| 114|0x00000000e9200000, 0x00000000e9300000, 0x00000000e9300000|100%| O|  |TAMS 0x00000000e9300000, 0x00000000e9300000| Untracked 
| 115|0x00000000e9300000, 0x00000000e9400000, 0x00000000e9400000|100%| O|  |TAMS 0x00000000e9400000, 0x00000000e9400000| Untracked 
| 116|0x00000000e9400000, 0x00000000e9500000, 0x00000000e9500000|100%| O|  |TAMS 0x00000000e9500000, 0x00000000e9500000| Untracked 
| 117|0x00000000e9500000, 0x00000000e9600000, 0x00000000e9600000|100%| O|  |TAMS 0x00000000e9600000, 0x00000000e9600000| Untracked 
| 118|0x00000000e9600000, 0x00000000e9700000, 0x00000000e9700000|100%| O|  |TAMS 0x00000000e9700000, 0x00000000e9700000| Untracked 
| 119|0x00000000e9700000, 0x00000000e9800000, 0x00000000e9800000|100%| O|  |TAMS 0x00000000e9800000, 0x00000000e9800000| Untracked 
| 120|0x00000000e9800000, 0x00000000e9900000, 0x00000000e9900000|100%| O|  |TAMS 0x00000000e9900000, 0x00000000e9900000| Untracked 
| 121|0x00000000e9900000, 0x00000000e9a00000, 0x00000000e9a00000|100%| O|  |TAMS 0x00000000e9a00000, 0x00000000e9a00000| Untracked 
| 122|0x00000000e9a00000, 0x00000000e9b00000, 0x00000000e9b00000|100%| O|  |TAMS 0x00000000e9b00000, 0x00000000e9b00000| Untracked 
| 123|0x00000000e9b00000, 0x00000000e9c00000, 0x00000000e9c00000|100%| O|  |TAMS 0x00000000e9c00000, 0x00000000e9c00000| Untracked 
| 124|0x00000000e9c00000, 0x00000000e9d00000, 0x00000000e9d00000|100%| O|  |TAMS 0x00000000e9d00000, 0x00000000e9d00000| Untracked 
| 125|0x00000000e9d00000, 0x00000000e9e00000, 0x00000000e9e00000|100%| O|  |TAMS 0x00000000e9e00000, 0x00000000e9e00000| Untracked 
| 126|0x00000000e9e00000, 0x00000000e9f00000, 0x00000000e9f00000|100%| O|  |TAMS 0x00000000e9f00000, 0x00000000e9f00000| Untracked 
| 127|0x00000000e9f00000, 0x00000000ea000000, 0x00000000ea000000|100%| O|  |TAMS 0x00000000ea000000, 0x00000000ea000000| Untracked 
| 128|0x00000000ea000000, 0x00000000ea100000, 0x00000000ea100000|100%| O|  |TAMS 0x00000000ea100000, 0x00000000ea100000| Untracked 
| 129|0x00000000ea100000, 0x00000000ea200000, 0x00000000ea200000|100%| O|  |TAMS 0x00000000ea200000, 0x00000000ea200000| Untracked 
| 130|0x00000000ea200000, 0x00000000ea300000, 0x00000000ea300000|100%| O|  |TAMS 0x00000000ea300000, 0x00000000ea300000| Untracked 
| 131|0x00000000ea300000, 0x00000000ea400000, 0x00000000ea400000|100%| O|  |TAMS 0x00000000ea400000, 0x00000000ea400000| Untracked 
| 132|0x00000000ea400000, 0x00000000ea500000, 0x00000000ea500000|100%| O|  |TAMS 0x00000000ea500000, 0x00000000ea500000| Untracked 
| 133|0x00000000ea500000, 0x00000000ea600000, 0x00000000ea600000|100%| O|  |TAMS 0x00000000ea600000, 0x00000000ea600000| Untracked 
| 134|0x00000000ea600000, 0x00000000ea700000, 0x00000000ea700000|100%| O|  |TAMS 0x00000000ea700000, 0x00000000ea700000| Untracked 
| 135|0x00000000ea700000, 0x00000000ea800000, 0x00000000ea800000|100%| O|  |TAMS 0x00000000ea800000, 0x00000000ea800000| Untracked 
| 136|0x00000000ea800000, 0x00000000ea900000, 0x00000000ea900000|100%| O|  |TAMS 0x00000000ea800000, 0x00000000ea900000| Untracked 
| 137|0x00000000ea900000, 0x00000000eaa00000, 0x00000000eaa00000|100%| O|  |TAMS 0x00000000ea900000, 0x00000000eaa00000| Untracked 
| 138|0x00000000eaa00000, 0x00000000eab00000, 0x00000000eab00000|100%| O|  |TAMS 0x00000000eaa00000, 0x00000000eab00000| Untracked 
| 139|0x00000000eab00000, 0x00000000eac00000, 0x00000000eac00000|100%| O|  |TAMS 0x00000000eac00000, 0x00000000eac00000| Untracked 
| 140|0x00000000eac00000, 0x00000000ead00000, 0x00000000ead00000|100%| O|  |TAMS 0x00000000ead00000, 0x00000000ead00000| Untracked 
| 141|0x00000000ead00000, 0x00000000eae00000, 0x00000000eae00000|100%| O|  |TAMS 0x00000000ead00000, 0x00000000eae00000| Untracked 
| 142|0x00000000eae00000, 0x00000000eaf00000, 0x00000000eaf00000|100%| O|  |TAMS 0x00000000eae00000, 0x00000000eaf00000| Untracked 
| 143|0x00000000eaf00000, 0x00000000eb000000, 0x00000000eb000000|100%| O|  |TAMS 0x00000000eaf00000, 0x00000000eb000000| Untracked 
| 144|0x00000000eb000000, 0x00000000eb100000, 0x00000000eb100000|100%| O|  |TAMS 0x00000000eb000000, 0x00000000eb100000| Untracked 
| 145|0x00000000eb100000, 0x00000000eb200000, 0x00000000eb200000|100%| O|  |TAMS 0x00000000eb100000, 0x00000000eb200000| Untracked 
| 146|0x00000000eb200000, 0x00000000eb300000, 0x00000000eb300000|100%| O|  |TAMS 0x00000000eb200000, 0x00000000eb300000| Untracked 
| 147|0x00000000eb300000, 0x00000000eb400000, 0x00000000eb400000|100%| O|  |TAMS 0x00000000eb300000, 0x00000000eb400000| Untracked 
| 148|0x00000000eb400000, 0x00000000eb500000, 0x00000000eb500000|100%| O|  |TAMS 0x00000000eb400000, 0x00000000eb500000| Untracked 
| 149|0x00000000eb500000, 0x00000000eb600000, 0x00000000eb600000|100%| O|  |TAMS 0x00000000eb500000, 0x00000000eb600000| Untracked 
| 150|0x00000000eb600000, 0x00000000eb700000, 0x00000000eb700000|100%| O|  |TAMS 0x00000000eb600000, 0x00000000eb700000| Untracked 
| 151|0x00000000eb700000, 0x00000000eb727e00, 0x00000000eb800000| 15%| O|  |TAMS 0x00000000eb700000, 0x00000000eb724a00| Untracked 
| 152|0x00000000eb800000, 0x00000000eb800000, 0x00000000eb900000|  0%| F|  |TAMS 0x00000000eb800000, 0x00000000eb800000| Untracked 
| 153|0x00000000eb900000, 0x00000000eba00000, 0x00000000eba00000|100%| O|  |TAMS 0x00000000eb900000, 0x00000000eba00000| Untracked 
| 154|0x00000000eba00000, 0x00000000eba00000, 0x00000000ebb00000|  0%| F|  |TAMS 0x00000000eba00000, 0x00000000eba00000| Untracked 
| 155|0x00000000ebb00000, 0x00000000ebb00000, 0x00000000ebc00000|  0%| F|  |TAMS 0x00000000ebb00000, 0x00000000ebb00000| Untracked 
| 156|0x00000000ebc00000, 0x00000000ebc00000, 0x00000000ebd00000|  0%| F|  |TAMS 0x00000000ebc00000, 0x00000000ebc00000| Untracked 
| 157|0x00000000ebd00000, 0x00000000ebd00000, 0x00000000ebe00000|  0%| F|  |TAMS 0x00000000ebd00000, 0x00000000ebd00000| Untracked 
| 158|0x00000000ebe00000, 0x00000000ebf00000, 0x00000000ebf00000|100%| O|  |TAMS 0x00000000ebe00000, 0x00000000ebf00000| Untracked 
| 159|0x00000000ebf00000, 0x00000000ec000000, 0x00000000ec000000|100%|HS|  |TAMS 0x00000000ebf00000, 0x00000000ebf00000| Complete 
| 160|0x00000000ec000000, 0x00000000ec100000, 0x00000000ec100000|100%|HC|  |TAMS 0x00000000ec000000, 0x00000000ec000000| Complete 
| 161|0x00000000ec100000, 0x00000000ec200000, 0x00000000ec200000|100%|HC|  |TAMS 0x00000000ec100000, 0x00000000ec100000| Complete 
| 162|0x00000000ec200000, 0x00000000ec300000, 0x00000000ec300000|100%|HC|  |TAMS 0x00000000ec200000, 0x00000000ec200000| Complete 
| 163|0x00000000ec300000, 0x00000000ec400000, 0x00000000ec400000|100%|HC|  |TAMS 0x00000000ec300000, 0x00000000ec300000| Complete 
| 164|0x00000000ec400000, 0x00000000ec500000, 0x00000000ec500000|100%|HC|  |TAMS 0x00000000ec400000, 0x00000000ec400000| Complete 
| 165|0x00000000ec500000, 0x00000000ec600000, 0x00000000ec600000|100%|HC|  |TAMS 0x00000000ec500000, 0x00000000ec500000| Complete 
| 166|0x00000000ec600000, 0x00000000ec700000, 0x00000000ec700000|100%|HC|  |TAMS 0x00000000ec600000, 0x00000000ec600000| Complete 
| 167|0x00000000ec700000, 0x00000000ec700000, 0x00000000ec800000|  0%| F|  |TAMS 0x00000000ec700000, 0x00000000ec700000| Untracked 
| 168|0x00000000ec800000, 0x00000000ec800000, 0x00000000ec900000|  0%| F|  |TAMS 0x00000000ec800000, 0x00000000ec800000| Untracked 
| 169|0x00000000ec900000, 0x00000000ec900000, 0x00000000eca00000|  0%| F|  |TAMS 0x00000000ec900000, 0x00000000ec900000| Untracked 
| 170|0x00000000eca00000, 0x00000000eca00000, 0x00000000ecb00000|  0%| F|  |TAMS 0x00000000eca00000, 0x00000000eca00000| Untracked 
| 171|0x00000000ecb00000, 0x00000000ecb00000, 0x00000000ecc00000|  0%| F|  |TAMS 0x00000000ecb00000, 0x00000000ecb00000| Untracked 
| 172|0x00000000ecc00000, 0x00000000ecc00000, 0x00000000ecd00000|  0%| F|  |TAMS 0x00000000ecc00000, 0x00000000ecc00000| Untracked 
| 173|0x00000000ecd00000, 0x00000000ecd00000, 0x00000000ece00000|  0%| F|  |TAMS 0x00000000ecd00000, 0x00000000ecd00000| Untracked 
| 174|0x00000000ece00000, 0x00000000ece00000, 0x00000000ecf00000|  0%| F|  |TAMS 0x00000000ece00000, 0x00000000ece00000| Untracked 
| 175|0x00000000ecf00000, 0x00000000ecf00000, 0x00000000ed000000|  0%| F|  |TAMS 0x00000000ecf00000, 0x00000000ecf00000| Untracked 
| 176|0x00000000ed000000, 0x00000000ed000000, 0x00000000ed100000|  0%| F|  |TAMS 0x00000000ed000000, 0x00000000ed000000| Untracked 
| 177|0x00000000ed100000, 0x00000000ed100000, 0x00000000ed200000|  0%| F|  |TAMS 0x00000000ed100000, 0x00000000ed100000| Untracked 
| 178|0x00000000ed200000, 0x00000000ed200000, 0x00000000ed300000|  0%| F|  |TAMS 0x00000000ed200000, 0x00000000ed200000| Untracked 
| 179|0x00000000ed300000, 0x00000000ed300000, 0x00000000ed400000|  0%| F|  |TAMS 0x00000000ed300000, 0x00000000ed300000| Untracked 
| 180|0x00000000ed400000, 0x00000000ed400000, 0x00000000ed500000|  0%| F|  |TAMS 0x00000000ed400000, 0x00000000ed400000| Untracked 
| 181|0x00000000ed500000, 0x00000000ed500000, 0x00000000ed600000|  0%| F|  |TAMS 0x00000000ed500000, 0x00000000ed500000| Untracked 
| 182|0x00000000ed600000, 0x00000000ed600000, 0x00000000ed700000|  0%| F|  |TAMS 0x00000000ed600000, 0x00000000ed600000| Untracked 
| 183|0x00000000ed700000, 0x00000000ed700000, 0x00000000ed800000|  0%| F|  |TAMS 0x00000000ed700000, 0x00000000ed700000| Untracked 
| 184|0x00000000ed800000, 0x00000000ed800000, 0x00000000ed900000|  0%| F|  |TAMS 0x00000000ed800000, 0x00000000ed800000| Untracked 
| 185|0x00000000ed900000, 0x00000000ed900000, 0x00000000eda00000|  0%| F|  |TAMS 0x00000000ed900000, 0x00000000ed900000| Untracked 
| 186|0x00000000eda00000, 0x00000000eda00000, 0x00000000edb00000|  0%| F|  |TAMS 0x00000000eda00000, 0x00000000eda00000| Untracked 
| 187|0x00000000edb00000, 0x00000000edb00000, 0x00000000edc00000|  0%| F|  |TAMS 0x00000000edb00000, 0x00000000edb00000| Untracked 
| 188|0x00000000edc00000, 0x00000000edc00000, 0x00000000edd00000|  0%| F|  |TAMS 0x00000000edc00000, 0x00000000edc00000| Untracked 
| 189|0x00000000edd00000, 0x00000000edd00000, 0x00000000ede00000|  0%| F|  |TAMS 0x00000000edd00000, 0x00000000edd00000| Untracked 
| 190|0x00000000ede00000, 0x00000000ede00000, 0x00000000edf00000|  0%| F|  |TAMS 0x00000000ede00000, 0x00000000ede00000| Untracked 
| 191|0x00000000edf00000, 0x00000000edf00000, 0x00000000ee000000|  0%| F|  |TAMS 0x00000000edf00000, 0x00000000edf00000| Untracked 
| 192|0x00000000ee000000, 0x00000000ee005240, 0x00000000ee100000|  2%| S|CS|TAMS 0x00000000ee000000, 0x00000000ee000000| Complete 
| 193|0x00000000ee100000, 0x00000000ee100000, 0x00000000ee200000|  0%| F|  |TAMS 0x00000000ee100000, 0x00000000ee100000| Untracked 
| 194|0x00000000ee200000, 0x00000000ee200000, 0x00000000ee300000|  0%| F|  |TAMS 0x00000000ee200000, 0x00000000ee200000| Untracked 
| 195|0x00000000ee300000, 0x00000000ee300000, 0x00000000ee400000|  0%| F|  |TAMS 0x00000000ee300000, 0x00000000ee300000| Untracked 
| 196|0x00000000ee400000, 0x00000000ee400000, 0x00000000ee500000|  0%| F|  |TAMS 0x00000000ee400000, 0x00000000ee400000| Untracked 
| 197|0x00000000ee500000, 0x00000000ee500000, 0x00000000ee600000|  0%| F|  |TAMS 0x00000000ee500000, 0x00000000ee500000| Untracked 
| 198|0x00000000ee600000, 0x00000000ee600000, 0x00000000ee700000|  0%| F|  |TAMS 0x00000000ee600000, 0x00000000ee600000| Untracked 
| 199|0x00000000ee700000, 0x00000000ee700000, 0x00000000ee800000|  0%| F|  |TAMS 0x00000000ee700000, 0x00000000ee700000| Untracked 
| 200|0x00000000ee800000, 0x00000000ee800000, 0x00000000ee900000|  0%| F|  |TAMS 0x00000000ee800000, 0x00000000ee800000| Untracked 
| 201|0x00000000ee900000, 0x00000000ee900000, 0x00000000eea00000|  0%| F|  |TAMS 0x00000000ee900000, 0x00000000ee900000| Untracked 
| 202|0x00000000eea00000, 0x00000000eea00000, 0x00000000eeb00000|  0%| F|  |TAMS 0x00000000eea00000, 0x00000000eea00000| Untracked 
| 203|0x00000000eeb00000, 0x00000000eeb00000, 0x00000000eec00000|  0%| F|  |TAMS 0x00000000eeb00000, 0x00000000eeb00000| Untracked 
| 204|0x00000000eec00000, 0x00000000eec00000, 0x00000000eed00000|  0%| F|  |TAMS 0x00000000eec00000, 0x00000000eec00000| Untracked 
| 205|0x00000000eed00000, 0x00000000eed00000, 0x00000000eee00000|  0%| F|  |TAMS 0x00000000eed00000, 0x00000000eed00000| Untracked 
| 206|0x00000000eee00000, 0x00000000eee00000, 0x00000000eef00000|  0%| F|  |TAMS 0x00000000eee00000, 0x00000000eee00000| Untracked 
| 207|0x00000000eef00000, 0x00000000eef00000, 0x00000000ef000000|  0%| F|  |TAMS 0x00000000eef00000, 0x00000000eef00000| Untracked 
| 208|0x00000000ef000000, 0x00000000ef000000, 0x00000000ef100000|  0%| F|  |TAMS 0x00000000ef000000, 0x00000000ef000000| Untracked 
| 209|0x00000000ef100000, 0x00000000ef100000, 0x00000000ef200000|  0%| F|  |TAMS 0x00000000ef100000, 0x00000000ef100000| Untracked 
| 210|0x00000000ef200000, 0x00000000ef200000, 0x00000000ef300000|  0%| F|  |TAMS 0x00000000ef200000, 0x00000000ef200000| Untracked 
| 211|0x00000000ef300000, 0x00000000ef300000, 0x00000000ef400000|  0%| F|  |TAMS 0x00000000ef300000, 0x00000000ef300000| Untracked 
| 212|0x00000000ef400000, 0x00000000ef400000, 0x00000000ef500000|  0%| F|  |TAMS 0x00000000ef400000, 0x00000000ef400000| Untracked 
| 213|0x00000000ef500000, 0x00000000ef500000, 0x00000000ef600000|  0%| F|  |TAMS 0x00000000ef500000, 0x00000000ef500000| Untracked 
| 214|0x00000000ef600000, 0x00000000ef600000, 0x00000000ef700000|  0%| F|  |TAMS 0x00000000ef600000, 0x00000000ef600000| Untracked 
| 215|0x00000000ef700000, 0x00000000ef700000, 0x00000000ef800000|  0%| F|  |TAMS 0x00000000ef700000, 0x00000000ef700000| Untracked 
| 216|0x00000000ef800000, 0x00000000ef800000, 0x00000000ef900000|  0%| F|  |TAMS 0x00000000ef800000, 0x00000000ef800000| Untracked 
| 217|0x00000000ef900000, 0x00000000ef900000, 0x00000000efa00000|  0%| F|  |TAMS 0x00000000ef900000, 0x00000000ef900000| Untracked 
| 218|0x00000000efa00000, 0x00000000efa00000, 0x00000000efb00000|  0%| F|  |TAMS 0x00000000efa00000, 0x00000000efa00000| Untracked 
| 219|0x00000000efb00000, 0x00000000efb00000, 0x00000000efc00000|  0%| F|  |TAMS 0x00000000efb00000, 0x00000000efb00000| Untracked 
| 220|0x00000000efc00000, 0x00000000efc00000, 0x00000000efd00000|  0%| F|  |TAMS 0x00000000efc00000, 0x00000000efc00000| Untracked 
| 221|0x00000000efd00000, 0x00000000efd00000, 0x00000000efe00000|  0%| F|  |TAMS 0x00000000efd00000, 0x00000000efd00000| Untracked 
| 222|0x00000000efe00000, 0x00000000efe00000, 0x00000000eff00000|  0%| F|  |TAMS 0x00000000efe00000, 0x00000000efe00000| Untracked 
| 223|0x00000000eff00000, 0x00000000eff00000, 0x00000000f0000000|  0%| F|  |TAMS 0x00000000eff00000, 0x00000000eff00000| Untracked 
| 224|0x00000000f0000000, 0x00000000f00962a8, 0x00000000f0100000| 58%| E|  |TAMS 0x00000000f0000000, 0x00000000f0000000| Complete 
| 225|0x00000000f0100000, 0x00000000f01fa468, 0x00000000f0200000| 97%| E|  |TAMS 0x00000000f0100000, 0x00000000f0100000| Complete 
| 226|0x00000000f0200000, 0x00000000f0300000, 0x00000000f0300000|100%| E|CS|TAMS 0x00000000f0200000, 0x00000000f0200000| Complete 
| 227|0x00000000f0300000, 0x00000000f0400000, 0x00000000f0400000|100%| E|CS|TAMS 0x00000000f0300000, 0x00000000f0300000| Complete 
| 228|0x00000000f0400000, 0x00000000f0500000, 0x00000000f0500000|100%| E|CS|TAMS 0x00000000f0400000, 0x00000000f0400000| Complete 
| 229|0x00000000f0500000, 0x00000000f0600000, 0x00000000f0600000|100%| E|CS|TAMS 0x00000000f0500000, 0x00000000f0500000| Complete 
| 230|0x00000000f0600000, 0x00000000f0700000, 0x00000000f0700000|100%| E|CS|TAMS 0x00000000f0600000, 0x00000000f0600000| Complete 
| 231|0x00000000f0700000, 0x00000000f0800000, 0x00000000f0800000|100%| E|CS|TAMS 0x00000000f0700000, 0x00000000f0700000| Complete 
| 232|0x00000000f0800000, 0x00000000f0900000, 0x00000000f0900000|100%| E|CS|TAMS 0x00000000f0800000, 0x00000000f0800000| Complete 
| 233|0x00000000f0900000, 0x00000000f0a00000, 0x00000000f0a00000|100%| E|CS|TAMS 0x00000000f0900000, 0x00000000f0900000| Complete 
| 234|0x00000000f0a00000, 0x00000000f0b00000, 0x00000000f0b00000|100%| E|CS|TAMS 0x00000000f0a00000, 0x00000000f0a00000| Complete 
| 235|0x00000000f0b00000, 0x00000000f0c00000, 0x00000000f0c00000|100%| E|CS|TAMS 0x00000000f0b00000, 0x00000000f0b00000| Complete 
| 236|0x00000000f0c00000, 0x00000000f0d00000, 0x00000000f0d00000|100%| E|CS|TAMS 0x00000000f0c00000, 0x00000000f0c00000| Complete 
| 237|0x00000000f0d00000, 0x00000000f0e00000, 0x00000000f0e00000|100%| E|CS|TAMS 0x00000000f0d00000, 0x00000000f0d00000| Complete 
| 238|0x00000000f0e00000, 0x00000000f0f00000, 0x00000000f0f00000|100%| E|CS|TAMS 0x00000000f0e00000, 0x00000000f0e00000| Complete 
| 239|0x00000000f0f00000, 0x00000000f1000000, 0x00000000f1000000|100%| E|CS|TAMS 0x00000000f0f00000, 0x00000000f0f00000| Complete 
| 240|0x00000000f1000000, 0x00000000f1100000, 0x00000000f1100000|100%| E|CS|TAMS 0x00000000f1000000, 0x00000000f1000000| Complete 
| 241|0x00000000f1100000, 0x00000000f1200000, 0x00000000f1200000|100%| E|CS|TAMS 0x00000000f1100000, 0x00000000f1100000| Complete 
| 242|0x00000000f1200000, 0x00000000f1300000, 0x00000000f1300000|100%| E|CS|TAMS 0x00000000f1200000, 0x00000000f1200000| Complete 
| 243|0x00000000f1300000, 0x00000000f1400000, 0x00000000f1400000|100%| E|CS|TAMS 0x00000000f1300000, 0x00000000f1300000| Complete 
| 244|0x00000000f1400000, 0x00000000f1500000, 0x00000000f1500000|100%| E|CS|TAMS 0x00000000f1400000, 0x00000000f1400000| Complete 
| 245|0x00000000f1500000, 0x00000000f1600000, 0x00000000f1600000|100%| E|CS|TAMS 0x00000000f1500000, 0x00000000f1500000| Complete 
| 246|0x00000000f1600000, 0x00000000f1700000, 0x00000000f1700000|100%| E|CS|TAMS 0x00000000f1600000, 0x00000000f1600000| Complete 
| 247|0x00000000f1700000, 0x00000000f1800000, 0x00000000f1800000|100%| E|CS|TAMS 0x00000000f1700000, 0x00000000f1700000| Complete 
| 248|0x00000000f1800000, 0x00000000f1900000, 0x00000000f1900000|100%| E|CS|TAMS 0x00000000f1800000, 0x00000000f1800000| Complete 
| 249|0x00000000f1900000, 0x00000000f1a00000, 0x00000000f1a00000|100%| E|CS|TAMS 0x00000000f1900000, 0x00000000f1900000| Complete 
| 250|0x00000000f1a00000, 0x00000000f1b00000, 0x00000000f1b00000|100%| E|CS|TAMS 0x00000000f1a00000, 0x00000000f1a00000| Complete 
| 251|0x00000000f1b00000, 0x00000000f1c00000, 0x00000000f1c00000|100%| E|CS|TAMS 0x00000000f1b00000, 0x00000000f1b00000| Complete 
| 252|0x00000000f1c00000, 0x00000000f1d00000, 0x00000000f1d00000|100%| E|CS|TAMS 0x00000000f1c00000, 0x00000000f1c00000| Complete 
| 253|0x00000000f1d00000, 0x00000000f1e00000, 0x00000000f1e00000|100%| E|CS|TAMS 0x00000000f1d00000, 0x00000000f1d00000| Complete 
| 254|0x00000000f1e00000, 0x00000000f1f00000, 0x00000000f1f00000|100%| E|CS|TAMS 0x00000000f1e00000, 0x00000000f1e00000| Complete 
| 255|0x00000000f1f00000, 0x00000000f2000000, 0x00000000f2000000|100%| E|CS|TAMS 0x00000000f1f00000, 0x00000000f1f00000| Complete 
| 256|0x00000000f2000000, 0x00000000f2100000, 0x00000000f2100000|100%| E|CS|TAMS 0x00000000f2000000, 0x00000000f2000000| Complete 
| 257|0x00000000f2100000, 0x00000000f2200000, 0x00000000f2200000|100%| E|CS|TAMS 0x00000000f2100000, 0x00000000f2100000| Complete 
| 258|0x00000000f2200000, 0x00000000f2300000, 0x00000000f2300000|100%| E|CS|TAMS 0x00000000f2200000, 0x00000000f2200000| Complete 
| 259|0x00000000f2300000, 0x00000000f2400000, 0x00000000f2400000|100%| E|CS|TAMS 0x00000000f2300000, 0x00000000f2300000| Complete 
| 260|0x00000000f2400000, 0x00000000f2500000, 0x00000000f2500000|100%| E|CS|TAMS 0x00000000f2400000, 0x00000000f2400000| Complete 
| 261|0x00000000f2500000, 0x00000000f2600000, 0x00000000f2600000|100%| E|CS|TAMS 0x00000000f2500000, 0x00000000f2500000| Complete 
| 262|0x00000000f2600000, 0x00000000f2700000, 0x00000000f2700000|100%| E|CS|TAMS 0x00000000f2600000, 0x00000000f2600000| Complete 
| 263|0x00000000f2700000, 0x00000000f2800000, 0x00000000f2800000|100%| E|CS|TAMS 0x00000000f2700000, 0x00000000f2700000| Complete 
| 264|0x00000000f2800000, 0x00000000f2900000, 0x00000000f2900000|100%| E|CS|TAMS 0x00000000f2800000, 0x00000000f2800000| Complete 
| 265|0x00000000f2900000, 0x00000000f2a00000, 0x00000000f2a00000|100%| E|CS|TAMS 0x00000000f2900000, 0x00000000f2900000| Complete 
| 266|0x00000000f2a00000, 0x00000000f2b00000, 0x00000000f2b00000|100%| E|CS|TAMS 0x00000000f2a00000, 0x00000000f2a00000| Complete 
| 267|0x00000000f2b00000, 0x00000000f2c00000, 0x00000000f2c00000|100%| E|CS|TAMS 0x00000000f2b00000, 0x00000000f2b00000| Complete 
| 268|0x00000000f2c00000, 0x00000000f2d00000, 0x00000000f2d00000|100%| E|CS|TAMS 0x00000000f2c00000, 0x00000000f2c00000| Complete 
| 269|0x00000000f2d00000, 0x00000000f2e00000, 0x00000000f2e00000|100%| E|CS|TAMS 0x00000000f2d00000, 0x00000000f2d00000| Complete 
| 270|0x00000000f2e00000, 0x00000000f2f00000, 0x00000000f2f00000|100%| E|CS|TAMS 0x00000000f2e00000, 0x00000000f2e00000| Complete 
| 271|0x00000000f2f00000, 0x00000000f3000000, 0x00000000f3000000|100%| E|CS|TAMS 0x00000000f2f00000, 0x00000000f2f00000| Complete 
| 272|0x00000000f3000000, 0x00000000f3100000, 0x00000000f3100000|100%| E|CS|TAMS 0x00000000f3000000, 0x00000000f3000000| Complete 
| 273|0x00000000f3100000, 0x00000000f3200000, 0x00000000f3200000|100%| E|CS|TAMS 0x00000000f3100000, 0x00000000f3100000| Complete 
| 274|0x00000000f3200000, 0x00000000f3300000, 0x00000000f3300000|100%| E|CS|TAMS 0x00000000f3200000, 0x00000000f3200000| Complete 
| 275|0x00000000f3300000, 0x00000000f3400000, 0x00000000f3400000|100%| E|CS|TAMS 0x00000000f3300000, 0x00000000f3300000| Complete 
| 276|0x00000000f3400000, 0x00000000f3500000, 0x00000000f3500000|100%| E|CS|TAMS 0x00000000f3400000, 0x00000000f3400000| Complete 
| 277|0x00000000f3500000, 0x00000000f3600000, 0x00000000f3600000|100%| E|CS|TAMS 0x00000000f3500000, 0x00000000f3500000| Complete 
| 278|0x00000000f3600000, 0x00000000f3700000, 0x00000000f3700000|100%| E|CS|TAMS 0x00000000f3600000, 0x00000000f3600000| Complete 
| 279|0x00000000f3700000, 0x00000000f3800000, 0x00000000f3800000|100%| E|CS|TAMS 0x00000000f3700000, 0x00000000f3700000| Complete 
| 280|0x00000000f3800000, 0x00000000f3900000, 0x00000000f3900000|100%| E|CS|TAMS 0x00000000f3800000, 0x00000000f3800000| Complete 
| 281|0x00000000f3900000, 0x00000000f3a00000, 0x00000000f3a00000|100%| E|CS|TAMS 0x00000000f3900000, 0x00000000f3900000| Complete 
| 282|0x00000000f3a00000, 0x00000000f3b00000, 0x00000000f3b00000|100%| E|CS|TAMS 0x00000000f3a00000, 0x00000000f3a00000| Complete 
| 283|0x00000000f3b00000, 0x00000000f3c00000, 0x00000000f3c00000|100%| E|CS|TAMS 0x00000000f3b00000, 0x00000000f3b00000| Complete 
| 284|0x00000000f3c00000, 0x00000000f3d00000, 0x00000000f3d00000|100%| E|CS|TAMS 0x00000000f3c00000, 0x00000000f3c00000| Complete 

Card table byte_map: [0x000001667fce0000,0x000001667fdd0000] _byte_map_base: 0x000001667f5d0000

Marking Bits (Prev, Next): (CMBitMap*) 0x000001660146bf40, (CMBitMap*) 0x000001660146bf00
 Prev Bits: [0x0000016618b30000, 0x00000166192b0000)
 Next Bits: [0x00000166183b0000, 0x0000016618b30000)

Polling page: 0x000001667f5b0000

Metaspace:

Usage:
  Non-class:     17.54 MB used.
      Class:      1.90 MB used.
       Both:     19.44 MB used.

Virtual space:
  Non-class space:       64.00 MB reserved,      17.69 MB ( 28%) committed,  1 nodes.
      Class space:        1.00 GB reserved,       2.06 MB ( <1%) committed,  1 nodes.
             Both:        1.06 GB reserved,      19.75 MB (  2%) committed. 

Chunk freelists:
   Non-Class:  1.67 MB
       Class:  1.86 MB
        Both:  3.53 MB

MaxMetaspaceSize: unlimited
CompressedClassSpaceSize: 1.00 GB
Initial GC threshold: 21.00 MB
Current GC threshold: 31.88 MB
CDS: on
MetaspaceReclaimPolicy: balanced
 - commit_granule_bytes: 65536.
 - commit_granule_words: 8192.
 - virtual_space_node_default_size: 8388608.
 - enlarge_chunks_in_place: 1.
 - new_chunks_are_fully_committed: 0.
 - uncommit_free_chunks: 1.
 - use_allocation_guard: 0.


Internal statistics:

num_allocs_failed_limit: 0.
num_arena_births: 190.
num_arena_deaths: 0.
num_vsnodes_births: 2.
num_vsnodes_deaths: 0.
num_space_committed: 316.
num_space_uncommitted: 0.
num_chunks_returned_to_freelist: 0.
num_chunks_taken_from_freelist: 646.
num_chunk_merges: 0.
num_chunk_splits: 445.
num_chunks_enlarged: 353.
num_inconsistent_stats: 0.

CodeHeap 'non-profiled nmethods': size=120064Kb used=5932Kb max_used=5932Kb free=114131Kb
 bounds [0x0000016610e70000, 0x0000016611440000, 0x00000166183b0000]
CodeHeap 'profiled nmethods': size=120000Kb used=9706Kb max_used=9706Kb free=110293Kb
 bounds [0x00000166093b0000, 0x0000016609d30000, 0x00000166108e0000]
CodeHeap 'non-nmethods': size=5696Kb used=1348Kb max_used=1395Kb free=4348Kb
 bounds [0x00000166108e0000, 0x0000016610b50000, 0x0000016610e70000]
 total_blobs=5409 nmethods=4825 adapters=495
 compilation: enabled
              stopped_count=0, restarted_count=0
 full_count=0

Compilation events (20 events):
Event: 429.709 Thread 0x000001661b4b5f90 nmethod 6796% 0x0000016611434790 code [0x00000166114349a0, 0x0000016611435990]
Event: 429.714 Thread 0x000001661b4b5f90 6797       4       com.fasterxml.jackson.core.json.WriterBasedJsonGenerator::_writeSegment (120 bytes)
Event: 429.758 Thread 0x000001661b4b5f90 nmethod 6797 0x0000016611436190 code [0x0000016611436380, 0x00000166114370b0]
Event: 429.794 Thread 0x000001661b51e500 6798       3       org.languagetool.rules.patterns.PatternRule::estimateContextForSureMatch (279 bytes)
Event: 429.819 Thread 0x000001661b51e500 nmethod 6798 0x0000016609d27790 code [0x0000016609d27d20, 0x0000016609d2b238]
Event: 429.859 Thread 0x000001661b51e500 6799       3       com.fasterxml.jackson.core.json.WriterBasedJsonGenerator::_flushBuffer (43 bytes)
Event: 429.860 Thread 0x000001661b51e500 nmethod 6799 0x0000016609d2c190 code [0x0000016609d2c340, 0x0000016609d2c568]
Event: 429.911 Thread 0x000001661b51e500 6800       1       org.languagetool.rules.patterns.AbstractPatternRule::getDescription (5 bytes)
Event: 429.911 Thread 0x000001661b51e500 nmethod 6800 0x0000016611437710 code [0x00000166114378a0, 0x0000016611437958]
Event: 430.409 Thread 0x000001661b51e500 6801       1       org.languagetool.rules.Rule::estimateContextForSureMatch (2 bytes)
Event: 430.410 Thread 0x000001661b51e500 nmethod 6801 0x0000016611437a10 code [0x0000016611437ba0, 0x0000016611437c78]
Event: 430.536 Thread 0x000001661b4b5f90 6802       4       com.fasterxml.jackson.core.io.NumberOutput::_full3 (44 bytes)
Event: 430.537 Thread 0x000001661b4b5f90 nmethod 6802 0x0000016611437d10 code [0x0000016611437ea0, 0x0000016611437fd8]
Event: 430.542 Thread 0x000001661b4b5f90 6803       4       com.fasterxml.jackson.core.json.WriterBasedJsonGenerator::writeNumber (54 bytes)
Event: 430.579 Thread 0x000001661b4b5f90 nmethod 6803 0x0000016611438110 code [0x00000166114382e0, 0x0000016611438810]
Event: 430.579 Thread 0x000001661b4b5f90 6804       4       com.fasterxml.jackson.core.JsonGenerator::writeNumberField (11 bytes)
Event: 430.616 Thread 0x000001661b4b5f90 nmethod 6804 0x0000016611438d10 code [0x0000016611438fa0, 0x000001661143a070]
Event: 430.910 Thread 0x000001661b4b5f90 6805   !   4       java.io.WinNTFileSystem::getBooleanAttributes (27 bytes)
Event: 430.950 Thread 0x000001661b4b5f90 nmethod 6805 0x000001661143af10 code [0x000001661143b0c0, 0x000001661143b1d8]
Event: 430.993 Thread 0x000001661b4b5f90 6806   !   4       jdk.internal.loader.BuiltinClassLoader::loadClassOrNull (143 bytes)

GC Heap History (20 events):
Event: 428.414 GC heap after
{Heap after GC invocations=118 (full 0):
 garbage-first heap   total 256000K, used 159129K [0x00000000e2000000, 0x0000000100000000)
  region size 1024K, 4 young (4096K), 4 survivors (4096K)
 Metaspace       used 19899K, committed 20160K, reserved 1114112K
  class space    used 1944K, committed 2112K, reserved 1048576K
}
Event: 428.739 GC heap before
{Heap before GC invocations=118 (full 0):
 garbage-first heap   total 256000K, used 224665K [0x00000000e2000000, 0x0000000100000000)
  region size 1024K, 69 young (70656K), 4 survivors (4096K)
 Metaspace       used 19899K, committed 20160K, reserved 1114112K
  class space    used 1944K, committed 2112K, reserved 1048576K
}
Event: 428.751 GC heap after
{Heap after GC invocations=119 (full 0):
 garbage-first heap   total 256000K, used 159558K [0x00000000e2000000, 0x0000000100000000)
  region size 1024K, 5 young (5120K), 5 survivors (5120K)
 Metaspace       used 19899K, committed 20160K, reserved 1114112K
  class space    used 1944K, committed 2112K, reserved 1048576K
}
Event: 429.059 GC heap before
{Heap before GC invocations=119 (full 0):
 garbage-first heap   total 256000K, used 223046K [0x00000000e2000000, 0x0000000100000000)
  region size 1024K, 68 young (69632K), 5 survivors (5120K)
 Metaspace       used 19899K, committed 20160K, reserved 1114112K
  class space    used 1944K, committed 2112K, reserved 1048576K
}
Event: 429.079 GC heap after
{Heap after GC invocations=120 (full 0):
 garbage-first heap   total 256000K, used 159081K [0x00000000e2000000, 0x0000000100000000)
  region size 1024K, 4 young (4096K), 4 survivors (4096K)
 Metaspace       used 19899K, committed 20160K, reserved 1114112K
  class space    used 1944K, committed 2112K, reserved 1048576K
}
Event: 429.229 GC heap before
{Heap before GC invocations=120 (full 0):
 garbage-first heap   total 256000K, used 224617K [0x00000000e2000000, 0x0000000100000000)
  region size 1024K, 69 young (70656K), 4 survivors (4096K)
 Metaspace       used 19899K, committed 20160K, reserved 1114112K
  class space    used 1944K, committed 2112K, reserved 1048576K
}
Event: 429.240 GC heap after
{Heap after GC invocations=121 (full 0):
 garbage-first heap   total 256000K, used 159366K [0x00000000e2000000, 0x0000000100000000)
  region size 1024K, 5 young (5120K), 5 survivors (5120K)
 Metaspace       used 19899K, committed 20160K, reserved 1114112K
  class space    used 1944K, committed 2112K, reserved 1048576K
}
Event: 429.443 GC heap before
{Heap before GC invocations=121 (full 0):
 garbage-first heap   total 256000K, used 222854K [0x00000000e2000000, 0x0000000100000000)
  region size 1024K, 68 young (69632K), 5 survivors (5120K)
 Metaspace       used 19899K, committed 20160K, reserved 1114112K
  class space    used 1944K, committed 2112K, reserved 1048576K
}
Event: 429.490 GC heap after
{Heap after GC invocations=122 (full 0):
 garbage-first heap   total 256000K, used 158931K [0x00000000e2000000, 0x0000000100000000)
  region size 1024K, 3 young (3072K), 3 survivors (3072K)
 Metaspace       used 19899K, committed 20160K, reserved 1114112K
  class space    used 1944K, committed 2112K, reserved 1048576K
}
Event: 429.720 GC heap before
{Heap before GC invocations=122 (full 0):
 garbage-first heap   total 256000K, used 225491K [0x00000000e2000000, 0x0000000100000000)
  region size 1024K, 69 young (70656K), 3 survivors (3072K)
 Metaspace       used 19902K, committed 20160K, reserved 1114112K
  class space    used 1944K, committed 2112K, reserved 1048576K
}
Event: 429.733 GC heap after
{Heap after GC invocations=123 (full 0):
 garbage-first heap   total 256000K, used 158874K [0x00000000e2000000, 0x0000000100000000)
  region size 1024K, 2 young (2048K), 2 survivors (2048K)
 Metaspace       used 19902K, committed 20160K, reserved 1114112K
  class space    used 1944K, committed 2112K, reserved 1048576K
}
Event: 429.969 GC heap before
{Heap before GC invocations=123 (full 0):
 garbage-first heap   total 256000K, used 230554K [0x00000000e2000000, 0x0000000100000000)
  region size 1024K, 69 young (70656K), 2 survivors (2048K)
 Metaspace       used 19909K, committed 20224K, reserved 1114112K
  class space    used 1944K, committed 2112K, reserved 1048576K
}
Event: 430.064 GC heap after
{Heap after GC invocations=124 (full 0):
 garbage-first heap   total 256000K, used 161172K [0x00000000e2000000, 0x0000000100000000)
  region size 1024K, 1 young (1024K), 1 survivors (1024K)
 Metaspace       used 19909K, committed 20224K, reserved 1114112K
  class space    used 1944K, committed 2112K, reserved 1048576K
}
Event: 430.219 GC heap before
{Heap before GC invocations=124 (full 0):
 garbage-first heap   total 256000K, used 226708K [0x00000000e2000000, 0x0000000100000000)
  region size 1024K, 66 young (67584K), 1 survivors (1024K)
 Metaspace       used 19909K, committed 20224K, reserved 1114112K
  class space    used 1944K, committed 2112K, reserved 1048576K
}
Event: 430.329 GC heap after
{Heap after GC invocations=125 (full 0):
 garbage-first heap   total 256000K, used 161170K [0x00000000e2000000, 0x0000000100000000)
  region size 1024K, 1 young (1024K), 1 survivors (1024K)
 Metaspace       used 19909K, committed 20224K, reserved 1114112K
  class space    used 1944K, committed 2112K, reserved 1048576K
}
Event: 430.468 GC heap before
{Heap before GC invocations=125 (full 0):
 garbage-first heap   total 256000K, used 226706K [0x00000000e2000000, 0x0000000100000000)
  region size 1024K, 66 young (67584K), 1 survivors (1024K)
 Metaspace       used 19909K, committed 20224K, reserved 1114112K
  class space    used 1944K, committed 2112K, reserved 1048576K
}
Event: 430.478 GC heap after
{Heap after GC invocations=126 (full 0):
 garbage-first heap   total 291840K, used 161149K [0x00000000e2000000, 0x0000000100000000)
  region size 1024K, 1 young (1024K), 1 survivors (1024K)
 Metaspace       used 19909K, committed 20224K, reserved 1114112K
  class space    used 1944K, committed 2112K, reserved 1048576K
}
Event: 430.718 GC heap before
{Heap before GC invocations=126 (full 0):
 garbage-first heap   total 291840K, used 220541K [0x00000000e2000000, 0x0000000100000000)
  region size 1024K, 61 young (62464K), 1 survivors (1024K)
 Metaspace       used 19909K, committed 20224K, reserved 1114112K
  class space    used 1944K, committed 2112K, reserved 1048576K
}
Event: 430.756 GC heap after
{Heap after GC invocations=127 (full 0):
 garbage-first heap   total 291840K, used 160949K [0x00000000e2000000, 0x0000000100000000)
  region size 1024K, 1 young (1024K), 1 survivors (1024K)
 Metaspace       used 19909K, committed 20224K, reserved 1114112K
  class space    used 1944K, committed 2112K, reserved 1048576K
}
Event: 431.286 GC heap before
{Heap before GC invocations=127 (full 0):
 garbage-first heap   total 291840K, used 266421K [0x00000000e2000000, 0x0000000100000000)
  region size 1024K, 97 young (99328K), 1 survivors (1024K)
 Metaspace       used 19909K, committed 20224K, reserved 1114112K
  class space    used 1944K, committed 2112K, reserved 1048576K
}

Dll operation events (11 events):
Event: 0.023 Loaded shared library C:\Program Files\Java\jdk-19\bin\java.dll
Event: 0.095 Loaded shared library C:\Program Files\Java\jdk-19\bin\jsvml.dll
Event: 0.343 Loaded shared library C:\Program Files\Java\jdk-19\bin\net.dll
Event: 0.346 Loaded shared library C:\Program Files\Java\jdk-19\bin\nio.dll
Event: 0.353 Loaded shared library C:\Program Files\Java\jdk-19\bin\zip.dll
Event: 0.373 Loaded shared library C:\Program Files\Java\jdk-19\bin\jimage.dll
Event: 1.111 Loaded shared library C:\Program Files\Java\jdk-19\bin\verify.dll
Event: 7.383 Loaded shared library C:\Program Files\Java\jdk-19\bin\extnet.dll
Event: 8.389 Loaded shared library C:\Program Files\Java\jdk-19\bin\sunmscapi.dll
Event: 143.473 Loaded shared library C:\Program Files\Java\jdk-19\bin\awt.dll
Event: 169.956 Loaded shared library C:\Users\Riallen\AppData\Local\Temp\BridJExtractedLibraries11559322921812411707\bridj.dll

Deoptimization events (20 events):
Event: 426.023 Thread 0x000001661b5ab380 DEOPT PACKING pc=0x0000016610f76530 sp=0x00000046318fe840
Event: 426.023 Thread 0x000001661b5ab380 DEOPT UNPACKING pc=0x0000016610946d9d sp=0x00000046318fe7e8 mode 2
Event: 429.594 Thread 0x000001661b5ab380 Uncommon trap: trap_request=0xffffff45 fr.pc=0x000001661142410c relative=0x000000000000076c
Event: 429.594 Thread 0x000001661b5ab380 Uncommon trap: reason=unstable_if action=reinterpret pc=0x000001661142410c method=com.fasterxml.jackson.core.json.WriterBasedJsonGenerator._writeString(Ljava/lang/String;)V @ 10 c2
Event: 429.594 Thread 0x000001661b5ab380 DEOPT PACKING pc=0x000001661142410c sp=0x00000046318fea50
Event: 429.594 Thread 0x000001661b5ab380 DEOPT UNPACKING pc=0x0000016610946d9d sp=0x00000046318fe9b8 mode 2
Event: 429.596 Thread 0x000001661b5ab380 Uncommon trap: trap_request=0xffffff45 fr.pc=0x000001661141d528 relative=0x0000000000000528
Event: 429.596 Thread 0x000001661b5ab380 Uncommon trap: reason=unstable_if action=reinterpret pc=0x000001661141d528 method=com.fasterxml.jackson.core.json.WriterBasedJsonGenerator._writeString(Ljava/lang/String;)V @ 10 c2
Event: 429.596 Thread 0x000001661b5ab380 DEOPT PACKING pc=0x000001661141d528 sp=0x00000046318fe9d0
Event: 429.596 Thread 0x000001661b5ab380 DEOPT UNPACKING pc=0x0000016610946d9d sp=0x00000046318fe9a0 mode 2
Event: 429.719 Thread 0x000001661b5ab380 DEOPT PACKING pc=0x0000016609d27430 sp=0x00000046318fe8b0
Event: 429.719 Thread 0x000001661b5ab380 DEOPT UNPACKING pc=0x0000016610947524 sp=0x00000046318fdd58 mode 0
Event: 429.736 Thread 0x000001661b5ab380 DEOPT PACKING pc=0x0000016609d27430 sp=0x00000046318fe8b0
Event: 429.737 Thread 0x000001661b5ab380 DEOPT UNPACKING pc=0x0000016610947524 sp=0x00000046318fdd58 mode 0
Event: 429.740 Thread 0x000001661b5ab380 DEOPT PACKING pc=0x0000016609d27430 sp=0x00000046318fe8b0
Event: 429.740 Thread 0x000001661b5ab380 DEOPT UNPACKING pc=0x0000016610947524 sp=0x00000046318fdd58 mode 0
Event: 429.743 Thread 0x000001661b5ab380 DEOPT PACKING pc=0x0000016609d27430 sp=0x00000046318fe8b0
Event: 429.743 Thread 0x000001661b5ab380 DEOPT UNPACKING pc=0x0000016610947524 sp=0x00000046318fdd58 mode 0
Event: 429.747 Thread 0x000001661b5ab380 DEOPT PACKING pc=0x0000016609d27430 sp=0x00000046318fe8b0
Event: 429.747 Thread 0x000001661b5ab380 DEOPT UNPACKING pc=0x0000016610947524 sp=0x00000046318fdd58 mode 0

Classes loaded (20 events):
Event: 180.558 Loading class jdk/internal/icu/impl/Norm2AllModes$DecomposeNormalizer2
Event: 180.558 Loading class jdk/internal/icu/impl/Norm2AllModes$DecomposeNormalizer2 done
Event: 180.558 Loading class jdk/internal/icu/impl/NormalizerImpl$UTF16Plus
Event: 180.558 Loading class jdk/internal/icu/impl/NormalizerImpl$UTF16Plus done
Event: 180.558 Loading class jdk/internal/icu/impl/NormalizerImpl$ReorderingBuffer
Event: 180.559 Loading class jdk/internal/icu/impl/NormalizerImpl$ReorderingBuffer done
Event: 180.680 Loading class java/math/MutableBigInteger
Event: 180.682 Loading class java/math/MutableBigInteger done
Event: 208.002 Loading class sun/util/calendar/JulianCalendar
Event: 208.041 Loading class sun/util/calendar/JulianCalendar done
Event: 208.058 Loading class sun/util/calendar/Era
Event: 208.131 Loading class sun/util/calendar/Era done
Event: 208.132 Loading class sun/util/calendar/ImmutableGregorianDate
Event: 208.137 Loading class sun/util/calendar/ImmutableGregorianDate done
Event: 208.163 Loading class sun/util/calendar/JulianCalendar$Date
Event: 208.169 Loading class sun/util/calendar/JulianCalendar$Date done
Event: 425.119 Loading class java/util/stream/ReduceOps$2
Event: 425.169 Loading class java/util/stream/ReduceOps$2 done
Event: 425.172 Loading class java/util/stream/ReduceOps$2ReducingSink
Event: 425.193 Loading class java/util/stream/ReduceOps$2ReducingSink done

Classes unloaded (0 events):
No events

Classes redefined (0 events):
No events

Internal exceptions (20 events):
Event: 143.499 Thread 0x000001661b5ade00 Exception <a 'java/io/FileNotFoundException'{0x00000000ea1468d8}> (0x00000000ea1468d8) 
thrown [s\open\src\hotspot\share\prims\jni.cpp, line 517]
Event: 143.508 Thread 0x000001661b5ade00 Exception <a 'java/io/FileNotFoundException'{0x00000000ea1480e8}> (0x00000000ea1480e8) 
thrown [s\open\src\hotspot\share\prims\jni.cpp, line 517]
Event: 143.530 Thread 0x000001661b5ade00 Exception <a 'java/io/FileNotFoundException'{0x00000000ea14c128}> (0x00000000ea14c128) 
thrown [s\open\src\hotspot\share\prims\jni.cpp, line 517]
Event: 143.658 Thread 0x000001661b5ade00 Exception <a 'java/lang/NoSuchMethodError'{0x00000000ea1ae540}: 'void java.lang.invoke.DirectMethodHandle$Holder.invokeStaticInit(java.lang.Object)'> (0x00000000ea1ae540) 
thrown [s\open\src\hotspot\share\interpreter\linkResolver.cpp, line 774]
Event: 143.661 Thread 0x000001661b5ade00 Exception <a 'java/lang/NoSuchMethodError'{0x00000000ea1b3c90}: 'java.lang.Object java.lang.invoke.DirectMethodHandle$Holder.invokeStatic(java.lang.Object, java.lang.Object, int, java.lang.Object)'> (0x00000000ea1b3c90) 
thrown [s\open\src\hotspot\share\interpreter\linkResolver.cpp, line 774]
Event: 143.662 Thread 0x000001661b5ade00 Exception <a 'java/lang/NoSuchMethodError'{0x00000000ea1baa60}: 'java.lang.Object java.lang.invoke.DirectMethodHandle$Holder.newInvokeSpecial(java.lang.Object, java.lang.Object, int)'> (0x00000000ea1baa60) 
thrown [s\open\src\hotspot\share\interpreter\linkResolver.cpp, line 774]
Event: 145.699 Thread 0x000001661b5ade00 Implicit null exception at 0x0000016610ed62f2 to 0x0000016610ed67a0
Event: 148.447 Thread 0x000001661b5ade00 Exception <a 'java/lang/NoSuchMethodError'{0x00000000e9c50978}: 'java.lang.Object java.lang.invoke.DirectMethodHandle$Holder.newInvokeSpecial(java.lang.Object, java.lang.Object, java.lang.Object, java.lang.Object, java.lang.Object, java.lang.Object)'> (0x00000000e9c50978) 
thrown [s\open\src\hotspot\share\interpreter\linkResolver.cpp, line 774]
Event: 149.046 Thread 0x000001661b5ade00 Implicit null exception at 0x0000016610f80bac to 0x0000016610f80c08
Event: 149.370 Thread 0x000001661b5ade00 Exception <a 'java/lang/NoSuchMethodError'{0x00000000ea325fb8}: 'java.lang.Object java.lang.invoke.DirectMethodHandle$Holder.newInvokeSpecial(java.lang.Object, java.lang.Object, java.lang.Object, java.lang.Object, java.lang.Object)'> (0x00000000ea325fb8) 
thrown [s\open\src\hotspot\share\interpreter\linkResolver.cpp, line 774]
Event: 168.917 Thread 0x000001661b5ade00 Exception <a 'java/lang/ClassNotFoundException'{0x00000000ec850cb8}: sun/net/www/protocol/c/Handler> (0x00000000ec850cb8) 
thrown [s\open\src\hotspot\share\classfile\systemDictionary.cpp, line 255]
Event: 170.154 Thread 0x000001661b5ade00 Implicit null exception at 0x000001661102285b to 0x0000016611022c1f
Event: 174.412 Thread 0x000001661b5ade00 Implicit null exception at 0x0000016610fd2a6c to 0x0000016610fd2b14
Event: 174.425 Thread 0x000001661b5ade00 Implicit null exception at 0x0000016610fbab6c to 0x0000016610fbac14
Event: 176.416 Thread 0x000001661b5ade00 Implicit null exception at 0x00000166112dd79c to 0x00000166112dd7f9
Event: 177.952 Thread 0x000001661b5ade00 Exception <a 'java/lang/NoSuchMethodError'{0x00000000f0cf7420}: 'java.lang.Object java.lang.invoke.DirectMethodHandle$Holder.newInvokeSpecial(java.lang.Object, java.lang.Object, java.lang.Object, int, java.lang.Object, java.lang.Object, java.lang.Object)'> (0x00000000f0cf7420) 
thrown [s\open\src\hotspot\share\interpreter\linkResolver.cpp, line 774]
Event: 180.420 Thread 0x000001661b5ade00 Implicit null exception at 0x000001661120c7ad to 0x000001661120d364
Event: 217.649 Thread 0x000001661b5ade00 Exception <a 'java/lang/NoSuchMethodError'{0x00000000ee2fd540}: 'java.lang.Object java.lang.invoke.DirectMethodHandle$Holder.invokeInterface(java.lang.Object, java.lang.Object, java.lang.Object)'> (0x00000000ee2fd540) 
thrown [s\open\src\hotspot\share\interpreter\linkResolver.cpp, line 774]
Event: 217.674 Thread 0x000001661b5ade00 Exception <a 'java/lang/NoSuchMethodError'{0x00000000ee1090b8}: 'void java.lang.invoke.DirectMethodHandle$Holder.invokeVirtual(java.lang.Object, java.lang.Object)'> (0x00000000ee1090b8) 
thrown [s\open\src\hotspot\share\interpreter\linkResolver.cpp, line 774]
Event: 424.031 Thread 0x000001661b5ab380 Exception <a 'java/lang/NoSuchMethodError'{0x00000000f1992600}: 'void java.lang.invoke.DirectMethodHandle$Holder.invokeStatic(java.lang.Object, java.lang.Object)'> (0x00000000f1992600) 
thrown [s\open\src\hotspot\share\interpreter\linkResolver.cpp, line 774]

VM Operations (20 events):
Event: 429.079 Executing VM operation: G1CollectForAllocation done
Event: 429.228 Executing VM operation: G1CollectForAllocation
Event: 429.240 Executing VM operation: G1CollectForAllocation done
Event: 429.410 Executing VM operation: ThreadDump
Event: 429.436 Executing VM operation: ThreadDump done
Event: 429.443 Executing VM operation: G1CollectForAllocation
Event: 429.490 Executing VM operation: G1CollectForAllocation done
Event: 429.720 Executing VM operation: G1CollectForAllocation
Event: 429.733 Executing VM operation: G1CollectForAllocation done
Event: 429.969 Executing VM operation: G1CollectForAllocation
Event: 430.064 Executing VM operation: G1CollectForAllocation done
Event: 430.219 Executing VM operation: G1CollectForAllocation
Event: 430.329 Executing VM operation: G1CollectForAllocation done
Event: 430.403 Executing VM operation: ThreadDump
Event: 430.403 Executing VM operation: ThreadDump done
Event: 430.468 Executing VM operation: G1CollectForAllocation
Event: 430.478 Executing VM operation: G1CollectForAllocation done
Event: 430.718 Executing VM operation: G1TryInitiateConcMark
Event: 430.757 Executing VM operation: G1TryInitiateConcMark done
Event: 431.286 Executing VM operation: G1CollectForAllocation

Events (20 events):
Event: 200.562 Thread 0x000001661b52a9a0 flushing nmethod 0x0000016611112410
Event: 200.563 Thread 0x000001661b52a9a0 flushing nmethod 0x000001661111ba90
Event: 200.563 Thread 0x000001661b52a9a0 flushing nmethod 0x0000016611146e10
Event: 200.563 Thread 0x000001661b52a9a0 flushing nmethod 0x000001661114d290
Event: 200.564 Thread 0x000001661b52a9a0 flushing nmethod 0x000001661118ff90
Event: 200.564 Thread 0x000001661b52a9a0 flushing nmethod 0x000001661119f410
Event: 200.564 Thread 0x000001661b52a9a0 flushing nmethod 0x000001661119fb10
Event: 200.565 Thread 0x000001661b52a9a0 flushing nmethod 0x00000166111c1f10
Event: 200.566 Thread 0x000001661b52a9a0 flushing nmethod 0x00000166111f7410
Event: 200.568 Thread 0x000001661b52a9a0 flushing nmethod 0x0000016611267610
Event: 200.568 Thread 0x000001661b52a9a0 flushing nmethod 0x0000016611269f10
Event: 200.568 Thread 0x000001661b52a9a0 flushing nmethod 0x000001661126ab90
Event: 200.568 Thread 0x000001661b52a9a0 flushing nmethod 0x000001661126bd10
Event: 200.569 Thread 0x000001661b52a9a0 flushing nmethod 0x000001661126ec90
Event: 200.569 Thread 0x000001661b52a9a0 flushing nmethod 0x000001661126f410
Event: 200.574 Thread 0x000001661b52a9a0 flushing nmethod 0x000001661130c110
Event: 200.574 Thread 0x000001661b52a9a0 flushing nmethod 0x000001661130f210
Event: 200.575 Thread 0x000001661b52a9a0 flushing nmethod 0x000001661134d110
Event: 200.575 Thread 0x000001661b52a9a0 flushing nmethod 0x000001661134d710
Event: 200.646 Thread 0x000001661b52a9a0 flushing nmethod 0x0000016609784f10


Dynamic libraries:
0x00007ff62ee90000 - 0x00007ff62eea0000 	C:\Program Files\Java\jdk-19\bin\java.exe
0x00007fff6e630000 - 0x00007fff6e828000 	C:\Windows\SYSTEM32\ntdll.dll
0x00007fff6cff0000 - 0x00007fff6d0af000 	C:\Windows\System32\KERNEL32.DLL
0x00007fff6c360000 - 0x00007fff6c632000 	C:\Windows\System32\KERNELBASE.dll
0x00007fff6c0b0000 - 0x00007fff6c1b0000 	C:\Windows\System32\ucrtbase.dll
0x00007fff2ce60000 - 0x00007fff2ce78000 	C:\Program Files\Java\jdk-19\bin\jli.dll
0x00007fff6db40000 - 0x00007fff6dbee000 	C:\Windows\System32\ADVAPI32.dll
0x00007fff6e510000 - 0x00007fff6e5ae000 	C:\Windows\System32\msvcrt.dll
0x00007fff6d210000 - 0x00007fff6d2ac000 	C:\Windows\System32\sechost.dll
0x00007fff6c9b0000 - 0x00007fff6cad5000 	C:\Windows\System32\RPCRT4.dll
0x00007fff6cae0000 - 0x00007fff6cc81000 	C:\Windows\System32\USER32.dll
0x00007fff6c1b0000 - 0x00007fff6c1d2000 	C:\Windows\System32\win32u.dll
0x00007fff6d1e0000 - 0x00007fff6d20b000 	C:\Windows\System32\GDI32.dll
0x00007fff6bfa0000 - 0x00007fff6c0af000 	C:\Windows\System32\gdi32full.dll
0x00007fff6c1e0000 - 0x00007fff6c27d000 	C:\Windows\System32\msvcp_win.dll
0x00007fff2c3e0000 - 0x00007fff2c3fb000 	C:\Program Files\Java\jdk-19\bin\VCRUNTIME140.dll
0x00007fff5f1e0000 - 0x00007fff5f47a000 	C:\Windows\WinSxS\amd64_microsoft.windows.common-controls_6595b64144ccf1df_6.0.19041.1110_none_60b5254171f9507e\COMCTL32.dll
0x00007fff60f30000 - 0x00007fff60f3a000 	C:\Windows\SYSTEM32\VERSION.dll
0x00007fff6e5b0000 - 0x00007fff6e5e2000 	C:\Windows\System32\IMM32.DLL
0x00007fff4aad0000 - 0x00007fff4aadc000 	C:\Program Files\Java\jdk-19\bin\vcruntime140_1.dll
0x00007fff24200000 - 0x00007fff2428e000 	C:\Program Files\Java\jdk-19\bin\msvcp140.dll
0x00007fff0cb10000 - 0x00007fff0d7d0000 	C:\Program Files\Java\jdk-19\bin\server\jvm.dll
0x00007fff4a0b0000 - 0x00007fff4a0b9000 	C:\Windows\SYSTEM32\WSOCK32.dll
0x00007fff6c890000 - 0x00007fff6c8fb000 	C:\Windows\System32\WS2_32.dll
0x00007fff5f120000 - 0x00007fff5f147000 	C:\Windows\SYSTEM32\WINMM.dll
0x00007fff69c00000 - 0x00007fff69c12000 	C:\Windows\SYSTEM32\kernel.appcore.dll
0x00007fff49ac0000 - 0x00007fff49aca000 	C:\Program Files\Java\jdk-19\bin\jimage.dll
0x00007fff5f9e0000 - 0x00007fff5fbc4000 	C:\Windows\SYSTEM32\DBGHELP.DLL
0x00007fff5f970000 - 0x00007fff5f9a5000 	C:\Windows\SYSTEM32\dbgcore.DLL
0x00007fff6c280000 - 0x00007fff6c302000 	C:\Windows\System32\bcryptPrimitives.dll
0x00007fff241d0000 - 0x00007fff241f6000 	C:\Program Files\Java\jdk-19\bin\java.dll
0x00007fff23c30000 - 0x00007fff23d07000 	C:\Program Files\Java\jdk-19\bin\jsvml.dll
0x00007fff6d3f0000 - 0x00007fff6db35000 	C:\Windows\System32\SHELL32.dll
0x00007fff69e00000 - 0x00007fff6a592000 	C:\Windows\SYSTEM32\windows.storage.dll
0x00007fff6cc90000 - 0x00007fff6cfe5000 	C:\Windows\System32\combase.dll
0x00007fff6b6a0000 - 0x00007fff6b6d0000 	C:\Windows\SYSTEM32\Wldp.dll
0x00007fff6c680000 - 0x00007fff6c72d000 	C:\Windows\System32\SHCORE.dll
0x00007fff6dbf0000 - 0x00007fff6dc45000 	C:\Windows\System32\shlwapi.dll
0x00007fff6bc60000 - 0x00007fff6bc7f000 	C:\Windows\SYSTEM32\profapi.dll
0x00007fff26320000 - 0x00007fff26333000 	C:\Program Files\Java\jdk-19\bin\net.dll
0x00007fff652f0000 - 0x00007fff653fc000 	C:\Windows\SYSTEM32\WINHTTP.dll
0x00007fff6b400000 - 0x00007fff6b46a000 	C:\Windows\system32\mswsock.dll
0x00007fff25070000 - 0x00007fff25086000 	C:\Program Files\Java\jdk-19\bin\nio.dll
0x00007fff23e50000 - 0x00007fff23e68000 	C:\Program Files\Java\jdk-19\bin\zip.dll
0x00007fff46c40000 - 0x00007fff46c50000 	C:\Program Files\Java\jdk-19\bin\verify.dll
0x00007fff6b130000 - 0x00007fff6b1fb000 	C:\Windows\SYSTEM32\DNSAPI.dll
0x00007fff6b0f0000 - 0x00007fff6b12b000 	C:\Windows\SYSTEM32\IPHLPAPI.DLL
0x00007fff6c670000 - 0x00007fff6c678000 	C:\Windows\System32\NSI.dll
0x00007fff62ec0000 - 0x00007fff62eca000 	C:\Windows\System32\rasadhlp.dll
0x00007fff63320000 - 0x00007fff633a0000 	C:\Windows\System32\fwpuclnt.dll
0x00007fff6c640000 - 0x00007fff6c667000 	C:\Windows\System32\bcrypt.dll
0x00007fff46af0000 - 0x00007fff46af8000 	C:\Program Files\Java\jdk-19\bin\extnet.dll
0x00007fff418a0000 - 0x00007fff418ae000 	C:\Program Files\Java\jdk-19\bin\sunmscapi.dll
0x00007fff6be40000 - 0x00007fff6bf96000 	C:\Windows\System32\CRYPT32.dll
0x00007fff6b710000 - 0x00007fff6b737000 	C:\Windows\SYSTEM32\ncrypt.dll
0x00007fff6b6d0000 - 0x00007fff6b70b000 	C:\Windows\SYSTEM32\NTASN1.dll
0x00007fff5e1f0000 - 0x00007fff5e1f7000 	C:\Windows\system32\wshunix.dll
0x00007fff6b5f0000 - 0x00007fff6b608000 	C:\Windows\SYSTEM32\CRYPTSP.dll
0x00007fff6ad20000 - 0x00007fff6ad54000 	C:\Windows\system32\rsaenh.dll
0x00007fff6bc20000 - 0x00007fff6bc4e000 	C:\Windows\SYSTEM32\USERENV.dll
0x00007fff6b610000 - 0x00007fff6b61c000 	C:\Windows\SYSTEM32\CRYPTBASE.dll
0x00007fff66280000 - 0x00007fff66297000 	C:\Windows\SYSTEM32\dhcpcsvc6.DLL
0x00007fff661a0000 - 0x00007fff661bd000 	C:\Windows\SYSTEM32\dhcpcsvc.DLL
0x00007fff1e870000 - 0x00007fff1ea01000 	C:\Program Files\Java\jdk-19\bin\awt.dll
0x00007fff6c7c0000 - 0x00007fff6c88d000 	C:\Windows\System32\OLEAUT32.dll
0x00007fff69630000 - 0x00007fff696c0000 	C:\Windows\SYSTEM32\apphelp.dll
0x00007fff593e0000 - 0x00007fff59409000 	C:\Users\Riallen\AppData\Local\Temp\BridJExtractedLibraries11559322921812411707\bridj.dll
0x000000006cc80000 - 0x000000006cdcc000 	C:\Users\Riallen\AppData\Local\Temp\BridJExtractedLibraries11559322921812411707\hunspell.dll

dbghelp: loaded successfully - version: 4.0.5 - missing functions: none
symbol engine: initialized successfully - sym options: 0x614 - pdb path: .;C:\Program Files\Java\jdk-19\bin;C:\Windows\SYSTEM32;C:\Windows\WinSxS\amd64_microsoft.windows.common-controls_6595b64144ccf1df_6.0.19041.1110_none_60b5254171f9507e;C:\Program Files\Java\jdk-19\bin\server;C:\Users\Riallen\AppData\Local\Temp\BridJExtractedLibraries11559322921812411707

VM Arguments:
java_command: org.languagetool.server.HTTPServer -p 8083
java_class_path (initial): C:\Users\Riallen\.cache\language_tool_python\LanguageTool-5.7\languagetool-server.jar
Launcher Type: SUN_STANDARD

[Global flags]
     intx CICompilerCount                          = 2                                         {product} {ergonomic}
     uint ConcGCThreads                            = 1                                         {product} {ergonomic}
     uint G1ConcRefinementThreads                  = 2                                         {product} {ergonomic}
   size_t G1HeapRegionSize                         = 1048576                                   {product} {ergonomic}
    uintx GCDrainStackTargetSize                   = 64                                        {product} {ergonomic}
   size_t InitialHeapSize                          = 31457280                                  {product} {ergonomic}
   size_t MarkStackSize                            = 4194304                                   {product} {ergonomic}
   size_t MaxHeapSize                              = 503316480                                 {product} {ergonomic}
   size_t MaxNewSize                               = 301989888                                 {product} {ergonomic}
   size_t MinHeapDeltaBytes                        = 1048576                                   {product} {ergonomic}
   size_t MinHeapSize                              = 8388608                                   {product} {ergonomic}
    uintx NonNMethodCodeHeapSize                   = 5826188                                {pd product} {ergonomic}
    uintx NonProfiledCodeHeapSize                  = 122916026                              {pd product} {ergonomic}
    uintx ProfiledCodeHeapSize                     = 122916026                              {pd product} {ergonomic}
    uintx ReservedCodeCacheSize                    = 251658240                              {pd product} {ergonomic}
     bool SegmentedCodeCache                       = true                                      {product} {ergonomic}
   size_t SoftMaxHeapSize                          = 503316480                              {manageable} {ergonomic}
     bool UseCompressedClassPointers               = true                           {product lp64_product} {ergonomic}
     bool UseCompressedOops                        = true                           {product lp64_product} {ergonomic}
     bool UseG1GC                                  = true                                      {product} {ergonomic}
     bool UseLargePagesIndividualAllocation        = false                                  {pd product} {ergonomic}

Logging:
Log output configuration:
 #0: stdout all=warning uptime,level,tags foldmultilines=false
 #1: stderr all=off uptime,level,tags foldmultilines=false

Environment Variables:
PATH=C:\Users\Riallen\.pyenv\pyenv-win\versions\3.10.9;C:\Users\Riallen\.pyenv\pyenv-win\versions\3.10.9\Scripts;C:\Users\Riallen\AppData\Roaming\Python\Python310\Scripts;C:\Users\Riallen\Documents\Work_Text\venv\Scripts;C:\Program Files\Common Files\Oracle\Java\javapath;C:\Windows\System32;C:\Windows;C:\Windows\System32\wbem;C:\Windows\System32\WindowsPowerShell\v1.0\;C:\Windows\System32\OpenSSH\;C:\Program Files\Pandoc\;C:\Program Files\PowerShell\7\;C:\Program Files\Git\cmd;C:\Users\Riallen\.pyenv\pyenv-win\bin;C:\Users\Riallen\AppData\Local\Microsoft\WindowsApps;C:\Users\Riallen\AppData\Local\Programs\MiKTeX\miktex\bin\x64\;C:\Users\Riallen\AppData\Local\GitHubDesktop\bin;C:\Users\Riallen\AppData\Local\Programs\Microsoft VS Code\bin;
USERNAME=Riallen
OS=Windows_NT
PROCESSOR_IDENTIFIER=Intel64 Family 6 Model 23 Stepping 10, GenuineIntel
TMP=C:\Users\Riallen\AppData\Local\Temp
TEMP=C:\Users\Riallen\AppData\Local\Temp



---------------  S Y S T E M  ---------------

OS:
 Windows 10 , 64 bit Build 19041 (10.0.19041.2546)
OS uptime: 1 days 12:06 hours

CPU: total 2 (initial active 2) (2 cores per cpu, 1 threads per core) family 6 model 23 stepping 10 microcode 0xa0c, cx8, cmov, fxsr, mmx, sse, sse2, sse3, ssse3, tsc, clflush

Memory: 4k page, system-wide physical 1917M (314M free)
TotalPageFile size 7805M (AvailPageFile size 3M)
current process WorkingSet (physical memory assigned to process): 230M, peak: 353M
current process commit charge ("private bytes"): 471M, peak: 472M

vm_info: Java HotSpot(TM) 64-Bit Server VM (19.0.1+10-21) for windows-amd64 JRE (19.0.1+10-21), built on 2022-09-14T12:45:06Z by "mach5one" with MS VC++ 17.1 (VS2022)

END.
